2024-01-20 02:04:57,036 [INFO] Activator:176 - 


2024-01-20 02:04:57,039 [INFO] Activator:177 - !SESSION log4j initialized
2024-01-20 02:05:03,692 [INFO] LogOutputStream:77 - [STDOUT_REDIRECT] 
2024-01-20 02:05:08,259 [INFO] ApplicationProperties:184 - Using Application install path: /home/ritik/st/stm32cubeide_1.14.0/plugins/com.st.stm32cube.common.mx_6.10.0.202311202037
2024-01-20 02:05:08,270 [INFO] DbMcusXml:78 - Set database path to: /home/ritik/st/stm32cubeide_1.14.0/plugins/com.st.stm32cube.common.mx_6.10.0.202311202037//db//mcu/
2024-01-20 02:05:08,270 [INFO] ApiDb:274 - Set plugin database path to: /home/ritik/st/stm32cubeide_1.14.0/plugins/com.st.stm32cube.common.mx_6.10.0.202311202037//db//plugins/boardmanager/
2024-01-20 02:05:08,270 [WARN] ApiDb:259 - Overriding images path with different value:  => /home/ritik/st/stm32cubeide_1.14.0/plugins/com.st.stm32cube.common.mx_6.10.0.202311202037//db//plugins/mcufinder/images/
2024-01-20 02:05:08,275 [INFO] ApiDb:250 - Set database path to: /home/ritik/.stmcufinder/plugins/mcufinder//mcu/
2024-01-20 02:05:08,276 [INFO] DbMcusAds:125 - Set database path to: /home/ritik/.stmcufinder/plugins/mcufinder//mcu/
2024-01-20 02:05:08,277 [INFO] CrossReferenceDbSqlite:203 - Set database path to: /home/ritik/.stmcufinder/plugins/mcufinder//mcu/cs/
2024-01-20 02:05:08,352 [INFO] RulesReader:64 - Compatibility file has been processed (297 Rules)
2024-01-20 02:05:08,394 [INFO] DbMcusXml:78 - Set database path to: /home/ritik/st/stm32cubeide_1.14.0/plugins/com.st.stm32cube.common.mx_6.10.0.202311202037//db//mcu/
2024-01-20 02:05:08,394 [INFO] ApiDb:274 - Set plugin database path to: /home/ritik/st/stm32cubeide_1.14.0/plugins/com.st.stm32cube.common.mx_6.10.0.202311202037//db//plugins/boardmanager/
2024-01-20 02:05:08,394 [INFO] ApiDb:261 - Set plugin images path to: /home/ritik/st/stm32cubeide_1.14.0/plugins/com.st.stm32cube.common.mx_6.10.0.202311202037//db//plugins/mcufinder/images/
2024-01-20 02:05:08,394 [WARN] DbFile:41 - Overriding database path with different value: /home/ritik/.stmcufinder/plugins/mcufinder/ => /home/ritik/.stmcufinder/plugins/mcufinder
2024-01-20 02:05:08,394 [INFO] ApiDb:250 - Set database path to: /home/ritik/.stmcufinder/plugins/mcufinder//mcu/
2024-01-20 02:05:08,394 [WARN] DbFile:41 - Overriding database path with different value: /home/ritik/.stmcufinder/plugins/mcufinder/ => /home/ritik/.stmcufinder/plugins/mcufinder
2024-01-20 02:05:08,394 [INFO] DbMcusAds:125 - Set database path to: /home/ritik/.stmcufinder/plugins/mcufinder//mcu/
2024-01-20 02:05:08,394 [WARN] DbFile:41 - Overriding database path with different value: /home/ritik/.stmcufinder/plugins/mcufinder/ => /home/ritik/.stmcufinder/plugins/mcufinder
2024-01-20 02:05:08,394 [WARN] DbFile:41 - Overriding database path with different value: /home/ritik/.stmcufinder/plugins/mcufinder/ => /home/ritik/.stmcufinder/plugins/mcufinder
2024-01-20 02:05:08,395 [INFO] CrossReferenceDbSqlite:203 - Set database path to: /home/ritik/.stmcufinder/plugins/mcufinder//mcu/cs/
2024-01-20 02:05:08,443 [INFO] MainPanel:264 - HeapMemory: 268435456
2024-01-20 02:05:08,500 [INFO] DbMcusXml:78 - Set database path to: /home/ritik/st/stm32cubeide_1.14.0/plugins/com.st.stm32cube.common.mx_6.10.0.202311202037//db//mcu/
2024-01-20 02:05:08,501 [INFO] ApiDb:274 - Set plugin database path to: /home/ritik/st/stm32cubeide_1.14.0/plugins/com.st.stm32cube.common.mx_6.10.0.202311202037//db//plugins/boardmanager/
2024-01-20 02:05:08,501 [INFO] ApiDb:261 - Set plugin images path to: /home/ritik/st/stm32cubeide_1.14.0/plugins/com.st.stm32cube.common.mx_6.10.0.202311202037//db//plugins/mcufinder/images/
2024-01-20 02:05:08,501 [WARN] DbFile:41 - Overriding database path with different value: /home/ritik/.stmcufinder/plugins/mcufinder/ => /home/ritik/.stmcufinder/plugins/mcufinder
2024-01-20 02:05:08,501 [INFO] ApiDb:250 - Set database path to: /home/ritik/.stmcufinder/plugins/mcufinder//mcu/
2024-01-20 02:05:08,501 [WARN] DbFile:41 - Overriding database path with different value: /home/ritik/.stmcufinder/plugins/mcufinder/ => /home/ritik/.stmcufinder/plugins/mcufinder
2024-01-20 02:05:08,501 [INFO] DbMcusAds:125 - Set database path to: /home/ritik/.stmcufinder/plugins/mcufinder//mcu/
2024-01-20 02:05:08,501 [WARN] DbFile:41 - Overriding database path with different value: /home/ritik/.stmcufinder/plugins/mcufinder/ => /home/ritik/.stmcufinder/plugins/mcufinder
2024-01-20 02:05:08,501 [WARN] DbFile:41 - Overriding database path with different value: /home/ritik/.stmcufinder/plugins/mcufinder/ => /home/ritik/.stmcufinder/plugins/mcufinder
2024-01-20 02:05:08,501 [INFO] CrossReferenceDbSqlite:203 - Set database path to: /home/ritik/.stmcufinder/plugins/mcufinder//mcu/cs/
2024-01-20 02:05:08,512 [INFO] ApplicationProperties:184 - Using Application install path: /home/ritik/st/stm32cubeide_1.14.0/plugins/com.st.stm32cube.common.mx_6.10.0.202311202037
2024-01-20 02:05:08,512 [INFO] PluginManage:196 - Search for loadable plugins [exclusion list=, ]
2024-01-20 02:05:08,513 [INFO] PluginManage:310 - Check plugin analytics
2024-01-20 02:05:08,617 [INFO] AnalyticsPlugin:253 - Accepted Software Licenses: 
2024-01-20 02:05:08,617 [INFO] AnalyticsPlugin:255 - Accepted CMSIS Pack Licenses: 
2024-01-20 02:05:08,617 [INFO] AnalyticsPlugin:257 - Accepted Firmware Licenses: 
2024-01-20 02:05:08,619 [INFO] PluginManage:359 - Loaded plugin analytics (category:tool,tabindex:-1)
2024-01-20 02:05:08,619 [INFO] PluginManage:310 - Check plugin cadmodel
2024-01-20 02:05:08,662 [INFO] CADModel:105 - Init CAD model plugin
2024-01-20 02:05:08,662 [INFO] PluginManage:359 - Loaded plugin cadmodel (category:power,tabindex:5)
2024-01-20 02:05:08,662 [INFO] PluginManage:310 - Check plugin clock
2024-01-20 02:05:08,669 [INFO] PluginManage:359 - Loaded plugin clock (category:base,tabindex:2)
2024-01-20 02:05:08,670 [INFO] PluginManage:310 - Check plugin ddr
2024-01-20 02:05:08,671 [INFO] PluginManage:359 - Loaded plugin ddr (category:tool,tabindex:6)
2024-01-20 02:05:08,671 [INFO] PluginManage:310 - Check plugin filemanager
2024-01-20 02:05:08,768 [INFO] PluginManage:359 - Loaded plugin filemanager (category:base,tabindex:10)
2024-01-20 02:05:08,768 [INFO] PluginManage:310 - Check plugin ipmanager
2024-01-20 02:05:08,772 [INFO] PluginManage:359 - Loaded plugin ipmanager (category:base,tabindex:5)
2024-01-20 02:05:08,772 [INFO] PluginManage:310 - Check plugin lpbam
2024-01-20 02:05:08,779 [INFO] PluginManage:359 - Loaded plugin lpbam (category:base,tabindex:0)
2024-01-20 02:05:08,779 [INFO] PluginManage:310 - Check plugin memorymap
2024-01-20 02:05:08,787 [INFO] PluginManage:359 - Loaded plugin memorymap (category:base,tabindex:4)
2024-01-20 02:05:08,787 [INFO] PluginManage:310 - Check plugin pinoutandconfiguration
2024-01-20 02:05:08,792 [INFO] PluginManage:359 - Loaded plugin pinoutandconfiguration (category:base,tabindex:1)
2024-01-20 02:05:08,792 [INFO] PluginManage:310 - Check plugin pinoutconfig
2024-01-20 02:05:08,843 [WARN] SupportedApi:132 - Cannot load RTOS API schema: s4s-elt-must-match.1: The content of 'definitions' must match (annotation?, (simpleType | complexType)?, (unique | key | keyref)*)). A problem was found starting at: attribute.
2024-01-20 02:05:08,921 [INFO] PluginManage:359 - Loaded plugin pinoutconfig (category:base,tabindex:0)
2024-01-20 02:05:08,921 [INFO] PluginManage:310 - Check plugin power
2024-01-20 02:05:08,928 [INFO] PluginManage:359 - Loaded plugin power (category:power,tabindex:4)
2024-01-20 02:05:08,928 [INFO] PluginManage:310 - Check plugin projectmanager
2024-01-20 02:05:08,939 [INFO] PluginManage:359 - Loaded plugin projectmanager (category:projectmanager,tabindex:3)
2024-01-20 02:05:08,940 [INFO] PluginManage:310 - Check plugin thirdparty
2024-01-20 02:05:09,008 [INFO] PluginManage:359 - Loaded plugin thirdparty (category:base,tabindex:-1)
2024-01-20 02:05:09,008 [WARN] IntegrityCheckThread:84 - waiting for thirdparty lock release [integrity check]
2024-01-20 02:05:09,008 [INFO] IntegrityCheckThread:86 - entering critical section [integrity check]
2024-01-20 02:05:09,008 [INFO] PluginManage:310 - Check plugin tools
2024-01-20 02:05:09,009 [INFO] ThirdPartyUpdaterWithRetryManager:70 - Updater plugin not ready yet. [1/15]
2024-01-20 02:05:09,010 [INFO] PluginManage:359 - Loaded plugin tools (category:base,tabindex:7)
2024-01-20 02:05:09,010 [INFO] PluginManage:310 - Check plugin tutovideos
2024-01-20 02:05:09,114 [INFO] PluginManage:359 - Loaded plugin tutovideos (category:base,tabindex:-1)
2024-01-20 02:05:09,114 [INFO] PluginManage:310 - Check plugin updater
2024-01-20 02:05:09,122 [INFO] PluginManage:359 - Loaded plugin updater (category:base,tabindex:12)
2024-01-20 02:05:09,122 [INFO] PluginManage:310 - Check plugin userauth
2024-01-20 02:05:09,125 [INFO] UserAuth:114 - Init User Auth plugin
2024-01-20 02:05:09,125 [INFO] PluginManage:359 - Loaded plugin userauth (category:base,tabindex:14)
2024-01-20 02:05:09,126 [INFO] PluginManage:283 - PluginManage : Loaded plugins [17]
2024-01-20 02:05:09,240 [INFO] PinOutPanel:1499 - setPackage(No Configuration,No Configuration)
2024-01-20 02:05:09,280 [INFO] CADModel:165 - CPN selected for project level
2024-01-20 02:05:09,280 [INFO] CADModel:114 - Register for checkConnection events
2024-01-20 02:05:09,287 [INFO] IPUIPlugin:80 - create IPUIPlugin
2024-01-20 02:05:09,287 [INFO] PluginManager:220 - loadIPPluginJar : add dfsdm
2024-01-20 02:05:09,289 [INFO] IPUIPlugin:80 - create IPUIPlugin
2024-01-20 02:05:09,289 [INFO] PluginManager:220 - loadIPPluginJar : add openamp
2024-01-20 02:05:09,292 [INFO] IPUIPlugin:80 - create IPUIPlugin
2024-01-20 02:05:09,292 [INFO] PluginManager:220 - loadIPPluginJar : add sai
2024-01-20 02:05:09,293 [INFO] IPUIPlugin:80 - create IPUIPlugin
2024-01-20 02:05:09,293 [INFO] PluginManager:220 - loadIPPluginJar : add genericplugin
2024-01-20 02:05:09,294 [INFO] IPUIPlugin:80 - create IPUIPlugin
2024-01-20 02:05:09,294 [INFO] PluginManager:220 - loadIPPluginJar : add i2c
2024-01-20 02:05:09,295 [INFO] IPUIPlugin:80 - create IPUIPlugin
2024-01-20 02:05:09,295 [INFO] PluginManager:220 - loadIPPluginJar : add comp
2024-01-20 02:05:09,297 [INFO] IPUIPlugin:80 - create IPUIPlugin
2024-01-20 02:05:09,298 [INFO] PluginManager:220 - loadIPPluginJar : add gpio
2024-01-20 02:05:09,302 [INFO] IPUIPlugin:80 - create IPUIPlugin
2024-01-20 02:05:09,303 [INFO] PluginManager:220 - loadIPPluginJar : add plateformsettings
2024-01-20 02:05:09,304 [INFO] IPUIPlugin:80 - create IPUIPlugin
2024-01-20 02:05:09,304 [INFO] PluginManager:220 - loadIPPluginJar : add quadspi
2024-01-20 02:05:09,305 [INFO] IPUIPlugin:80 - create IPUIPlugin
2024-01-20 02:05:09,305 [INFO] PluginManager:220 - loadIPPluginJar : add i2s
2024-01-20 02:05:09,307 [INFO] IPUIPlugin:80 - create IPUIPlugin
2024-01-20 02:05:09,307 [INFO] PluginManager:220 - loadIPPluginJar : add usbx
2024-01-20 02:05:09,308 [INFO] IPUIPlugin:80 - create IPUIPlugin
2024-01-20 02:05:09,308 [INFO] PluginManager:220 - loadIPPluginJar : add tim
2024-01-20 02:05:09,309 [INFO] IPUIPlugin:80 - create IPUIPlugin
2024-01-20 02:05:09,309 [INFO] PluginManager:220 - loadIPPluginJar : add hash
2024-01-20 02:05:09,310 [INFO] IPUIPlugin:80 - create IPUIPlugin
2024-01-20 02:05:09,310 [INFO] PluginManager:220 - loadIPPluginJar : add pdm2pcm
2024-01-20 02:05:09,311 [INFO] IPUIPlugin:80 - create IPUIPlugin
2024-01-20 02:05:09,311 [INFO] PluginManager:220 - loadIPPluginJar : add ts
2024-01-20 02:05:09,312 [INFO] IPUIPlugin:80 - create IPUIPlugin
2024-01-20 02:05:09,312 [INFO] PluginManager:220 - loadIPPluginJar : add tsc
2024-01-20 02:05:09,313 [INFO] IPUIPlugin:80 - create IPUIPlugin
2024-01-20 02:05:09,313 [INFO] PluginManager:220 - loadIPPluginJar : add aes
2024-01-20 02:05:09,317 [INFO] IPUIPlugin:80 - create IPUIPlugin
2024-01-20 02:05:09,317 [INFO] PluginManager:220 - loadIPPluginJar : add resmgrutility
2024-01-20 02:05:09,320 [INFO] IPUIPlugin:80 - create IPUIPlugin
2024-01-20 02:05:09,320 [INFO] PluginManager:220 - loadIPPluginJar : add stm32_wpan
2024-01-20 02:05:09,320 [INFO] IPUIPlugin:80 - create IPUIPlugin
2024-01-20 02:05:09,321 [INFO] PluginManager:220 - loadIPPluginJar : add tracer_emb
2024-01-20 02:05:09,323 [INFO] IPUIPlugin:80 - create IPUIPlugin
2024-01-20 02:05:09,323 [INFO] PluginManager:220 - loadIPPluginJar : add nvic
2024-01-20 02:05:09,323 [INFO] IPUIPlugin:80 - create IPUIPlugin
2024-01-20 02:05:09,323 [INFO] PluginManager:220 - loadIPPluginJar : add ltdc
2024-01-20 02:05:09,324 [INFO] IPUIPlugin:80 - create IPUIPlugin
2024-01-20 02:05:09,324 [INFO] PluginManager:220 - loadIPPluginJar : add fatfs
2024-01-20 02:05:09,326 [INFO] IPUIPlugin:80 - create IPUIPlugin
2024-01-20 02:05:09,326 [INFO] PluginManager:220 - loadIPPluginJar : add touchsensing
2024-01-20 02:05:09,330 [INFO] IPUIPlugin:80 - create IPUIPlugin
2024-01-20 02:05:09,330 [INFO] PluginManager:220 - loadIPPluginJar : add freertos
2024-01-20 02:05:09,334 [INFO] IPUIPlugin:80 - create IPUIPlugin
2024-01-20 02:05:09,334 [INFO] PluginManager:220 - loadIPPluginJar : add adc
2024-01-20 02:05:09,335 [INFO] IPUIPlugin:80 - create IPUIPlugin
2024-01-20 02:05:09,336 [INFO] PluginManager:220 - loadIPPluginJar : add usart
2024-01-20 02:05:09,337 [INFO] IPUIPlugin:80 - create IPUIPlugin
2024-01-20 02:05:09,337 [INFO] PluginManager:220 - loadIPPluginJar : add lorawan
2024-01-20 02:05:09,340 [INFO] IPUIPlugin:80 - create IPUIPlugin
2024-01-20 02:05:09,340 [INFO] PluginManager:220 - loadIPPluginJar : add fmc
2024-01-20 02:05:09,341 [INFO] IPUIPlugin:80 - create IPUIPlugin
2024-01-20 02:05:09,341 [INFO] PluginManager:220 - loadIPPluginJar : add opamp
2024-01-20 02:05:09,343 [INFO] IPUIPlugin:80 - create IPUIPlugin
2024-01-20 02:05:09,343 [INFO] PluginManager:220 - loadIPPluginJar : add can
2024-01-20 02:05:09,344 [INFO] IPUIPlugin:80 - create IPUIPlugin
2024-01-20 02:05:09,344 [INFO] PluginManager:220 - loadIPPluginJar : add dma3
2024-01-20 02:05:09,345 [INFO] IPUIPlugin:80 - create IPUIPlugin
2024-01-20 02:05:09,345 [INFO] PluginManager:220 - loadIPPluginJar : add i3c
2024-01-20 02:05:09,346 [INFO] IPUIPlugin:80 - create IPUIPlugin
2024-01-20 02:05:09,346 [INFO] PluginManager:220 - loadIPPluginJar : add ucpd
2024-01-20 02:05:09,348 [INFO] IPUIPlugin:80 - create IPUIPlugin
2024-01-20 02:05:09,348 [INFO] PluginManager:220 - loadIPPluginJar : add cryp
2024-01-20 02:05:09,349 [INFO] IPUIPlugin:80 - create IPUIPlugin
2024-01-20 02:05:09,349 [INFO] PluginManager:220 - loadIPPluginJar : add spi
2024-01-20 02:05:09,350 [INFO] IPUIPlugin:80 - create IPUIPlugin
2024-01-20 02:05:09,350 [INFO] PluginManager:220 - loadIPPluginJar : add gfxmmu
2024-01-20 02:05:09,355 [INFO] IPUIPlugin:80 - create IPUIPlugin
2024-01-20 02:05:09,355 [INFO] PluginManager:220 - loadIPPluginJar : add mdma
2024-01-20 02:05:09,359 [INFO] IPUIPlugin:80 - create IPUIPlugin
2024-01-20 02:05:09,359 [INFO] PluginManager:220 - loadIPPluginJar : add dma
2024-01-20 02:05:09,360 [INFO] IPUIPlugin:80 - create IPUIPlugin
2024-01-20 02:05:09,360 [INFO] PluginManager:220 - loadIPPluginJar : add gtzc
2024-01-20 02:05:09,362 [INFO] IPUIPlugin:80 - create IPUIPlugin
2024-01-20 02:05:09,362 [INFO] PluginManager:220 - loadIPPluginJar : add ipddr
2024-01-20 02:05:09,366 [INFO] IPUIPlugin:80 - create IPUIPlugin
2024-01-20 02:05:09,366 [INFO] PluginManager:220 - loadIPPluginJar : add gic
2024-01-20 02:05:09,370 [INFO] IPUIPlugin:80 - create IPUIPlugin
2024-01-20 02:05:09,370 [INFO] PluginManager:220 - loadIPPluginJar : add linkedlist
2024-01-20 02:05:09,462 [INFO] CADModel:165 - CPN selected for project level
2024-01-20 02:05:09,462 [INFO] CADModel:114 - Register for checkConnection events
2024-01-20 02:05:09,463 [FATAL] Updater:308 - Updater called before beeing initialized
2024-01-20 02:05:09,463 [ERROR] CADModel:125 - Updater not yet initialized, retry later 
2024-01-20 02:05:09,547 [INFO] CADModel:165 - CPN selected for project level
2024-01-20 02:05:09,547 [INFO] CADModel:114 - Register for checkConnection events
2024-01-20 02:05:09,547 [FATAL] Updater:308 - Updater called before beeing initialized
2024-01-20 02:05:09,548 [ERROR] CADModel:125 - Updater not yet initialized, retry later 
2024-01-20 02:05:09,550 [FATAL] Updater:308 - Updater called before beeing initialized
2024-01-20 02:05:09,594 [FATAL] Updater:308 - Updater called before beeing initialized
2024-01-20 02:05:09,597 [INFO] DbMcusAds:53 - JSON generation date=Wed Nov 29 16:22:27 IST 2023 (1701255147349)
2024-01-20 02:05:09,597 [FATAL] Updater:308 - Updater called before beeing initialized
2024-01-20 02:05:09,622 [WARN] DetailPanel:346 - Failed to get advertising image, set to default
2024-01-20 02:05:09,692 [FATAL] Updater:308 - Updater called before beeing initialized
2024-01-20 02:05:09,693 [FATAL] Updater:308 - Updater called before beeing initialized
2024-01-20 02:05:09,693 [FATAL] Updater:308 - Updater called before beeing initialized
2024-01-20 02:05:09,693 [WARN] DetailPanel:346 - Failed to get advertising image, set to default
2024-01-20 02:05:09,694 [FATAL] Updater:308 - Updater called before beeing initialized
2024-01-20 02:05:09,714 [ERROR] Updater:1120 - MainUpdater not yet initialized. External WinMGr cannot be set.
2024-01-20 02:05:09,716 [INFO] Updater:1056 - Updater Version found : 6.10.0
2024-01-20 02:05:09,729 [INFO] ApplicationProperties:184 - Using Application install path: /home/ritik/st/stm32cubeide_1.14.0/plugins/com.st.stm32cube.common.mx_6.10.0.202311202037
2024-01-20 02:05:09,998 [INFO] MainUpdater:2873 - connection check result : 10
2024-01-20 02:05:09,998 [INFO] MainUpdater:3567 - Updater definition file requires update
2024-01-20 02:05:09,998 [INFO] MainUpdater:290 - Updater Check For Update Now.
2024-01-20 02:05:09,999 [INFO] MicroXplorer:498 - Change Database Version : DB.6.0.100
2024-01-20 02:05:10,008 [INFO] McuFinderGlobals:63 - Set McuFinder mode to 2 (CubeIDE integrated)
2024-01-20 02:05:10,008 [INFO] UserAuth:180 - activating auth plugin
2024-01-20 02:05:10,010 [INFO] UserAuth:404 - Internet connection configuration mode: 1
2024-01-20 02:05:10,019 [INFO] JxBrowserEngine:152 - Initiate JxBrowser Engine with user profile folder
2024-01-20 02:05:10,126 [INFO] ServerAccessManage:473 - Download File updaters.zip
2024-01-20 02:05:10,353 [INFO] FileExtend:240 - Unzip File : updaters.zip
2024-01-20 02:05:10,353 [INFO] FileExtend:255 - Standard Zip Deflate
2024-01-20 02:05:10,464 [INFO] ServerAccessManage:473 - Download File PacksControlFlags.xml
2024-01-20 02:05:10,594 [INFO] ServerAccessManage:473 - Download File cubemx.pidx
2024-01-20 02:05:10,625 [INFO] WebApp:161 - Instantiating new browser for Auth
2024-01-20 02:05:10,660 [INFO] LoadServerUpdatesThread:375 - End of LoadServerUpdate Thread
2024-01-20 02:05:10,796 [INFO] CheckServerUpdateThread:120 - End of CheckServer Thread
2024-01-20 02:05:11,970 [INFO] WebApp:780 - Register for checkConnection events
2024-01-20 02:05:11,970 [INFO] WebApp:414 - Apply proxy settings
2024-01-20 02:05:11,971 [INFO] WebApp:499 - Chromium requires no authentication
2024-01-20 02:05:11,979 [INFO] WebApp:442 - Direct internet connection detected
2024-01-20 02:05:12,090 [INFO] WebApp:192 - Starting web application
2024-01-20 02:05:12,090 [INFO] WebApp:544 - Web application path used /home/ritik/st/stm32cubeide_1.14.0/plugins/com.st.stm32cube.common.mx_6.10.0.202311202037/db/plugins/mcufinder/reactClient1/index.html
2024-01-20 02:05:12,114 [WARN] PackLoader:240 - Cannot read IP mode file for STMicroelectronics.X-CUBE-SMBUS.2.1.0
2024-01-20 02:05:12,118 [WARN] PackLoader:240 - Cannot read IP mode file for STMicroelectronics.X-CUBE-TOUCHGFX.4.23.0
2024-01-20 02:05:12,141 [WARN] PackLoader:240 - Cannot read IP mode file for STMicroelectronics.X-CUBE-AZRTOS-F7.1.1.0
2024-01-20 02:05:12,152 [WARN] PackLoader:240 - Cannot read IP mode file for STMicroelectronics.FP-SNS-MOTENV1.4.3.2
2024-01-20 02:05:12,159 [WARN] PackLoader:240 - Cannot read IP mode file for STMicroelectronics.FP-SNS-FLIGHT1.5.0.2
2024-01-20 02:05:12,168 [WARN] PackLoader:240 - Cannot read IP mode file for STMicroelectronics.X-CUBE-DISPLAY.3.0.0
2024-01-20 02:05:12,179 [WARN] PackLoader:240 - Cannot read IP mode file for STMicroelectronics.X-CUBE-BLE1.7.0.0
2024-01-20 02:05:12,184 [WARN] PackLoader:240 - Cannot read IP mode file for emotas.I-CUBE-CANOPEN.1.3.0
2024-01-20 02:05:12,187 [WARN] PackLoader:240 - Cannot read IP mode file for STMicroelectronics.FP-SNS-SMARTAG2.1.2.0
2024-01-20 02:05:12,195 [INFO] LogOutputStream:77 - [STDOUT_REDIRECT] 1 : Invalid condition id : UX_CORESTACK_Condition cause : null
2024-01-20 02:05:12,195 [INFO] LogOutputStream:77 - [STDOUT_REDIRECT] 1 : Invalid condition id : UX_CORESTACK_Condition cause : null
2024-01-20 02:05:12,195 [INFO] LogOutputStream:77 - [STDOUT_REDIRECT] 1 : Invalid condition id : UX_CORESTACK_Condition cause : null
2024-01-20 02:05:12,195 [INFO] LogOutputStream:77 - [STDOUT_REDIRECT] 1 : Invalid condition id : UX_CORESTACK_Condition cause : null
2024-01-20 02:05:12,195 [INFO] LogOutputStream:77 - [STDOUT_REDIRECT] 1 : Invalid condition id : UX_CORESTACK_Condition cause : null
2024-01-20 02:05:12,198 [WARN] PackLoader:240 - Cannot read IP mode file for STMicroelectronics.X-CUBE-AZRTOS-WL.2.0.0
2024-01-20 02:05:12,203 [WARN] PackLoader:240 - Cannot read IP mode file for STMicroelectronics.X-CUBE-BLE2.3.3.0
2024-01-20 02:05:12,207 [WARN] PackLoader:240 - Cannot read IP mode file for STMicroelectronics.X-CUBE-ALGOBUILD.1.3.0
2024-01-20 02:05:12,219 [WARN] PackLoader:240 - Cannot read IP mode file for STMicroelectronics.X-CUBE-AZRTOS-G0.1.1.0
2024-01-20 02:05:12,224 [WARN] PackLoader:240 - Cannot read IP mode file for STMicroelectronics.X-CUBE-NFC4.3.0.0
2024-01-20 02:05:12,231 [WARN] PackLoader:240 - Cannot read IP mode file for STMicroelectronics.X-CUBE-BLEMGR.3.0.0
2024-01-20 02:05:12,235 [WARN] PackLoader:240 - Cannot read IP mode file for STMicroelectronics.FP-ATR-SIGFOX1.3.2.0
2024-01-20 02:05:12,238 [WARN] PackLoader:240 - Cannot read IP mode file for STMicroelectronics.X-CUBE-GNSS1.6.0.0
2024-01-20 02:05:12,249 [WARN] PackLoader:240 - Cannot read IP mode file for STMicroelectronics.X-CUBE-AZRTOS-F4.1.1.0
2024-01-20 02:05:12,262 [WARN] PackLoader:240 - Cannot read IP mode file for STMicroelectronics.X-CUBE-AZRTOS-L5.2.0.0
2024-01-20 02:05:12,267 [WARN] PackLoader:240 - Cannot read IP mode file for STMicroelectronics.X-CUBE-EEPRMA1.4.2.0
2024-01-20 02:05:12,270 [WARN] PackLoader:240 - Cannot read IP mode file for ITTIA_DB.I-CUBE-ITTIADB.8.8.0
2024-01-20 02:05:12,272 [WARN] PackLoader:240 - Cannot read IP mode file for STMicroelectronics.X-CUBE-NFC7.1.0.1
2024-01-20 02:05:12,277 [WARN] PackLoader:240 - Cannot read IP mode file for STMicroelectronics.X-CUBE-NFC6.3.0.0
2024-01-20 02:05:12,280 [WARN] PackLoader:240 - Cannot read IP mode file for STMicroelectronics.X-CUBE-AI.8.1.0
2024-01-20 02:05:12,292 [WARN] ConditionMgr:438 - getConditionDescription Invalid condition id : LAN8742 Phy interface Condition cause : null
2024-01-20 02:05:12,292 [WARN] PackLoader:240 - Cannot read IP mode file for STMicroelectronics.X-CUBE-AZRTOS-L4.2.0.0
2024-01-20 02:05:12,293 [WARN] ConditionMgr:1039 - genDependencies : Invalid condition id : LAN8742 Phy interface Condition cause : null
2024-01-20 02:05:12,294 [WARN] ConditionMgr:1039 - genDependencies : Invalid condition id : LAN8742 Phy interface Condition cause : null
2024-01-20 02:05:12,294 [WARN] ConditionMgr:1039 - genDependencies : Invalid condition id : LAN8742 Phy interface Condition cause : null
2024-01-20 02:05:12,299 [WARN] PackLoader:240 - Cannot read IP mode file for STMicroelectronics.X-CUBE-SFXS2LP1.4.0.0
2024-01-20 02:05:12,308 [WARN] ConditionMgr:438 - getConditionDescription Invalid condition id : UX DEVICE CLASS RTOS Condition cause : null
2024-01-20 02:05:12,309 [WARN] ConditionMgr:438 - getConditionDescription Invalid condition id : UX DEVICE CLASS RTOS Condition cause : null
2024-01-20 02:05:12,310 [WARN] PackLoader:240 - Cannot read IP mode file for STMicroelectronics.X-CUBE-AZRTOS-WB.2.0.0
2024-01-20 02:05:12,310 [WARN] ConditionMgr:1039 - genDependencies : Invalid condition id : UX DEVICE CLASS RTOS Condition cause : null
2024-01-20 02:05:12,310 [WARN] ConditionMgr:1039 - genDependencies : Invalid condition id : UX DEVICE CLASS RTOS Condition cause : null
2024-01-20 02:05:12,311 [WARN] ConditionMgr:1039 - genDependencies : Invalid condition id : UX DEVICE CLASS RTOS Condition cause : null
2024-01-20 02:05:12,311 [WARN] ConditionMgr:1039 - genDependencies : Invalid condition id : UX DEVICE CLASS RTOS Condition cause : null
2024-01-20 02:05:12,311 [WARN] ConditionMgr:1039 - genDependencies : Invalid condition id : UX DEVICE CLASS RTOS Condition cause : null
2024-01-20 02:05:12,317 [WARN] PackLoader:240 - Cannot read IP mode file for STMicroelectronics.X-CUBE-SUBG2.5.0.0
2024-01-20 02:05:12,328 [WARN] PackLoader:240 - Cannot read IP mode file for STMicroelectronics.X-CUBE-AZRTOS-G4.2.0.0
2024-01-20 02:05:12,336 [WARN] PackLoader:240 - Cannot read IP mode file for Infineon.AIROC-Wi-Fi-Bluetooth-STM32.1.5.1
2024-01-20 02:05:12,342 [WARN] PackLoader:240 - Cannot read IP mode file for STMicroelectronics.FP-SNS-MOTENVWB1.1.3.1
2024-01-20 02:05:12,344 [WARN] PackLoader:240 - Cannot read IP mode file for STMicroelectronics.X-CUBE-ISPU.2.0.0
2024-01-20 02:05:12,367 [WARN] PackLoader:240 - Cannot read IP mode file for STMicroelectronics.X-CUBE-MEMS1.10.0.0
2024-01-20 02:05:12,450 [WARN] PackLoader:240 - Cannot read IP mode file for STMicroelectronics.X-CUBE-FREERTOS.1.1.0
2024-01-20 02:05:12,452 [WARN] PackLoader:240 - Cannot read IP mode file for STMicroelectronics.X-CUBE-ALS.1.0.1
2024-01-20 02:05:12,454 [WARN] PackLoader:240 - Cannot read IP mode file for STMicroelectronics.FP-ATR-ASTRA1.2.0.0
2024-01-20 02:05:12,459 [WARN] PackLoader:240 - Cannot read IP mode file for STMicroelectronics.X-CUBE-TOF1.3.4.0
2024-01-20 02:05:12,476 [WARN] PackLoader:240 - Cannot read IP mode file for STMicroelectronics.X-CUBE-AZRTOS-H7.3.2.0
2024-01-20 02:05:12,478 [INFO] ThirdParty:978 - Integrity check success = true
2024-01-20 02:05:12,478 [INFO] IntegrityCheckThread:100 - exiting critical section [integrity check]
2024-01-20 02:05:12,478 [INFO] IntegrityCheckThread:103 - End integrity checks thread
2024-01-20 02:05:32,605 [ERROR] LogOutputStream:75 - [STDERR_REDIRECT] SLF4J: Failed to load class "org.slf4j.impl.StaticLoggerBinder".
2024-01-20 02:05:32,606 [ERROR] LogOutputStream:75 - [STDERR_REDIRECT] SLF4J: Defaulting to no-operation (NOP) logger implementation
2024-01-20 02:05:32,606 [ERROR] LogOutputStream:75 - [STDERR_REDIRECT] SLF4J: See http://www.slf4j.org/codes.html#StaticLoggerBinder for further details.
2024-01-20 02:39:05,532 [ERROR] LogOutputStream:75 - [STDERR_REDIRECT] 
