2024-03-16 18:27:04,055 [INFO] Activator:176 - 


2024-03-16 18:27:04,058 [INFO] Activator:177 - !SESSION log4j initialized
2024-03-16 18:27:07,658 [INFO] LogOutputStream:77 - [STDOUT_REDIRECT] 
2024-03-16 18:27:08,286 [INFO] ApplicationProperties:184 - Using Application install path: /home/ritik/st/stm32cubeide_1.14.0/plugins/com.st.stm32cube.common.mx_6.10.0.202311202037
2024-03-16 18:27:08,298 [INFO] DbMcusXml:78 - Set database path to: /home/ritik/st/stm32cubeide_1.14.0/plugins/com.st.stm32cube.common.mx_6.10.0.202311202037//db//mcu/
2024-03-16 18:27:08,298 [INFO] ApiDb:274 - Set plugin database path to: /home/ritik/st/stm32cubeide_1.14.0/plugins/com.st.stm32cube.common.mx_6.10.0.202311202037//db//plugins/boardmanager/
2024-03-16 18:27:08,299 [WARN] ApiDb:259 - Overriding images path with different value:  => /home/ritik/st/stm32cubeide_1.14.0/plugins/com.st.stm32cube.common.mx_6.10.0.202311202037//db//plugins/mcufinder/images/
2024-03-16 18:27:08,304 [INFO] ApiDb:250 - Set database path to: /home/ritik/.stmcufinder/plugins/mcufinder//mcu/
2024-03-16 18:27:08,305 [INFO] DbMcusAds:125 - Set database path to: /home/ritik/.stmcufinder/plugins/mcufinder//mcu/
2024-03-16 18:27:08,306 [INFO] CrossReferenceDbSqlite:203 - Set database path to: /home/ritik/.stmcufinder/plugins/mcufinder//mcu/cs/
2024-03-16 18:27:08,385 [INFO] RulesReader:64 - Compatibility file has been processed (297 Rules)
2024-03-16 18:27:08,431 [INFO] DbMcusXml:78 - Set database path to: /home/ritik/st/stm32cubeide_1.14.0/plugins/com.st.stm32cube.common.mx_6.10.0.202311202037//db//mcu/
2024-03-16 18:27:08,431 [INFO] ApiDb:274 - Set plugin database path to: /home/ritik/st/stm32cubeide_1.14.0/plugins/com.st.stm32cube.common.mx_6.10.0.202311202037//db//plugins/boardmanager/
2024-03-16 18:27:08,431 [INFO] ApiDb:261 - Set plugin images path to: /home/ritik/st/stm32cubeide_1.14.0/plugins/com.st.stm32cube.common.mx_6.10.0.202311202037//db//plugins/mcufinder/images/
2024-03-16 18:27:08,431 [WARN] DbFile:41 - Overriding database path with different value: /home/ritik/.stmcufinder/plugins/mcufinder/ => /home/ritik/.stmcufinder/plugins/mcufinder
2024-03-16 18:27:08,432 [INFO] ApiDb:250 - Set database path to: /home/ritik/.stmcufinder/plugins/mcufinder//mcu/
2024-03-16 18:27:08,432 [WARN] DbFile:41 - Overriding database path with different value: /home/ritik/.stmcufinder/plugins/mcufinder/ => /home/ritik/.stmcufinder/plugins/mcufinder
2024-03-16 18:27:08,432 [INFO] DbMcusAds:125 - Set database path to: /home/ritik/.stmcufinder/plugins/mcufinder//mcu/
2024-03-16 18:27:08,432 [WARN] DbFile:41 - Overriding database path with different value: /home/ritik/.stmcufinder/plugins/mcufinder/ => /home/ritik/.stmcufinder/plugins/mcufinder
2024-03-16 18:27:08,432 [WARN] DbFile:41 - Overriding database path with different value: /home/ritik/.stmcufinder/plugins/mcufinder/ => /home/ritik/.stmcufinder/plugins/mcufinder
2024-03-16 18:27:08,432 [INFO] CrossReferenceDbSqlite:203 - Set database path to: /home/ritik/.stmcufinder/plugins/mcufinder//mcu/cs/
2024-03-16 18:27:08,486 [INFO] MainPanel:264 - HeapMemory: 268435456
2024-03-16 18:27:08,550 [INFO] DbMcusXml:78 - Set database path to: /home/ritik/st/stm32cubeide_1.14.0/plugins/com.st.stm32cube.common.mx_6.10.0.202311202037//db//mcu/
2024-03-16 18:27:08,550 [INFO] ApiDb:274 - Set plugin database path to: /home/ritik/st/stm32cubeide_1.14.0/plugins/com.st.stm32cube.common.mx_6.10.0.202311202037//db//plugins/boardmanager/
2024-03-16 18:27:08,550 [INFO] ApiDb:261 - Set plugin images path to: /home/ritik/st/stm32cubeide_1.14.0/plugins/com.st.stm32cube.common.mx_6.10.0.202311202037//db//plugins/mcufinder/images/
2024-03-16 18:27:08,550 [WARN] DbFile:41 - Overriding database path with different value: /home/ritik/.stmcufinder/plugins/mcufinder/ => /home/ritik/.stmcufinder/plugins/mcufinder
2024-03-16 18:27:08,550 [INFO] ApiDb:250 - Set database path to: /home/ritik/.stmcufinder/plugins/mcufinder//mcu/
2024-03-16 18:27:08,551 [WARN] DbFile:41 - Overriding database path with different value: /home/ritik/.stmcufinder/plugins/mcufinder/ => /home/ritik/.stmcufinder/plugins/mcufinder
2024-03-16 18:27:08,551 [INFO] DbMcusAds:125 - Set database path to: /home/ritik/.stmcufinder/plugins/mcufinder//mcu/
2024-03-16 18:27:08,551 [WARN] DbFile:41 - Overriding database path with different value: /home/ritik/.stmcufinder/plugins/mcufinder/ => /home/ritik/.stmcufinder/plugins/mcufinder
2024-03-16 18:27:08,551 [WARN] DbFile:41 - Overriding database path with different value: /home/ritik/.stmcufinder/plugins/mcufinder/ => /home/ritik/.stmcufinder/plugins/mcufinder
2024-03-16 18:27:08,551 [INFO] CrossReferenceDbSqlite:203 - Set database path to: /home/ritik/.stmcufinder/plugins/mcufinder//mcu/cs/
2024-03-16 18:27:08,563 [INFO] ApplicationProperties:184 - Using Application install path: /home/ritik/st/stm32cubeide_1.14.0/plugins/com.st.stm32cube.common.mx_6.10.0.202311202037
2024-03-16 18:27:08,564 [INFO] PluginManage:196 - Search for loadable plugins [exclusion list=, ]
2024-03-16 18:27:08,565 [INFO] PluginManage:310 - Check plugin analytics
2024-03-16 18:27:08,673 [INFO] AnalyticsPlugin:253 - Accepted Software Licenses: 
2024-03-16 18:27:08,673 [INFO] AnalyticsPlugin:255 - Accepted CMSIS Pack Licenses: 
2024-03-16 18:27:08,674 [INFO] AnalyticsPlugin:257 - Accepted Firmware Licenses: 
2024-03-16 18:27:08,676 [INFO] PluginManage:359 - Loaded plugin analytics (category:tool,tabindex:-1)
2024-03-16 18:27:08,676 [INFO] PluginManage:310 - Check plugin cadmodel
2024-03-16 18:27:08,698 [INFO] CADModel:105 - Init CAD model plugin
2024-03-16 18:27:08,698 [INFO] PluginManage:359 - Loaded plugin cadmodel (category:power,tabindex:5)
2024-03-16 18:27:08,698 [INFO] PluginManage:310 - Check plugin clock
2024-03-16 18:27:08,706 [INFO] PluginManage:359 - Loaded plugin clock (category:base,tabindex:2)
2024-03-16 18:27:08,706 [INFO] PluginManage:310 - Check plugin ddr
2024-03-16 18:27:08,708 [INFO] PluginManage:359 - Loaded plugin ddr (category:tool,tabindex:6)
2024-03-16 18:27:08,708 [INFO] PluginManage:310 - Check plugin filemanager
2024-03-16 18:27:08,821 [INFO] PluginManage:359 - Loaded plugin filemanager (category:base,tabindex:10)
2024-03-16 18:27:08,821 [INFO] PluginManage:310 - Check plugin ipmanager
2024-03-16 18:27:08,826 [INFO] PluginManage:359 - Loaded plugin ipmanager (category:base,tabindex:5)
2024-03-16 18:27:08,826 [INFO] PluginManage:310 - Check plugin lpbam
2024-03-16 18:27:08,834 [INFO] PluginManage:359 - Loaded plugin lpbam (category:base,tabindex:0)
2024-03-16 18:27:08,835 [INFO] PluginManage:310 - Check plugin memorymap
2024-03-16 18:27:08,844 [INFO] PluginManage:359 - Loaded plugin memorymap (category:base,tabindex:4)
2024-03-16 18:27:08,844 [INFO] PluginManage:310 - Check plugin pinoutandconfiguration
2024-03-16 18:27:08,851 [INFO] PluginManage:359 - Loaded plugin pinoutandconfiguration (category:base,tabindex:1)
2024-03-16 18:27:08,851 [INFO] PluginManage:310 - Check plugin pinoutconfig
2024-03-16 18:27:08,907 [WARN] SupportedApi:132 - Cannot load RTOS API schema: s4s-elt-must-match.1: The content of 'definitions' must match (annotation?, (simpleType | complexType)?, (unique | key | keyref)*)). A problem was found starting at: attribute.
2024-03-16 18:27:08,995 [INFO] PluginManage:359 - Loaded plugin pinoutconfig (category:base,tabindex:0)
2024-03-16 18:27:08,995 [INFO] PluginManage:310 - Check plugin power
2024-03-16 18:27:09,002 [INFO] PluginManage:359 - Loaded plugin power (category:power,tabindex:4)
2024-03-16 18:27:09,002 [INFO] PluginManage:310 - Check plugin projectmanager
2024-03-16 18:27:09,014 [INFO] PluginManage:359 - Loaded plugin projectmanager (category:projectmanager,tabindex:3)
2024-03-16 18:27:09,014 [INFO] PluginManage:310 - Check plugin thirdparty
2024-03-16 18:27:09,090 [INFO] PluginManage:359 - Loaded plugin thirdparty (category:base,tabindex:-1)
2024-03-16 18:27:09,090 [WARN] IntegrityCheckThread:84 - waiting for thirdparty lock release [integrity check]
2024-03-16 18:27:09,090 [INFO] IntegrityCheckThread:86 - entering critical section [integrity check]
2024-03-16 18:27:09,090 [INFO] PluginManage:310 - Check plugin tools
2024-03-16 18:27:09,091 [INFO] ThirdPartyUpdaterWithRetryManager:70 - Updater plugin not ready yet. [1/15]
2024-03-16 18:27:09,092 [INFO] PluginManage:359 - Loaded plugin tools (category:base,tabindex:7)
2024-03-16 18:27:09,092 [INFO] PluginManage:310 - Check plugin tutovideos
2024-03-16 18:27:09,205 [INFO] PluginManage:359 - Loaded plugin tutovideos (category:base,tabindex:-1)
2024-03-16 18:27:09,205 [INFO] PluginManage:310 - Check plugin updater
2024-03-16 18:27:09,213 [INFO] PluginManage:359 - Loaded plugin updater (category:base,tabindex:12)
2024-03-16 18:27:09,213 [INFO] PluginManage:310 - Check plugin userauth
2024-03-16 18:27:09,217 [INFO] UserAuth:114 - Init User Auth plugin
2024-03-16 18:27:09,217 [INFO] PluginManage:359 - Loaded plugin userauth (category:base,tabindex:14)
2024-03-16 18:27:09,217 [INFO] PluginManage:283 - PluginManage : Loaded plugins [17]
2024-03-16 18:27:09,331 [INFO] PinOutPanel:1499 - setPackage(No Configuration,No Configuration)
2024-03-16 18:27:09,370 [INFO] CADModel:165 - CPN selected for project level
2024-03-16 18:27:09,370 [INFO] CADModel:114 - Register for checkConnection events
2024-03-16 18:27:09,377 [INFO] IPUIPlugin:80 - create IPUIPlugin
2024-03-16 18:27:09,377 [INFO] PluginManager:220 - loadIPPluginJar : add dfsdm
2024-03-16 18:27:09,379 [INFO] IPUIPlugin:80 - create IPUIPlugin
2024-03-16 18:27:09,379 [INFO] PluginManager:220 - loadIPPluginJar : add openamp
2024-03-16 18:27:09,382 [INFO] IPUIPlugin:80 - create IPUIPlugin
2024-03-16 18:27:09,382 [INFO] PluginManager:220 - loadIPPluginJar : add sai
2024-03-16 18:27:09,383 [INFO] IPUIPlugin:80 - create IPUIPlugin
2024-03-16 18:27:09,383 [INFO] PluginManager:220 - loadIPPluginJar : add genericplugin
2024-03-16 18:27:09,384 [INFO] IPUIPlugin:80 - create IPUIPlugin
2024-03-16 18:27:09,384 [INFO] PluginManager:220 - loadIPPluginJar : add i2c
2024-03-16 18:27:09,385 [INFO] IPUIPlugin:80 - create IPUIPlugin
2024-03-16 18:27:09,385 [INFO] PluginManager:220 - loadIPPluginJar : add comp
2024-03-16 18:27:09,387 [INFO] IPUIPlugin:80 - create IPUIPlugin
2024-03-16 18:27:09,388 [INFO] PluginManager:220 - loadIPPluginJar : add gpio
2024-03-16 18:27:09,391 [INFO] IPUIPlugin:80 - create IPUIPlugin
2024-03-16 18:27:09,393 [INFO] PluginManager:220 - loadIPPluginJar : add plateformsettings
2024-03-16 18:27:09,393 [INFO] IPUIPlugin:80 - create IPUIPlugin
2024-03-16 18:27:09,394 [INFO] PluginManager:220 - loadIPPluginJar : add quadspi
2024-03-16 18:27:09,395 [INFO] IPUIPlugin:80 - create IPUIPlugin
2024-03-16 18:27:09,395 [INFO] PluginManager:220 - loadIPPluginJar : add i2s
2024-03-16 18:27:09,396 [INFO] IPUIPlugin:80 - create IPUIPlugin
2024-03-16 18:27:09,396 [INFO] PluginManager:220 - loadIPPluginJar : add usbx
2024-03-16 18:27:09,397 [INFO] IPUIPlugin:80 - create IPUIPlugin
2024-03-16 18:27:09,397 [INFO] PluginManager:220 - loadIPPluginJar : add tim
2024-03-16 18:27:09,398 [INFO] IPUIPlugin:80 - create IPUIPlugin
2024-03-16 18:27:09,398 [INFO] PluginManager:220 - loadIPPluginJar : add hash
2024-03-16 18:27:09,400 [INFO] IPUIPlugin:80 - create IPUIPlugin
2024-03-16 18:27:09,400 [INFO] PluginManager:220 - loadIPPluginJar : add pdm2pcm
2024-03-16 18:27:09,401 [INFO] IPUIPlugin:80 - create IPUIPlugin
2024-03-16 18:27:09,401 [INFO] PluginManager:220 - loadIPPluginJar : add ts
2024-03-16 18:27:09,402 [INFO] IPUIPlugin:80 - create IPUIPlugin
2024-03-16 18:27:09,402 [INFO] PluginManager:220 - loadIPPluginJar : add tsc
2024-03-16 18:27:09,403 [INFO] IPUIPlugin:80 - create IPUIPlugin
2024-03-16 18:27:09,403 [INFO] PluginManager:220 - loadIPPluginJar : add aes
2024-03-16 18:27:09,406 [INFO] IPUIPlugin:80 - create IPUIPlugin
2024-03-16 18:27:09,406 [INFO] PluginManager:220 - loadIPPluginJar : add resmgrutility
2024-03-16 18:27:09,409 [INFO] IPUIPlugin:80 - create IPUIPlugin
2024-03-16 18:27:09,409 [INFO] PluginManager:220 - loadIPPluginJar : add stm32_wpan
2024-03-16 18:27:09,410 [INFO] IPUIPlugin:80 - create IPUIPlugin
2024-03-16 18:27:09,410 [INFO] PluginManager:220 - loadIPPluginJar : add tracer_emb
2024-03-16 18:27:09,412 [INFO] IPUIPlugin:80 - create IPUIPlugin
2024-03-16 18:27:09,412 [INFO] PluginManager:220 - loadIPPluginJar : add nvic
2024-03-16 18:27:09,413 [INFO] IPUIPlugin:80 - create IPUIPlugin
2024-03-16 18:27:09,413 [INFO] PluginManager:220 - loadIPPluginJar : add ltdc
2024-03-16 18:27:09,414 [INFO] IPUIPlugin:80 - create IPUIPlugin
2024-03-16 18:27:09,414 [INFO] PluginManager:220 - loadIPPluginJar : add fatfs
2024-03-16 18:27:09,415 [INFO] IPUIPlugin:80 - create IPUIPlugin
2024-03-16 18:27:09,415 [INFO] PluginManager:220 - loadIPPluginJar : add touchsensing
2024-03-16 18:27:09,420 [INFO] IPUIPlugin:80 - create IPUIPlugin
2024-03-16 18:27:09,420 [INFO] PluginManager:220 - loadIPPluginJar : add freertos
2024-03-16 18:27:09,425 [INFO] IPUIPlugin:80 - create IPUIPlugin
2024-03-16 18:27:09,425 [INFO] PluginManager:220 - loadIPPluginJar : add adc
2024-03-16 18:27:09,427 [INFO] IPUIPlugin:80 - create IPUIPlugin
2024-03-16 18:27:09,427 [INFO] PluginManager:220 - loadIPPluginJar : add usart
2024-03-16 18:27:09,428 [INFO] IPUIPlugin:80 - create IPUIPlugin
2024-03-16 18:27:09,428 [INFO] PluginManager:220 - loadIPPluginJar : add lorawan
2024-03-16 18:27:09,431 [INFO] IPUIPlugin:80 - create IPUIPlugin
2024-03-16 18:27:09,431 [INFO] PluginManager:220 - loadIPPluginJar : add fmc
2024-03-16 18:27:09,433 [INFO] IPUIPlugin:80 - create IPUIPlugin
2024-03-16 18:27:09,433 [INFO] PluginManager:220 - loadIPPluginJar : add opamp
2024-03-16 18:27:09,434 [INFO] IPUIPlugin:80 - create IPUIPlugin
2024-03-16 18:27:09,434 [INFO] PluginManager:220 - loadIPPluginJar : add can
2024-03-16 18:27:09,435 [INFO] IPUIPlugin:80 - create IPUIPlugin
2024-03-16 18:27:09,435 [INFO] PluginManager:220 - loadIPPluginJar : add dma3
2024-03-16 18:27:09,436 [INFO] IPUIPlugin:80 - create IPUIPlugin
2024-03-16 18:27:09,437 [INFO] PluginManager:220 - loadIPPluginJar : add i3c
2024-03-16 18:27:09,437 [INFO] IPUIPlugin:80 - create IPUIPlugin
2024-03-16 18:27:09,438 [INFO] PluginManager:220 - loadIPPluginJar : add ucpd
2024-03-16 18:27:09,439 [INFO] IPUIPlugin:80 - create IPUIPlugin
2024-03-16 18:27:09,439 [INFO] PluginManager:220 - loadIPPluginJar : add cryp
2024-03-16 18:27:09,440 [INFO] IPUIPlugin:80 - create IPUIPlugin
2024-03-16 18:27:09,440 [INFO] PluginManager:220 - loadIPPluginJar : add spi
2024-03-16 18:27:09,441 [INFO] IPUIPlugin:80 - create IPUIPlugin
2024-03-16 18:27:09,441 [INFO] PluginManager:220 - loadIPPluginJar : add gfxmmu
2024-03-16 18:27:09,445 [INFO] IPUIPlugin:80 - create IPUIPlugin
2024-03-16 18:27:09,445 [INFO] PluginManager:220 - loadIPPluginJar : add mdma
2024-03-16 18:27:09,449 [INFO] IPUIPlugin:80 - create IPUIPlugin
2024-03-16 18:27:09,449 [INFO] PluginManager:220 - loadIPPluginJar : add dma
2024-03-16 18:27:09,450 [INFO] IPUIPlugin:80 - create IPUIPlugin
2024-03-16 18:27:09,450 [INFO] PluginManager:220 - loadIPPluginJar : add gtzc
2024-03-16 18:27:09,452 [INFO] IPUIPlugin:80 - create IPUIPlugin
2024-03-16 18:27:09,452 [INFO] PluginManager:220 - loadIPPluginJar : add ipddr
2024-03-16 18:27:09,455 [INFO] IPUIPlugin:80 - create IPUIPlugin
2024-03-16 18:27:09,456 [INFO] PluginManager:220 - loadIPPluginJar : add gic
2024-03-16 18:27:09,460 [INFO] IPUIPlugin:80 - create IPUIPlugin
2024-03-16 18:27:09,460 [INFO] PluginManager:220 - loadIPPluginJar : add linkedlist
2024-03-16 18:27:09,555 [INFO] CADModel:165 - CPN selected for project level
2024-03-16 18:27:09,555 [INFO] CADModel:114 - Register for checkConnection events
2024-03-16 18:27:09,555 [FATAL] Updater:308 - Updater called before beeing initialized
2024-03-16 18:27:09,556 [ERROR] CADModel:125 - Updater not yet initialized, retry later 
2024-03-16 18:27:09,640 [INFO] CADModel:165 - CPN selected for project level
2024-03-16 18:27:09,640 [INFO] CADModel:114 - Register for checkConnection events
2024-03-16 18:27:09,640 [FATAL] Updater:308 - Updater called before beeing initialized
2024-03-16 18:27:09,640 [ERROR] CADModel:125 - Updater not yet initialized, retry later 
2024-03-16 18:27:09,642 [FATAL] Updater:308 - Updater called before beeing initialized
2024-03-16 18:27:09,693 [FATAL] Updater:308 - Updater called before beeing initialized
2024-03-16 18:27:09,696 [INFO] DbMcusAds:53 - JSON generation date=Wed Nov 29 16:22:27 IST 2023 (1701255147349)
2024-03-16 18:27:09,696 [FATAL] Updater:308 - Updater called before beeing initialized
2024-03-16 18:27:09,720 [WARN] DetailPanel:346 - Failed to get advertising image, set to default
2024-03-16 18:27:09,805 [FATAL] Updater:308 - Updater called before beeing initialized
2024-03-16 18:27:09,806 [FATAL] Updater:308 - Updater called before beeing initialized
2024-03-16 18:27:09,807 [FATAL] Updater:308 - Updater called before beeing initialized
2024-03-16 18:27:09,807 [WARN] DetailPanel:346 - Failed to get advertising image, set to default
2024-03-16 18:27:09,807 [FATAL] Updater:308 - Updater called before beeing initialized
2024-03-16 18:27:09,826 [ERROR] Updater:1120 - MainUpdater not yet initialized. External WinMGr cannot be set.
2024-03-16 18:27:09,828 [INFO] Updater:1056 - Updater Version found : 6.10.0
2024-03-16 18:27:09,842 [INFO] ApplicationProperties:184 - Using Application install path: /home/ritik/st/stm32cubeide_1.14.0/plugins/com.st.stm32cube.common.mx_6.10.0.202311202037
2024-03-16 18:27:10,196 [INFO] MainUpdater:2873 - connection check result : 10
2024-03-16 18:27:10,197 [INFO] MainUpdater:290 - Updater Check For Update Now.
2024-03-16 18:27:10,197 [INFO] MicroXplorer:498 - Change Database Version : DB.6.0.100
2024-03-16 18:27:10,207 [INFO] McuFinderGlobals:63 - Set McuFinder mode to 2 (CubeIDE integrated)
2024-03-16 18:27:10,207 [INFO] UserAuth:180 - activating auth plugin
2024-03-16 18:27:10,209 [INFO] UserAuth:404 - Internet connection configuration mode: 1
2024-03-16 18:27:10,221 [INFO] JxBrowserEngine:152 - Initiate JxBrowser Engine with user profile folder
2024-03-16 18:27:10,346 [INFO] CheckServerUpdateThread:120 - End of CheckServer Thread
2024-03-16 18:27:10,836 [INFO] WebApp:161 - Instantiating new browser for Auth
2024-03-16 18:27:11,439 [INFO] WebApp:780 - Register for checkConnection events
2024-03-16 18:27:11,439 [INFO] WebApp:414 - Apply proxy settings
2024-03-16 18:27:11,439 [INFO] WebApp:499 - Chromium requires no authentication
2024-03-16 18:27:11,443 [INFO] WebApp:442 - Direct internet connection detected
2024-03-16 18:27:11,527 [INFO] WebApp:192 - Starting web application
2024-03-16 18:27:11,527 [INFO] WebApp:544 - Web application path used /home/ritik/st/stm32cubeide_1.14.0/plugins/com.st.stm32cube.common.mx_6.10.0.202311202037/db/plugins/mcufinder/reactClient1/index.html
2024-03-16 18:27:12,199 [WARN] PackLoader:240 - Cannot read IP mode file for STMicroelectronics.X-CUBE-SMBUS.2.1.0
2024-03-16 18:27:12,203 [WARN] PackLoader:240 - Cannot read IP mode file for STMicroelectronics.X-CUBE-TOUCHGFX.4.23.0
2024-03-16 18:27:12,222 [WARN] PackLoader:240 - Cannot read IP mode file for STMicroelectronics.X-CUBE-AZRTOS-F7.1.1.0
2024-03-16 18:27:12,237 [WARN] PackLoader:240 - Cannot read IP mode file for STMicroelectronics.FP-SNS-MOTENV1.4.3.2
2024-03-16 18:27:12,242 [WARN] PackLoader:240 - Cannot read IP mode file for STMicroelectronics.FP-SNS-FLIGHT1.5.0.2
2024-03-16 18:27:12,249 [WARN] PackLoader:240 - Cannot read IP mode file for STMicroelectronics.X-CUBE-DISPLAY.3.0.0
2024-03-16 18:27:12,260 [WARN] PackLoader:240 - Cannot read IP mode file for STMicroelectronics.X-CUBE-BLE1.7.0.0
2024-03-16 18:27:12,265 [WARN] PackLoader:240 - Cannot read IP mode file for emotas.I-CUBE-CANOPEN.1.3.0
2024-03-16 18:27:12,281 [WARN] PackLoader:240 - Cannot read IP mode file for STMicroelectronics.X-CUBE-BLEMGR.3.1.0
2024-03-16 18:27:12,287 [WARN] PackLoader:240 - Cannot read IP mode file for STMicroelectronics.FP-SNS-SMARTAG2.1.2.0
2024-03-16 18:27:12,304 [INFO] LogOutputStream:77 - [STDOUT_REDIRECT] 1 : Invalid condition id : UX_CORESTACK_Condition cause : null
2024-03-16 18:27:12,305 [INFO] LogOutputStream:77 - [STDOUT_REDIRECT] 1 : Invalid condition id : UX_CORESTACK_Condition cause : null
2024-03-16 18:27:12,305 [INFO] LogOutputStream:77 - [STDOUT_REDIRECT] 1 : Invalid condition id : UX_CORESTACK_Condition cause : null
2024-03-16 18:27:12,305 [INFO] LogOutputStream:77 - [STDOUT_REDIRECT] 1 : Invalid condition id : UX_CORESTACK_Condition cause : null
2024-03-16 18:27:12,305 [INFO] LogOutputStream:77 - [STDOUT_REDIRECT] 1 : Invalid condition id : UX_CORESTACK_Condition cause : null
2024-03-16 18:27:12,307 [WARN] PackLoader:240 - Cannot read IP mode file for STMicroelectronics.X-CUBE-AZRTOS-WL.2.0.0
2024-03-16 18:27:12,313 [WARN] PackLoader:240 - Cannot read IP mode file for WES.I-CUBE-Cesium.1.3.0
2024-03-16 18:27:12,315 [WARN] PackLoader:240 - Cannot read IP mode file for STMicroelectronics.X-CUBE-BLE2.3.3.0
2024-03-16 18:27:12,320 [WARN] PackLoader:240 - Cannot read IP mode file for STMicroelectronics.X-CUBE-ALGOBUILD.1.3.0
2024-03-16 18:27:12,329 [WARN] PackLoader:240 - Cannot read IP mode file for STMicroelectronics.X-CUBE-AZRTOS-G0.1.1.0
2024-03-16 18:27:12,334 [WARN] PackLoader:240 - Cannot read IP mode file for STMicroelectronics.X-CUBE-NFC4.3.0.0
2024-03-16 18:27:12,340 [WARN] PackLoader:240 - Cannot read IP mode file for STMicroelectronics.X-CUBE-BLEMGR.3.0.0
2024-03-16 18:27:12,343 [WARN] PackLoader:240 - Cannot read IP mode file for STMicroelectronics.FP-ATR-SIGFOX1.3.2.0
2024-03-16 18:27:12,347 [WARN] PackLoader:240 - Cannot read IP mode file for STMicroelectronics.X-CUBE-EEPRMA1.5.1.0
2024-03-16 18:27:12,366 [WARN] PackLoader:240 - Cannot read IP mode file for SEGGER.I-CUBE-embOS.1.3.1
2024-03-16 18:27:12,393 [WARN] PackLoader:240 - Cannot read IP mode file for STMicroelectronics.X-CUBE-GNSS1.6.0.0
2024-03-16 18:27:12,403 [WARN] PackLoader:240 - Cannot read IP mode file for STMicroelectronics.X-CUBE-AZRTOS-F4.1.1.0
2024-03-16 18:27:12,407 [WARN] PackLoader:240 - Cannot read IP mode file for wolfSSL.I-CUBE-wolfSSL.5.6.6
2024-03-16 18:27:12,417 [WARN] PackLoader:240 - Cannot read IP mode file for STMicroelectronics.X-CUBE-AZRTOS-L5.2.0.0
2024-03-16 18:27:12,426 [WARN] PackLoader:240 - Cannot read IP mode file for STMicroelectronics.X-CUBE-EEPRMA1.4.2.0
2024-03-16 18:27:12,429 [WARN] PackLoader:240 - Cannot read IP mode file for ITTIA_DB.I-CUBE-ITTIADB.8.8.0
2024-03-16 18:27:12,433 [WARN] PackLoader:240 - Cannot read IP mode file for STMicroelectronics.X-CUBE-NFC7.1.0.1
2024-03-16 18:27:12,437 [WARN] PackLoader:240 - Cannot read IP mode file for STMicroelectronics.X-CUBE-NFC6.3.0.0
2024-03-16 18:27:12,441 [WARN] PackLoader:240 - Cannot read IP mode file for STMicroelectronics.X-CUBE-AI.8.1.0
2024-03-16 18:27:12,452 [WARN] ConditionMgr:438 - getConditionDescription Invalid condition id : LAN8742 Phy interface Condition cause : null
2024-03-16 18:27:12,453 [WARN] PackLoader:240 - Cannot read IP mode file for STMicroelectronics.X-CUBE-AZRTOS-L4.2.0.0
2024-03-16 18:27:12,454 [WARN] ConditionMgr:1039 - genDependencies : Invalid condition id : LAN8742 Phy interface Condition cause : null
2024-03-16 18:27:12,454 [WARN] ConditionMgr:1039 - genDependencies : Invalid condition id : LAN8742 Phy interface Condition cause : null
2024-03-16 18:27:12,454 [WARN] ConditionMgr:1039 - genDependencies : Invalid condition id : LAN8742 Phy interface Condition cause : null
2024-03-16 18:27:12,459 [WARN] PackLoader:240 - Cannot read IP mode file for STMicroelectronics.X-CUBE-SFXS2LP1.4.0.0
2024-03-16 18:27:12,466 [WARN] ConditionMgr:438 - getConditionDescription Invalid condition id : UX DEVICE CLASS RTOS Condition cause : null
2024-03-16 18:27:12,466 [WARN] ConditionMgr:438 - getConditionDescription Invalid condition id : UX DEVICE CLASS RTOS Condition cause : null
2024-03-16 18:27:12,467 [WARN] PackLoader:240 - Cannot read IP mode file for STMicroelectronics.X-CUBE-AZRTOS-WB.2.0.0
2024-03-16 18:27:12,468 [WARN] ConditionMgr:1039 - genDependencies : Invalid condition id : UX DEVICE CLASS RTOS Condition cause : null
2024-03-16 18:27:12,468 [WARN] ConditionMgr:1039 - genDependencies : Invalid condition id : UX DEVICE CLASS RTOS Condition cause : null
2024-03-16 18:27:12,468 [WARN] ConditionMgr:1039 - genDependencies : Invalid condition id : UX DEVICE CLASS RTOS Condition cause : null
2024-03-16 18:27:12,468 [WARN] ConditionMgr:1039 - genDependencies : Invalid condition id : UX DEVICE CLASS RTOS Condition cause : null
2024-03-16 18:27:12,468 [WARN] ConditionMgr:1039 - genDependencies : Invalid condition id : UX DEVICE CLASS RTOS Condition cause : null
2024-03-16 18:27:12,475 [WARN] PackLoader:240 - Cannot read IP mode file for STMicroelectronics.X-CUBE-SUBG2.5.0.0
2024-03-16 18:27:12,486 [WARN] PackLoader:240 - Cannot read IP mode file for STMicroelectronics.X-CUBE-AZRTOS-G4.2.0.0
2024-03-16 18:27:12,493 [WARN] PackLoader:240 - Cannot read IP mode file for Infineon.AIROC-Wi-Fi-Bluetooth-STM32.1.5.1
2024-03-16 18:27:12,497 [WARN] PackLoader:240 - Cannot read IP mode file for STMicroelectronics.FP-SNS-MOTENVWB1.1.3.1
2024-03-16 18:27:12,500 [WARN] PackLoader:240 - Cannot read IP mode file for STMicroelectronics.X-CUBE-ISPU.2.0.0
2024-03-16 18:27:12,521 [WARN] PackLoader:240 - Cannot read IP mode file for STMicroelectronics.X-CUBE-MEMS1.10.0.0
2024-03-16 18:27:12,602 [WARN] PackLoader:240 - Cannot read IP mode file for STMicroelectronics.X-CUBE-FREERTOS.1.1.0
2024-03-16 18:27:12,605 [WARN] PackLoader:240 - Cannot read IP mode file for portGmbH.I-Cube-SoM-uGOAL.1.1.0
2024-03-16 18:27:12,607 [WARN] PackLoader:240 - Cannot read IP mode file for STMicroelectronics.X-CUBE-ALS.1.0.1
2024-03-16 18:27:12,610 [WARN] PackLoader:240 - Cannot read IP mode file for STMicroelectronics.FP-ATR-ASTRA1.2.0.0
2024-03-16 18:27:12,615 [WARN] PackLoader:240 - Cannot read IP mode file for STMicroelectronics.X-CUBE-TOF1.3.4.0
2024-03-16 18:27:12,629 [WARN] PackLoader:240 - Cannot read IP mode file for STMicroelectronics.X-CUBE-TOF1.3.4.1
2024-03-16 18:27:12,647 [WARN] PackLoader:240 - Cannot read IP mode file for STMicroelectronics.X-CUBE-AZRTOS-H7.3.2.0
2024-03-16 18:27:12,650 [INFO] ThirdParty:978 - Integrity check success = true
2024-03-16 18:27:12,650 [INFO] IntegrityCheckThread:100 - exiting critical section [integrity check]
2024-03-16 18:27:12,650 [INFO] IntegrityCheckThread:103 - End integrity checks thread
2024-03-16 18:27:31,929 [ERROR] LogOutputStream:75 - [STDERR_REDIRECT] SLF4J: Failed to load class "org.slf4j.impl.StaticLoggerBinder".
2024-03-16 18:27:31,929 [ERROR] LogOutputStream:75 - [STDERR_REDIRECT] SLF4J: Defaulting to no-operation (NOP) logger implementation
2024-03-16 18:27:31,929 [ERROR] LogOutputStream:75 - [STDERR_REDIRECT] SLF4J: See http://www.slf4j.org/codes.html#StaticLoggerBinder for further details.
2024-03-16 19:30:28,444 [ERROR] LogOutputStream:75 - [STDERR_REDIRECT] 
