2024-01-24 13:56:24,176 [INFO] Activator:176 - 


2024-01-24 13:56:24,179 [INFO] Activator:177 - !SESSION log4j initialized
2024-01-24 13:56:44,173 [INFO] LogOutputStream:77 - [STDOUT_REDIRECT] 
2024-01-24 13:56:49,621 [INFO] ApplicationProperties:184 - Using Application install path: /home/ritik/st/stm32cubeide_1.14.0/plugins/com.st.stm32cube.common.mx_6.10.0.202311202037
2024-01-24 13:56:49,630 [INFO] DbMcusXml:78 - Set database path to: /home/ritik/st/stm32cubeide_1.14.0/plugins/com.st.stm32cube.common.mx_6.10.0.202311202037//db//mcu/
2024-01-24 13:56:49,630 [INFO] ApiDb:274 - Set plugin database path to: /home/ritik/st/stm32cubeide_1.14.0/plugins/com.st.stm32cube.common.mx_6.10.0.202311202037//db//plugins/boardmanager/
2024-01-24 13:56:49,630 [WARN] ApiDb:259 - Overriding images path with different value:  => /home/ritik/st/stm32cubeide_1.14.0/plugins/com.st.stm32cube.common.mx_6.10.0.202311202037//db//plugins/mcufinder/images/
2024-01-24 13:56:49,634 [INFO] ApiDb:250 - Set database path to: /home/ritik/.stmcufinder/plugins/mcufinder//mcu/
2024-01-24 13:56:49,635 [INFO] DbMcusAds:125 - Set database path to: /home/ritik/.stmcufinder/plugins/mcufinder//mcu/
2024-01-24 13:56:49,636 [INFO] CrossReferenceDbSqlite:203 - Set database path to: /home/ritik/.stmcufinder/plugins/mcufinder//mcu/cs/
2024-01-24 13:56:49,701 [INFO] RulesReader:64 - Compatibility file has been processed (297 Rules)
2024-01-24 13:56:49,739 [INFO] DbMcusXml:78 - Set database path to: /home/ritik/st/stm32cubeide_1.14.0/plugins/com.st.stm32cube.common.mx_6.10.0.202311202037//db//mcu/
2024-01-24 13:56:49,740 [INFO] ApiDb:274 - Set plugin database path to: /home/ritik/st/stm32cubeide_1.14.0/plugins/com.st.stm32cube.common.mx_6.10.0.202311202037//db//plugins/boardmanager/
2024-01-24 13:56:49,740 [INFO] ApiDb:261 - Set plugin images path to: /home/ritik/st/stm32cubeide_1.14.0/plugins/com.st.stm32cube.common.mx_6.10.0.202311202037//db//plugins/mcufinder/images/
2024-01-24 13:56:49,740 [WARN] DbFile:41 - Overriding database path with different value: /home/ritik/.stmcufinder/plugins/mcufinder/ => /home/ritik/.stmcufinder/plugins/mcufinder
2024-01-24 13:56:49,740 [INFO] ApiDb:250 - Set database path to: /home/ritik/.stmcufinder/plugins/mcufinder//mcu/
2024-01-24 13:56:49,740 [WARN] DbFile:41 - Overriding database path with different value: /home/ritik/.stmcufinder/plugins/mcufinder/ => /home/ritik/.stmcufinder/plugins/mcufinder
2024-01-24 13:56:49,740 [INFO] DbMcusAds:125 - Set database path to: /home/ritik/.stmcufinder/plugins/mcufinder//mcu/
2024-01-24 13:56:49,740 [WARN] DbFile:41 - Overriding database path with different value: /home/ritik/.stmcufinder/plugins/mcufinder/ => /home/ritik/.stmcufinder/plugins/mcufinder
2024-01-24 13:56:49,740 [WARN] DbFile:41 - Overriding database path with different value: /home/ritik/.stmcufinder/plugins/mcufinder/ => /home/ritik/.stmcufinder/plugins/mcufinder
2024-01-24 13:56:49,740 [INFO] CrossReferenceDbSqlite:203 - Set database path to: /home/ritik/.stmcufinder/plugins/mcufinder//mcu/cs/
2024-01-24 13:56:49,782 [INFO] MainPanel:264 - HeapMemory: 268435456
2024-01-24 13:56:49,834 [INFO] DbMcusXml:78 - Set database path to: /home/ritik/st/stm32cubeide_1.14.0/plugins/com.st.stm32cube.common.mx_6.10.0.202311202037//db//mcu/
2024-01-24 13:56:49,834 [INFO] ApiDb:274 - Set plugin database path to: /home/ritik/st/stm32cubeide_1.14.0/plugins/com.st.stm32cube.common.mx_6.10.0.202311202037//db//plugins/boardmanager/
2024-01-24 13:56:49,834 [INFO] ApiDb:261 - Set plugin images path to: /home/ritik/st/stm32cubeide_1.14.0/plugins/com.st.stm32cube.common.mx_6.10.0.202311202037//db//plugins/mcufinder/images/
2024-01-24 13:56:49,835 [WARN] DbFile:41 - Overriding database path with different value: /home/ritik/.stmcufinder/plugins/mcufinder/ => /home/ritik/.stmcufinder/plugins/mcufinder
2024-01-24 13:56:49,835 [INFO] ApiDb:250 - Set database path to: /home/ritik/.stmcufinder/plugins/mcufinder//mcu/
2024-01-24 13:56:49,835 [WARN] DbFile:41 - Overriding database path with different value: /home/ritik/.stmcufinder/plugins/mcufinder/ => /home/ritik/.stmcufinder/plugins/mcufinder
2024-01-24 13:56:49,835 [INFO] DbMcusAds:125 - Set database path to: /home/ritik/.stmcufinder/plugins/mcufinder//mcu/
2024-01-24 13:56:49,835 [WARN] DbFile:41 - Overriding database path with different value: /home/ritik/.stmcufinder/plugins/mcufinder/ => /home/ritik/.stmcufinder/plugins/mcufinder
2024-01-24 13:56:49,835 [WARN] DbFile:41 - Overriding database path with different value: /home/ritik/.stmcufinder/plugins/mcufinder/ => /home/ritik/.stmcufinder/plugins/mcufinder
2024-01-24 13:56:49,835 [INFO] CrossReferenceDbSqlite:203 - Set database path to: /home/ritik/.stmcufinder/plugins/mcufinder//mcu/cs/
2024-01-24 13:56:49,849 [INFO] ApplicationProperties:184 - Using Application install path: /home/ritik/st/stm32cubeide_1.14.0/plugins/com.st.stm32cube.common.mx_6.10.0.202311202037
2024-01-24 13:56:49,850 [INFO] PluginManage:196 - Search for loadable plugins [exclusion list=, ]
2024-01-24 13:56:49,850 [INFO] PluginManage:310 - Check plugin analytics
2024-01-24 13:56:49,966 [INFO] AnalyticsPlugin:253 - Accepted Software Licenses: 
2024-01-24 13:56:49,967 [INFO] AnalyticsPlugin:255 - Accepted CMSIS Pack Licenses: 
2024-01-24 13:56:49,967 [INFO] AnalyticsPlugin:257 - Accepted Firmware Licenses: 
2024-01-24 13:56:49,968 [INFO] PluginManage:359 - Loaded plugin analytics (category:tool,tabindex:-1)
2024-01-24 13:56:49,969 [INFO] PluginManage:310 - Check plugin cadmodel
2024-01-24 13:56:49,987 [INFO] CADModel:105 - Init CAD model plugin
2024-01-24 13:56:49,987 [INFO] PluginManage:359 - Loaded plugin cadmodel (category:power,tabindex:5)
2024-01-24 13:56:49,987 [INFO] PluginManage:310 - Check plugin clock
2024-01-24 13:56:49,995 [INFO] PluginManage:359 - Loaded plugin clock (category:base,tabindex:2)
2024-01-24 13:56:49,995 [INFO] PluginManage:310 - Check plugin ddr
2024-01-24 13:56:49,997 [INFO] PluginManage:359 - Loaded plugin ddr (category:tool,tabindex:6)
2024-01-24 13:56:49,997 [INFO] PluginManage:310 - Check plugin filemanager
2024-01-24 13:56:50,090 [INFO] PluginManage:359 - Loaded plugin filemanager (category:base,tabindex:10)
2024-01-24 13:56:50,090 [INFO] PluginManage:310 - Check plugin ipmanager
2024-01-24 13:56:50,094 [INFO] PluginManage:359 - Loaded plugin ipmanager (category:base,tabindex:5)
2024-01-24 13:56:50,094 [INFO] PluginManage:310 - Check plugin lpbam
2024-01-24 13:56:50,100 [INFO] PluginManage:359 - Loaded plugin lpbam (category:base,tabindex:0)
2024-01-24 13:56:50,100 [INFO] PluginManage:310 - Check plugin memorymap
2024-01-24 13:56:50,107 [INFO] PluginManage:359 - Loaded plugin memorymap (category:base,tabindex:4)
2024-01-24 13:56:50,107 [INFO] PluginManage:310 - Check plugin pinoutandconfiguration
2024-01-24 13:56:50,111 [INFO] PluginManage:359 - Loaded plugin pinoutandconfiguration (category:base,tabindex:1)
2024-01-24 13:56:50,111 [INFO] PluginManage:310 - Check plugin pinoutconfig
2024-01-24 13:56:50,170 [WARN] SupportedApi:132 - Cannot load RTOS API schema: s4s-elt-must-match.1: The content of 'definitions' must match (annotation?, (simpleType | complexType)?, (unique | key | keyref)*)). A problem was found starting at: attribute.
2024-01-24 13:56:50,250 [INFO] PluginManage:359 - Loaded plugin pinoutconfig (category:base,tabindex:0)
2024-01-24 13:56:50,250 [INFO] PluginManage:310 - Check plugin power
2024-01-24 13:56:50,256 [INFO] PluginManage:359 - Loaded plugin power (category:power,tabindex:4)
2024-01-24 13:56:50,256 [INFO] PluginManage:310 - Check plugin projectmanager
2024-01-24 13:56:50,265 [INFO] PluginManage:359 - Loaded plugin projectmanager (category:projectmanager,tabindex:3)
2024-01-24 13:56:50,265 [INFO] PluginManage:310 - Check plugin thirdparty
2024-01-24 13:56:50,326 [INFO] PluginManage:359 - Loaded plugin thirdparty (category:base,tabindex:-1)
2024-01-24 13:56:50,326 [INFO] PluginManage:310 - Check plugin tools
2024-01-24 13:56:50,326 [WARN] IntegrityCheckThread:84 - waiting for thirdparty lock release [integrity check]
2024-01-24 13:56:50,326 [INFO] IntegrityCheckThread:86 - entering critical section [integrity check]
2024-01-24 13:56:50,326 [INFO] ThirdPartyUpdaterWithRetryManager:70 - Updater plugin not ready yet. [1/15]
2024-01-24 13:56:50,327 [INFO] PluginManage:359 - Loaded plugin tools (category:base,tabindex:7)
2024-01-24 13:56:50,327 [INFO] PluginManage:310 - Check plugin tutovideos
2024-01-24 13:56:50,418 [INFO] PluginManage:359 - Loaded plugin tutovideos (category:base,tabindex:-1)
2024-01-24 13:56:50,418 [INFO] PluginManage:310 - Check plugin updater
2024-01-24 13:56:50,425 [INFO] PluginManage:359 - Loaded plugin updater (category:base,tabindex:12)
2024-01-24 13:56:50,425 [INFO] PluginManage:310 - Check plugin userauth
2024-01-24 13:56:50,428 [INFO] UserAuth:114 - Init User Auth plugin
2024-01-24 13:56:50,428 [INFO] PluginManage:359 - Loaded plugin userauth (category:base,tabindex:14)
2024-01-24 13:56:50,428 [INFO] PluginManage:283 - PluginManage : Loaded plugins [17]
2024-01-24 13:56:50,532 [INFO] PinOutPanel:1499 - setPackage(No Configuration,No Configuration)
2024-01-24 13:56:50,568 [INFO] CADModel:165 - CPN selected for project level
2024-01-24 13:56:50,568 [INFO] CADModel:114 - Register for checkConnection events
2024-01-24 13:56:50,573 [INFO] IPUIPlugin:80 - create IPUIPlugin
2024-01-24 13:56:50,573 [INFO] PluginManager:220 - loadIPPluginJar : add dfsdm
2024-01-24 13:56:50,575 [INFO] IPUIPlugin:80 - create IPUIPlugin
2024-01-24 13:56:50,575 [INFO] PluginManager:220 - loadIPPluginJar : add openamp
2024-01-24 13:56:50,577 [INFO] IPUIPlugin:80 - create IPUIPlugin
2024-01-24 13:56:50,577 [INFO] PluginManager:220 - loadIPPluginJar : add sai
2024-01-24 13:56:50,578 [INFO] IPUIPlugin:80 - create IPUIPlugin
2024-01-24 13:56:50,578 [INFO] PluginManager:220 - loadIPPluginJar : add genericplugin
2024-01-24 13:56:50,579 [INFO] IPUIPlugin:80 - create IPUIPlugin
2024-01-24 13:56:50,579 [INFO] PluginManager:220 - loadIPPluginJar : add i2c
2024-01-24 13:56:50,580 [INFO] IPUIPlugin:80 - create IPUIPlugin
2024-01-24 13:56:50,580 [INFO] PluginManager:220 - loadIPPluginJar : add comp
2024-01-24 13:56:50,582 [INFO] IPUIPlugin:80 - create IPUIPlugin
2024-01-24 13:56:50,582 [INFO] PluginManager:220 - loadIPPluginJar : add gpio
2024-01-24 13:56:50,585 [INFO] IPUIPlugin:80 - create IPUIPlugin
2024-01-24 13:56:50,587 [INFO] PluginManager:220 - loadIPPluginJar : add plateformsettings
2024-01-24 13:56:50,587 [INFO] IPUIPlugin:80 - create IPUIPlugin
2024-01-24 13:56:50,587 [INFO] PluginManager:220 - loadIPPluginJar : add quadspi
2024-01-24 13:56:50,588 [INFO] IPUIPlugin:80 - create IPUIPlugin
2024-01-24 13:56:50,588 [INFO] PluginManager:220 - loadIPPluginJar : add i2s
2024-01-24 13:56:50,589 [INFO] IPUIPlugin:80 - create IPUIPlugin
2024-01-24 13:56:50,590 [INFO] PluginManager:220 - loadIPPluginJar : add usbx
2024-01-24 13:56:50,590 [INFO] IPUIPlugin:80 - create IPUIPlugin
2024-01-24 13:56:50,590 [INFO] PluginManager:220 - loadIPPluginJar : add tim
2024-01-24 13:56:50,591 [INFO] IPUIPlugin:80 - create IPUIPlugin
2024-01-24 13:56:50,591 [INFO] PluginManager:220 - loadIPPluginJar : add hash
2024-01-24 13:56:50,593 [INFO] IPUIPlugin:80 - create IPUIPlugin
2024-01-24 13:56:50,593 [INFO] PluginManager:220 - loadIPPluginJar : add pdm2pcm
2024-01-24 13:56:50,593 [INFO] IPUIPlugin:80 - create IPUIPlugin
2024-01-24 13:56:50,594 [INFO] PluginManager:220 - loadIPPluginJar : add ts
2024-01-24 13:56:50,594 [INFO] IPUIPlugin:80 - create IPUIPlugin
2024-01-24 13:56:50,594 [INFO] PluginManager:220 - loadIPPluginJar : add tsc
2024-01-24 13:56:50,595 [INFO] IPUIPlugin:80 - create IPUIPlugin
2024-01-24 13:56:50,595 [INFO] PluginManager:220 - loadIPPluginJar : add aes
2024-01-24 13:56:50,598 [INFO] IPUIPlugin:80 - create IPUIPlugin
2024-01-24 13:56:50,598 [INFO] PluginManager:220 - loadIPPluginJar : add resmgrutility
2024-01-24 13:56:50,601 [INFO] IPUIPlugin:80 - create IPUIPlugin
2024-01-24 13:56:50,601 [INFO] PluginManager:220 - loadIPPluginJar : add stm32_wpan
2024-01-24 13:56:50,601 [INFO] IPUIPlugin:80 - create IPUIPlugin
2024-01-24 13:56:50,602 [INFO] PluginManager:220 - loadIPPluginJar : add tracer_emb
2024-01-24 13:56:50,603 [INFO] IPUIPlugin:80 - create IPUIPlugin
2024-01-24 13:56:50,603 [INFO] PluginManager:220 - loadIPPluginJar : add nvic
2024-01-24 13:56:50,604 [INFO] IPUIPlugin:80 - create IPUIPlugin
2024-01-24 13:56:50,604 [INFO] PluginManager:220 - loadIPPluginJar : add ltdc
2024-01-24 13:56:50,605 [INFO] IPUIPlugin:80 - create IPUIPlugin
2024-01-24 13:56:50,605 [INFO] PluginManager:220 - loadIPPluginJar : add fatfs
2024-01-24 13:56:50,606 [INFO] IPUIPlugin:80 - create IPUIPlugin
2024-01-24 13:56:50,606 [INFO] PluginManager:220 - loadIPPluginJar : add touchsensing
2024-01-24 13:56:50,610 [INFO] IPUIPlugin:80 - create IPUIPlugin
2024-01-24 13:56:50,610 [INFO] PluginManager:220 - loadIPPluginJar : add freertos
2024-01-24 13:56:50,613 [INFO] IPUIPlugin:80 - create IPUIPlugin
2024-01-24 13:56:50,613 [INFO] PluginManager:220 - loadIPPluginJar : add adc
2024-01-24 13:56:50,614 [INFO] IPUIPlugin:80 - create IPUIPlugin
2024-01-24 13:56:50,614 [INFO] PluginManager:220 - loadIPPluginJar : add usart
2024-01-24 13:56:50,615 [INFO] IPUIPlugin:80 - create IPUIPlugin
2024-01-24 13:56:50,615 [INFO] PluginManager:220 - loadIPPluginJar : add lorawan
2024-01-24 13:56:50,617 [INFO] IPUIPlugin:80 - create IPUIPlugin
2024-01-24 13:56:50,617 [INFO] PluginManager:220 - loadIPPluginJar : add fmc
2024-01-24 13:56:50,618 [INFO] IPUIPlugin:80 - create IPUIPlugin
2024-01-24 13:56:50,619 [INFO] PluginManager:220 - loadIPPluginJar : add opamp
2024-01-24 13:56:50,620 [INFO] IPUIPlugin:80 - create IPUIPlugin
2024-01-24 13:56:50,620 [INFO] PluginManager:220 - loadIPPluginJar : add can
2024-01-24 13:56:50,621 [INFO] IPUIPlugin:80 - create IPUIPlugin
2024-01-24 13:56:50,621 [INFO] PluginManager:220 - loadIPPluginJar : add dma3
2024-01-24 13:56:50,622 [INFO] IPUIPlugin:80 - create IPUIPlugin
2024-01-24 13:56:50,622 [INFO] PluginManager:220 - loadIPPluginJar : add i3c
2024-01-24 13:56:50,623 [INFO] IPUIPlugin:80 - create IPUIPlugin
2024-01-24 13:56:50,623 [INFO] PluginManager:220 - loadIPPluginJar : add ucpd
2024-01-24 13:56:50,624 [INFO] IPUIPlugin:80 - create IPUIPlugin
2024-01-24 13:56:50,624 [INFO] PluginManager:220 - loadIPPluginJar : add cryp
2024-01-24 13:56:50,625 [INFO] IPUIPlugin:80 - create IPUIPlugin
2024-01-24 13:56:50,625 [INFO] PluginManager:220 - loadIPPluginJar : add spi
2024-01-24 13:56:50,626 [INFO] IPUIPlugin:80 - create IPUIPlugin
2024-01-24 13:56:50,627 [INFO] PluginManager:220 - loadIPPluginJar : add gfxmmu
2024-01-24 13:56:50,630 [INFO] IPUIPlugin:80 - create IPUIPlugin
2024-01-24 13:56:50,631 [INFO] PluginManager:220 - loadIPPluginJar : add mdma
2024-01-24 13:56:50,634 [INFO] IPUIPlugin:80 - create IPUIPlugin
2024-01-24 13:56:50,634 [INFO] PluginManager:220 - loadIPPluginJar : add dma
2024-01-24 13:56:50,635 [INFO] IPUIPlugin:80 - create IPUIPlugin
2024-01-24 13:56:50,636 [INFO] PluginManager:220 - loadIPPluginJar : add gtzc
2024-01-24 13:56:50,637 [INFO] IPUIPlugin:80 - create IPUIPlugin
2024-01-24 13:56:50,637 [INFO] PluginManager:220 - loadIPPluginJar : add ipddr
2024-01-24 13:56:50,640 [INFO] IPUIPlugin:80 - create IPUIPlugin
2024-01-24 13:56:50,640 [INFO] PluginManager:220 - loadIPPluginJar : add gic
2024-01-24 13:56:50,643 [INFO] IPUIPlugin:80 - create IPUIPlugin
2024-01-24 13:56:50,644 [INFO] PluginManager:220 - loadIPPluginJar : add linkedlist
2024-01-24 13:56:50,735 [INFO] CADModel:165 - CPN selected for project level
2024-01-24 13:56:50,735 [INFO] CADModel:114 - Register for checkConnection events
2024-01-24 13:56:50,736 [FATAL] Updater:308 - Updater called before beeing initialized
2024-01-24 13:56:50,736 [ERROR] CADModel:125 - Updater not yet initialized, retry later 
2024-01-24 13:56:50,818 [INFO] CADModel:165 - CPN selected for project level
2024-01-24 13:56:50,818 [INFO] CADModel:114 - Register for checkConnection events
2024-01-24 13:56:50,818 [FATAL] Updater:308 - Updater called before beeing initialized
2024-01-24 13:56:50,818 [ERROR] CADModel:125 - Updater not yet initialized, retry later 
2024-01-24 13:56:50,821 [FATAL] Updater:308 - Updater called before beeing initialized
2024-01-24 13:56:50,865 [FATAL] Updater:308 - Updater called before beeing initialized
2024-01-24 13:56:50,868 [INFO] DbMcusAds:53 - JSON generation date=Wed Nov 29 16:22:27 IST 2023 (1701255147200)
2024-01-24 13:56:50,868 [FATAL] Updater:308 - Updater called before beeing initialized
2024-01-24 13:56:50,891 [WARN] DetailPanel:346 - Failed to get advertising image, set to default
2024-01-24 13:56:50,958 [FATAL] Updater:308 - Updater called before beeing initialized
2024-01-24 13:56:50,959 [FATAL] Updater:308 - Updater called before beeing initialized
2024-01-24 13:56:50,959 [FATAL] Updater:308 - Updater called before beeing initialized
2024-01-24 13:56:50,959 [WARN] DetailPanel:346 - Failed to get advertising image, set to default
2024-01-24 13:56:50,960 [FATAL] Updater:308 - Updater called before beeing initialized
2024-01-24 13:56:50,978 [ERROR] Updater:1120 - MainUpdater not yet initialized. External WinMGr cannot be set.
2024-01-24 13:56:50,980 [INFO] Updater:1056 - Updater Version found : 6.10.0
2024-01-24 13:56:50,990 [INFO] ApplicationProperties:184 - Using Application install path: /home/ritik/st/stm32cubeide_1.14.0/plugins/com.st.stm32cube.common.mx_6.10.0.202311202037
2024-01-24 13:56:52,041 [INFO] MainUpdater:2873 - connection check result : 10
2024-01-24 13:56:52,041 [INFO] MainUpdater:290 - Updater Check For Update Now.
2024-01-24 13:56:52,041 [INFO] MicroXplorer:498 - Change Database Version : DB.6.0.100
2024-01-24 13:56:52,050 [INFO] McuFinderGlobals:63 - Set McuFinder mode to 2 (CubeIDE integrated)
2024-01-24 13:56:52,050 [INFO] UserAuth:180 - activating auth plugin
2024-01-24 13:56:52,053 [INFO] UserAuth:404 - Internet connection configuration mode: 1
2024-01-24 13:56:52,063 [INFO] JxBrowserEngine:152 - Initiate JxBrowser Engine with user profile folder
2024-01-24 13:56:52,207 [INFO] CheckServerUpdateThread:120 - End of CheckServer Thread
2024-01-24 13:56:52,724 [INFO] WebApp:161 - Instantiating new browser for Auth
2024-01-24 13:56:53,117 [INFO] WebApp:780 - Register for checkConnection events
2024-01-24 13:56:53,118 [INFO] WebApp:414 - Apply proxy settings
2024-01-24 13:56:53,118 [INFO] WebApp:499 - Chromium requires no authentication
2024-01-24 13:56:53,121 [INFO] WebApp:442 - Direct internet connection detected
2024-01-24 13:56:53,193 [INFO] WebApp:192 - Starting web application
2024-01-24 13:56:53,193 [INFO] WebApp:544 - Web application path used /home/ritik/st/stm32cubeide_1.14.0/plugins/com.st.stm32cube.common.mx_6.10.0.202311202037/db/plugins/mcufinder/reactClient1/index.html
2024-01-24 13:56:53,389 [WARN] PackLoader:240 - Cannot read IP mode file for STMicroelectronics.X-CUBE-SMBUS.2.1.0
2024-01-24 13:56:53,393 [WARN] PackLoader:240 - Cannot read IP mode file for STMicroelectronics.X-CUBE-TOUCHGFX.4.23.0
2024-01-24 13:56:53,410 [WARN] PackLoader:240 - Cannot read IP mode file for STMicroelectronics.X-CUBE-AZRTOS-F7.1.1.0
2024-01-24 13:56:53,418 [WARN] PackLoader:240 - Cannot read IP mode file for STMicroelectronics.FP-SNS-MOTENV1.4.3.2
2024-01-24 13:56:53,423 [WARN] PackLoader:240 - Cannot read IP mode file for STMicroelectronics.FP-SNS-FLIGHT1.5.0.2
2024-01-24 13:56:53,428 [WARN] PackLoader:240 - Cannot read IP mode file for STMicroelectronics.X-CUBE-DISPLAY.3.0.0
2024-01-24 13:56:53,435 [WARN] PackLoader:240 - Cannot read IP mode file for STMicroelectronics.X-CUBE-BLE1.7.0.0
2024-01-24 13:56:53,438 [WARN] PackLoader:240 - Cannot read IP mode file for emotas.I-CUBE-CANOPEN.1.3.0
2024-01-24 13:56:53,440 [WARN] PackLoader:240 - Cannot read IP mode file for STMicroelectronics.FP-SNS-SMARTAG2.1.2.0
2024-01-24 13:56:53,446 [INFO] LogOutputStream:77 - [STDOUT_REDIRECT] 1 : Invalid condition id : UX_CORESTACK_Condition cause : null
2024-01-24 13:56:53,447 [INFO] LogOutputStream:77 - [STDOUT_REDIRECT] 1 : Invalid condition id : UX_CORESTACK_Condition cause : null
2024-01-24 13:56:53,447 [INFO] LogOutputStream:77 - [STDOUT_REDIRECT] 1 : Invalid condition id : UX_CORESTACK_Condition cause : null
2024-01-24 13:56:53,447 [INFO] LogOutputStream:77 - [STDOUT_REDIRECT] 1 : Invalid condition id : UX_CORESTACK_Condition cause : null
2024-01-24 13:56:53,447 [INFO] LogOutputStream:77 - [STDOUT_REDIRECT] 1 : Invalid condition id : UX_CORESTACK_Condition cause : null
2024-01-24 13:56:53,450 [WARN] PackLoader:240 - Cannot read IP mode file for STMicroelectronics.X-CUBE-AZRTOS-WL.2.0.0
2024-01-24 13:56:53,453 [WARN] PackLoader:240 - Cannot read IP mode file for STMicroelectronics.X-CUBE-BLE2.3.3.0
2024-01-24 13:56:53,457 [WARN] PackLoader:240 - Cannot read IP mode file for STMicroelectronics.X-CUBE-ALGOBUILD.1.3.0
2024-01-24 13:56:53,467 [WARN] PackLoader:240 - Cannot read IP mode file for STMicroelectronics.X-CUBE-AZRTOS-G0.1.1.0
2024-01-24 13:56:53,472 [WARN] PackLoader:240 - Cannot read IP mode file for STMicroelectronics.X-CUBE-NFC4.3.0.0
2024-01-24 13:56:53,478 [WARN] PackLoader:240 - Cannot read IP mode file for STMicroelectronics.X-CUBE-BLEMGR.3.0.0
2024-01-24 13:56:53,481 [WARN] PackLoader:240 - Cannot read IP mode file for STMicroelectronics.FP-ATR-SIGFOX1.3.2.0
2024-01-24 13:56:53,484 [WARN] PackLoader:240 - Cannot read IP mode file for STMicroelectronics.X-CUBE-GNSS1.6.0.0
2024-01-24 13:56:53,493 [WARN] PackLoader:240 - Cannot read IP mode file for STMicroelectronics.X-CUBE-AZRTOS-F4.1.1.0
2024-01-24 13:56:53,510 [WARN] PackLoader:240 - Cannot read IP mode file for STMicroelectronics.X-CUBE-AZRTOS-L5.2.0.0
2024-01-24 13:56:53,515 [WARN] PackLoader:240 - Cannot read IP mode file for STMicroelectronics.X-CUBE-EEPRMA1.4.2.0
2024-01-24 13:56:53,518 [WARN] PackLoader:240 - Cannot read IP mode file for ITTIA_DB.I-CUBE-ITTIADB.8.8.0
2024-01-24 13:56:53,521 [WARN] PackLoader:240 - Cannot read IP mode file for STMicroelectronics.X-CUBE-NFC7.1.0.1
2024-01-24 13:56:53,525 [WARN] PackLoader:240 - Cannot read IP mode file for STMicroelectronics.X-CUBE-NFC6.3.0.0
2024-01-24 13:56:53,528 [WARN] PackLoader:240 - Cannot read IP mode file for STMicroelectronics.X-CUBE-AI.8.1.0
2024-01-24 13:56:53,537 [WARN] ConditionMgr:438 - getConditionDescription Invalid condition id : LAN8742 Phy interface Condition cause : null
2024-01-24 13:56:53,538 [WARN] PackLoader:240 - Cannot read IP mode file for STMicroelectronics.X-CUBE-AZRTOS-L4.2.0.0
2024-01-24 13:56:53,539 [WARN] ConditionMgr:1039 - genDependencies : Invalid condition id : LAN8742 Phy interface Condition cause : null
2024-01-24 13:56:53,539 [WARN] ConditionMgr:1039 - genDependencies : Invalid condition id : LAN8742 Phy interface Condition cause : null
2024-01-24 13:56:53,539 [WARN] ConditionMgr:1039 - genDependencies : Invalid condition id : LAN8742 Phy interface Condition cause : null
2024-01-24 13:56:53,543 [WARN] PackLoader:240 - Cannot read IP mode file for STMicroelectronics.X-CUBE-SFXS2LP1.4.0.0
2024-01-24 13:56:53,550 [WARN] ConditionMgr:438 - getConditionDescription Invalid condition id : UX DEVICE CLASS RTOS Condition cause : null
2024-01-24 13:56:53,550 [WARN] ConditionMgr:438 - getConditionDescription Invalid condition id : UX DEVICE CLASS RTOS Condition cause : null
2024-01-24 13:56:53,551 [WARN] PackLoader:240 - Cannot read IP mode file for STMicroelectronics.X-CUBE-AZRTOS-WB.2.0.0
2024-01-24 13:56:53,552 [WARN] ConditionMgr:1039 - genDependencies : Invalid condition id : UX DEVICE CLASS RTOS Condition cause : null
2024-01-24 13:56:53,552 [WARN] ConditionMgr:1039 - genDependencies : Invalid condition id : UX DEVICE CLASS RTOS Condition cause : null
2024-01-24 13:56:53,552 [WARN] ConditionMgr:1039 - genDependencies : Invalid condition id : UX DEVICE CLASS RTOS Condition cause : null
2024-01-24 13:56:53,552 [WARN] ConditionMgr:1039 - genDependencies : Invalid condition id : UX DEVICE CLASS RTOS Condition cause : null
2024-01-24 13:56:53,552 [WARN] ConditionMgr:1039 - genDependencies : Invalid condition id : UX DEVICE CLASS RTOS Condition cause : null
2024-01-24 13:56:53,560 [WARN] PackLoader:240 - Cannot read IP mode file for STMicroelectronics.X-CUBE-SUBG2.5.0.0
2024-01-24 13:56:53,571 [WARN] PackLoader:240 - Cannot read IP mode file for STMicroelectronics.X-CUBE-AZRTOS-G4.2.0.0
2024-01-24 13:56:53,578 [WARN] PackLoader:240 - Cannot read IP mode file for Infineon.AIROC-Wi-Fi-Bluetooth-STM32.1.5.1
2024-01-24 13:56:53,583 [WARN] PackLoader:240 - Cannot read IP mode file for STMicroelectronics.FP-SNS-MOTENVWB1.1.3.1
2024-01-24 13:56:53,585 [WARN] PackLoader:240 - Cannot read IP mode file for STMicroelectronics.X-CUBE-ISPU.2.0.0
2024-01-24 13:56:53,604 [WARN] PackLoader:240 - Cannot read IP mode file for STMicroelectronics.X-CUBE-MEMS1.10.0.0
2024-01-24 13:56:53,683 [WARN] PackLoader:240 - Cannot read IP mode file for STMicroelectronics.X-CUBE-FREERTOS.1.1.0
2024-01-24 13:56:53,686 [WARN] PackLoader:240 - Cannot read IP mode file for STMicroelectronics.X-CUBE-ALS.1.0.1
2024-01-24 13:56:53,688 [WARN] PackLoader:240 - Cannot read IP mode file for STMicroelectronics.FP-ATR-ASTRA1.2.0.0
2024-01-24 13:56:53,694 [WARN] PackLoader:240 - Cannot read IP mode file for STMicroelectronics.X-CUBE-TOF1.3.4.0
2024-01-24 13:56:53,724 [WARN] PackLoader:240 - Cannot read IP mode file for STMicroelectronics.X-CUBE-AZRTOS-H7.3.2.0
2024-01-24 13:56:53,728 [INFO] ThirdParty:978 - Integrity check success = true
2024-01-24 13:56:53,729 [INFO] IntegrityCheckThread:100 - exiting critical section [integrity check]
2024-01-24 13:56:53,729 [INFO] IntegrityCheckThread:103 - End integrity checks thread
2024-01-24 13:57:13,634 [ERROR] LogOutputStream:75 - [STDERR_REDIRECT] SLF4J: Failed to load class "org.slf4j.impl.StaticLoggerBinder".
2024-01-24 13:57:13,635 [ERROR] LogOutputStream:75 - [STDERR_REDIRECT] SLF4J: Defaulting to no-operation (NOP) logger implementation
2024-01-24 13:57:13,635 [ERROR] LogOutputStream:75 - [STDERR_REDIRECT] SLF4J: See http://www.slf4j.org/codes.html#StaticLoggerBinder for further details.
2024-01-24 14:11:06,973 [ERROR] ConfigurationRetriever:142 - IOException on connection: sw-center.st.com
2024-01-24 14:11:06,974 [ERROR] ConfigurationRetriever:142 - IOException on connection: sw-center.st.com
2024-01-24 14:11:06,975 [ERROR] ConfigurationRetriever:142 - IOException on connection: sw-center.st.com
2024-01-24 14:11:10,099 [ERROR] LogOutputStream:75 - [STDERR_REDIRECT] 
2024-01-24 22:55:24,513 [INFO] Activator:176 - 


2024-01-24 22:55:24,515 [INFO] Activator:177 - !SESSION log4j initialized
2024-01-24 22:55:40,500 [INFO] LogOutputStream:77 - [STDOUT_REDIRECT] 
2024-01-24 22:55:42,063 [INFO] ApplicationProperties:184 - Using Application install path: /home/ritik/st/stm32cubeide_1.14.0/plugins/com.st.stm32cube.common.mx_6.10.0.202311202037
2024-01-24 22:55:42,073 [INFO] DbMcusXml:78 - Set database path to: /home/ritik/st/stm32cubeide_1.14.0/plugins/com.st.stm32cube.common.mx_6.10.0.202311202037//db//mcu/
2024-01-24 22:55:42,073 [INFO] ApiDb:274 - Set plugin database path to: /home/ritik/st/stm32cubeide_1.14.0/plugins/com.st.stm32cube.common.mx_6.10.0.202311202037//db//plugins/boardmanager/
2024-01-24 22:55:42,073 [WARN] ApiDb:259 - Overriding images path with different value:  => /home/ritik/st/stm32cubeide_1.14.0/plugins/com.st.stm32cube.common.mx_6.10.0.202311202037//db//plugins/mcufinder/images/
2024-01-24 22:55:42,077 [INFO] ApiDb:250 - Set database path to: /home/ritik/.stmcufinder/plugins/mcufinder//mcu/
2024-01-24 22:55:42,078 [INFO] DbMcusAds:125 - Set database path to: /home/ritik/.stmcufinder/plugins/mcufinder//mcu/
2024-01-24 22:55:42,079 [INFO] CrossReferenceDbSqlite:203 - Set database path to: /home/ritik/.stmcufinder/plugins/mcufinder//mcu/cs/
2024-01-24 22:55:42,152 [INFO] RulesReader:64 - Compatibility file has been processed (297 Rules)
2024-01-24 22:55:42,191 [INFO] DbMcusXml:78 - Set database path to: /home/ritik/st/stm32cubeide_1.14.0/plugins/com.st.stm32cube.common.mx_6.10.0.202311202037//db//mcu/
2024-01-24 22:55:42,191 [INFO] ApiDb:274 - Set plugin database path to: /home/ritik/st/stm32cubeide_1.14.0/plugins/com.st.stm32cube.common.mx_6.10.0.202311202037//db//plugins/boardmanager/
2024-01-24 22:55:42,191 [INFO] ApiDb:261 - Set plugin images path to: /home/ritik/st/stm32cubeide_1.14.0/plugins/com.st.stm32cube.common.mx_6.10.0.202311202037//db//plugins/mcufinder/images/
2024-01-24 22:55:42,191 [WARN] DbFile:41 - Overriding database path with different value: /home/ritik/.stmcufinder/plugins/mcufinder/ => /home/ritik/.stmcufinder/plugins/mcufinder
2024-01-24 22:55:42,191 [INFO] ApiDb:250 - Set database path to: /home/ritik/.stmcufinder/plugins/mcufinder//mcu/
2024-01-24 22:55:42,191 [WARN] DbFile:41 - Overriding database path with different value: /home/ritik/.stmcufinder/plugins/mcufinder/ => /home/ritik/.stmcufinder/plugins/mcufinder
2024-01-24 22:55:42,191 [INFO] DbMcusAds:125 - Set database path to: /home/ritik/.stmcufinder/plugins/mcufinder//mcu/
2024-01-24 22:55:42,191 [WARN] DbFile:41 - Overriding database path with different value: /home/ritik/.stmcufinder/plugins/mcufinder/ => /home/ritik/.stmcufinder/plugins/mcufinder
2024-01-24 22:55:42,191 [WARN] DbFile:41 - Overriding database path with different value: /home/ritik/.stmcufinder/plugins/mcufinder/ => /home/ritik/.stmcufinder/plugins/mcufinder
2024-01-24 22:55:42,191 [INFO] CrossReferenceDbSqlite:203 - Set database path to: /home/ritik/.stmcufinder/plugins/mcufinder//mcu/cs/
2024-01-24 22:55:42,246 [INFO] MainPanel:264 - HeapMemory: 268435456
2024-01-24 22:55:42,299 [INFO] DbMcusXml:78 - Set database path to: /home/ritik/st/stm32cubeide_1.14.0/plugins/com.st.stm32cube.common.mx_6.10.0.202311202037//db//mcu/
2024-01-24 22:55:42,299 [INFO] ApiDb:274 - Set plugin database path to: /home/ritik/st/stm32cubeide_1.14.0/plugins/com.st.stm32cube.common.mx_6.10.0.202311202037//db//plugins/boardmanager/
2024-01-24 22:55:42,299 [INFO] ApiDb:261 - Set plugin images path to: /home/ritik/st/stm32cubeide_1.14.0/plugins/com.st.stm32cube.common.mx_6.10.0.202311202037//db//plugins/mcufinder/images/
2024-01-24 22:55:42,300 [WARN] DbFile:41 - Overriding database path with different value: /home/ritik/.stmcufinder/plugins/mcufinder/ => /home/ritik/.stmcufinder/plugins/mcufinder
2024-01-24 22:55:42,300 [INFO] ApiDb:250 - Set database path to: /home/ritik/.stmcufinder/plugins/mcufinder//mcu/
2024-01-24 22:55:42,300 [WARN] DbFile:41 - Overriding database path with different value: /home/ritik/.stmcufinder/plugins/mcufinder/ => /home/ritik/.stmcufinder/plugins/mcufinder
2024-01-24 22:55:42,300 [INFO] DbMcusAds:125 - Set database path to: /home/ritik/.stmcufinder/plugins/mcufinder//mcu/
2024-01-24 22:55:42,300 [WARN] DbFile:41 - Overriding database path with different value: /home/ritik/.stmcufinder/plugins/mcufinder/ => /home/ritik/.stmcufinder/plugins/mcufinder
2024-01-24 22:55:42,300 [WARN] DbFile:41 - Overriding database path with different value: /home/ritik/.stmcufinder/plugins/mcufinder/ => /home/ritik/.stmcufinder/plugins/mcufinder
2024-01-24 22:55:42,300 [INFO] CrossReferenceDbSqlite:203 - Set database path to: /home/ritik/.stmcufinder/plugins/mcufinder//mcu/cs/
2024-01-24 22:55:42,310 [INFO] ApplicationProperties:184 - Using Application install path: /home/ritik/st/stm32cubeide_1.14.0/plugins/com.st.stm32cube.common.mx_6.10.0.202311202037
2024-01-24 22:55:42,311 [INFO] PluginManage:196 - Search for loadable plugins [exclusion list=, ]
2024-01-24 22:55:42,312 [INFO] PluginManage:310 - Check plugin analytics
2024-01-24 22:55:42,412 [INFO] AnalyticsPlugin:253 - Accepted Software Licenses: 
2024-01-24 22:55:42,412 [INFO] AnalyticsPlugin:255 - Accepted CMSIS Pack Licenses: 
2024-01-24 22:55:42,412 [INFO] AnalyticsPlugin:257 - Accepted Firmware Licenses: 
2024-01-24 22:55:42,414 [INFO] PluginManage:359 - Loaded plugin analytics (category:tool,tabindex:-1)
2024-01-24 22:55:42,414 [INFO] PluginManage:310 - Check plugin cadmodel
2024-01-24 22:55:42,431 [INFO] CADModel:105 - Init CAD model plugin
2024-01-24 22:55:42,431 [INFO] PluginManage:359 - Loaded plugin cadmodel (category:power,tabindex:5)
2024-01-24 22:55:42,431 [INFO] PluginManage:310 - Check plugin clock
2024-01-24 22:55:42,438 [INFO] PluginManage:359 - Loaded plugin clock (category:base,tabindex:2)
2024-01-24 22:55:42,438 [INFO] PluginManage:310 - Check plugin ddr
2024-01-24 22:55:42,439 [INFO] PluginManage:359 - Loaded plugin ddr (category:tool,tabindex:6)
2024-01-24 22:55:42,439 [INFO] PluginManage:310 - Check plugin filemanager
2024-01-24 22:55:42,531 [INFO] PluginManage:359 - Loaded plugin filemanager (category:base,tabindex:10)
2024-01-24 22:55:42,531 [INFO] PluginManage:310 - Check plugin ipmanager
2024-01-24 22:55:42,535 [INFO] PluginManage:359 - Loaded plugin ipmanager (category:base,tabindex:5)
2024-01-24 22:55:42,535 [INFO] PluginManage:310 - Check plugin lpbam
2024-01-24 22:55:42,542 [INFO] PluginManage:359 - Loaded plugin lpbam (category:base,tabindex:0)
2024-01-24 22:55:42,542 [INFO] PluginManage:310 - Check plugin memorymap
2024-01-24 22:55:42,550 [INFO] PluginManage:359 - Loaded plugin memorymap (category:base,tabindex:4)
2024-01-24 22:55:42,550 [INFO] PluginManage:310 - Check plugin pinoutandconfiguration
2024-01-24 22:55:42,556 [INFO] PluginManage:359 - Loaded plugin pinoutandconfiguration (category:base,tabindex:1)
2024-01-24 22:55:42,556 [INFO] PluginManage:310 - Check plugin pinoutconfig
2024-01-24 22:55:42,607 [WARN] SupportedApi:132 - Cannot load RTOS API schema: s4s-elt-must-match.1: The content of 'definitions' must match (annotation?, (simpleType | complexType)?, (unique | key | keyref)*)). A problem was found starting at: attribute.
2024-01-24 22:55:42,686 [INFO] PluginManage:359 - Loaded plugin pinoutconfig (category:base,tabindex:0)
2024-01-24 22:55:42,686 [INFO] PluginManage:310 - Check plugin power
2024-01-24 22:55:42,693 [INFO] PluginManage:359 - Loaded plugin power (category:power,tabindex:4)
2024-01-24 22:55:42,693 [INFO] PluginManage:310 - Check plugin projectmanager
2024-01-24 22:55:42,704 [INFO] PluginManage:359 - Loaded plugin projectmanager (category:projectmanager,tabindex:3)
2024-01-24 22:55:42,704 [INFO] PluginManage:310 - Check plugin thirdparty
2024-01-24 22:55:42,773 [INFO] PluginManage:359 - Loaded plugin thirdparty (category:base,tabindex:-1)
2024-01-24 22:55:42,773 [WARN] IntegrityCheckThread:84 - waiting for thirdparty lock release [integrity check]
2024-01-24 22:55:42,773 [INFO] PluginManage:310 - Check plugin tools
2024-01-24 22:55:42,773 [INFO] IntegrityCheckThread:86 - entering critical section [integrity check]
2024-01-24 22:55:42,773 [INFO] ThirdPartyUpdaterWithRetryManager:70 - Updater plugin not ready yet. [1/15]
2024-01-24 22:55:42,775 [INFO] PluginManage:359 - Loaded plugin tools (category:base,tabindex:7)
2024-01-24 22:55:42,775 [INFO] PluginManage:310 - Check plugin tutovideos
2024-01-24 22:55:42,873 [INFO] PluginManage:359 - Loaded plugin tutovideos (category:base,tabindex:-1)
2024-01-24 22:55:42,874 [INFO] PluginManage:310 - Check plugin updater
2024-01-24 22:55:42,881 [INFO] PluginManage:359 - Loaded plugin updater (category:base,tabindex:12)
2024-01-24 22:55:42,881 [INFO] PluginManage:310 - Check plugin userauth
2024-01-24 22:55:42,884 [INFO] UserAuth:114 - Init User Auth plugin
2024-01-24 22:55:42,884 [INFO] PluginManage:359 - Loaded plugin userauth (category:base,tabindex:14)
2024-01-24 22:55:42,885 [INFO] PluginManage:283 - PluginManage : Loaded plugins [17]
2024-01-24 22:55:42,992 [INFO] PinOutPanel:1499 - setPackage(No Configuration,No Configuration)
2024-01-24 22:55:43,031 [INFO] CADModel:165 - CPN selected for project level
2024-01-24 22:55:43,032 [INFO] CADModel:114 - Register for checkConnection events
2024-01-24 22:55:43,037 [INFO] IPUIPlugin:80 - create IPUIPlugin
2024-01-24 22:55:43,037 [INFO] PluginManager:220 - loadIPPluginJar : add dfsdm
2024-01-24 22:55:43,039 [INFO] IPUIPlugin:80 - create IPUIPlugin
2024-01-24 22:55:43,039 [INFO] PluginManager:220 - loadIPPluginJar : add openamp
2024-01-24 22:55:43,041 [INFO] IPUIPlugin:80 - create IPUIPlugin
2024-01-24 22:55:43,041 [INFO] PluginManager:220 - loadIPPluginJar : add sai
2024-01-24 22:55:43,042 [INFO] IPUIPlugin:80 - create IPUIPlugin
2024-01-24 22:55:43,042 [INFO] PluginManager:220 - loadIPPluginJar : add genericplugin
2024-01-24 22:55:43,043 [INFO] IPUIPlugin:80 - create IPUIPlugin
2024-01-24 22:55:43,043 [INFO] PluginManager:220 - loadIPPluginJar : add i2c
2024-01-24 22:55:43,044 [INFO] IPUIPlugin:80 - create IPUIPlugin
2024-01-24 22:55:43,044 [INFO] PluginManager:220 - loadIPPluginJar : add comp
2024-01-24 22:55:43,046 [INFO] IPUIPlugin:80 - create IPUIPlugin
2024-01-24 22:55:43,047 [INFO] PluginManager:220 - loadIPPluginJar : add gpio
2024-01-24 22:55:43,050 [INFO] IPUIPlugin:80 - create IPUIPlugin
2024-01-24 22:55:43,051 [INFO] PluginManager:220 - loadIPPluginJar : add plateformsettings
2024-01-24 22:55:43,052 [INFO] IPUIPlugin:80 - create IPUIPlugin
2024-01-24 22:55:43,052 [INFO] PluginManager:220 - loadIPPluginJar : add quadspi
2024-01-24 22:55:43,053 [INFO] IPUIPlugin:80 - create IPUIPlugin
2024-01-24 22:55:43,053 [INFO] PluginManager:220 - loadIPPluginJar : add i2s
2024-01-24 22:55:43,054 [INFO] IPUIPlugin:80 - create IPUIPlugin
2024-01-24 22:55:43,055 [INFO] PluginManager:220 - loadIPPluginJar : add usbx
2024-01-24 22:55:43,055 [INFO] IPUIPlugin:80 - create IPUIPlugin
2024-01-24 22:55:43,055 [INFO] PluginManager:220 - loadIPPluginJar : add tim
2024-01-24 22:55:43,056 [INFO] IPUIPlugin:80 - create IPUIPlugin
2024-01-24 22:55:43,056 [INFO] PluginManager:220 - loadIPPluginJar : add hash
2024-01-24 22:55:43,058 [INFO] IPUIPlugin:80 - create IPUIPlugin
2024-01-24 22:55:43,058 [INFO] PluginManager:220 - loadIPPluginJar : add pdm2pcm
2024-01-24 22:55:43,059 [INFO] IPUIPlugin:80 - create IPUIPlugin
2024-01-24 22:55:43,059 [INFO] PluginManager:220 - loadIPPluginJar : add ts
2024-01-24 22:55:43,059 [INFO] IPUIPlugin:80 - create IPUIPlugin
2024-01-24 22:55:43,059 [INFO] PluginManager:220 - loadIPPluginJar : add tsc
2024-01-24 22:55:43,061 [INFO] IPUIPlugin:80 - create IPUIPlugin
2024-01-24 22:55:43,061 [INFO] PluginManager:220 - loadIPPluginJar : add aes
2024-01-24 22:55:43,063 [INFO] IPUIPlugin:80 - create IPUIPlugin
2024-01-24 22:55:43,063 [INFO] PluginManager:220 - loadIPPluginJar : add resmgrutility
2024-01-24 22:55:43,066 [INFO] IPUIPlugin:80 - create IPUIPlugin
2024-01-24 22:55:43,066 [INFO] PluginManager:220 - loadIPPluginJar : add stm32_wpan
2024-01-24 22:55:43,066 [INFO] IPUIPlugin:80 - create IPUIPlugin
2024-01-24 22:55:43,066 [INFO] PluginManager:220 - loadIPPluginJar : add tracer_emb
2024-01-24 22:55:43,068 [INFO] IPUIPlugin:80 - create IPUIPlugin
2024-01-24 22:55:43,069 [INFO] PluginManager:220 - loadIPPluginJar : add nvic
2024-01-24 22:55:43,069 [INFO] IPUIPlugin:80 - create IPUIPlugin
2024-01-24 22:55:43,069 [INFO] PluginManager:220 - loadIPPluginJar : add ltdc
2024-01-24 22:55:43,070 [INFO] IPUIPlugin:80 - create IPUIPlugin
2024-01-24 22:55:43,070 [INFO] PluginManager:220 - loadIPPluginJar : add fatfs
2024-01-24 22:55:43,071 [INFO] IPUIPlugin:80 - create IPUIPlugin
2024-01-24 22:55:43,071 [INFO] PluginManager:220 - loadIPPluginJar : add touchsensing
2024-01-24 22:55:43,074 [INFO] IPUIPlugin:80 - create IPUIPlugin
2024-01-24 22:55:43,075 [INFO] PluginManager:220 - loadIPPluginJar : add freertos
2024-01-24 22:55:43,078 [INFO] IPUIPlugin:80 - create IPUIPlugin
2024-01-24 22:55:43,078 [INFO] PluginManager:220 - loadIPPluginJar : add adc
2024-01-24 22:55:43,079 [INFO] IPUIPlugin:80 - create IPUIPlugin
2024-01-24 22:55:43,079 [INFO] PluginManager:220 - loadIPPluginJar : add usart
2024-01-24 22:55:43,080 [INFO] IPUIPlugin:80 - create IPUIPlugin
2024-01-24 22:55:43,081 [INFO] PluginManager:220 - loadIPPluginJar : add lorawan
2024-01-24 22:55:43,083 [INFO] IPUIPlugin:80 - create IPUIPlugin
2024-01-24 22:55:43,083 [INFO] PluginManager:220 - loadIPPluginJar : add fmc
2024-01-24 22:55:43,085 [INFO] IPUIPlugin:80 - create IPUIPlugin
2024-01-24 22:55:43,085 [INFO] PluginManager:220 - loadIPPluginJar : add opamp
2024-01-24 22:55:43,086 [INFO] IPUIPlugin:80 - create IPUIPlugin
2024-01-24 22:55:43,087 [INFO] PluginManager:220 - loadIPPluginJar : add can
2024-01-24 22:55:43,088 [INFO] IPUIPlugin:80 - create IPUIPlugin
2024-01-24 22:55:43,088 [INFO] PluginManager:220 - loadIPPluginJar : add dma3
2024-01-24 22:55:43,089 [INFO] IPUIPlugin:80 - create IPUIPlugin
2024-01-24 22:55:43,089 [INFO] PluginManager:220 - loadIPPluginJar : add i3c
2024-01-24 22:55:43,090 [INFO] IPUIPlugin:80 - create IPUIPlugin
2024-01-24 22:55:43,090 [INFO] PluginManager:220 - loadIPPluginJar : add ucpd
2024-01-24 22:55:43,091 [INFO] IPUIPlugin:80 - create IPUIPlugin
2024-01-24 22:55:43,091 [INFO] PluginManager:220 - loadIPPluginJar : add cryp
2024-01-24 22:55:43,092 [INFO] IPUIPlugin:80 - create IPUIPlugin
2024-01-24 22:55:43,092 [INFO] PluginManager:220 - loadIPPluginJar : add spi
2024-01-24 22:55:43,094 [INFO] IPUIPlugin:80 - create IPUIPlugin
2024-01-24 22:55:43,094 [INFO] PluginManager:220 - loadIPPluginJar : add gfxmmu
2024-01-24 22:55:43,098 [INFO] IPUIPlugin:80 - create IPUIPlugin
2024-01-24 22:55:43,098 [INFO] PluginManager:220 - loadIPPluginJar : add mdma
2024-01-24 22:55:43,102 [INFO] IPUIPlugin:80 - create IPUIPlugin
2024-01-24 22:55:43,102 [INFO] PluginManager:220 - loadIPPluginJar : add dma
2024-01-24 22:55:43,104 [INFO] IPUIPlugin:80 - create IPUIPlugin
2024-01-24 22:55:43,104 [INFO] PluginManager:220 - loadIPPluginJar : add gtzc
2024-01-24 22:55:43,106 [INFO] IPUIPlugin:80 - create IPUIPlugin
2024-01-24 22:55:43,106 [INFO] PluginManager:220 - loadIPPluginJar : add ipddr
2024-01-24 22:55:43,110 [INFO] IPUIPlugin:80 - create IPUIPlugin
2024-01-24 22:55:43,110 [INFO] PluginManager:220 - loadIPPluginJar : add gic
2024-01-24 22:55:43,114 [INFO] IPUIPlugin:80 - create IPUIPlugin
2024-01-24 22:55:43,115 [INFO] PluginManager:220 - loadIPPluginJar : add linkedlist
2024-01-24 22:55:43,211 [INFO] CADModel:165 - CPN selected for project level
2024-01-24 22:55:43,211 [INFO] CADModel:114 - Register for checkConnection events
2024-01-24 22:55:43,211 [FATAL] Updater:308 - Updater called before beeing initialized
2024-01-24 22:55:43,211 [ERROR] CADModel:125 - Updater not yet initialized, retry later 
2024-01-24 22:55:43,287 [INFO] CADModel:165 - CPN selected for project level
2024-01-24 22:55:43,287 [INFO] CADModel:114 - Register for checkConnection events
2024-01-24 22:55:43,287 [FATAL] Updater:308 - Updater called before beeing initialized
2024-01-24 22:55:43,287 [ERROR] CADModel:125 - Updater not yet initialized, retry later 
2024-01-24 22:55:43,289 [FATAL] Updater:308 - Updater called before beeing initialized
2024-01-24 22:55:43,336 [FATAL] Updater:308 - Updater called before beeing initialized
2024-01-24 22:55:43,338 [INFO] DbMcusAds:53 - JSON generation date=Wed Nov 29 16:22:27 IST 2023 (1701255147200)
2024-01-24 22:55:43,338 [FATAL] Updater:308 - Updater called before beeing initialized
2024-01-24 22:55:43,363 [WARN] DetailPanel:346 - Failed to get advertising image, set to default
2024-01-24 22:55:43,430 [FATAL] Updater:308 - Updater called before beeing initialized
2024-01-24 22:55:43,431 [FATAL] Updater:308 - Updater called before beeing initialized
2024-01-24 22:55:43,431 [FATAL] Updater:308 - Updater called before beeing initialized
2024-01-24 22:55:43,431 [WARN] DetailPanel:346 - Failed to get advertising image, set to default
2024-01-24 22:55:43,432 [FATAL] Updater:308 - Updater called before beeing initialized
2024-01-24 22:55:43,451 [ERROR] Updater:1120 - MainUpdater not yet initialized. External WinMGr cannot be set.
2024-01-24 22:55:43,452 [INFO] Updater:1056 - Updater Version found : 6.10.0
2024-01-24 22:55:43,463 [INFO] ApplicationProperties:184 - Using Application install path: /home/ritik/st/stm32cubeide_1.14.0/plugins/com.st.stm32cube.common.mx_6.10.0.202311202037
2024-01-24 22:55:45,774 [INFO] ThirdPartyUpdaterWithRetryManager:70 - Updater plugin not ready yet. [2/15]
2024-01-24 22:55:48,775 [FATAL] Updater:308 - Updater called before beeing initialized
2024-01-24 22:55:48,776 [ERROR] IntegrityCheckThread:130 - Cannot retrieve database content from updater: error 21
2024-01-24 22:55:48,776 [INFO] ThirdParty:978 - Integrity check success = false
2024-01-24 22:55:48,776 [INFO] IntegrityCheckThread:100 - exiting critical section [integrity check]
2024-01-24 22:55:48,776 [INFO] IntegrityCheckThread:103 - End integrity checks thread
2024-01-24 22:55:51,978 [INFO] MainUpdater:2873 - connection check result : 10
2024-01-24 22:55:51,978 [INFO] MainUpdater:290 - Updater Check For Update Now.
2024-01-24 22:55:51,978 [INFO] MicroXplorer:498 - Change Database Version : DB.6.0.100
2024-01-24 22:55:51,988 [INFO] McuFinderGlobals:63 - Set McuFinder mode to 2 (CubeIDE integrated)
2024-01-24 22:55:51,988 [INFO] UserAuth:180 - activating auth plugin
2024-01-24 22:55:51,990 [INFO] UserAuth:404 - Internet connection configuration mode: 1
2024-01-24 22:55:51,999 [INFO] JxBrowserEngine:152 - Initiate JxBrowser Engine with user profile folder
2024-01-24 22:55:52,127 [INFO] CheckServerUpdateThread:120 - End of CheckServer Thread
2024-01-24 22:55:52,591 [INFO] WebApp:161 - Instantiating new browser for Auth
2024-01-24 22:55:52,989 [INFO] WebApp:780 - Register for checkConnection events
2024-01-24 22:55:52,989 [INFO] WebApp:414 - Apply proxy settings
2024-01-24 22:55:52,989 [INFO] WebApp:499 - Chromium requires no authentication
2024-01-24 22:55:52,993 [INFO] WebApp:442 - Direct internet connection detected
2024-01-24 22:55:53,066 [INFO] WebApp:192 - Starting web application
2024-01-24 22:55:53,066 [INFO] WebApp:544 - Web application path used /home/ritik/st/stm32cubeide_1.14.0/plugins/com.st.stm32cube.common.mx_6.10.0.202311202037/db/plugins/mcufinder/reactClient1/index.html
2024-01-24 22:56:13,497 [ERROR] LogOutputStream:75 - [STDERR_REDIRECT] SLF4J: Failed to load class "org.slf4j.impl.StaticLoggerBinder".
2024-01-24 22:56:13,497 [ERROR] LogOutputStream:75 - [STDERR_REDIRECT] SLF4J: Defaulting to no-operation (NOP) logger implementation
2024-01-24 22:56:13,497 [ERROR] LogOutputStream:75 - [STDERR_REDIRECT] SLF4J: See http://www.slf4j.org/codes.html#StaticLoggerBinder for further details.
2024-01-24 23:02:22,604 [ERROR] ConfigurationRetriever:142 - IOException on connection: Read timed out
