2024-03-26 10:23:00,869 [INFO] Activator:176 - 


2024-03-26 10:23:00,874 [INFO] Activator:177 - !SESSION log4j initialized
2024-03-26 10:23:04,388 [INFO] LogOutputStream:77 - [STDOUT_REDIRECT] 
2024-03-26 10:23:29,092 [INFO] ApplicationProperties:184 - Using Application install path: /home/ritik/st/stm32cubeide_1.14.0/plugins/com.st.stm32cube.common.mx_6.10.0.202311202037
2024-03-26 10:23:29,110 [INFO] DbMcusXml:78 - Set database path to: /home/ritik/st/stm32cubeide_1.14.0/plugins/com.st.stm32cube.common.mx_6.10.0.202311202037//db//mcu/
2024-03-26 10:23:29,111 [INFO] ApiDb:274 - Set plugin database path to: /home/ritik/st/stm32cubeide_1.14.0/plugins/com.st.stm32cube.common.mx_6.10.0.202311202037//db//plugins/boardmanager/
2024-03-26 10:23:29,111 [WARN] ApiDb:259 - Overriding images path with different value:  => /home/ritik/st/stm32cubeide_1.14.0/plugins/com.st.stm32cube.common.mx_6.10.0.202311202037//db//plugins/mcufinder/images/
2024-03-26 10:23:29,118 [INFO] ApiDb:250 - Set database path to: /home/ritik/.stmcufinder/plugins/mcufinder//mcu/
2024-03-26 10:23:29,119 [INFO] DbMcusAds:125 - Set database path to: /home/ritik/.stmcufinder/plugins/mcufinder//mcu/
2024-03-26 10:23:29,121 [INFO] CrossReferenceDbSqlite:203 - Set database path to: /home/ritik/.stmcufinder/plugins/mcufinder//mcu/cs/
2024-03-26 10:23:29,234 [INFO] RulesReader:64 - Compatibility file has been processed (297 Rules)
2024-03-26 10:23:29,277 [INFO] DbMcusXml:78 - Set database path to: /home/ritik/st/stm32cubeide_1.14.0/plugins/com.st.stm32cube.common.mx_6.10.0.202311202037//db//mcu/
2024-03-26 10:23:29,277 [INFO] ApiDb:274 - Set plugin database path to: /home/ritik/st/stm32cubeide_1.14.0/plugins/com.st.stm32cube.common.mx_6.10.0.202311202037//db//plugins/boardmanager/
2024-03-26 10:23:29,277 [INFO] ApiDb:261 - Set plugin images path to: /home/ritik/st/stm32cubeide_1.14.0/plugins/com.st.stm32cube.common.mx_6.10.0.202311202037//db//plugins/mcufinder/images/
2024-03-26 10:23:29,278 [WARN] DbFile:41 - Overriding database path with different value: /home/ritik/.stmcufinder/plugins/mcufinder/ => /home/ritik/.stmcufinder/plugins/mcufinder
2024-03-26 10:23:29,278 [INFO] ApiDb:250 - Set database path to: /home/ritik/.stmcufinder/plugins/mcufinder//mcu/
2024-03-26 10:23:29,278 [WARN] DbFile:41 - Overriding database path with different value: /home/ritik/.stmcufinder/plugins/mcufinder/ => /home/ritik/.stmcufinder/plugins/mcufinder
2024-03-26 10:23:29,278 [INFO] DbMcusAds:125 - Set database path to: /home/ritik/.stmcufinder/plugins/mcufinder//mcu/
2024-03-26 10:23:29,278 [WARN] DbFile:41 - Overriding database path with different value: /home/ritik/.stmcufinder/plugins/mcufinder/ => /home/ritik/.stmcufinder/plugins/mcufinder
2024-03-26 10:23:29,278 [WARN] DbFile:41 - Overriding database path with different value: /home/ritik/.stmcufinder/plugins/mcufinder/ => /home/ritik/.stmcufinder/plugins/mcufinder
2024-03-26 10:23:29,278 [INFO] CrossReferenceDbSqlite:203 - Set database path to: /home/ritik/.stmcufinder/plugins/mcufinder//mcu/cs/
2024-03-26 10:23:29,331 [INFO] MainPanel:264 - HeapMemory: 268435456
2024-03-26 10:23:29,401 [INFO] DbMcusXml:78 - Set database path to: /home/ritik/st/stm32cubeide_1.14.0/plugins/com.st.stm32cube.common.mx_6.10.0.202311202037//db//mcu/
2024-03-26 10:23:29,401 [INFO] ApiDb:274 - Set plugin database path to: /home/ritik/st/stm32cubeide_1.14.0/plugins/com.st.stm32cube.common.mx_6.10.0.202311202037//db//plugins/boardmanager/
2024-03-26 10:23:29,401 [INFO] ApiDb:261 - Set plugin images path to: /home/ritik/st/stm32cubeide_1.14.0/plugins/com.st.stm32cube.common.mx_6.10.0.202311202037//db//plugins/mcufinder/images/
2024-03-26 10:23:29,401 [WARN] DbFile:41 - Overriding database path with different value: /home/ritik/.stmcufinder/plugins/mcufinder/ => /home/ritik/.stmcufinder/plugins/mcufinder
2024-03-26 10:23:29,401 [INFO] ApiDb:250 - Set database path to: /home/ritik/.stmcufinder/plugins/mcufinder//mcu/
2024-03-26 10:23:29,401 [WARN] DbFile:41 - Overriding database path with different value: /home/ritik/.stmcufinder/plugins/mcufinder/ => /home/ritik/.stmcufinder/plugins/mcufinder
2024-03-26 10:23:29,401 [INFO] DbMcusAds:125 - Set database path to: /home/ritik/.stmcufinder/plugins/mcufinder//mcu/
2024-03-26 10:23:29,401 [WARN] DbFile:41 - Overriding database path with different value: /home/ritik/.stmcufinder/plugins/mcufinder/ => /home/ritik/.stmcufinder/plugins/mcufinder
2024-03-26 10:23:29,401 [WARN] DbFile:41 - Overriding database path with different value: /home/ritik/.stmcufinder/plugins/mcufinder/ => /home/ritik/.stmcufinder/plugins/mcufinder
2024-03-26 10:23:29,402 [INFO] CrossReferenceDbSqlite:203 - Set database path to: /home/ritik/.stmcufinder/plugins/mcufinder//mcu/cs/
2024-03-26 10:23:29,414 [INFO] ApplicationProperties:184 - Using Application install path: /home/ritik/st/stm32cubeide_1.14.0/plugins/com.st.stm32cube.common.mx_6.10.0.202311202037
2024-03-26 10:23:29,415 [INFO] PluginManage:196 - Search for loadable plugins [exclusion list=, ]
2024-03-26 10:23:29,415 [INFO] PluginManage:310 - Check plugin analytics
2024-03-26 10:23:29,536 [INFO] AnalyticsPlugin:253 - Accepted Software Licenses: 
2024-03-26 10:23:29,537 [INFO] AnalyticsPlugin:255 - Accepted CMSIS Pack Licenses: 
2024-03-26 10:23:29,537 [INFO] AnalyticsPlugin:257 - Accepted Firmware Licenses: 
2024-03-26 10:23:29,539 [INFO] PluginManage:359 - Loaded plugin analytics (category:tool,tabindex:-1)
2024-03-26 10:23:29,539 [INFO] PluginManage:310 - Check plugin cadmodel
2024-03-26 10:23:29,562 [INFO] CADModel:105 - Init CAD model plugin
2024-03-26 10:23:29,562 [INFO] PluginManage:359 - Loaded plugin cadmodel (category:power,tabindex:5)
2024-03-26 10:23:29,563 [INFO] PluginManage:310 - Check plugin clock
2024-03-26 10:23:29,571 [INFO] PluginManage:359 - Loaded plugin clock (category:base,tabindex:2)
2024-03-26 10:23:29,571 [INFO] PluginManage:310 - Check plugin ddr
2024-03-26 10:23:29,573 [INFO] PluginManage:359 - Loaded plugin ddr (category:tool,tabindex:6)
2024-03-26 10:23:29,573 [INFO] PluginManage:310 - Check plugin filemanager
2024-03-26 10:23:29,695 [INFO] PluginManage:359 - Loaded plugin filemanager (category:base,tabindex:10)
2024-03-26 10:23:29,696 [INFO] PluginManage:310 - Check plugin ipmanager
2024-03-26 10:23:29,700 [INFO] PluginManage:359 - Loaded plugin ipmanager (category:base,tabindex:5)
2024-03-26 10:23:29,700 [INFO] PluginManage:310 - Check plugin lpbam
2024-03-26 10:23:29,708 [INFO] PluginManage:359 - Loaded plugin lpbam (category:base,tabindex:0)
2024-03-26 10:23:29,709 [INFO] PluginManage:310 - Check plugin memorymap
2024-03-26 10:23:29,719 [INFO] PluginManage:359 - Loaded plugin memorymap (category:base,tabindex:4)
2024-03-26 10:23:29,719 [INFO] PluginManage:310 - Check plugin pinoutandconfiguration
2024-03-26 10:23:29,725 [INFO] PluginManage:359 - Loaded plugin pinoutandconfiguration (category:base,tabindex:1)
2024-03-26 10:23:29,726 [INFO] PluginManage:310 - Check plugin pinoutconfig
2024-03-26 10:23:29,789 [WARN] SupportedApi:132 - Cannot load RTOS API schema: s4s-elt-must-match.1: The content of 'definitions' must match (annotation?, (simpleType | complexType)?, (unique | key | keyref)*)). A problem was found starting at: attribute.
2024-03-26 10:23:29,878 [INFO] PluginManage:359 - Loaded plugin pinoutconfig (category:base,tabindex:0)
2024-03-26 10:23:29,878 [INFO] PluginManage:310 - Check plugin power
2024-03-26 10:23:29,885 [INFO] PluginManage:359 - Loaded plugin power (category:power,tabindex:4)
2024-03-26 10:23:29,885 [INFO] PluginManage:310 - Check plugin projectmanager
2024-03-26 10:23:29,896 [INFO] PluginManage:359 - Loaded plugin projectmanager (category:projectmanager,tabindex:3)
2024-03-26 10:23:29,896 [INFO] PluginManage:310 - Check plugin thirdparty
2024-03-26 10:23:29,975 [INFO] PluginManage:359 - Loaded plugin thirdparty (category:base,tabindex:-1)
2024-03-26 10:23:29,976 [INFO] PluginManage:310 - Check plugin tools
2024-03-26 10:23:29,975 [WARN] IntegrityCheckThread:84 - waiting for thirdparty lock release [integrity check]
2024-03-26 10:23:29,976 [INFO] IntegrityCheckThread:86 - entering critical section [integrity check]
2024-03-26 10:23:29,976 [INFO] ThirdPartyUpdaterWithRetryManager:70 - Updater plugin not ready yet. [1/15]
2024-03-26 10:23:29,977 [INFO] PluginManage:359 - Loaded plugin tools (category:base,tabindex:7)
2024-03-26 10:23:29,977 [INFO] PluginManage:310 - Check plugin tutovideos
2024-03-26 10:23:30,096 [INFO] PluginManage:359 - Loaded plugin tutovideos (category:base,tabindex:-1)
2024-03-26 10:23:30,096 [INFO] PluginManage:310 - Check plugin updater
2024-03-26 10:23:30,104 [INFO] PluginManage:359 - Loaded plugin updater (category:base,tabindex:12)
2024-03-26 10:23:30,104 [INFO] PluginManage:310 - Check plugin userauth
2024-03-26 10:23:30,108 [INFO] UserAuth:114 - Init User Auth plugin
2024-03-26 10:23:30,108 [INFO] PluginManage:359 - Loaded plugin userauth (category:base,tabindex:14)
2024-03-26 10:23:30,109 [INFO] PluginManage:283 - PluginManage : Loaded plugins [17]
2024-03-26 10:23:30,233 [INFO] PinOutPanel:1499 - setPackage(No Configuration,No Configuration)
2024-03-26 10:23:30,276 [INFO] CADModel:165 - CPN selected for project level
2024-03-26 10:23:30,277 [INFO] CADModel:114 - Register for checkConnection events
2024-03-26 10:23:30,285 [INFO] IPUIPlugin:80 - create IPUIPlugin
2024-03-26 10:23:30,285 [INFO] PluginManager:220 - loadIPPluginJar : add dfsdm
2024-03-26 10:23:30,287 [INFO] IPUIPlugin:80 - create IPUIPlugin
2024-03-26 10:23:30,287 [INFO] PluginManager:220 - loadIPPluginJar : add openamp
2024-03-26 10:23:30,291 [INFO] IPUIPlugin:80 - create IPUIPlugin
2024-03-26 10:23:30,291 [INFO] PluginManager:220 - loadIPPluginJar : add sai
2024-03-26 10:23:30,292 [INFO] IPUIPlugin:80 - create IPUIPlugin
2024-03-26 10:23:30,292 [INFO] PluginManager:220 - loadIPPluginJar : add genericplugin
2024-03-26 10:23:30,293 [INFO] IPUIPlugin:80 - create IPUIPlugin
2024-03-26 10:23:30,293 [INFO] PluginManager:220 - loadIPPluginJar : add i2c
2024-03-26 10:23:30,294 [INFO] IPUIPlugin:80 - create IPUIPlugin
2024-03-26 10:23:30,294 [INFO] PluginManager:220 - loadIPPluginJar : add comp
2024-03-26 10:23:30,298 [INFO] IPUIPlugin:80 - create IPUIPlugin
2024-03-26 10:23:30,299 [INFO] PluginManager:220 - loadIPPluginJar : add gpio
2024-03-26 10:23:30,304 [INFO] IPUIPlugin:80 - create IPUIPlugin
2024-03-26 10:23:30,306 [INFO] PluginManager:220 - loadIPPluginJar : add plateformsettings
2024-03-26 10:23:30,307 [INFO] IPUIPlugin:80 - create IPUIPlugin
2024-03-26 10:23:30,308 [INFO] PluginManager:220 - loadIPPluginJar : add quadspi
2024-03-26 10:23:30,309 [INFO] IPUIPlugin:80 - create IPUIPlugin
2024-03-26 10:23:30,309 [INFO] PluginManager:220 - loadIPPluginJar : add i2s
2024-03-26 10:23:30,311 [INFO] IPUIPlugin:80 - create IPUIPlugin
2024-03-26 10:23:30,312 [INFO] PluginManager:220 - loadIPPluginJar : add usbx
2024-03-26 10:23:30,313 [INFO] IPUIPlugin:80 - create IPUIPlugin
2024-03-26 10:23:30,313 [INFO] PluginManager:220 - loadIPPluginJar : add tim
2024-03-26 10:23:30,314 [INFO] IPUIPlugin:80 - create IPUIPlugin
2024-03-26 10:23:30,314 [INFO] PluginManager:220 - loadIPPluginJar : add hash
2024-03-26 10:23:30,316 [INFO] IPUIPlugin:80 - create IPUIPlugin
2024-03-26 10:23:30,316 [INFO] PluginManager:220 - loadIPPluginJar : add pdm2pcm
2024-03-26 10:23:30,317 [INFO] IPUIPlugin:80 - create IPUIPlugin
2024-03-26 10:23:30,317 [INFO] PluginManager:220 - loadIPPluginJar : add ts
2024-03-26 10:23:30,318 [INFO] IPUIPlugin:80 - create IPUIPlugin
2024-03-26 10:23:30,318 [INFO] PluginManager:220 - loadIPPluginJar : add tsc
2024-03-26 10:23:30,320 [INFO] IPUIPlugin:80 - create IPUIPlugin
2024-03-26 10:23:30,320 [INFO] PluginManager:220 - loadIPPluginJar : add aes
2024-03-26 10:23:30,324 [INFO] IPUIPlugin:80 - create IPUIPlugin
2024-03-26 10:23:30,324 [INFO] PluginManager:220 - loadIPPluginJar : add resmgrutility
2024-03-26 10:23:30,328 [INFO] IPUIPlugin:80 - create IPUIPlugin
2024-03-26 10:23:30,328 [INFO] PluginManager:220 - loadIPPluginJar : add stm32_wpan
2024-03-26 10:23:30,330 [INFO] IPUIPlugin:80 - create IPUIPlugin
2024-03-26 10:23:30,330 [INFO] PluginManager:220 - loadIPPluginJar : add tracer_emb
2024-03-26 10:23:30,333 [INFO] IPUIPlugin:80 - create IPUIPlugin
2024-03-26 10:23:30,333 [INFO] PluginManager:220 - loadIPPluginJar : add nvic
2024-03-26 10:23:30,334 [INFO] IPUIPlugin:80 - create IPUIPlugin
2024-03-26 10:23:30,334 [INFO] PluginManager:220 - loadIPPluginJar : add ltdc
2024-03-26 10:23:30,335 [INFO] IPUIPlugin:80 - create IPUIPlugin
2024-03-26 10:23:30,335 [INFO] PluginManager:220 - loadIPPluginJar : add fatfs
2024-03-26 10:23:30,338 [INFO] IPUIPlugin:80 - create IPUIPlugin
2024-03-26 10:23:30,338 [INFO] PluginManager:220 - loadIPPluginJar : add touchsensing
2024-03-26 10:23:30,342 [INFO] IPUIPlugin:80 - create IPUIPlugin
2024-03-26 10:23:30,343 [INFO] PluginManager:220 - loadIPPluginJar : add freertos
2024-03-26 10:23:30,348 [INFO] IPUIPlugin:80 - create IPUIPlugin
2024-03-26 10:23:30,348 [INFO] PluginManager:220 - loadIPPluginJar : add adc
2024-03-26 10:23:30,350 [INFO] IPUIPlugin:80 - create IPUIPlugin
2024-03-26 10:23:30,350 [INFO] PluginManager:220 - loadIPPluginJar : add usart
2024-03-26 10:23:30,351 [INFO] IPUIPlugin:80 - create IPUIPlugin
2024-03-26 10:23:30,351 [INFO] PluginManager:220 - loadIPPluginJar : add lorawan
2024-03-26 10:23:30,355 [INFO] IPUIPlugin:80 - create IPUIPlugin
2024-03-26 10:23:30,355 [INFO] PluginManager:220 - loadIPPluginJar : add fmc
2024-03-26 10:23:30,357 [INFO] IPUIPlugin:80 - create IPUIPlugin
2024-03-26 10:23:30,357 [INFO] PluginManager:220 - loadIPPluginJar : add opamp
2024-03-26 10:23:30,358 [INFO] IPUIPlugin:80 - create IPUIPlugin
2024-03-26 10:23:30,358 [INFO] PluginManager:220 - loadIPPluginJar : add can
2024-03-26 10:23:30,360 [INFO] IPUIPlugin:80 - create IPUIPlugin
2024-03-26 10:23:30,360 [INFO] PluginManager:220 - loadIPPluginJar : add dma3
2024-03-26 10:23:30,361 [INFO] IPUIPlugin:80 - create IPUIPlugin
2024-03-26 10:23:30,361 [INFO] PluginManager:220 - loadIPPluginJar : add i3c
2024-03-26 10:23:30,362 [INFO] IPUIPlugin:80 - create IPUIPlugin
2024-03-26 10:23:30,362 [INFO] PluginManager:220 - loadIPPluginJar : add ucpd
2024-03-26 10:23:30,363 [INFO] IPUIPlugin:80 - create IPUIPlugin
2024-03-26 10:23:30,363 [INFO] PluginManager:220 - loadIPPluginJar : add cryp
2024-03-26 10:23:30,364 [INFO] IPUIPlugin:80 - create IPUIPlugin
2024-03-26 10:23:30,364 [INFO] PluginManager:220 - loadIPPluginJar : add spi
2024-03-26 10:23:30,365 [INFO] IPUIPlugin:80 - create IPUIPlugin
2024-03-26 10:23:30,366 [INFO] PluginManager:220 - loadIPPluginJar : add gfxmmu
2024-03-26 10:23:30,370 [INFO] IPUIPlugin:80 - create IPUIPlugin
2024-03-26 10:23:30,370 [INFO] PluginManager:220 - loadIPPluginJar : add mdma
2024-03-26 10:23:30,373 [INFO] IPUIPlugin:80 - create IPUIPlugin
2024-03-26 10:23:30,374 [INFO] PluginManager:220 - loadIPPluginJar : add dma
2024-03-26 10:23:30,375 [INFO] IPUIPlugin:80 - create IPUIPlugin
2024-03-26 10:23:30,375 [INFO] PluginManager:220 - loadIPPluginJar : add gtzc
2024-03-26 10:23:30,377 [INFO] IPUIPlugin:80 - create IPUIPlugin
2024-03-26 10:23:30,377 [INFO] PluginManager:220 - loadIPPluginJar : add ipddr
2024-03-26 10:23:30,382 [INFO] IPUIPlugin:80 - create IPUIPlugin
2024-03-26 10:23:30,382 [INFO] PluginManager:220 - loadIPPluginJar : add gic
2024-03-26 10:23:30,387 [INFO] IPUIPlugin:80 - create IPUIPlugin
2024-03-26 10:23:30,387 [INFO] PluginManager:220 - loadIPPluginJar : add linkedlist
2024-03-26 10:23:30,481 [INFO] CADModel:165 - CPN selected for project level
2024-03-26 10:23:30,481 [INFO] CADModel:114 - Register for checkConnection events
2024-03-26 10:23:30,481 [FATAL] Updater:308 - Updater called before beeing initialized
2024-03-26 10:23:30,482 [ERROR] CADModel:125 - Updater not yet initialized, retry later 
2024-03-26 10:23:30,566 [INFO] CADModel:165 - CPN selected for project level
2024-03-26 10:23:30,566 [INFO] CADModel:114 - Register for checkConnection events
2024-03-26 10:23:30,566 [FATAL] Updater:308 - Updater called before beeing initialized
2024-03-26 10:23:30,566 [ERROR] CADModel:125 - Updater not yet initialized, retry later 
2024-03-26 10:23:30,568 [FATAL] Updater:308 - Updater called before beeing initialized
2024-03-26 10:23:30,617 [FATAL] Updater:308 - Updater called before beeing initialized
2024-03-26 10:23:30,620 [INFO] DbMcusAds:53 - JSON generation date=Wed Nov 29 16:22:27 IST 2023 (1701255147349)
2024-03-26 10:23:30,621 [FATAL] Updater:308 - Updater called before beeing initialized
2024-03-26 10:23:30,646 [WARN] DetailPanel:346 - Failed to get advertising image, set to default
2024-03-26 10:23:30,732 [FATAL] Updater:308 - Updater called before beeing initialized
2024-03-26 10:23:30,734 [FATAL] Updater:308 - Updater called before beeing initialized
2024-03-26 10:23:30,734 [FATAL] Updater:308 - Updater called before beeing initialized
2024-03-26 10:23:30,734 [WARN] DetailPanel:346 - Failed to get advertising image, set to default
2024-03-26 10:23:30,734 [FATAL] Updater:308 - Updater called before beeing initialized
2024-03-26 10:23:30,756 [ERROR] Updater:1120 - MainUpdater not yet initialized. External WinMGr cannot be set.
2024-03-26 10:23:30,757 [INFO] Updater:1056 - Updater Version found : 6.10.0
2024-03-26 10:23:30,773 [INFO] ApplicationProperties:184 - Using Application install path: /home/ritik/st/stm32cubeide_1.14.0/plugins/com.st.stm32cube.common.mx_6.10.0.202311202037
2024-03-26 10:23:32,976 [INFO] ThirdPartyUpdaterWithRetryManager:70 - Updater plugin not ready yet. [2/15]
2024-03-26 10:23:35,977 [FATAL] Updater:308 - Updater called before beeing initialized
2024-03-26 10:23:35,978 [ERROR] IntegrityCheckThread:130 - Cannot retrieve database content from updater: error 21
2024-03-26 10:23:35,979 [INFO] ThirdParty:978 - Integrity check success = false
2024-03-26 10:23:35,979 [INFO] IntegrityCheckThread:100 - exiting critical section [integrity check]
2024-03-26 10:23:35,979 [INFO] IntegrityCheckThread:103 - End integrity checks thread
2024-03-26 10:23:43,901 [ERROR] ConfigurationRetriever:142 - IOException on connection: sw-center.st.com
2024-03-26 10:23:43,901 [ERROR] ConfigurationRetriever:142 - IOException on connection: sw-center.st.com
2024-03-26 10:23:43,901 [ERROR] ConfigurationRetriever:142 - IOException on connection: sw-center.st.com
2024-03-26 10:23:43,902 [ERROR] ConfigurationRetriever:142 - IOException on connection: sw-center.st.com
2024-03-26 10:23:43,902 [ERROR] ConfigurationRetriever:142 - IOException on connection: sw-center.st.com
2024-03-26 10:23:43,902 [ERROR] ConfigurationRetriever:142 - IOException on connection: sw-center.st.com
2024-03-26 10:23:43,903 [INFO] MainUpdater:2873 - connection check result : 22
2024-03-26 10:23:43,903 [INFO] MainUpdater:290 - Updater Check For Update Now.
2024-03-26 10:23:43,903 [INFO] MicroXplorer:498 - Change Database Version : DB.6.0.100
2024-03-26 10:23:43,914 [INFO] McuFinderGlobals:63 - Set McuFinder mode to 2 (CubeIDE integrated)
2024-03-26 10:23:43,914 [INFO] UserAuth:180 - activating auth plugin
2024-03-26 10:23:43,916 [INFO] UserAuth:404 - Internet connection configuration mode: 2
2024-03-26 10:23:43,921 [INFO] UserAuth:404 - Internet connection configuration mode: 2
2024-03-26 10:23:44,068 [INFO] CheckServerUpdateThread:120 - End of CheckServer Thread
2024-03-26 10:24:04,304 [ERROR] LogOutputStream:75 - [STDERR_REDIRECT] SLF4J: Failed to load class "org.slf4j.impl.StaticLoggerBinder".
2024-03-26 10:24:04,304 [ERROR] LogOutputStream:75 - [STDERR_REDIRECT] SLF4J: Defaulting to no-operation (NOP) logger implementation
2024-03-26 10:24:04,304 [ERROR] LogOutputStream:75 - [STDERR_REDIRECT] SLF4J: See http://www.slf4j.org/codes.html#StaticLoggerBinder for further details.
2024-03-26 17:00:07,842 [INFO] Activator:176 - 


2024-03-26 17:00:07,843 [INFO] Activator:177 - !SESSION log4j initialized
2024-03-26 17:00:15,656 [INFO] LogOutputStream:77 - [STDOUT_REDIRECT] 
2024-03-26 17:00:20,278 [INFO] ApplicationProperties:184 - Using Application install path: /home/ritik/st/stm32cubeide_1.14.0/plugins/com.st.stm32cube.common.mx_6.10.0.202311202037
2024-03-26 17:00:20,296 [INFO] DbMcusXml:78 - Set database path to: /home/ritik/st/stm32cubeide_1.14.0/plugins/com.st.stm32cube.common.mx_6.10.0.202311202037//db//mcu/
2024-03-26 17:00:20,297 [INFO] ApiDb:274 - Set plugin database path to: /home/ritik/st/stm32cubeide_1.14.0/plugins/com.st.stm32cube.common.mx_6.10.0.202311202037//db//plugins/boardmanager/
2024-03-26 17:00:20,297 [WARN] ApiDb:259 - Overriding images path with different value:  => /home/ritik/st/stm32cubeide_1.14.0/plugins/com.st.stm32cube.common.mx_6.10.0.202311202037//db//plugins/mcufinder/images/
2024-03-26 17:00:20,304 [INFO] ApiDb:250 - Set database path to: /home/ritik/.stmcufinder/plugins/mcufinder//mcu/
2024-03-26 17:00:20,305 [INFO] DbMcusAds:125 - Set database path to: /home/ritik/.stmcufinder/plugins/mcufinder//mcu/
2024-03-26 17:00:20,308 [INFO] CrossReferenceDbSqlite:203 - Set database path to: /home/ritik/.stmcufinder/plugins/mcufinder//mcu/cs/
2024-03-26 17:00:20,417 [INFO] RulesReader:64 - Compatibility file has been processed (297 Rules)
2024-03-26 17:00:20,469 [INFO] DbMcusXml:78 - Set database path to: /home/ritik/st/stm32cubeide_1.14.0/plugins/com.st.stm32cube.common.mx_6.10.0.202311202037//db//mcu/
2024-03-26 17:00:20,469 [INFO] ApiDb:274 - Set plugin database path to: /home/ritik/st/stm32cubeide_1.14.0/plugins/com.st.stm32cube.common.mx_6.10.0.202311202037//db//plugins/boardmanager/
2024-03-26 17:00:20,469 [INFO] ApiDb:261 - Set plugin images path to: /home/ritik/st/stm32cubeide_1.14.0/plugins/com.st.stm32cube.common.mx_6.10.0.202311202037//db//plugins/mcufinder/images/
2024-03-26 17:00:20,469 [WARN] DbFile:41 - Overriding database path with different value: /home/ritik/.stmcufinder/plugins/mcufinder/ => /home/ritik/.stmcufinder/plugins/mcufinder
2024-03-26 17:00:20,469 [INFO] ApiDb:250 - Set database path to: /home/ritik/.stmcufinder/plugins/mcufinder//mcu/
2024-03-26 17:00:20,470 [WARN] DbFile:41 - Overriding database path with different value: /home/ritik/.stmcufinder/plugins/mcufinder/ => /home/ritik/.stmcufinder/plugins/mcufinder
2024-03-26 17:00:20,470 [INFO] DbMcusAds:125 - Set database path to: /home/ritik/.stmcufinder/plugins/mcufinder//mcu/
2024-03-26 17:00:20,470 [WARN] DbFile:41 - Overriding database path with different value: /home/ritik/.stmcufinder/plugins/mcufinder/ => /home/ritik/.stmcufinder/plugins/mcufinder
2024-03-26 17:00:20,470 [WARN] DbFile:41 - Overriding database path with different value: /home/ritik/.stmcufinder/plugins/mcufinder/ => /home/ritik/.stmcufinder/plugins/mcufinder
2024-03-26 17:00:20,470 [INFO] CrossReferenceDbSqlite:203 - Set database path to: /home/ritik/.stmcufinder/plugins/mcufinder//mcu/cs/
2024-03-26 17:00:20,529 [INFO] MainPanel:264 - HeapMemory: 268435456
2024-03-26 17:00:20,606 [INFO] DbMcusXml:78 - Set database path to: /home/ritik/st/stm32cubeide_1.14.0/plugins/com.st.stm32cube.common.mx_6.10.0.202311202037//db//mcu/
2024-03-26 17:00:20,607 [INFO] ApiDb:274 - Set plugin database path to: /home/ritik/st/stm32cubeide_1.14.0/plugins/com.st.stm32cube.common.mx_6.10.0.202311202037//db//plugins/boardmanager/
2024-03-26 17:00:20,607 [INFO] ApiDb:261 - Set plugin images path to: /home/ritik/st/stm32cubeide_1.14.0/plugins/com.st.stm32cube.common.mx_6.10.0.202311202037//db//plugins/mcufinder/images/
2024-03-26 17:00:20,607 [WARN] DbFile:41 - Overriding database path with different value: /home/ritik/.stmcufinder/plugins/mcufinder/ => /home/ritik/.stmcufinder/plugins/mcufinder
2024-03-26 17:00:20,607 [INFO] ApiDb:250 - Set database path to: /home/ritik/.stmcufinder/plugins/mcufinder//mcu/
2024-03-26 17:00:20,607 [WARN] DbFile:41 - Overriding database path with different value: /home/ritik/.stmcufinder/plugins/mcufinder/ => /home/ritik/.stmcufinder/plugins/mcufinder
2024-03-26 17:00:20,607 [INFO] DbMcusAds:125 - Set database path to: /home/ritik/.stmcufinder/plugins/mcufinder//mcu/
2024-03-26 17:00:20,607 [WARN] DbFile:41 - Overriding database path with different value: /home/ritik/.stmcufinder/plugins/mcufinder/ => /home/ritik/.stmcufinder/plugins/mcufinder
2024-03-26 17:00:20,607 [WARN] DbFile:41 - Overriding database path with different value: /home/ritik/.stmcufinder/plugins/mcufinder/ => /home/ritik/.stmcufinder/plugins/mcufinder
2024-03-26 17:00:20,607 [INFO] CrossReferenceDbSqlite:203 - Set database path to: /home/ritik/.stmcufinder/plugins/mcufinder//mcu/cs/
2024-03-26 17:00:20,620 [INFO] ApplicationProperties:184 - Using Application install path: /home/ritik/st/stm32cubeide_1.14.0/plugins/com.st.stm32cube.common.mx_6.10.0.202311202037
2024-03-26 17:00:20,621 [INFO] PluginManage:196 - Search for loadable plugins [exclusion list=, ]
2024-03-26 17:00:20,622 [INFO] PluginManage:310 - Check plugin analytics
2024-03-26 17:00:20,751 [INFO] AnalyticsPlugin:253 - Accepted Software Licenses: 
2024-03-26 17:00:20,751 [INFO] AnalyticsPlugin:255 - Accepted CMSIS Pack Licenses: 
2024-03-26 17:00:20,751 [INFO] AnalyticsPlugin:257 - Accepted Firmware Licenses: 
2024-03-26 17:00:20,753 [INFO] PluginManage:359 - Loaded plugin analytics (category:tool,tabindex:-1)
2024-03-26 17:00:20,754 [INFO] PluginManage:310 - Check plugin cadmodel
2024-03-26 17:00:20,779 [INFO] CADModel:105 - Init CAD model plugin
2024-03-26 17:00:20,779 [INFO] PluginManage:359 - Loaded plugin cadmodel (category:power,tabindex:5)
2024-03-26 17:00:20,779 [INFO] PluginManage:310 - Check plugin clock
2024-03-26 17:00:20,788 [INFO] PluginManage:359 - Loaded plugin clock (category:base,tabindex:2)
2024-03-26 17:00:20,788 [INFO] PluginManage:310 - Check plugin ddr
2024-03-26 17:00:20,790 [INFO] PluginManage:359 - Loaded plugin ddr (category:tool,tabindex:6)
2024-03-26 17:00:20,790 [INFO] PluginManage:310 - Check plugin filemanager
2024-03-26 17:00:20,925 [INFO] PluginManage:359 - Loaded plugin filemanager (category:base,tabindex:10)
2024-03-26 17:00:20,925 [INFO] PluginManage:310 - Check plugin ipmanager
2024-03-26 17:00:20,930 [INFO] PluginManage:359 - Loaded plugin ipmanager (category:base,tabindex:5)
2024-03-26 17:00:20,930 [INFO] PluginManage:310 - Check plugin lpbam
2024-03-26 17:00:20,939 [INFO] PluginManage:359 - Loaded plugin lpbam (category:base,tabindex:0)
2024-03-26 17:00:20,939 [INFO] PluginManage:310 - Check plugin memorymap
2024-03-26 17:00:20,950 [INFO] PluginManage:359 - Loaded plugin memorymap (category:base,tabindex:4)
2024-03-26 17:00:20,951 [INFO] PluginManage:310 - Check plugin pinoutandconfiguration
2024-03-26 17:00:20,959 [INFO] PluginManage:359 - Loaded plugin pinoutandconfiguration (category:base,tabindex:1)
2024-03-26 17:00:20,959 [INFO] PluginManage:310 - Check plugin pinoutconfig
2024-03-26 17:00:21,032 [WARN] SupportedApi:132 - Cannot load RTOS API schema: s4s-elt-must-match.1: The content of 'definitions' must match (annotation?, (simpleType | complexType)?, (unique | key | keyref)*)). A problem was found starting at: attribute.
2024-03-26 17:00:21,140 [INFO] PluginManage:359 - Loaded plugin pinoutconfig (category:base,tabindex:0)
2024-03-26 17:00:21,140 [INFO] PluginManage:310 - Check plugin power
2024-03-26 17:00:21,152 [INFO] PluginManage:359 - Loaded plugin power (category:power,tabindex:4)
2024-03-26 17:00:21,153 [INFO] PluginManage:310 - Check plugin projectmanager
2024-03-26 17:00:21,171 [INFO] PluginManage:359 - Loaded plugin projectmanager (category:projectmanager,tabindex:3)
2024-03-26 17:00:21,172 [INFO] PluginManage:310 - Check plugin thirdparty
2024-03-26 17:00:21,280 [INFO] PluginManage:359 - Loaded plugin thirdparty (category:base,tabindex:-1)
2024-03-26 17:00:21,280 [WARN] IntegrityCheckThread:84 - waiting for thirdparty lock release [integrity check]
2024-03-26 17:00:21,280 [INFO] PluginManage:310 - Check plugin tools
2024-03-26 17:00:21,280 [INFO] IntegrityCheckThread:86 - entering critical section [integrity check]
2024-03-26 17:00:21,281 [INFO] ThirdPartyUpdaterWithRetryManager:70 - Updater plugin not ready yet. [1/15]
2024-03-26 17:00:21,283 [INFO] PluginManage:359 - Loaded plugin tools (category:base,tabindex:7)
2024-03-26 17:00:21,283 [INFO] PluginManage:310 - Check plugin tutovideos
2024-03-26 17:00:21,401 [INFO] PluginManage:359 - Loaded plugin tutovideos (category:base,tabindex:-1)
2024-03-26 17:00:21,402 [INFO] PluginManage:310 - Check plugin updater
2024-03-26 17:00:21,411 [INFO] PluginManage:359 - Loaded plugin updater (category:base,tabindex:12)
2024-03-26 17:00:21,411 [INFO] PluginManage:310 - Check plugin userauth
2024-03-26 17:00:21,416 [INFO] UserAuth:114 - Init User Auth plugin
2024-03-26 17:00:21,416 [INFO] PluginManage:359 - Loaded plugin userauth (category:base,tabindex:14)
2024-03-26 17:00:21,416 [INFO] PluginManage:283 - PluginManage : Loaded plugins [17]
2024-03-26 17:00:21,567 [INFO] PinOutPanel:1499 - setPackage(No Configuration,No Configuration)
2024-03-26 17:00:21,620 [INFO] CADModel:165 - CPN selected for project level
2024-03-26 17:00:21,620 [INFO] CADModel:114 - Register for checkConnection events
2024-03-26 17:00:21,629 [INFO] IPUIPlugin:80 - create IPUIPlugin
2024-03-26 17:00:21,629 [INFO] PluginManager:220 - loadIPPluginJar : add dfsdm
2024-03-26 17:00:21,631 [INFO] IPUIPlugin:80 - create IPUIPlugin
2024-03-26 17:00:21,631 [INFO] PluginManager:220 - loadIPPluginJar : add openamp
2024-03-26 17:00:21,636 [INFO] IPUIPlugin:80 - create IPUIPlugin
2024-03-26 17:00:21,636 [INFO] PluginManager:220 - loadIPPluginJar : add sai
2024-03-26 17:00:21,637 [INFO] IPUIPlugin:80 - create IPUIPlugin
2024-03-26 17:00:21,637 [INFO] PluginManager:220 - loadIPPluginJar : add genericplugin
2024-03-26 17:00:21,638 [INFO] IPUIPlugin:80 - create IPUIPlugin
2024-03-26 17:00:21,638 [INFO] PluginManager:220 - loadIPPluginJar : add i2c
2024-03-26 17:00:21,639 [INFO] IPUIPlugin:80 - create IPUIPlugin
2024-03-26 17:00:21,639 [INFO] PluginManager:220 - loadIPPluginJar : add comp
2024-03-26 17:00:21,642 [INFO] IPUIPlugin:80 - create IPUIPlugin
2024-03-26 17:00:21,643 [INFO] PluginManager:220 - loadIPPluginJar : add gpio
2024-03-26 17:00:21,647 [INFO] IPUIPlugin:80 - create IPUIPlugin
2024-03-26 17:00:21,649 [INFO] PluginManager:220 - loadIPPluginJar : add plateformsettings
2024-03-26 17:00:21,650 [INFO] IPUIPlugin:80 - create IPUIPlugin
2024-03-26 17:00:21,650 [INFO] PluginManager:220 - loadIPPluginJar : add quadspi
2024-03-26 17:00:21,652 [INFO] IPUIPlugin:80 - create IPUIPlugin
2024-03-26 17:00:21,652 [INFO] PluginManager:220 - loadIPPluginJar : add i2s
2024-03-26 17:00:21,654 [INFO] IPUIPlugin:80 - create IPUIPlugin
2024-03-26 17:00:21,654 [INFO] PluginManager:220 - loadIPPluginJar : add usbx
2024-03-26 17:00:21,655 [INFO] IPUIPlugin:80 - create IPUIPlugin
2024-03-26 17:00:21,655 [INFO] PluginManager:220 - loadIPPluginJar : add tim
2024-03-26 17:00:21,656 [INFO] IPUIPlugin:80 - create IPUIPlugin
2024-03-26 17:00:21,656 [INFO] PluginManager:220 - loadIPPluginJar : add hash
2024-03-26 17:00:21,658 [INFO] IPUIPlugin:80 - create IPUIPlugin
2024-03-26 17:00:21,658 [INFO] PluginManager:220 - loadIPPluginJar : add pdm2pcm
2024-03-26 17:00:21,659 [INFO] IPUIPlugin:80 - create IPUIPlugin
2024-03-26 17:00:21,659 [INFO] PluginManager:220 - loadIPPluginJar : add ts
2024-03-26 17:00:21,660 [INFO] IPUIPlugin:80 - create IPUIPlugin
2024-03-26 17:00:21,660 [INFO] PluginManager:220 - loadIPPluginJar : add tsc
2024-03-26 17:00:21,662 [INFO] IPUIPlugin:80 - create IPUIPlugin
2024-03-26 17:00:21,662 [INFO] PluginManager:220 - loadIPPluginJar : add aes
2024-03-26 17:00:21,667 [INFO] IPUIPlugin:80 - create IPUIPlugin
2024-03-26 17:00:21,667 [INFO] PluginManager:220 - loadIPPluginJar : add resmgrutility
2024-03-26 17:00:21,671 [INFO] IPUIPlugin:80 - create IPUIPlugin
2024-03-26 17:00:21,671 [INFO] PluginManager:220 - loadIPPluginJar : add stm32_wpan
2024-03-26 17:00:21,673 [INFO] IPUIPlugin:80 - create IPUIPlugin
2024-03-26 17:00:21,673 [INFO] PluginManager:220 - loadIPPluginJar : add tracer_emb
2024-03-26 17:00:21,676 [INFO] IPUIPlugin:80 - create IPUIPlugin
2024-03-26 17:00:21,677 [INFO] PluginManager:220 - loadIPPluginJar : add nvic
2024-03-26 17:00:21,678 [INFO] IPUIPlugin:80 - create IPUIPlugin
2024-03-26 17:00:21,678 [INFO] PluginManager:220 - loadIPPluginJar : add ltdc
2024-03-26 17:00:21,679 [INFO] IPUIPlugin:80 - create IPUIPlugin
2024-03-26 17:00:21,679 [INFO] PluginManager:220 - loadIPPluginJar : add fatfs
2024-03-26 17:00:21,681 [INFO] IPUIPlugin:80 - create IPUIPlugin
2024-03-26 17:00:21,682 [INFO] PluginManager:220 - loadIPPluginJar : add touchsensing
2024-03-26 17:00:21,687 [INFO] IPUIPlugin:80 - create IPUIPlugin
2024-03-26 17:00:21,688 [INFO] PluginManager:220 - loadIPPluginJar : add freertos
2024-03-26 17:00:21,694 [INFO] IPUIPlugin:80 - create IPUIPlugin
2024-03-26 17:00:21,694 [INFO] PluginManager:220 - loadIPPluginJar : add adc
2024-03-26 17:00:21,696 [INFO] IPUIPlugin:80 - create IPUIPlugin
2024-03-26 17:00:21,697 [INFO] PluginManager:220 - loadIPPluginJar : add usart
2024-03-26 17:00:21,698 [INFO] IPUIPlugin:80 - create IPUIPlugin
2024-03-26 17:00:21,698 [INFO] PluginManager:220 - loadIPPluginJar : add lorawan
2024-03-26 17:00:21,702 [INFO] IPUIPlugin:80 - create IPUIPlugin
2024-03-26 17:00:21,702 [INFO] PluginManager:220 - loadIPPluginJar : add fmc
2024-03-26 17:00:21,704 [INFO] IPUIPlugin:80 - create IPUIPlugin
2024-03-26 17:00:21,704 [INFO] PluginManager:220 - loadIPPluginJar : add opamp
2024-03-26 17:00:21,706 [INFO] IPUIPlugin:80 - create IPUIPlugin
2024-03-26 17:00:21,706 [INFO] PluginManager:220 - loadIPPluginJar : add can
2024-03-26 17:00:21,708 [INFO] IPUIPlugin:80 - create IPUIPlugin
2024-03-26 17:00:21,708 [INFO] PluginManager:220 - loadIPPluginJar : add dma3
2024-03-26 17:00:21,710 [INFO] IPUIPlugin:80 - create IPUIPlugin
2024-03-26 17:00:21,710 [INFO] PluginManager:220 - loadIPPluginJar : add i3c
2024-03-26 17:00:21,711 [INFO] IPUIPlugin:80 - create IPUIPlugin
2024-03-26 17:00:21,711 [INFO] PluginManager:220 - loadIPPluginJar : add ucpd
2024-03-26 17:00:21,713 [INFO] IPUIPlugin:80 - create IPUIPlugin
2024-03-26 17:00:21,713 [INFO] PluginManager:220 - loadIPPluginJar : add cryp
2024-03-26 17:00:21,714 [INFO] IPUIPlugin:80 - create IPUIPlugin
2024-03-26 17:00:21,714 [INFO] PluginManager:220 - loadIPPluginJar : add spi
2024-03-26 17:00:21,716 [INFO] IPUIPlugin:80 - create IPUIPlugin
2024-03-26 17:00:21,716 [INFO] PluginManager:220 - loadIPPluginJar : add gfxmmu
2024-03-26 17:00:21,721 [INFO] IPUIPlugin:80 - create IPUIPlugin
2024-03-26 17:00:21,722 [INFO] PluginManager:220 - loadIPPluginJar : add mdma
2024-03-26 17:00:21,726 [INFO] IPUIPlugin:80 - create IPUIPlugin
2024-03-26 17:00:21,727 [INFO] PluginManager:220 - loadIPPluginJar : add dma
2024-03-26 17:00:21,728 [INFO] IPUIPlugin:80 - create IPUIPlugin
2024-03-26 17:00:21,728 [INFO] PluginManager:220 - loadIPPluginJar : add gtzc
2024-03-26 17:00:21,731 [INFO] IPUIPlugin:80 - create IPUIPlugin
2024-03-26 17:00:21,731 [INFO] PluginManager:220 - loadIPPluginJar : add ipddr
2024-03-26 17:00:21,734 [INFO] IPUIPlugin:80 - create IPUIPlugin
2024-03-26 17:00:21,735 [INFO] PluginManager:220 - loadIPPluginJar : add gic
2024-03-26 17:00:21,740 [INFO] IPUIPlugin:80 - create IPUIPlugin
2024-03-26 17:00:21,740 [INFO] PluginManager:220 - loadIPPluginJar : add linkedlist
2024-03-26 17:00:21,838 [INFO] CADModel:165 - CPN selected for project level
2024-03-26 17:00:21,838 [INFO] CADModel:114 - Register for checkConnection events
2024-03-26 17:00:21,839 [FATAL] Updater:308 - Updater called before beeing initialized
2024-03-26 17:00:21,839 [ERROR] CADModel:125 - Updater not yet initialized, retry later 
2024-03-26 17:00:21,940 [INFO] CADModel:165 - CPN selected for project level
2024-03-26 17:00:21,940 [INFO] CADModel:114 - Register for checkConnection events
2024-03-26 17:00:21,940 [FATAL] Updater:308 - Updater called before beeing initialized
2024-03-26 17:00:21,940 [ERROR] CADModel:125 - Updater not yet initialized, retry later 
2024-03-26 17:00:21,943 [FATAL] Updater:308 - Updater called before beeing initialized
2024-03-26 17:00:22,001 [FATAL] Updater:308 - Updater called before beeing initialized
2024-03-26 17:00:22,004 [INFO] DbMcusAds:53 - JSON generation date=Wed Nov 29 16:22:27 IST 2023 (1701255147349)
2024-03-26 17:00:22,005 [FATAL] Updater:308 - Updater called before beeing initialized
2024-03-26 17:00:22,034 [WARN] DetailPanel:346 - Failed to get advertising image, set to default
2024-03-26 17:00:22,113 [FATAL] Updater:308 - Updater called before beeing initialized
2024-03-26 17:00:22,114 [FATAL] Updater:308 - Updater called before beeing initialized
2024-03-26 17:00:22,114 [FATAL] Updater:308 - Updater called before beeing initialized
2024-03-26 17:00:22,114 [WARN] DetailPanel:346 - Failed to get advertising image, set to default
2024-03-26 17:00:22,115 [FATAL] Updater:308 - Updater called before beeing initialized
2024-03-26 17:00:22,142 [ERROR] Updater:1120 - MainUpdater not yet initialized. External WinMGr cannot be set.
2024-03-26 17:00:22,143 [INFO] Updater:1056 - Updater Version found : 6.10.0
2024-03-26 17:00:22,158 [INFO] ApplicationProperties:184 - Using Application install path: /home/ritik/st/stm32cubeide_1.14.0/plugins/com.st.stm32cube.common.mx_6.10.0.202311202037
2024-03-26 17:00:22,499 [INFO] MainUpdater:2873 - connection check result : 10
2024-03-26 17:00:22,500 [INFO] MainUpdater:290 - Updater Check For Update Now.
2024-03-26 17:00:22,500 [INFO] MicroXplorer:498 - Change Database Version : DB.6.0.100
2024-03-26 17:00:22,510 [INFO] McuFinderGlobals:63 - Set McuFinder mode to 2 (CubeIDE integrated)
2024-03-26 17:00:22,510 [INFO] UserAuth:180 - activating auth plugin
2024-03-26 17:00:22,514 [INFO] UserAuth:404 - Internet connection configuration mode: 1
2024-03-26 17:00:22,529 [INFO] JxBrowserEngine:152 - Initiate JxBrowser Engine with user profile folder
2024-03-26 17:00:22,658 [INFO] CheckServerUpdateThread:120 - End of CheckServer Thread
2024-03-26 17:00:23,263 [INFO] WebApp:161 - Instantiating new browser for Auth
2024-03-26 17:00:23,884 [INFO] WebApp:780 - Register for checkConnection events
2024-03-26 17:00:23,884 [INFO] WebApp:414 - Apply proxy settings
2024-03-26 17:00:23,884 [INFO] WebApp:499 - Chromium requires no authentication
2024-03-26 17:00:23,893 [INFO] WebApp:442 - Direct internet connection detected
2024-03-26 17:00:23,982 [INFO] WebApp:192 - Starting web application
2024-03-26 17:00:23,982 [INFO] WebApp:544 - Web application path used /home/ritik/st/stm32cubeide_1.14.0/plugins/com.st.stm32cube.common.mx_6.10.0.202311202037/db/plugins/mcufinder/reactClient1/index.html
2024-03-26 17:00:24,399 [WARN] PackLoader:240 - Cannot read IP mode file for STMicroelectronics.X-CUBE-SMBUS.2.1.0
2024-03-26 17:00:24,427 [WARN] PackLoader:240 - Cannot read IP mode file for STMicroelectronics.X-CUBE-TOUCHGFX.4.23.0
2024-03-26 17:00:24,480 [WARN] PackLoader:240 - Cannot read IP mode file for STMicroelectronics.X-CUBE-AZRTOS-F7.1.1.0
2024-03-26 17:00:24,489 [WARN] PackLoader:240 - Cannot read IP mode file for STMicroelectronics.FP-SNS-MOTENV1.4.3.2
2024-03-26 17:00:24,494 [WARN] PackLoader:240 - Cannot read IP mode file for STMicroelectronics.FP-SNS-FLIGHT1.5.0.2
2024-03-26 17:00:24,500 [WARN] PackLoader:240 - Cannot read IP mode file for STMicroelectronics.X-CUBE-DISPLAY.3.0.0
2024-03-26 17:00:24,515 [WARN] PackLoader:240 - Cannot read IP mode file for STMicroelectronics.X-CUBE-BLE1.7.0.0
2024-03-26 17:00:24,520 [WARN] PackLoader:240 - Cannot read IP mode file for emotas.I-CUBE-CANOPEN.1.3.0
2024-03-26 17:00:24,530 [WARN] PackLoader:240 - Cannot read IP mode file for STMicroelectronics.X-CUBE-BLEMGR.3.1.0
2024-03-26 17:00:24,535 [WARN] PackLoader:240 - Cannot read IP mode file for STMicroelectronics.FP-SNS-SMARTAG2.1.2.0
2024-03-26 17:00:24,541 [INFO] LogOutputStream:77 - [STDOUT_REDIRECT] 1 : Invalid condition id : UX_CORESTACK_Condition cause : null
2024-03-26 17:00:24,542 [INFO] LogOutputStream:77 - [STDOUT_REDIRECT] 1 : Invalid condition id : UX_CORESTACK_Condition cause : null
2024-03-26 17:00:24,542 [INFO] LogOutputStream:77 - [STDOUT_REDIRECT] 1 : Invalid condition id : UX_CORESTACK_Condition cause : null
2024-03-26 17:00:24,542 [INFO] LogOutputStream:77 - [STDOUT_REDIRECT] 1 : Invalid condition id : UX_CORESTACK_Condition cause : null
2024-03-26 17:00:24,542 [INFO] LogOutputStream:77 - [STDOUT_REDIRECT] 1 : Invalid condition id : UX_CORESTACK_Condition cause : null
2024-03-26 17:00:24,545 [WARN] PackLoader:240 - Cannot read IP mode file for STMicroelectronics.X-CUBE-AZRTOS-WL.2.0.0
2024-03-26 17:00:24,551 [WARN] PackLoader:240 - Cannot read IP mode file for WES.I-CUBE-Cesium.1.3.0
2024-03-26 17:00:24,555 [WARN] PackLoader:240 - Cannot read IP mode file for STMicroelectronics.X-CUBE-BLE2.3.3.0
2024-03-26 17:00:24,559 [WARN] PackLoader:240 - Cannot read IP mode file for STMicroelectronics.X-CUBE-ALGOBUILD.1.3.0
2024-03-26 17:00:24,570 [WARN] PackLoader:240 - Cannot read IP mode file for STMicroelectronics.X-CUBE-AZRTOS-G0.1.1.0
2024-03-26 17:00:24,576 [WARN] PackLoader:240 - Cannot read IP mode file for STMicroelectronics.X-CUBE-NFC4.3.0.0
2024-03-26 17:00:24,582 [WARN] PackLoader:240 - Cannot read IP mode file for STMicroelectronics.X-CUBE-BLEMGR.3.0.0
2024-03-26 17:00:24,586 [WARN] PackLoader:240 - Cannot read IP mode file for STMicroelectronics.FP-ATR-SIGFOX1.3.2.0
2024-03-26 17:00:24,589 [WARN] PackLoader:240 - Cannot read IP mode file for STMicroelectronics.X-CUBE-EEPRMA1.5.1.0
2024-03-26 17:00:24,613 [WARN] PackLoader:240 - Cannot read IP mode file for SEGGER.I-CUBE-embOS.1.3.1
2024-03-26 17:00:24,644 [WARN] PackLoader:240 - Cannot read IP mode file for STMicroelectronics.X-CUBE-GNSS1.6.0.0
2024-03-26 17:00:24,655 [WARN] PackLoader:240 - Cannot read IP mode file for STMicroelectronics.X-CUBE-AZRTOS-F4.1.1.0
2024-03-26 17:00:24,659 [WARN] PackLoader:240 - Cannot read IP mode file for wolfSSL.I-CUBE-wolfSSL.5.6.6
2024-03-26 17:00:24,669 [WARN] PackLoader:240 - Cannot read IP mode file for STMicroelectronics.X-CUBE-AZRTOS-L5.2.0.0
2024-03-26 17:00:24,673 [WARN] PackLoader:240 - Cannot read IP mode file for STMicroelectronics.X-CUBE-EEPRMA1.4.2.0
2024-03-26 17:00:24,678 [WARN] PackLoader:240 - Cannot read IP mode file for STMicroelectronics.X-CUBE-NFC6.3.1.0
2024-03-26 17:00:24,683 [WARN] PackLoader:240 - Cannot read IP mode file for ITTIA_DB.I-CUBE-ITTIADB.8.8.0
2024-03-26 17:00:24,686 [WARN] PackLoader:240 - Cannot read IP mode file for STMicroelectronics.X-CUBE-NFC7.1.0.1
2024-03-26 17:00:24,690 [WARN] PackLoader:240 - Cannot read IP mode file for STMicroelectronics.X-CUBE-NFC6.3.0.0
2024-03-26 17:00:24,700 [WARN] PackLoader:240 - Cannot read IP mode file for STMicroelectronics.X-CUBE-AI.8.1.0
2024-03-26 17:00:24,710 [WARN] ConditionMgr:438 - getConditionDescription Invalid condition id : LAN8742 Phy interface Condition cause : null
2024-03-26 17:00:24,710 [WARN] PackLoader:240 - Cannot read IP mode file for STMicroelectronics.X-CUBE-AZRTOS-L4.2.0.0
2024-03-26 17:00:24,711 [WARN] ConditionMgr:1039 - genDependencies : Invalid condition id : LAN8742 Phy interface Condition cause : null
2024-03-26 17:00:24,712 [WARN] ConditionMgr:1039 - genDependencies : Invalid condition id : LAN8742 Phy interface Condition cause : null
2024-03-26 17:00:24,712 [WARN] ConditionMgr:1039 - genDependencies : Invalid condition id : LAN8742 Phy interface Condition cause : null
2024-03-26 17:00:24,716 [WARN] PackLoader:240 - Cannot read IP mode file for STMicroelectronics.X-CUBE-SFXS2LP1.4.0.0
2024-03-26 17:00:24,723 [WARN] ConditionMgr:438 - getConditionDescription Invalid condition id : UX DEVICE CLASS RTOS Condition cause : null
2024-03-26 17:00:24,723 [WARN] ConditionMgr:438 - getConditionDescription Invalid condition id : UX DEVICE CLASS RTOS Condition cause : null
2024-03-26 17:00:24,724 [WARN] PackLoader:240 - Cannot read IP mode file for STMicroelectronics.X-CUBE-AZRTOS-WB.2.0.0
2024-03-26 17:00:24,725 [WARN] ConditionMgr:1039 - genDependencies : Invalid condition id : UX DEVICE CLASS RTOS Condition cause : null
2024-03-26 17:00:24,725 [WARN] ConditionMgr:1039 - genDependencies : Invalid condition id : UX DEVICE CLASS RTOS Condition cause : null
2024-03-26 17:00:24,725 [WARN] ConditionMgr:1039 - genDependencies : Invalid condition id : UX DEVICE CLASS RTOS Condition cause : null
2024-03-26 17:00:24,725 [WARN] ConditionMgr:1039 - genDependencies : Invalid condition id : UX DEVICE CLASS RTOS Condition cause : null
2024-03-26 17:00:24,725 [WARN] ConditionMgr:1039 - genDependencies : Invalid condition id : UX DEVICE CLASS RTOS Condition cause : null
2024-03-26 17:00:24,732 [WARN] PackLoader:240 - Cannot read IP mode file for STMicroelectronics.X-CUBE-SUBG2.5.0.0
2024-03-26 17:00:24,743 [WARN] PackLoader:240 - Cannot read IP mode file for STMicroelectronics.X-CUBE-AZRTOS-G4.2.0.0
2024-03-26 17:00:24,750 [WARN] PackLoader:240 - Cannot read IP mode file for Infineon.AIROC-Wi-Fi-Bluetooth-STM32.1.5.1
2024-03-26 17:00:24,755 [WARN] PackLoader:240 - Cannot read IP mode file for STMicroelectronics.FP-SNS-MOTENVWB1.1.3.1
2024-03-26 17:00:24,757 [WARN] PackLoader:240 - Cannot read IP mode file for STMicroelectronics.X-CUBE-ISPU.2.0.0
2024-03-26 17:00:24,779 [WARN] PackLoader:240 - Cannot read IP mode file for STMicroelectronics.X-CUBE-MEMS1.10.0.0
2024-03-26 17:00:24,877 [WARN] PackLoader:240 - Cannot read IP mode file for STMicroelectronics.X-CUBE-FREERTOS.1.1.0
2024-03-26 17:00:24,880 [WARN] PackLoader:240 - Cannot read IP mode file for portGmbH.I-Cube-SoM-uGOAL.1.1.0
2024-03-26 17:00:24,883 [WARN] PackLoader:240 - Cannot read IP mode file for STMicroelectronics.X-CUBE-ALS.1.0.1
2024-03-26 17:00:24,886 [WARN] PackLoader:240 - Cannot read IP mode file for STMicroelectronics.FP-ATR-ASTRA1.2.0.0
2024-03-26 17:00:24,892 [WARN] PackLoader:240 - Cannot read IP mode file for STMicroelectronics.X-CUBE-TOF1.3.4.0
2024-03-26 17:00:24,905 [WARN] PackLoader:240 - Cannot read IP mode file for STMicroelectronics.X-CUBE-TOF1.3.4.1
2024-03-26 17:00:24,923 [WARN] PackLoader:240 - Cannot read IP mode file for STMicroelectronics.X-CUBE-AZRTOS-H7.3.2.0
2024-03-26 17:00:24,925 [INFO] ThirdParty:978 - Integrity check success = true
2024-03-26 17:00:24,925 [INFO] IntegrityCheckThread:100 - exiting critical section [integrity check]
2024-03-26 17:00:24,925 [INFO] IntegrityCheckThread:103 - End integrity checks thread
2024-03-26 17:00:44,527 [ERROR] LogOutputStream:75 - [STDERR_REDIRECT] SLF4J: Failed to load class "org.slf4j.impl.StaticLoggerBinder".
2024-03-26 17:00:44,527 [ERROR] LogOutputStream:75 - [STDERR_REDIRECT] SLF4J: Defaulting to no-operation (NOP) logger implementation
2024-03-26 17:00:44,527 [ERROR] LogOutputStream:75 - [STDERR_REDIRECT] SLF4J: See http://www.slf4j.org/codes.html#StaticLoggerBinder for further details.
2024-03-26 22:21:30,633 [ERROR] ConfigurationRetriever:142 - IOException on connection: Connect timed out
2024-03-26 23:47:48,037 [ERROR] LogOutputStream:75 - [STDERR_REDIRECT] 
