2024-03-22 18:27:09,008 [INFO] Activator:176 - 


2024-03-22 18:27:09,013 [INFO] Activator:177 - !SESSION log4j initialized
2024-03-22 18:27:16,037 [INFO] LogOutputStream:77 - [STDOUT_REDIRECT] 
2024-03-22 18:27:20,009 [INFO] ApplicationProperties:184 - Using Application install path: /home/ritik/st/stm32cubeide_1.14.0/plugins/com.st.stm32cube.common.mx_6.10.0.202311202037
2024-03-22 18:27:20,027 [INFO] DbMcusXml:78 - Set database path to: /home/ritik/st/stm32cubeide_1.14.0/plugins/com.st.stm32cube.common.mx_6.10.0.202311202037//db//mcu/
2024-03-22 18:27:20,027 [INFO] ApiDb:274 - Set plugin database path to: /home/ritik/st/stm32cubeide_1.14.0/plugins/com.st.stm32cube.common.mx_6.10.0.202311202037//db//plugins/boardmanager/
2024-03-22 18:27:20,028 [WARN] ApiDb:259 - Overriding images path with different value:  => /home/ritik/st/stm32cubeide_1.14.0/plugins/com.st.stm32cube.common.mx_6.10.0.202311202037//db//plugins/mcufinder/images/
2024-03-22 18:27:20,034 [INFO] ApiDb:250 - Set database path to: /home/ritik/.stmcufinder/plugins/mcufinder//mcu/
2024-03-22 18:27:20,035 [INFO] DbMcusAds:125 - Set database path to: /home/ritik/.stmcufinder/plugins/mcufinder//mcu/
2024-03-22 18:27:20,037 [INFO] CrossReferenceDbSqlite:203 - Set database path to: /home/ritik/.stmcufinder/plugins/mcufinder//mcu/cs/
2024-03-22 18:27:20,149 [INFO] RulesReader:64 - Compatibility file has been processed (297 Rules)
2024-03-22 18:27:20,204 [INFO] DbMcusXml:78 - Set database path to: /home/ritik/st/stm32cubeide_1.14.0/plugins/com.st.stm32cube.common.mx_6.10.0.202311202037//db//mcu/
2024-03-22 18:27:20,204 [INFO] ApiDb:274 - Set plugin database path to: /home/ritik/st/stm32cubeide_1.14.0/plugins/com.st.stm32cube.common.mx_6.10.0.202311202037//db//plugins/boardmanager/
2024-03-22 18:27:20,204 [INFO] ApiDb:261 - Set plugin images path to: /home/ritik/st/stm32cubeide_1.14.0/plugins/com.st.stm32cube.common.mx_6.10.0.202311202037//db//plugins/mcufinder/images/
2024-03-22 18:27:20,204 [WARN] DbFile:41 - Overriding database path with different value: /home/ritik/.stmcufinder/plugins/mcufinder/ => /home/ritik/.stmcufinder/plugins/mcufinder
2024-03-22 18:27:20,204 [INFO] ApiDb:250 - Set database path to: /home/ritik/.stmcufinder/plugins/mcufinder//mcu/
2024-03-22 18:27:20,204 [WARN] DbFile:41 - Overriding database path with different value: /home/ritik/.stmcufinder/plugins/mcufinder/ => /home/ritik/.stmcufinder/plugins/mcufinder
2024-03-22 18:27:20,204 [INFO] DbMcusAds:125 - Set database path to: /home/ritik/.stmcufinder/plugins/mcufinder//mcu/
2024-03-22 18:27:20,205 [WARN] DbFile:41 - Overriding database path with different value: /home/ritik/.stmcufinder/plugins/mcufinder/ => /home/ritik/.stmcufinder/plugins/mcufinder
2024-03-22 18:27:20,205 [WARN] DbFile:41 - Overriding database path with different value: /home/ritik/.stmcufinder/plugins/mcufinder/ => /home/ritik/.stmcufinder/plugins/mcufinder
2024-03-22 18:27:20,205 [INFO] CrossReferenceDbSqlite:203 - Set database path to: /home/ritik/.stmcufinder/plugins/mcufinder//mcu/cs/
2024-03-22 18:27:20,258 [INFO] MainPanel:264 - HeapMemory: 268435456
2024-03-22 18:27:20,343 [INFO] DbMcusXml:78 - Set database path to: /home/ritik/st/stm32cubeide_1.14.0/plugins/com.st.stm32cube.common.mx_6.10.0.202311202037//db//mcu/
2024-03-22 18:27:20,343 [INFO] ApiDb:274 - Set plugin database path to: /home/ritik/st/stm32cubeide_1.14.0/plugins/com.st.stm32cube.common.mx_6.10.0.202311202037//db//plugins/boardmanager/
2024-03-22 18:27:20,343 [INFO] ApiDb:261 - Set plugin images path to: /home/ritik/st/stm32cubeide_1.14.0/plugins/com.st.stm32cube.common.mx_6.10.0.202311202037//db//plugins/mcufinder/images/
2024-03-22 18:27:20,343 [WARN] DbFile:41 - Overriding database path with different value: /home/ritik/.stmcufinder/plugins/mcufinder/ => /home/ritik/.stmcufinder/plugins/mcufinder
2024-03-22 18:27:20,344 [INFO] ApiDb:250 - Set database path to: /home/ritik/.stmcufinder/plugins/mcufinder//mcu/
2024-03-22 18:27:20,344 [WARN] DbFile:41 - Overriding database path with different value: /home/ritik/.stmcufinder/plugins/mcufinder/ => /home/ritik/.stmcufinder/plugins/mcufinder
2024-03-22 18:27:20,344 [INFO] DbMcusAds:125 - Set database path to: /home/ritik/.stmcufinder/plugins/mcufinder//mcu/
2024-03-22 18:27:20,344 [WARN] DbFile:41 - Overriding database path with different value: /home/ritik/.stmcufinder/plugins/mcufinder/ => /home/ritik/.stmcufinder/plugins/mcufinder
2024-03-22 18:27:20,344 [WARN] DbFile:41 - Overriding database path with different value: /home/ritik/.stmcufinder/plugins/mcufinder/ => /home/ritik/.stmcufinder/plugins/mcufinder
2024-03-22 18:27:20,344 [INFO] CrossReferenceDbSqlite:203 - Set database path to: /home/ritik/.stmcufinder/plugins/mcufinder//mcu/cs/
2024-03-22 18:27:20,358 [INFO] ApplicationProperties:184 - Using Application install path: /home/ritik/st/stm32cubeide_1.14.0/plugins/com.st.stm32cube.common.mx_6.10.0.202311202037
2024-03-22 18:27:20,359 [INFO] PluginManage:196 - Search for loadable plugins [exclusion list=, ]
2024-03-22 18:27:20,359 [INFO] PluginManage:310 - Check plugin analytics
2024-03-22 18:27:20,500 [INFO] AnalyticsPlugin:253 - Accepted Software Licenses: 
2024-03-22 18:27:20,500 [INFO] AnalyticsPlugin:255 - Accepted CMSIS Pack Licenses: 
2024-03-22 18:27:20,500 [INFO] AnalyticsPlugin:257 - Accepted Firmware Licenses: 
2024-03-22 18:27:20,503 [INFO] PluginManage:359 - Loaded plugin analytics (category:tool,tabindex:-1)
2024-03-22 18:27:20,503 [INFO] PluginManage:310 - Check plugin cadmodel
2024-03-22 18:27:20,528 [INFO] CADModel:105 - Init CAD model plugin
2024-03-22 18:27:20,528 [INFO] PluginManage:359 - Loaded plugin cadmodel (category:power,tabindex:5)
2024-03-22 18:27:20,529 [INFO] PluginManage:310 - Check plugin clock
2024-03-22 18:27:20,539 [INFO] PluginManage:359 - Loaded plugin clock (category:base,tabindex:2)
2024-03-22 18:27:20,539 [INFO] PluginManage:310 - Check plugin ddr
2024-03-22 18:27:20,541 [INFO] PluginManage:359 - Loaded plugin ddr (category:tool,tabindex:6)
2024-03-22 18:27:20,542 [INFO] PluginManage:310 - Check plugin filemanager
2024-03-22 18:27:20,677 [INFO] PluginManage:359 - Loaded plugin filemanager (category:base,tabindex:10)
2024-03-22 18:27:20,678 [INFO] PluginManage:310 - Check plugin ipmanager
2024-03-22 18:27:20,687 [INFO] PluginManage:359 - Loaded plugin ipmanager (category:base,tabindex:5)
2024-03-22 18:27:20,687 [INFO] PluginManage:310 - Check plugin lpbam
2024-03-22 18:27:20,698 [INFO] PluginManage:359 - Loaded plugin lpbam (category:base,tabindex:0)
2024-03-22 18:27:20,698 [INFO] PluginManage:310 - Check plugin memorymap
2024-03-22 18:27:20,711 [INFO] PluginManage:359 - Loaded plugin memorymap (category:base,tabindex:4)
2024-03-22 18:27:20,712 [INFO] PluginManage:310 - Check plugin pinoutandconfiguration
2024-03-22 18:27:20,721 [INFO] PluginManage:359 - Loaded plugin pinoutandconfiguration (category:base,tabindex:1)
2024-03-22 18:27:20,721 [INFO] PluginManage:310 - Check plugin pinoutconfig
2024-03-22 18:27:20,786 [WARN] SupportedApi:132 - Cannot load RTOS API schema: s4s-elt-must-match.1: The content of 'definitions' must match (annotation?, (simpleType | complexType)?, (unique | key | keyref)*)). A problem was found starting at: attribute.
2024-03-22 18:27:20,900 [INFO] PluginManage:359 - Loaded plugin pinoutconfig (category:base,tabindex:0)
2024-03-22 18:27:20,901 [INFO] PluginManage:310 - Check plugin power
2024-03-22 18:27:20,909 [INFO] PluginManage:359 - Loaded plugin power (category:power,tabindex:4)
2024-03-22 18:27:20,909 [INFO] PluginManage:310 - Check plugin projectmanager
2024-03-22 18:27:20,923 [INFO] PluginManage:359 - Loaded plugin projectmanager (category:projectmanager,tabindex:3)
2024-03-22 18:27:20,923 [INFO] PluginManage:310 - Check plugin thirdparty
2024-03-22 18:27:21,026 [INFO] PluginManage:359 - Loaded plugin thirdparty (category:base,tabindex:-1)
2024-03-22 18:27:21,026 [WARN] IntegrityCheckThread:84 - waiting for thirdparty lock release [integrity check]
2024-03-22 18:27:21,027 [INFO] IntegrityCheckThread:86 - entering critical section [integrity check]
2024-03-22 18:27:21,027 [INFO] PluginManage:310 - Check plugin tools
2024-03-22 18:27:21,027 [INFO] ThirdPartyUpdaterWithRetryManager:70 - Updater plugin not ready yet. [1/15]
2024-03-22 18:27:21,029 [INFO] PluginManage:359 - Loaded plugin tools (category:base,tabindex:7)
2024-03-22 18:27:21,029 [INFO] PluginManage:310 - Check plugin tutovideos
2024-03-22 18:27:21,145 [INFO] PluginManage:359 - Loaded plugin tutovideos (category:base,tabindex:-1)
2024-03-22 18:27:21,145 [INFO] PluginManage:310 - Check plugin updater
2024-03-22 18:27:21,155 [INFO] PluginManage:359 - Loaded plugin updater (category:base,tabindex:12)
2024-03-22 18:27:21,155 [INFO] PluginManage:310 - Check plugin userauth
2024-03-22 18:27:21,159 [INFO] UserAuth:114 - Init User Auth plugin
2024-03-22 18:27:21,160 [INFO] PluginManage:359 - Loaded plugin userauth (category:base,tabindex:14)
2024-03-22 18:27:21,160 [INFO] PluginManage:283 - PluginManage : Loaded plugins [17]
2024-03-22 18:27:21,317 [INFO] PinOutPanel:1499 - setPackage(No Configuration,No Configuration)
2024-03-22 18:27:21,360 [INFO] CADModel:165 - CPN selected for project level
2024-03-22 18:27:21,360 [INFO] CADModel:114 - Register for checkConnection events
2024-03-22 18:27:21,367 [INFO] IPUIPlugin:80 - create IPUIPlugin
2024-03-22 18:27:21,367 [INFO] PluginManager:220 - loadIPPluginJar : add dfsdm
2024-03-22 18:27:21,370 [INFO] IPUIPlugin:80 - create IPUIPlugin
2024-03-22 18:27:21,370 [INFO] PluginManager:220 - loadIPPluginJar : add openamp
2024-03-22 18:27:21,373 [INFO] IPUIPlugin:80 - create IPUIPlugin
2024-03-22 18:27:21,374 [INFO] PluginManager:220 - loadIPPluginJar : add sai
2024-03-22 18:27:21,375 [INFO] IPUIPlugin:80 - create IPUIPlugin
2024-03-22 18:27:21,375 [INFO] PluginManager:220 - loadIPPluginJar : add genericplugin
2024-03-22 18:27:21,376 [INFO] IPUIPlugin:80 - create IPUIPlugin
2024-03-22 18:27:21,377 [INFO] PluginManager:220 - loadIPPluginJar : add i2c
2024-03-22 18:27:21,378 [INFO] IPUIPlugin:80 - create IPUIPlugin
2024-03-22 18:27:21,378 [INFO] PluginManager:220 - loadIPPluginJar : add comp
2024-03-22 18:27:21,381 [INFO] IPUIPlugin:80 - create IPUIPlugin
2024-03-22 18:27:21,381 [INFO] PluginManager:220 - loadIPPluginJar : add gpio
2024-03-22 18:27:21,385 [INFO] IPUIPlugin:80 - create IPUIPlugin
2024-03-22 18:27:21,387 [INFO] PluginManager:220 - loadIPPluginJar : add plateformsettings
2024-03-22 18:27:21,388 [INFO] IPUIPlugin:80 - create IPUIPlugin
2024-03-22 18:27:21,388 [INFO] PluginManager:220 - loadIPPluginJar : add quadspi
2024-03-22 18:27:21,390 [INFO] IPUIPlugin:80 - create IPUIPlugin
2024-03-22 18:27:21,390 [INFO] PluginManager:220 - loadIPPluginJar : add i2s
2024-03-22 18:27:21,392 [INFO] IPUIPlugin:80 - create IPUIPlugin
2024-03-22 18:27:21,392 [INFO] PluginManager:220 - loadIPPluginJar : add usbx
2024-03-22 18:27:21,393 [INFO] IPUIPlugin:80 - create IPUIPlugin
2024-03-22 18:27:21,393 [INFO] PluginManager:220 - loadIPPluginJar : add tim
2024-03-22 18:27:21,394 [INFO] IPUIPlugin:80 - create IPUIPlugin
2024-03-22 18:27:21,394 [INFO] PluginManager:220 - loadIPPluginJar : add hash
2024-03-22 18:27:21,396 [INFO] IPUIPlugin:80 - create IPUIPlugin
2024-03-22 18:27:21,396 [INFO] PluginManager:220 - loadIPPluginJar : add pdm2pcm
2024-03-22 18:27:21,397 [INFO] IPUIPlugin:80 - create IPUIPlugin
2024-03-22 18:27:21,397 [INFO] PluginManager:220 - loadIPPluginJar : add ts
2024-03-22 18:27:21,398 [INFO] IPUIPlugin:80 - create IPUIPlugin
2024-03-22 18:27:21,398 [INFO] PluginManager:220 - loadIPPluginJar : add tsc
2024-03-22 18:27:21,400 [INFO] IPUIPlugin:80 - create IPUIPlugin
2024-03-22 18:27:21,400 [INFO] PluginManager:220 - loadIPPluginJar : add aes
2024-03-22 18:27:21,404 [INFO] IPUIPlugin:80 - create IPUIPlugin
2024-03-22 18:27:21,404 [INFO] PluginManager:220 - loadIPPluginJar : add resmgrutility
2024-03-22 18:27:21,407 [INFO] IPUIPlugin:80 - create IPUIPlugin
2024-03-22 18:27:21,407 [INFO] PluginManager:220 - loadIPPluginJar : add stm32_wpan
2024-03-22 18:27:21,408 [INFO] IPUIPlugin:80 - create IPUIPlugin
2024-03-22 18:27:21,408 [INFO] PluginManager:220 - loadIPPluginJar : add tracer_emb
2024-03-22 18:27:21,411 [INFO] IPUIPlugin:80 - create IPUIPlugin
2024-03-22 18:27:21,411 [INFO] PluginManager:220 - loadIPPluginJar : add nvic
2024-03-22 18:27:21,412 [INFO] IPUIPlugin:80 - create IPUIPlugin
2024-03-22 18:27:21,412 [INFO] PluginManager:220 - loadIPPluginJar : add ltdc
2024-03-22 18:27:21,413 [INFO] IPUIPlugin:80 - create IPUIPlugin
2024-03-22 18:27:21,413 [INFO] PluginManager:220 - loadIPPluginJar : add fatfs
2024-03-22 18:27:21,415 [INFO] IPUIPlugin:80 - create IPUIPlugin
2024-03-22 18:27:21,415 [INFO] PluginManager:220 - loadIPPluginJar : add touchsensing
2024-03-22 18:27:21,420 [INFO] IPUIPlugin:80 - create IPUIPlugin
2024-03-22 18:27:21,420 [INFO] PluginManager:220 - loadIPPluginJar : add freertos
2024-03-22 18:27:21,425 [INFO] IPUIPlugin:80 - create IPUIPlugin
2024-03-22 18:27:21,425 [INFO] PluginManager:220 - loadIPPluginJar : add adc
2024-03-22 18:27:21,426 [INFO] IPUIPlugin:80 - create IPUIPlugin
2024-03-22 18:27:21,427 [INFO] PluginManager:220 - loadIPPluginJar : add usart
2024-03-22 18:27:21,428 [INFO] IPUIPlugin:80 - create IPUIPlugin
2024-03-22 18:27:21,428 [INFO] PluginManager:220 - loadIPPluginJar : add lorawan
2024-03-22 18:27:21,431 [INFO] IPUIPlugin:80 - create IPUIPlugin
2024-03-22 18:27:21,432 [INFO] PluginManager:220 - loadIPPluginJar : add fmc
2024-03-22 18:27:21,433 [INFO] IPUIPlugin:80 - create IPUIPlugin
2024-03-22 18:27:21,434 [INFO] PluginManager:220 - loadIPPluginJar : add opamp
2024-03-22 18:27:21,435 [INFO] IPUIPlugin:80 - create IPUIPlugin
2024-03-22 18:27:21,435 [INFO] PluginManager:220 - loadIPPluginJar : add can
2024-03-22 18:27:21,437 [INFO] IPUIPlugin:80 - create IPUIPlugin
2024-03-22 18:27:21,437 [INFO] PluginManager:220 - loadIPPluginJar : add dma3
2024-03-22 18:27:21,439 [INFO] IPUIPlugin:80 - create IPUIPlugin
2024-03-22 18:27:21,439 [INFO] PluginManager:220 - loadIPPluginJar : add i3c
2024-03-22 18:27:21,441 [INFO] IPUIPlugin:80 - create IPUIPlugin
2024-03-22 18:27:21,441 [INFO] PluginManager:220 - loadIPPluginJar : add ucpd
2024-03-22 18:27:21,443 [INFO] IPUIPlugin:80 - create IPUIPlugin
2024-03-22 18:27:21,443 [INFO] PluginManager:220 - loadIPPluginJar : add cryp
2024-03-22 18:27:21,444 [INFO] IPUIPlugin:80 - create IPUIPlugin
2024-03-22 18:27:21,445 [INFO] PluginManager:220 - loadIPPluginJar : add spi
2024-03-22 18:27:21,446 [INFO] IPUIPlugin:80 - create IPUIPlugin
2024-03-22 18:27:21,446 [INFO] PluginManager:220 - loadIPPluginJar : add gfxmmu
2024-03-22 18:27:21,451 [INFO] IPUIPlugin:80 - create IPUIPlugin
2024-03-22 18:27:21,451 [INFO] PluginManager:220 - loadIPPluginJar : add mdma
2024-03-22 18:27:21,457 [INFO] IPUIPlugin:80 - create IPUIPlugin
2024-03-22 18:27:21,457 [INFO] PluginManager:220 - loadIPPluginJar : add dma
2024-03-22 18:27:21,460 [INFO] IPUIPlugin:80 - create IPUIPlugin
2024-03-22 18:27:21,460 [INFO] PluginManager:220 - loadIPPluginJar : add gtzc
2024-03-22 18:27:21,463 [INFO] IPUIPlugin:80 - create IPUIPlugin
2024-03-22 18:27:21,463 [INFO] PluginManager:220 - loadIPPluginJar : add ipddr
2024-03-22 18:27:21,468 [INFO] IPUIPlugin:80 - create IPUIPlugin
2024-03-22 18:27:21,468 [INFO] PluginManager:220 - loadIPPluginJar : add gic
2024-03-22 18:27:21,475 [INFO] IPUIPlugin:80 - create IPUIPlugin
2024-03-22 18:27:21,475 [INFO] PluginManager:220 - loadIPPluginJar : add linkedlist
2024-03-22 18:27:21,579 [INFO] CADModel:165 - CPN selected for project level
2024-03-22 18:27:21,579 [INFO] CADModel:114 - Register for checkConnection events
2024-03-22 18:27:21,579 [FATAL] Updater:308 - Updater called before beeing initialized
2024-03-22 18:27:21,579 [ERROR] CADModel:125 - Updater not yet initialized, retry later 
2024-03-22 18:27:21,694 [INFO] CADModel:165 - CPN selected for project level
2024-03-22 18:27:21,694 [INFO] CADModel:114 - Register for checkConnection events
2024-03-22 18:27:21,695 [FATAL] Updater:308 - Updater called before beeing initialized
2024-03-22 18:27:21,695 [ERROR] CADModel:125 - Updater not yet initialized, retry later 
2024-03-22 18:27:21,697 [FATAL] Updater:308 - Updater called before beeing initialized
2024-03-22 18:27:21,758 [FATAL] Updater:308 - Updater called before beeing initialized
2024-03-22 18:27:21,761 [INFO] DbMcusAds:53 - JSON generation date=Wed Nov 29 16:22:27 IST 2023 (1701255147349)
2024-03-22 18:27:21,761 [FATAL] Updater:308 - Updater called before beeing initialized
2024-03-22 18:27:21,788 [WARN] DetailPanel:346 - Failed to get advertising image, set to default
2024-03-22 18:27:21,871 [FATAL] Updater:308 - Updater called before beeing initialized
2024-03-22 18:27:21,873 [FATAL] Updater:308 - Updater called before beeing initialized
2024-03-22 18:27:21,873 [FATAL] Updater:308 - Updater called before beeing initialized
2024-03-22 18:27:21,873 [WARN] DetailPanel:346 - Failed to get advertising image, set to default
2024-03-22 18:27:21,875 [FATAL] Updater:308 - Updater called before beeing initialized
2024-03-22 18:27:21,906 [ERROR] Updater:1120 - MainUpdater not yet initialized. External WinMGr cannot be set.
2024-03-22 18:27:21,907 [INFO] Updater:1056 - Updater Version found : 6.10.0
2024-03-22 18:27:21,928 [INFO] ApplicationProperties:184 - Using Application install path: /home/ritik/st/stm32cubeide_1.14.0/plugins/com.st.stm32cube.common.mx_6.10.0.202311202037
2024-03-22 18:27:22,406 [INFO] MainUpdater:2873 - connection check result : 10
2024-03-22 18:27:22,407 [INFO] MainUpdater:290 - Updater Check For Update Now.
2024-03-22 18:27:22,407 [INFO] MicroXplorer:498 - Change Database Version : DB.6.0.100
2024-03-22 18:27:22,412 [INFO] McuFinderGlobals:63 - Set McuFinder mode to 2 (CubeIDE integrated)
2024-03-22 18:27:22,412 [INFO] UserAuth:180 - activating auth plugin
2024-03-22 18:27:22,414 [INFO] UserAuth:404 - Internet connection configuration mode: 1
2024-03-22 18:27:22,427 [INFO] JxBrowserEngine:152 - Initiate JxBrowser Engine with user profile folder
2024-03-22 18:27:22,582 [INFO] CheckServerUpdateThread:120 - End of CheckServer Thread
2024-03-22 18:27:23,146 [INFO] WebApp:161 - Instantiating new browser for Auth
2024-03-22 18:27:23,819 [INFO] WebApp:780 - Register for checkConnection events
2024-03-22 18:27:23,820 [INFO] WebApp:414 - Apply proxy settings
2024-03-22 18:27:23,820 [INFO] WebApp:499 - Chromium requires no authentication
2024-03-22 18:27:23,826 [INFO] WebApp:442 - Direct internet connection detected
2024-03-22 18:27:23,950 [INFO] WebApp:192 - Starting web application
2024-03-22 18:27:23,951 [INFO] WebApp:544 - Web application path used /home/ritik/st/stm32cubeide_1.14.0/plugins/com.st.stm32cube.common.mx_6.10.0.202311202037/db/plugins/mcufinder/reactClient1/index.html
2024-03-22 18:27:24,144 [WARN] PackLoader:240 - Cannot read IP mode file for STMicroelectronics.X-CUBE-SMBUS.2.1.0
2024-03-22 18:27:24,150 [WARN] PackLoader:240 - Cannot read IP mode file for STMicroelectronics.X-CUBE-TOUCHGFX.4.23.0
2024-03-22 18:27:24,173 [WARN] PackLoader:240 - Cannot read IP mode file for STMicroelectronics.X-CUBE-AZRTOS-F7.1.1.0
2024-03-22 18:27:24,181 [WARN] PackLoader:240 - Cannot read IP mode file for STMicroelectronics.FP-SNS-MOTENV1.4.3.2
2024-03-22 18:27:24,187 [WARN] PackLoader:240 - Cannot read IP mode file for STMicroelectronics.FP-SNS-FLIGHT1.5.0.2
2024-03-22 18:27:24,195 [WARN] PackLoader:240 - Cannot read IP mode file for STMicroelectronics.X-CUBE-DISPLAY.3.0.0
2024-03-22 18:27:24,208 [WARN] PackLoader:240 - Cannot read IP mode file for STMicroelectronics.X-CUBE-BLE1.7.0.0
2024-03-22 18:27:24,214 [WARN] PackLoader:240 - Cannot read IP mode file for emotas.I-CUBE-CANOPEN.1.3.0
2024-03-22 18:27:24,231 [WARN] PackLoader:240 - Cannot read IP mode file for STMicroelectronics.X-CUBE-BLEMGR.3.1.0
2024-03-22 18:27:24,239 [WARN] PackLoader:240 - Cannot read IP mode file for STMicroelectronics.FP-SNS-SMARTAG2.1.2.0
2024-03-22 18:27:24,252 [INFO] LogOutputStream:77 - [STDOUT_REDIRECT] 1 : Invalid condition id : UX_CORESTACK_Condition cause : null
2024-03-22 18:27:24,252 [INFO] LogOutputStream:77 - [STDOUT_REDIRECT] 1 : Invalid condition id : UX_CORESTACK_Condition cause : null
2024-03-22 18:27:24,253 [INFO] LogOutputStream:77 - [STDOUT_REDIRECT] 1 : Invalid condition id : UX_CORESTACK_Condition cause : null
2024-03-22 18:27:24,253 [INFO] LogOutputStream:77 - [STDOUT_REDIRECT] 1 : Invalid condition id : UX_CORESTACK_Condition cause : null
2024-03-22 18:27:24,254 [INFO] LogOutputStream:77 - [STDOUT_REDIRECT] 1 : Invalid condition id : UX_CORESTACK_Condition cause : null
2024-03-22 18:27:24,258 [WARN] PackLoader:240 - Cannot read IP mode file for STMicroelectronics.X-CUBE-AZRTOS-WL.2.0.0
2024-03-22 18:27:24,278 [WARN] PackLoader:240 - Cannot read IP mode file for WES.I-CUBE-Cesium.1.3.0
2024-03-22 18:27:24,283 [WARN] PackLoader:240 - Cannot read IP mode file for STMicroelectronics.X-CUBE-BLE2.3.3.0
2024-03-22 18:27:24,289 [WARN] PackLoader:240 - Cannot read IP mode file for STMicroelectronics.X-CUBE-ALGOBUILD.1.3.0
2024-03-22 18:27:24,310 [WARN] PackLoader:240 - Cannot read IP mode file for STMicroelectronics.X-CUBE-AZRTOS-G0.1.1.0
2024-03-22 18:27:24,318 [WARN] PackLoader:240 - Cannot read IP mode file for STMicroelectronics.X-CUBE-NFC4.3.0.0
2024-03-22 18:27:24,327 [WARN] PackLoader:240 - Cannot read IP mode file for STMicroelectronics.X-CUBE-BLEMGR.3.0.0
2024-03-22 18:27:24,332 [WARN] PackLoader:240 - Cannot read IP mode file for STMicroelectronics.FP-ATR-SIGFOX1.3.2.0
2024-03-22 18:27:24,337 [WARN] PackLoader:240 - Cannot read IP mode file for STMicroelectronics.X-CUBE-EEPRMA1.5.1.0
2024-03-22 18:27:24,366 [WARN] PackLoader:240 - Cannot read IP mode file for SEGGER.I-CUBE-embOS.1.3.1
2024-03-22 18:27:24,413 [WARN] PackLoader:240 - Cannot read IP mode file for STMicroelectronics.X-CUBE-GNSS1.6.0.0
2024-03-22 18:27:24,426 [WARN] PackLoader:240 - Cannot read IP mode file for STMicroelectronics.X-CUBE-AZRTOS-F4.1.1.0
2024-03-22 18:27:24,432 [WARN] PackLoader:240 - Cannot read IP mode file for wolfSSL.I-CUBE-wolfSSL.5.6.6
2024-03-22 18:27:24,446 [WARN] PackLoader:240 - Cannot read IP mode file for STMicroelectronics.X-CUBE-AZRTOS-L5.2.0.0
2024-03-22 18:27:24,452 [WARN] PackLoader:240 - Cannot read IP mode file for STMicroelectronics.X-CUBE-EEPRMA1.4.2.0
2024-03-22 18:27:24,459 [WARN] PackLoader:240 - Cannot read IP mode file for STMicroelectronics.X-CUBE-NFC6.3.1.0
2024-03-22 18:27:24,464 [WARN] PackLoader:240 - Cannot read IP mode file for ITTIA_DB.I-CUBE-ITTIADB.8.8.0
2024-03-22 18:27:24,467 [WARN] PackLoader:240 - Cannot read IP mode file for STMicroelectronics.X-CUBE-NFC7.1.0.1
2024-03-22 18:27:24,471 [WARN] PackLoader:240 - Cannot read IP mode file for STMicroelectronics.X-CUBE-NFC6.3.0.0
2024-03-22 18:27:24,477 [WARN] PackLoader:240 - Cannot read IP mode file for STMicroelectronics.X-CUBE-AI.8.1.0
2024-03-22 18:27:24,493 [WARN] ConditionMgr:438 - getConditionDescription Invalid condition id : LAN8742 Phy interface Condition cause : null
2024-03-22 18:27:24,493 [WARN] PackLoader:240 - Cannot read IP mode file for STMicroelectronics.X-CUBE-AZRTOS-L4.2.0.0
2024-03-22 18:27:24,494 [WARN] ConditionMgr:1039 - genDependencies : Invalid condition id : LAN8742 Phy interface Condition cause : null
2024-03-22 18:27:24,495 [WARN] ConditionMgr:1039 - genDependencies : Invalid condition id : LAN8742 Phy interface Condition cause : null
2024-03-22 18:27:24,495 [WARN] ConditionMgr:1039 - genDependencies : Invalid condition id : LAN8742 Phy interface Condition cause : null
2024-03-22 18:27:24,503 [WARN] PackLoader:240 - Cannot read IP mode file for STMicroelectronics.X-CUBE-SFXS2LP1.4.0.0
2024-03-22 18:27:24,511 [WARN] ConditionMgr:438 - getConditionDescription Invalid condition id : UX DEVICE CLASS RTOS Condition cause : null
2024-03-22 18:27:24,511 [WARN] ConditionMgr:438 - getConditionDescription Invalid condition id : UX DEVICE CLASS RTOS Condition cause : null
2024-03-22 18:27:24,513 [WARN] PackLoader:240 - Cannot read IP mode file for STMicroelectronics.X-CUBE-AZRTOS-WB.2.0.0
2024-03-22 18:27:24,513 [WARN] ConditionMgr:1039 - genDependencies : Invalid condition id : UX DEVICE CLASS RTOS Condition cause : null
2024-03-22 18:27:24,513 [WARN] ConditionMgr:1039 - genDependencies : Invalid condition id : UX DEVICE CLASS RTOS Condition cause : null
2024-03-22 18:27:24,514 [WARN] ConditionMgr:1039 - genDependencies : Invalid condition id : UX DEVICE CLASS RTOS Condition cause : null
2024-03-22 18:27:24,514 [WARN] ConditionMgr:1039 - genDependencies : Invalid condition id : UX DEVICE CLASS RTOS Condition cause : null
2024-03-22 18:27:24,514 [WARN] ConditionMgr:1039 - genDependencies : Invalid condition id : UX DEVICE CLASS RTOS Condition cause : null
2024-03-22 18:27:24,521 [WARN] PackLoader:240 - Cannot read IP mode file for STMicroelectronics.X-CUBE-SUBG2.5.0.0
2024-03-22 18:27:24,534 [WARN] PackLoader:240 - Cannot read IP mode file for STMicroelectronics.X-CUBE-AZRTOS-G4.2.0.0
2024-03-22 18:27:24,541 [WARN] PackLoader:240 - Cannot read IP mode file for Infineon.AIROC-Wi-Fi-Bluetooth-STM32.1.5.1
2024-03-22 18:27:24,546 [WARN] PackLoader:240 - Cannot read IP mode file for STMicroelectronics.FP-SNS-MOTENVWB1.1.3.1
2024-03-22 18:27:24,548 [WARN] PackLoader:240 - Cannot read IP mode file for STMicroelectronics.X-CUBE-ISPU.2.0.0
2024-03-22 18:27:24,572 [WARN] PackLoader:240 - Cannot read IP mode file for STMicroelectronics.X-CUBE-MEMS1.10.0.0
2024-03-22 18:27:24,674 [WARN] PackLoader:240 - Cannot read IP mode file for STMicroelectronics.X-CUBE-FREERTOS.1.1.0
2024-03-22 18:27:24,678 [WARN] PackLoader:240 - Cannot read IP mode file for portGmbH.I-Cube-SoM-uGOAL.1.1.0
2024-03-22 18:27:24,680 [WARN] PackLoader:240 - Cannot read IP mode file for STMicroelectronics.X-CUBE-ALS.1.0.1
2024-03-22 18:27:24,683 [WARN] PackLoader:240 - Cannot read IP mode file for STMicroelectronics.FP-ATR-ASTRA1.2.0.0
2024-03-22 18:27:24,688 [WARN] PackLoader:240 - Cannot read IP mode file for STMicroelectronics.X-CUBE-TOF1.3.4.0
2024-03-22 18:27:24,702 [WARN] PackLoader:240 - Cannot read IP mode file for STMicroelectronics.X-CUBE-TOF1.3.4.1
2024-03-22 18:27:24,718 [WARN] PackLoader:240 - Cannot read IP mode file for STMicroelectronics.X-CUBE-AZRTOS-H7.3.2.0
2024-03-22 18:27:24,721 [INFO] ThirdParty:978 - Integrity check success = true
2024-03-22 18:27:24,721 [INFO] IntegrityCheckThread:100 - exiting critical section [integrity check]
2024-03-22 18:27:24,721 [INFO] IntegrityCheckThread:103 - End integrity checks thread
2024-03-22 18:27:44,561 [ERROR] LogOutputStream:75 - [STDERR_REDIRECT] SLF4J: Failed to load class "org.slf4j.impl.StaticLoggerBinder".
2024-03-22 18:27:44,561 [ERROR] LogOutputStream:75 - [STDERR_REDIRECT] SLF4J: Defaulting to no-operation (NOP) logger implementation
2024-03-22 18:27:44,562 [ERROR] LogOutputStream:75 - [STDERR_REDIRECT] SLF4J: See http://www.slf4j.org/codes.html#StaticLoggerBinder for further details.
2024-03-22 18:32:01,477 [ERROR] LogOutputStream:75 - [STDERR_REDIRECT] Warning: NLS missing message: GotoMatchingBracket_error_noMatchingBracket in: org.eclipse.ui.internal.genericeditor.messages
2024-03-22 18:32:01,477 [ERROR] LogOutputStream:75 - [STDERR_REDIRECT] Warning: NLS missing message: GotoMatchingBracket_error_bracketOutsideSelectedElement in: org.eclipse.ui.internal.genericeditor.messages
2024-03-22 18:50:32,228 [ERROR] ConfigurationRetriever:142 - IOException on connection: sw-center.st.com
2024-03-22 18:50:32,228 [ERROR] ConfigurationRetriever:142 - IOException on connection: sw-center.st.com
2024-03-22 18:50:32,229 [ERROR] ConfigurationRetriever:142 - IOException on connection: sw-center.st.com
2024-03-22 18:50:32,991 [ERROR] LogOutputStream:75 - [STDERR_REDIRECT] 
