2024-01-23 00:42:37,878 [ERROR] LogOutputStream:75 - [STDERR_REDIRECT] 
2024-01-23 19:39:29,833 [INFO] Activator:176 - 


2024-01-23 19:39:29,835 [INFO] Activator:177 - !SESSION log4j initialized
2024-01-23 19:39:38,273 [INFO] LogOutputStream:77 - [STDOUT_REDIRECT] 
2024-01-23 19:39:46,667 [INFO] ApplicationProperties:184 - Using Application install path: /home/ritik/st/stm32cubeide_1.14.0/plugins/com.st.stm32cube.common.mx_6.10.0.202311202037
2024-01-23 19:39:46,678 [INFO] DbMcusXml:78 - Set database path to: /home/ritik/st/stm32cubeide_1.14.0/plugins/com.st.stm32cube.common.mx_6.10.0.202311202037//db//mcu/
2024-01-23 19:39:46,678 [INFO] ApiDb:274 - Set plugin database path to: /home/ritik/st/stm32cubeide_1.14.0/plugins/com.st.stm32cube.common.mx_6.10.0.202311202037//db//plugins/boardmanager/
2024-01-23 19:39:46,678 [WARN] ApiDb:259 - Overriding images path with different value:  => /home/ritik/st/stm32cubeide_1.14.0/plugins/com.st.stm32cube.common.mx_6.10.0.202311202037//db//plugins/mcufinder/images/
2024-01-23 19:39:46,683 [INFO] ApiDb:250 - Set database path to: /home/ritik/.stmcufinder/plugins/mcufinder//mcu/
2024-01-23 19:39:46,683 [INFO] DbMcusAds:125 - Set database path to: /home/ritik/.stmcufinder/plugins/mcufinder//mcu/
2024-01-23 19:39:48,481 [INFO] CrossReferenceDbSqlite:203 - Set database path to: /home/ritik/.stmcufinder/plugins/mcufinder//mcu/cs/
2024-01-23 19:39:48,595 [INFO] RulesReader:64 - Compatibility file has been processed (297 Rules)
2024-01-23 19:39:48,643 [INFO] DbMcusXml:78 - Set database path to: /home/ritik/st/stm32cubeide_1.14.0/plugins/com.st.stm32cube.common.mx_6.10.0.202311202037//db//mcu/
2024-01-23 19:39:48,643 [INFO] ApiDb:274 - Set plugin database path to: /home/ritik/st/stm32cubeide_1.14.0/plugins/com.st.stm32cube.common.mx_6.10.0.202311202037//db//plugins/boardmanager/
2024-01-23 19:39:48,643 [INFO] ApiDb:261 - Set plugin images path to: /home/ritik/st/stm32cubeide_1.14.0/plugins/com.st.stm32cube.common.mx_6.10.0.202311202037//db//plugins/mcufinder/images/
2024-01-23 19:39:48,644 [WARN] DbFile:41 - Overriding database path with different value: /home/ritik/.stmcufinder/plugins/mcufinder/ => /home/ritik/.stmcufinder/plugins/mcufinder
2024-01-23 19:39:48,644 [INFO] ApiDb:250 - Set database path to: /home/ritik/.stmcufinder/plugins/mcufinder//mcu/
2024-01-23 19:39:48,644 [WARN] DbFile:41 - Overriding database path with different value: /home/ritik/.stmcufinder/plugins/mcufinder/ => /home/ritik/.stmcufinder/plugins/mcufinder
2024-01-23 19:39:48,644 [INFO] DbMcusAds:125 - Set database path to: /home/ritik/.stmcufinder/plugins/mcufinder//mcu/
2024-01-23 19:39:48,644 [WARN] DbFile:41 - Overriding database path with different value: /home/ritik/.stmcufinder/plugins/mcufinder/ => /home/ritik/.stmcufinder/plugins/mcufinder
2024-01-23 19:39:48,644 [WARN] DbFile:41 - Overriding database path with different value: /home/ritik/.stmcufinder/plugins/mcufinder/ => /home/ritik/.stmcufinder/plugins/mcufinder
2024-01-23 19:39:48,644 [INFO] CrossReferenceDbSqlite:203 - Set database path to: /home/ritik/.stmcufinder/plugins/mcufinder//mcu/cs/
2024-01-23 19:39:48,699 [INFO] MainPanel:264 - HeapMemory: 268435456
2024-01-23 19:39:48,764 [INFO] DbMcusXml:78 - Set database path to: /home/ritik/st/stm32cubeide_1.14.0/plugins/com.st.stm32cube.common.mx_6.10.0.202311202037//db//mcu/
2024-01-23 19:39:48,764 [INFO] ApiDb:274 - Set plugin database path to: /home/ritik/st/stm32cubeide_1.14.0/plugins/com.st.stm32cube.common.mx_6.10.0.202311202037//db//plugins/boardmanager/
2024-01-23 19:39:48,764 [INFO] ApiDb:261 - Set plugin images path to: /home/ritik/st/stm32cubeide_1.14.0/plugins/com.st.stm32cube.common.mx_6.10.0.202311202037//db//plugins/mcufinder/images/
2024-01-23 19:39:48,764 [WARN] DbFile:41 - Overriding database path with different value: /home/ritik/.stmcufinder/plugins/mcufinder/ => /home/ritik/.stmcufinder/plugins/mcufinder
2024-01-23 19:39:48,764 [INFO] ApiDb:250 - Set database path to: /home/ritik/.stmcufinder/plugins/mcufinder//mcu/
2024-01-23 19:39:48,765 [WARN] DbFile:41 - Overriding database path with different value: /home/ritik/.stmcufinder/plugins/mcufinder/ => /home/ritik/.stmcufinder/plugins/mcufinder
2024-01-23 19:39:48,765 [INFO] DbMcusAds:125 - Set database path to: /home/ritik/.stmcufinder/plugins/mcufinder//mcu/
2024-01-23 19:39:48,765 [WARN] DbFile:41 - Overriding database path with different value: /home/ritik/.stmcufinder/plugins/mcufinder/ => /home/ritik/.stmcufinder/plugins/mcufinder
2024-01-23 19:39:48,765 [WARN] DbFile:41 - Overriding database path with different value: /home/ritik/.stmcufinder/plugins/mcufinder/ => /home/ritik/.stmcufinder/plugins/mcufinder
2024-01-23 19:39:48,765 [INFO] CrossReferenceDbSqlite:203 - Set database path to: /home/ritik/.stmcufinder/plugins/mcufinder//mcu/cs/
2024-01-23 19:39:48,777 [INFO] ApplicationProperties:184 - Using Application install path: /home/ritik/st/stm32cubeide_1.14.0/plugins/com.st.stm32cube.common.mx_6.10.0.202311202037
2024-01-23 19:39:48,778 [INFO] PluginManage:196 - Search for loadable plugins [exclusion list=, ]
2024-01-23 19:39:48,779 [INFO] PluginManage:310 - Check plugin analytics
2024-01-23 19:39:48,882 [INFO] AnalyticsPlugin:253 - Accepted Software Licenses: 
2024-01-23 19:39:48,882 [INFO] AnalyticsPlugin:255 - Accepted CMSIS Pack Licenses: 
2024-01-23 19:39:48,882 [INFO] AnalyticsPlugin:257 - Accepted Firmware Licenses: 
2024-01-23 19:39:48,883 [INFO] PluginManage:359 - Loaded plugin analytics (category:tool,tabindex:-1)
2024-01-23 19:39:48,884 [INFO] PluginManage:310 - Check plugin cadmodel
2024-01-23 19:39:48,902 [INFO] CADModel:105 - Init CAD model plugin
2024-01-23 19:39:48,902 [INFO] PluginManage:359 - Loaded plugin cadmodel (category:power,tabindex:5)
2024-01-23 19:39:48,902 [INFO] PluginManage:310 - Check plugin clock
2024-01-23 19:39:48,909 [INFO] PluginManage:359 - Loaded plugin clock (category:base,tabindex:2)
2024-01-23 19:39:48,909 [INFO] PluginManage:310 - Check plugin ddr
2024-01-23 19:39:48,910 [INFO] PluginManage:359 - Loaded plugin ddr (category:tool,tabindex:6)
2024-01-23 19:39:48,910 [INFO] PluginManage:310 - Check plugin filemanager
2024-01-23 19:39:49,003 [INFO] PluginManage:359 - Loaded plugin filemanager (category:base,tabindex:10)
2024-01-23 19:39:49,003 [INFO] PluginManage:310 - Check plugin ipmanager
2024-01-23 19:39:49,007 [INFO] PluginManage:359 - Loaded plugin ipmanager (category:base,tabindex:5)
2024-01-23 19:39:49,007 [INFO] PluginManage:310 - Check plugin lpbam
2024-01-23 19:39:49,012 [INFO] PluginManage:359 - Loaded plugin lpbam (category:base,tabindex:0)
2024-01-23 19:39:49,013 [INFO] PluginManage:310 - Check plugin memorymap
2024-01-23 19:39:49,019 [INFO] PluginManage:359 - Loaded plugin memorymap (category:base,tabindex:4)
2024-01-23 19:39:49,019 [INFO] PluginManage:310 - Check plugin pinoutandconfiguration
2024-01-23 19:39:49,024 [INFO] PluginManage:359 - Loaded plugin pinoutandconfiguration (category:base,tabindex:1)
2024-01-23 19:39:49,024 [INFO] PluginManage:310 - Check plugin pinoutconfig
2024-01-23 19:39:49,076 [WARN] SupportedApi:132 - Cannot load RTOS API schema: s4s-elt-must-match.1: The content of 'definitions' must match (annotation?, (simpleType | complexType)?, (unique | key | keyref)*)). A problem was found starting at: attribute.
2024-01-23 19:39:49,169 [INFO] PluginManage:359 - Loaded plugin pinoutconfig (category:base,tabindex:0)
2024-01-23 19:39:49,169 [INFO] PluginManage:310 - Check plugin power
2024-01-23 19:39:49,178 [INFO] PluginManage:359 - Loaded plugin power (category:power,tabindex:4)
2024-01-23 19:39:49,178 [INFO] PluginManage:310 - Check plugin projectmanager
2024-01-23 19:39:49,190 [INFO] PluginManage:359 - Loaded plugin projectmanager (category:projectmanager,tabindex:3)
2024-01-23 19:39:49,191 [INFO] PluginManage:310 - Check plugin thirdparty
2024-01-23 19:39:49,254 [INFO] PluginManage:359 - Loaded plugin thirdparty (category:base,tabindex:-1)
2024-01-23 19:39:49,254 [WARN] IntegrityCheckThread:84 - waiting for thirdparty lock release [integrity check]
2024-01-23 19:39:49,254 [INFO] PluginManage:310 - Check plugin tools
2024-01-23 19:39:49,254 [INFO] IntegrityCheckThread:86 - entering critical section [integrity check]
2024-01-23 19:39:49,254 [INFO] ThirdPartyUpdaterWithRetryManager:70 - Updater plugin not ready yet. [1/15]
2024-01-23 19:39:49,255 [INFO] PluginManage:359 - Loaded plugin tools (category:base,tabindex:7)
2024-01-23 19:39:49,256 [INFO] PluginManage:310 - Check plugin tutovideos
2024-01-23 19:39:49,358 [INFO] PluginManage:359 - Loaded plugin tutovideos (category:base,tabindex:-1)
2024-01-23 19:39:49,358 [INFO] PluginManage:310 - Check plugin updater
2024-01-23 19:39:49,365 [INFO] PluginManage:359 - Loaded plugin updater (category:base,tabindex:12)
2024-01-23 19:39:49,366 [INFO] PluginManage:310 - Check plugin userauth
2024-01-23 19:39:49,369 [INFO] UserAuth:114 - Init User Auth plugin
2024-01-23 19:39:49,369 [INFO] PluginManage:359 - Loaded plugin userauth (category:base,tabindex:14)
2024-01-23 19:39:49,369 [INFO] PluginManage:283 - PluginManage : Loaded plugins [17]
2024-01-23 19:39:49,485 [INFO] PinOutPanel:1499 - setPackage(No Configuration,No Configuration)
2024-01-23 19:39:49,524 [INFO] CADModel:165 - CPN selected for project level
2024-01-23 19:39:49,524 [INFO] CADModel:114 - Register for checkConnection events
2024-01-23 19:39:49,531 [INFO] IPUIPlugin:80 - create IPUIPlugin
2024-01-23 19:39:49,532 [INFO] PluginManager:220 - loadIPPluginJar : add dfsdm
2024-01-23 19:39:49,534 [INFO] IPUIPlugin:80 - create IPUIPlugin
2024-01-23 19:39:49,534 [INFO] PluginManager:220 - loadIPPluginJar : add openamp
2024-01-23 19:39:49,537 [INFO] IPUIPlugin:80 - create IPUIPlugin
2024-01-23 19:39:49,537 [INFO] PluginManager:220 - loadIPPluginJar : add sai
2024-01-23 19:39:49,538 [INFO] IPUIPlugin:80 - create IPUIPlugin
2024-01-23 19:39:49,538 [INFO] PluginManager:220 - loadIPPluginJar : add genericplugin
2024-01-23 19:39:49,539 [INFO] IPUIPlugin:80 - create IPUIPlugin
2024-01-23 19:39:49,539 [INFO] PluginManager:220 - loadIPPluginJar : add i2c
2024-01-23 19:39:49,540 [INFO] IPUIPlugin:80 - create IPUIPlugin
2024-01-23 19:39:49,540 [INFO] PluginManager:220 - loadIPPluginJar : add comp
2024-01-23 19:39:49,543 [INFO] IPUIPlugin:80 - create IPUIPlugin
2024-01-23 19:39:49,543 [INFO] PluginManager:220 - loadIPPluginJar : add gpio
2024-01-23 19:39:49,547 [INFO] IPUIPlugin:80 - create IPUIPlugin
2024-01-23 19:39:49,548 [INFO] PluginManager:220 - loadIPPluginJar : add plateformsettings
2024-01-23 19:39:49,549 [INFO] IPUIPlugin:80 - create IPUIPlugin
2024-01-23 19:39:49,549 [INFO] PluginManager:220 - loadIPPluginJar : add quadspi
2024-01-23 19:39:49,550 [INFO] IPUIPlugin:80 - create IPUIPlugin
2024-01-23 19:39:49,551 [INFO] PluginManager:220 - loadIPPluginJar : add i2s
2024-01-23 19:39:49,552 [INFO] IPUIPlugin:80 - create IPUIPlugin
2024-01-23 19:39:49,552 [INFO] PluginManager:220 - loadIPPluginJar : add usbx
2024-01-23 19:39:49,553 [INFO] IPUIPlugin:80 - create IPUIPlugin
2024-01-23 19:39:49,553 [INFO] PluginManager:220 - loadIPPluginJar : add tim
2024-01-23 19:39:49,554 [INFO] IPUIPlugin:80 - create IPUIPlugin
2024-01-23 19:39:49,554 [INFO] PluginManager:220 - loadIPPluginJar : add hash
2024-01-23 19:39:49,556 [INFO] IPUIPlugin:80 - create IPUIPlugin
2024-01-23 19:39:49,556 [INFO] PluginManager:220 - loadIPPluginJar : add pdm2pcm
2024-01-23 19:39:49,557 [INFO] IPUIPlugin:80 - create IPUIPlugin
2024-01-23 19:39:49,557 [INFO] PluginManager:220 - loadIPPluginJar : add ts
2024-01-23 19:39:49,558 [INFO] IPUIPlugin:80 - create IPUIPlugin
2024-01-23 19:39:49,558 [INFO] PluginManager:220 - loadIPPluginJar : add tsc
2024-01-23 19:39:49,559 [INFO] IPUIPlugin:80 - create IPUIPlugin
2024-01-23 19:39:49,559 [INFO] PluginManager:220 - loadIPPluginJar : add aes
2024-01-23 19:39:49,562 [INFO] IPUIPlugin:80 - create IPUIPlugin
2024-01-23 19:39:49,563 [INFO] PluginManager:220 - loadIPPluginJar : add resmgrutility
2024-01-23 19:39:49,566 [INFO] IPUIPlugin:80 - create IPUIPlugin
2024-01-23 19:39:49,566 [INFO] PluginManager:220 - loadIPPluginJar : add stm32_wpan
2024-01-23 19:39:49,567 [INFO] IPUIPlugin:80 - create IPUIPlugin
2024-01-23 19:39:49,567 [INFO] PluginManager:220 - loadIPPluginJar : add tracer_emb
2024-01-23 19:39:49,569 [INFO] IPUIPlugin:80 - create IPUIPlugin
2024-01-23 19:39:49,569 [INFO] PluginManager:220 - loadIPPluginJar : add nvic
2024-01-23 19:39:49,570 [INFO] IPUIPlugin:80 - create IPUIPlugin
2024-01-23 19:39:49,570 [INFO] PluginManager:220 - loadIPPluginJar : add ltdc
2024-01-23 19:39:49,571 [INFO] IPUIPlugin:80 - create IPUIPlugin
2024-01-23 19:39:49,571 [INFO] PluginManager:220 - loadIPPluginJar : add fatfs
2024-01-23 19:39:49,573 [INFO] IPUIPlugin:80 - create IPUIPlugin
2024-01-23 19:39:49,573 [INFO] PluginManager:220 - loadIPPluginJar : add touchsensing
2024-01-23 19:39:49,577 [INFO] IPUIPlugin:80 - create IPUIPlugin
2024-01-23 19:39:49,577 [INFO] PluginManager:220 - loadIPPluginJar : add freertos
2024-01-23 19:39:49,581 [INFO] IPUIPlugin:80 - create IPUIPlugin
2024-01-23 19:39:49,582 [INFO] PluginManager:220 - loadIPPluginJar : add adc
2024-01-23 19:39:49,583 [INFO] IPUIPlugin:80 - create IPUIPlugin
2024-01-23 19:39:49,583 [INFO] PluginManager:220 - loadIPPluginJar : add usart
2024-01-23 19:39:49,585 [INFO] IPUIPlugin:80 - create IPUIPlugin
2024-01-23 19:39:49,585 [INFO] PluginManager:220 - loadIPPluginJar : add lorawan
2024-01-23 19:39:49,587 [INFO] IPUIPlugin:80 - create IPUIPlugin
2024-01-23 19:39:49,587 [INFO] PluginManager:220 - loadIPPluginJar : add fmc
2024-01-23 19:39:49,589 [INFO] IPUIPlugin:80 - create IPUIPlugin
2024-01-23 19:39:49,589 [INFO] PluginManager:220 - loadIPPluginJar : add opamp
2024-01-23 19:39:49,590 [INFO] IPUIPlugin:80 - create IPUIPlugin
2024-01-23 19:39:49,590 [INFO] PluginManager:220 - loadIPPluginJar : add can
2024-01-23 19:39:49,591 [INFO] IPUIPlugin:80 - create IPUIPlugin
2024-01-23 19:39:49,591 [INFO] PluginManager:220 - loadIPPluginJar : add dma3
2024-01-23 19:39:49,593 [INFO] IPUIPlugin:80 - create IPUIPlugin
2024-01-23 19:39:49,593 [INFO] PluginManager:220 - loadIPPluginJar : add i3c
2024-01-23 19:39:49,594 [INFO] IPUIPlugin:80 - create IPUIPlugin
2024-01-23 19:39:49,594 [INFO] PluginManager:220 - loadIPPluginJar : add ucpd
2024-01-23 19:39:49,595 [INFO] IPUIPlugin:80 - create IPUIPlugin
2024-01-23 19:39:49,595 [INFO] PluginManager:220 - loadIPPluginJar : add cryp
2024-01-23 19:39:49,596 [INFO] IPUIPlugin:80 - create IPUIPlugin
2024-01-23 19:39:49,596 [INFO] PluginManager:220 - loadIPPluginJar : add spi
2024-01-23 19:39:49,597 [INFO] IPUIPlugin:80 - create IPUIPlugin
2024-01-23 19:39:49,597 [INFO] PluginManager:220 - loadIPPluginJar : add gfxmmu
2024-01-23 19:39:49,601 [INFO] IPUIPlugin:80 - create IPUIPlugin
2024-01-23 19:39:49,601 [INFO] PluginManager:220 - loadIPPluginJar : add mdma
2024-01-23 19:39:49,605 [INFO] IPUIPlugin:80 - create IPUIPlugin
2024-01-23 19:39:49,605 [INFO] PluginManager:220 - loadIPPluginJar : add dma
2024-01-23 19:39:49,607 [INFO] IPUIPlugin:80 - create IPUIPlugin
2024-01-23 19:39:49,607 [INFO] PluginManager:220 - loadIPPluginJar : add gtzc
2024-01-23 19:39:49,609 [INFO] IPUIPlugin:80 - create IPUIPlugin
2024-01-23 19:39:49,609 [INFO] PluginManager:220 - loadIPPluginJar : add ipddr
2024-01-23 19:39:49,612 [INFO] IPUIPlugin:80 - create IPUIPlugin
2024-01-23 19:39:49,612 [INFO] PluginManager:220 - loadIPPluginJar : add gic
2024-01-23 19:39:49,616 [INFO] IPUIPlugin:80 - create IPUIPlugin
2024-01-23 19:39:49,616 [INFO] PluginManager:220 - loadIPPluginJar : add linkedlist
2024-01-23 19:39:49,708 [INFO] CADModel:165 - CPN selected for project level
2024-01-23 19:39:49,708 [INFO] CADModel:114 - Register for checkConnection events
2024-01-23 19:39:49,708 [FATAL] Updater:308 - Updater called before beeing initialized
2024-01-23 19:39:49,708 [ERROR] CADModel:125 - Updater not yet initialized, retry later 
2024-01-23 19:39:49,799 [INFO] CADModel:165 - CPN selected for project level
2024-01-23 19:39:49,799 [INFO] CADModel:114 - Register for checkConnection events
2024-01-23 19:39:49,799 [FATAL] Updater:308 - Updater called before beeing initialized
2024-01-23 19:39:49,799 [ERROR] CADModel:125 - Updater not yet initialized, retry later 
2024-01-23 19:39:49,801 [FATAL] Updater:308 - Updater called before beeing initialized
2024-01-23 19:39:49,861 [FATAL] Updater:308 - Updater called before beeing initialized
2024-01-23 19:39:49,863 [INFO] DbMcusAds:53 - JSON generation date=Wed Nov 29 16:22:27 IST 2023 (1701255147200)
2024-01-23 19:39:49,863 [FATAL] Updater:308 - Updater called before beeing initialized
2024-01-23 19:39:49,889 [WARN] DetailPanel:346 - Failed to get advertising image, set to default
2024-01-23 19:39:49,957 [FATAL] Updater:308 - Updater called before beeing initialized
2024-01-23 19:39:49,958 [FATAL] Updater:308 - Updater called before beeing initialized
2024-01-23 19:39:49,958 [FATAL] Updater:308 - Updater called before beeing initialized
2024-01-23 19:39:49,958 [WARN] DetailPanel:346 - Failed to get advertising image, set to default
2024-01-23 19:39:49,959 [FATAL] Updater:308 - Updater called before beeing initialized
2024-01-23 19:39:49,982 [ERROR] Updater:1120 - MainUpdater not yet initialized. External WinMGr cannot be set.
2024-01-23 19:39:49,984 [INFO] Updater:1056 - Updater Version found : 6.10.0
2024-01-23 19:39:49,997 [INFO] ApplicationProperties:184 - Using Application install path: /home/ritik/st/stm32cubeide_1.14.0/plugins/com.st.stm32cube.common.mx_6.10.0.202311202037
2024-01-23 19:39:52,226 [INFO] MainUpdater:2873 - connection check result : 10
2024-01-23 19:39:52,227 [INFO] MainUpdater:290 - Updater Check For Update Now.
2024-01-23 19:39:52,227 [INFO] MicroXplorer:498 - Change Database Version : DB.6.0.100
2024-01-23 19:39:52,230 [INFO] McuFinderGlobals:63 - Set McuFinder mode to 2 (CubeIDE integrated)
2024-01-23 19:39:52,230 [INFO] UserAuth:180 - activating auth plugin
2024-01-23 19:39:52,233 [INFO] UserAuth:404 - Internet connection configuration mode: 1
2024-01-23 19:39:52,243 [INFO] JxBrowserEngine:152 - Initiate JxBrowser Engine with user profile folder
2024-01-23 19:39:52,255 [WARN] MainUpdater:1194 - Updater busy. Cannot search thirdparties
2024-01-23 19:39:52,255 [INFO] ThirdPartyUpdaterWithRetryManager:96 - Updater plugin is busy. [1/15]
2024-01-23 19:39:52,399 [INFO] CheckServerUpdateThread:120 - End of CheckServer Thread
2024-01-23 19:39:52,431 [INFO] MainUpdater:2873 - connection check result : 10
2024-01-23 19:39:52,623 [INFO] ApiDb:581 - Connected to CubeFinder SQLite database (/home/ritik/.stmcufinder/plugins/mcufinder/mcu/cube-finder-db.db)
2024-01-23 19:39:52,661 [INFO] ApiDb:668 - CubeFinder database Data Model version=2.1
2024-01-23 19:39:52,661 [INFO] ApiDb:669 - CubeFinder database Configuration version=3.0.39
2024-01-23 19:39:52,662 [INFO] ApiDb:670 - CubeFinder database generation date=2023-12-08 (1702028721)
2024-01-23 19:39:52,662 [INFO] ApiDb:671 - CubeFinder database FW Pack versions=[FP-ATR-ASTRA1_V2.0.0, FP-SNS-FLIGHT1_V5.0.1, FP-SNS-FLIGHT1_V5.0.2, FP-SNS-MOTENV1_V4.3.1, FP-SNS-MOTENV1_V4.3.2, FP-SNS-MOTENVWB1_V1.3.1, FP-SNS-SMARTAG2_V1.2.0, STM32Cube_FW_C0_V1.1.0, STM32Cube_FW_F4_V1.28.0, STM32Cube_FW_F7_V1.17.0, STM32Cube_FW_G0_V1.6.1, STM32Cube_FW_G4_V1.5.1, STM32Cube_FW_H5_V0.5.1, STM32Cube_FW_H5_V1.1.1, STM32Cube_FW_H5_V1.2.0RC2, STM32Cube_FW_H7_V1.11.0, STM32Cube_FW_L0_V1.12.2, STM32Cube_FW_L5_V1.5.0, STM32Cube_FW_U5_V1.3.0RC4, STM32Cube_FW_U5_V1.4.0, STM32Cube_FW_WBA_V1.0.0RC1, STM32Cube_FW_WBA_V1.1.0RC1, STM32Cube_FW_WBA_V1.2.0, STM32Cube_FW_WBA_V1.2.0RC2, STM32Cube_FW_WB_V1.15.0RC1, STM32Cube_FW_WB_V1.16.0, STM32Cube_FW_WB_V1.16.0RC2, STM32Cube_FW_WB_V1.18.0, STM32Cube_FW_WL_V1.3.0, X-CUBE-ALGOBUILD_V1.3.0, X-CUBE-ALS_V1.0.1, X-CUBE-AZRTOS-F4_V1.1.0, X-CUBE-AZRTOS-F7_V1.1.0, X-CUBE-AZRTOS-G0_V1.1.0, X-CUBE-AZRTOS-G4_V2.0.0, X-CUBE-AZRTOS-H7_V3.1.0, X-CUBE-AZRTOS-L4_V1.0.0, X-CUBE-AZRTOS-L4_V2.0.0, X-CUBE-AZRTOS-L5_V1.1.0, X-CUBE-AZRTOS-WB_V2.0.0, X-CUBE-AZRTOS-WL_V2.0.0, X-CUBE-BLE1_V7.0.0, X-CUBE-BLE2_V3.3.0, X-CUBE-BLEMGR_V3.0.0, X-CUBE-EEPRMA1_V4.1.0, X-CUBE-EEPRMA1_V4.2.0, X-CUBE-FREERTOS_V1.1.0, X-CUBE-GNSS1_V6.0.0, X-CUBE-MEMS1_V10.0.0, X-CUBE-MEMS1_V9.1.0, X-CUBE-MEMS1_V9.4.0, X-CUBE-MEMS1_V9.6.0, X-CUBE-NFC4_V3.0.0, X-CUBE-NFC7_V1.0.1, X-CUBE-SFXS2LP1_V4.0.0, X-CUBE-SUBG2_V5.0.0, X-CUBE-TOF1_V3.4.0]
2024-01-23 19:39:52,757 [INFO] DbBoardsSqlite:226 - include board P-NUCLEO-WB55-NUCLEO as a kit item of type 'Nucleo-64'
2024-01-23 19:39:52,757 [INFO] DbBoardsSqlite:226 - include board P-NUCLEO-WB55-USBDONGLE as a kit item of type 'Nucleo USB Dongle'
2024-01-23 19:39:52,758 [INFO] DbBoardsSqlite:226 - include board STEVAL-IDP005V1 as a kit item of type 'Evaluation Board'
2024-01-23 19:39:52,759 [INFO] DbBoardsSqlite:226 - include board STEVAL-IDP005V2 as a kit item of type 'Evaluation Board'
2024-01-23 19:39:52,859 [INFO] ApiDb:240 - Found 371 in-development CPN: [B-G473E-ZEST1S, B-WB1M-WPAN1, B-WL5M-SUBG1, NUCLEO-C031C6, NUCLEO-H503RB, NUCLEO-H563ZI, NUCLEO-U545RE-Q, NUCLEO-U5A5ZJ-Q, NUCLEO-WBA52CG, NUCLEO-WBA55CG, STEVAL-MKBOXPRO, STEVAL-PROTEUS1, STEVAL-STWINBX1, STM320518-EVAL, STM32C0116-DK, STM32C011D6Y3TR, STM32C011D6Y6TR, STM32C011F4P3, STM32C011F4P6, STM32C011F4U3, STM32C011F4U6TR, STM32C011F6P3, STM32C011F6P6, STM32C011F6U3, STM32C011F6U6TR, STM32C011J4M3, STM32C011J4M6, STM32C011J6M3, STM32C011J6M6, STM32C0316-DK, STM32C031C4T3, STM32C031C4T6, STM32C031C4U3, STM32C031C4U6, STM32C031C6T3, STM32C031C6T6, STM32C031C6U3, STM32C031C6U6, STM32C031F4P3, STM32C031F4P6, STM32C031F6P3, STM32C031F6P6, STM32C031G4U3, STM32C031G4U6, STM32C031G6U3, STM32C031G6U6, STM32C031K4T3, STM32C031K4T6, STM32C031K4U3, STM32C031K4U6, STM32C031K6T3, STM32C031K6T6, STM32C031K6U3, STM32C031K6U6, STM32G071K8TXN, STM32G071K8UXN, STM32G081GBU6N, STM32G081KBT6N, STM32G081KBUXN, STM32G0B1CCT6N, STM32G0B1KCT6, STM32G0B1NEY6TR, STM32G0B1RCT6N, STM32G0C1CCT6, STM32G0C1CCT6N, STM32G0C1CCU6N, STM32G0C1CET6N, STM32G0C1CEU6N, STM32G0C1KCT6, STM32G0C1NEY6TR, STM32G0C1RCI6N, STM32G0C1RCT6N, STM32G0C1REI6N, STM32G0C1RET6N, STM32G0C1VCI6, STM32G0C1VEI6, STM32G471CCT6, STM32G471CCU6, STM32G471CET3, STM32G471CET6, STM32G471CEU3, STM32G471CEU6, STM32G471MCT6, STM32G471MET3, STM32G471MET6, STM32G471MEY6TR, STM32G471QCT6, STM32G471QET3, STM32G471RCT6, STM32G471RET3, STM32G471RET6, STM32G471VCH6, STM32G471VCI6, STM32G471VCT6, STM32G471VEH3, STM32G471VEH6, STM32G471VEI3, STM32G471VEI6, STM32G471VET3, STM32G471VET6, STM32G474CCT6, STM32H503CBT6, STM32H503CBU6, STM32H503EBY6TR, STM32H503KBU6, STM32H503RBT6, STM32H562AGI6, STM32H562AII6, STM32H562IGK6, STM32H562IGT6, STM32H562IIK6, STM32H562IIT6, STM32H562RGT6, STM32H562RGV6, STM32H562RIT6, STM32H562RIV6, STM32H562VGT6, STM32H562VIT6, STM32H562ZGT6, STM32H562ZIT6, STM32H563AGI6, STM32H563AII3Q, STM32H563AII6, STM32H563IGK6, STM32H563IGT6, STM32H563IIK3Q, STM32H563IIK6, STM32H563IIT3Q, STM32H563IIT6, STM32H563MIY3QTR, STM32H563RGT6, STM32H563RGV6, STM32H563RIT6, STM32H563RIV6, STM32H563VGT6, STM32H563VIT3Q, STM32H563VIT6, STM32H563ZGT6, STM32H563ZIT3Q, STM32H563ZIT6, STM32H573AII3Q, STM32H573AII6, STM32H573I-DK, STM32H573IIK3Q, STM32H573IIK6, STM32H573IIT3Q, STM32H573IIT6, STM32H573MIY3QTR, STM32H573RIT6, STM32H573RIV6, STM32H573VIT3Q, STM32H573VIT6, STM32H573ZIT3Q, STM32H573ZIT6, STM32L4R5QGI6STR, STM32MP131AAE3, STM32MP131AAF3, STM32MP131AAG3, STM32MP131CAE3, STM32MP131CAF3, STM32MP131CAG3, STM32MP131DAE7, STM32MP131DAF7, STM32MP131DAG7, STM32MP131FAE7, STM32MP131FAF7, STM32MP131FAG7, STM32MP133AAE3, STM32MP133AAF3, STM32MP133AAG3, STM32MP133CAE3, STM32MP133CAF3, STM32MP133CAG3, STM32MP133DAE7, STM32MP133DAF7, STM32MP133DAG7, STM32MP133FAE7, STM32MP133FAF7, STM32MP133FAG7, STM32MP135AAE3, STM32MP135AAF3, STM32MP135AAG3, STM32MP135CAE3, STM32MP135CAF3, STM32MP135CAG3, STM32MP135DAE7, STM32MP135DAF7, STM32MP135DAG7, STM32MP135F-DK, STM32MP135FAE7, STM32MP135FAF7, STM32MP135FAF7T, STM32MP135FAF7U, STM32MP135FAG7, STM32U535CBT6, STM32U535CBT6Q, STM32U535CBU6, STM32U535CBU6Q, STM32U535CCT6, STM32U535CCT6Q, STM32U535CCU6, STM32U535CCU6Q, STM32U535CET6, STM32U535CET6Q, STM32U535CEU6, STM32U535CEU6Q, STM32U535JEY6QTR, STM32U535NCY6QTR, STM32U535NEY6QTR, STM32U535RBI6, STM32U535RBI6Q, STM32U535RBT6, STM32U535RBT6Q, STM32U535RCI6, STM32U535RCI6Q, STM32U535RCT6, STM32U535RCT6Q, STM32U535REI6, STM32U535REI6Q, STM32U535RET6, STM32U535RET6Q, STM32U535VCI6, STM32U535VCI6Q, STM32U535VCT6, STM32U535VCT6Q, STM32U535VEI6, STM32U535VEI6Q, STM32U535VET6, STM32U535VET6Q, STM32U545CET6, STM32U545CET6Q, STM32U545CEU6, STM32U545CEU6Q, STM32U545JEY6QTR, STM32U545NEY6QTR, STM32U545REI6, STM32U545REI6Q, STM32U545RET6, STM32U545RET6Q, STM32U545VEI6, STM32U545VEI6Q, STM32U545VET6, STM32U545VET6Q, STM32U595AIH6, STM32U595AIH6Q, STM32U595AJH6, STM32U595AJH6Q, STM32U595QII6, STM32U595QII6Q, STM32U595QJI6, STM32U595QJI6Q, STM32U595RIT6, STM32U595RIT6Q, STM32U595RJT6, STM32U595RJT6Q, STM32U595VIT6, STM32U595VIT6Q, STM32U595VJT6, STM32U595VJT6Q, STM32U595ZIT6, STM32U595ZIT6Q, STM32U595ZIY6QTR, STM32U595ZJT6, STM32U595ZJT6Q, STM32U595ZJY6QTR, STM32U599BJY6QTR, STM32U599NIH6Q, STM32U599NJH6Q, STM32U599VIT6Q, STM32U599VJT6, STM32U599VJT6Q, STM32U599ZIT6Q, STM32U599ZIY6QTR, STM32U599ZJT6Q, STM32U599ZJY6QTR, STM32U5A5AJH6, STM32U5A5AJH6Q, STM32U5A5QJI6, STM32U5A5QJI6Q, STM32U5A5RJT6, STM32U5A5RJT6Q, STM32U5A5VJT6, STM32U5A5VJT6Q, STM32U5A5ZJT6, STM32U5A5ZJT6Q, STM32U5A5ZJY6QTR, STM32U5A9BJY6QTR, STM32U5A9J-DK, STM32U5A9NJH6Q, STM32U5A9VJT6Q, STM32U5A9ZJT6Q, STM32U5A9ZJY6QTR, STM32U5F7VIT6, STM32U5F7VIT6Q, STM32U5F7VJT6, STM32U5F7VJT6Q, STM32U5F9BJY6QTR, STM32U5F9NJH6Q, STM32U5F9VIT6Q, STM32U5F9VJT6Q, STM32U5F9ZIJ6QTR, STM32U5F9ZIT6Q, STM32U5F9ZJJ6QTR, STM32U5F9ZJT6Q, STM32U5G7VJT6, STM32U5G7VJT6Q, STM32U5G9BJY6QTR, STM32U5G9J-DK1, STM32U5G9J-DK2, STM32U5G9NJH6Q, STM32U5G9VJT6Q, STM32U5G9ZJJ6QTR, STM32U5G9ZJT6Q, STM32WB1MMCH6, STM32WBA50KEU6, STM32WBA50KEU6TR, STM32WBA50KGU6, STM32WBA50KGU6TR, STM32WBA52CEU6, STM32WBA52CEU6TR, STM32WBA52CEU7, STM32WBA52CEU7TR, STM32WBA52CGU6, STM32WBA52CGU6TR, STM32WBA52CGU6U, STM32WBA52CGU7, STM32WBA52CGU7TR, STM32WBA52KEU6, STM32WBA52KEU6TR, STM32WBA52KGU6, STM32WBA52KGU6TR, STM32WBA54CEU6, STM32WBA54CEU6TR, STM32WBA54CEU7, STM32WBA54CEU7TR, STM32WBA54CGU6, STM32WBA54CGU6TR, STM32WBA54CGU7, STM32WBA54CGU7TR, STM32WBA54KEU6, STM32WBA54KEU6TR, STM32WBA54KEU7, STM32WBA54KEU7TR, STM32WBA54KGU6, STM32WBA54KGU6TR, STM32WBA54KGU7, STM32WBA54KGU7TR, STM32WBA55CEU6, STM32WBA55CEU6TR, STM32WBA55CEU7, STM32WBA55CEU7TR, STM32WBA55CGU6, STM32WBA55CGU6TR, STM32WBA55CGU6U, STM32WBA55CGU7, STM32WBA55CGU7TR, STM32WBA55G-DK1, STM32WBA55HEF6, STM32WBA55HEF7, STM32WBA55HGF6, STM32WBA55HGF7, STM32WBA55UEI6, STM32WBA55UEI6TR, STM32WBA55UEI7, STM32WBA55UEI7TR, STM32WBA55UGI6, STM32WBA55UGI6TR, STM32WBA55UGI7, STM32WBA55UGI7TR, STM32WL5MOCH6, STM32WL5MOCH6TR]
2024-01-23 19:39:52,926 [INFO] WebApp:161 - Instantiating new browser for Auth
2024-01-23 19:39:52,929 [INFO] BoardInfo:889 - No configuration file found for board P-NUCLEO-WB55
2024-01-23 19:39:52,929 [INFO] DbBoards:161 - Kit is not supported: P-NUCLEO-WB55
2024-01-23 19:39:52,932 [INFO] BoardInfo:889 - No configuration file found for board STEVAL-BFA001V1B
2024-01-23 19:39:52,932 [INFO] DbBoards:161 - Kit is not supported: STEVAL-BFA001V1B
2024-01-23 19:39:52,933 [INFO] BoardInfo:889 - No configuration file found for board STEVAL-BFA001V2B
2024-01-23 19:39:52,933 [INFO] DbBoards:161 - Kit is not supported: STEVAL-BFA001V2B
2024-01-23 19:39:53,013 [INFO] DbBoards:168 - Found 193 boards, 190 are supported
2024-01-23 19:39:53,013 [INFO] DbBoards:169 - Found 193 boards, 3 of them is supported for  Bsp
2024-01-23 19:39:53,015 [INFO] ApiDb:668 - CubeFinder database Data Model version=2.1
2024-01-23 19:39:53,016 [INFO] ApiDb:669 - CubeFinder database Configuration version=3.0.39
2024-01-23 19:39:53,016 [INFO] ApiDb:670 - CubeFinder database generation date=2023-12-08 (1702028721)
2024-01-23 19:39:53,016 [INFO] ApiDb:671 - CubeFinder database FW Pack versions=[FP-ATR-ASTRA1_V2.0.0, FP-SNS-FLIGHT1_V5.0.1, FP-SNS-FLIGHT1_V5.0.2, FP-SNS-MOTENV1_V4.3.1, FP-SNS-MOTENV1_V4.3.2, FP-SNS-MOTENVWB1_V1.3.1, FP-SNS-SMARTAG2_V1.2.0, STM32Cube_FW_C0_V1.1.0, STM32Cube_FW_F4_V1.28.0, STM32Cube_FW_F7_V1.17.0, STM32Cube_FW_G0_V1.6.1, STM32Cube_FW_G4_V1.5.1, STM32Cube_FW_H5_V0.5.1, STM32Cube_FW_H5_V1.1.1, STM32Cube_FW_H5_V1.2.0RC2, STM32Cube_FW_H7_V1.11.0, STM32Cube_FW_L0_V1.12.2, STM32Cube_FW_L5_V1.5.0, STM32Cube_FW_U5_V1.3.0RC4, STM32Cube_FW_U5_V1.4.0, STM32Cube_FW_WBA_V1.0.0RC1, STM32Cube_FW_WBA_V1.1.0RC1, STM32Cube_FW_WBA_V1.2.0, STM32Cube_FW_WBA_V1.2.0RC2, STM32Cube_FW_WB_V1.15.0RC1, STM32Cube_FW_WB_V1.16.0, STM32Cube_FW_WB_V1.16.0RC2, STM32Cube_FW_WB_V1.18.0, STM32Cube_FW_WL_V1.3.0, X-CUBE-ALGOBUILD_V1.3.0, X-CUBE-ALS_V1.0.1, X-CUBE-AZRTOS-F4_V1.1.0, X-CUBE-AZRTOS-F7_V1.1.0, X-CUBE-AZRTOS-G0_V1.1.0, X-CUBE-AZRTOS-G4_V2.0.0, X-CUBE-AZRTOS-H7_V3.1.0, X-CUBE-AZRTOS-L4_V1.0.0, X-CUBE-AZRTOS-L4_V2.0.0, X-CUBE-AZRTOS-L5_V1.1.0, X-CUBE-AZRTOS-WB_V2.0.0, X-CUBE-AZRTOS-WL_V2.0.0, X-CUBE-BLE1_V7.0.0, X-CUBE-BLE2_V3.3.0, X-CUBE-BLEMGR_V3.0.0, X-CUBE-EEPRMA1_V4.1.0, X-CUBE-EEPRMA1_V4.2.0, X-CUBE-FREERTOS_V1.1.0, X-CUBE-GNSS1_V6.0.0, X-CUBE-MEMS1_V10.0.0, X-CUBE-MEMS1_V9.1.0, X-CUBE-MEMS1_V9.4.0, X-CUBE-MEMS1_V9.6.0, X-CUBE-NFC4_V3.0.0, X-CUBE-NFC7_V1.0.1, X-CUBE-SFXS2LP1_V4.0.0, X-CUBE-SUBG2_V5.0.0, X-CUBE-TOF1_V3.4.0]
2024-01-23 19:39:53,304 [INFO] WebApp:780 - Register for checkConnection events
2024-01-23 19:39:53,304 [INFO] WebApp:414 - Apply proxy settings
2024-01-23 19:39:53,304 [INFO] WebApp:499 - Chromium requires no authentication
2024-01-23 19:39:53,308 [INFO] WebApp:442 - Direct internet connection detected
2024-01-23 19:39:53,383 [INFO] WebApp:192 - Starting web application
2024-01-23 19:39:53,383 [INFO] WebApp:544 - Web application path used /home/ritik/st/stm32cubeide_1.14.0/plugins/com.st.stm32cube.common.mx_6.10.0.202311202037/db/plugins/mcufinder/reactClient1/index.html
2024-01-23 19:39:54,689 [INFO] ApiDb:240 - Found 371 in-development CPN: [B-G473E-ZEST1S, B-WB1M-WPAN1, B-WL5M-SUBG1, NUCLEO-C031C6, NUCLEO-H503RB, NUCLEO-H563ZI, NUCLEO-U545RE-Q, NUCLEO-U5A5ZJ-Q, NUCLEO-WBA52CG, NUCLEO-WBA55CG, STEVAL-MKBOXPRO, STEVAL-PROTEUS1, STEVAL-STWINBX1, STM320518-EVAL, STM32C0116-DK, STM32C011D6Y3TR, STM32C011D6Y6TR, STM32C011F4P3, STM32C011F4P6, STM32C011F4U3, STM32C011F4U6TR, STM32C011F6P3, STM32C011F6P6, STM32C011F6U3, STM32C011F6U6TR, STM32C011J4M3, STM32C011J4M6, STM32C011J6M3, STM32C011J6M6, STM32C0316-DK, STM32C031C4T3, STM32C031C4T6, STM32C031C4U3, STM32C031C4U6, STM32C031C6T3, STM32C031C6T6, STM32C031C6U3, STM32C031C6U6, STM32C031F4P3, STM32C031F4P6, STM32C031F6P3, STM32C031F6P6, STM32C031G4U3, STM32C031G4U6, STM32C031G6U3, STM32C031G6U6, STM32C031K4T3, STM32C031K4T6, STM32C031K4U3, STM32C031K4U6, STM32C031K6T3, STM32C031K6T6, STM32C031K6U3, STM32C031K6U6, STM32G071K8TXN, STM32G071K8UXN, STM32G081GBU6N, STM32G081KBT6N, STM32G081KBUXN, STM32G0B1CCT6N, STM32G0B1KCT6, STM32G0B1NEY6TR, STM32G0B1RCT6N, STM32G0C1CCT6, STM32G0C1CCT6N, STM32G0C1CCU6N, STM32G0C1CET6N, STM32G0C1CEU6N, STM32G0C1KCT6, STM32G0C1NEY6TR, STM32G0C1RCI6N, STM32G0C1RCT6N, STM32G0C1REI6N, STM32G0C1RET6N, STM32G0C1VCI6, STM32G0C1VEI6, STM32G471CCT6, STM32G471CCU6, STM32G471CET3, STM32G471CET6, STM32G471CEU3, STM32G471CEU6, STM32G471MCT6, STM32G471MET3, STM32G471MET6, STM32G471MEY6TR, STM32G471QCT6, STM32G471QET3, STM32G471RCT6, STM32G471RET3, STM32G471RET6, STM32G471VCH6, STM32G471VCI6, STM32G471VCT6, STM32G471VEH3, STM32G471VEH6, STM32G471VEI3, STM32G471VEI6, STM32G471VET3, STM32G471VET6, STM32G474CCT6, STM32H503CBT6, STM32H503CBU6, STM32H503EBY6TR, STM32H503KBU6, STM32H503RBT6, STM32H562AGI6, STM32H562AII6, STM32H562IGK6, STM32H562IGT6, STM32H562IIK6, STM32H562IIT6, STM32H562RGT6, STM32H562RGV6, STM32H562RIT6, STM32H562RIV6, STM32H562VGT6, STM32H562VIT6, STM32H562ZGT6, STM32H562ZIT6, STM32H563AGI6, STM32H563AII3Q, STM32H563AII6, STM32H563IGK6, STM32H563IGT6, STM32H563IIK3Q, STM32H563IIK6, STM32H563IIT3Q, STM32H563IIT6, STM32H563MIY3QTR, STM32H563RGT6, STM32H563RGV6, STM32H563RIT6, STM32H563RIV6, STM32H563VGT6, STM32H563VIT3Q, STM32H563VIT6, STM32H563ZGT6, STM32H563ZIT3Q, STM32H563ZIT6, STM32H573AII3Q, STM32H573AII6, STM32H573I-DK, STM32H573IIK3Q, STM32H573IIK6, STM32H573IIT3Q, STM32H573IIT6, STM32H573MIY3QTR, STM32H573RIT6, STM32H573RIV6, STM32H573VIT3Q, STM32H573VIT6, STM32H573ZIT3Q, STM32H573ZIT6, STM32L4R5QGI6STR, STM32MP131AAE3, STM32MP131AAF3, STM32MP131AAG3, STM32MP131CAE3, STM32MP131CAF3, STM32MP131CAG3, STM32MP131DAE7, STM32MP131DAF7, STM32MP131DAG7, STM32MP131FAE7, STM32MP131FAF7, STM32MP131FAG7, STM32MP133AAE3, STM32MP133AAF3, STM32MP133AAG3, STM32MP133CAE3, STM32MP133CAF3, STM32MP133CAG3, STM32MP133DAE7, STM32MP133DAF7, STM32MP133DAG7, STM32MP133FAE7, STM32MP133FAF7, STM32MP133FAG7, STM32MP135AAE3, STM32MP135AAF3, STM32MP135AAG3, STM32MP135CAE3, STM32MP135CAF3, STM32MP135CAG3, STM32MP135DAE7, STM32MP135DAF7, STM32MP135DAG7, STM32MP135F-DK, STM32MP135FAE7, STM32MP135FAF7, STM32MP135FAF7T, STM32MP135FAF7U, STM32MP135FAG7, STM32U535CBT6, STM32U535CBT6Q, STM32U535CBU6, STM32U535CBU6Q, STM32U535CCT6, STM32U535CCT6Q, STM32U535CCU6, STM32U535CCU6Q, STM32U535CET6, STM32U535CET6Q, STM32U535CEU6, STM32U535CEU6Q, STM32U535JEY6QTR, STM32U535NCY6QTR, STM32U535NEY6QTR, STM32U535RBI6, STM32U535RBI6Q, STM32U535RBT6, STM32U535RBT6Q, STM32U535RCI6, STM32U535RCI6Q, STM32U535RCT6, STM32U535RCT6Q, STM32U535REI6, STM32U535REI6Q, STM32U535RET6, STM32U535RET6Q, STM32U535VCI6, STM32U535VCI6Q, STM32U535VCT6, STM32U535VCT6Q, STM32U535VEI6, STM32U535VEI6Q, STM32U535VET6, STM32U535VET6Q, STM32U545CET6, STM32U545CET6Q, STM32U545CEU6, STM32U545CEU6Q, STM32U545JEY6QTR, STM32U545NEY6QTR, STM32U545REI6, STM32U545REI6Q, STM32U545RET6, STM32U545RET6Q, STM32U545VEI6, STM32U545VEI6Q, STM32U545VET6, STM32U545VET6Q, STM32U595AIH6, STM32U595AIH6Q, STM32U595AJH6, STM32U595AJH6Q, STM32U595QII6, STM32U595QII6Q, STM32U595QJI6, STM32U595QJI6Q, STM32U595RIT6, STM32U595RIT6Q, STM32U595RJT6, STM32U595RJT6Q, STM32U595VIT6, STM32U595VIT6Q, STM32U595VJT6, STM32U595VJT6Q, STM32U595ZIT6, STM32U595ZIT6Q, STM32U595ZIY6QTR, STM32U595ZJT6, STM32U595ZJT6Q, STM32U595ZJY6QTR, STM32U599BJY6QTR, STM32U599NIH6Q, STM32U599NJH6Q, STM32U599VIT6Q, STM32U599VJT6, STM32U599VJT6Q, STM32U599ZIT6Q, STM32U599ZIY6QTR, STM32U599ZJT6Q, STM32U599ZJY6QTR, STM32U5A5AJH6, STM32U5A5AJH6Q, STM32U5A5QJI6, STM32U5A5QJI6Q, STM32U5A5RJT6, STM32U5A5RJT6Q, STM32U5A5VJT6, STM32U5A5VJT6Q, STM32U5A5ZJT6, STM32U5A5ZJT6Q, STM32U5A5ZJY6QTR, STM32U5A9BJY6QTR, STM32U5A9J-DK, STM32U5A9NJH6Q, STM32U5A9VJT6Q, STM32U5A9ZJT6Q, STM32U5A9ZJY6QTR, STM32U5F7VIT6, STM32U5F7VIT6Q, STM32U5F7VJT6, STM32U5F7VJT6Q, STM32U5F9BJY6QTR, STM32U5F9NJH6Q, STM32U5F9VIT6Q, STM32U5F9VJT6Q, STM32U5F9ZIJ6QTR, STM32U5F9ZIT6Q, STM32U5F9ZJJ6QTR, STM32U5F9ZJT6Q, STM32U5G7VJT6, STM32U5G7VJT6Q, STM32U5G9BJY6QTR, STM32U5G9J-DK1, STM32U5G9J-DK2, STM32U5G9NJH6Q, STM32U5G9VJT6Q, STM32U5G9ZJJ6QTR, STM32U5G9ZJT6Q, STM32WB1MMCH6, STM32WBA50KEU6, STM32WBA50KEU6TR, STM32WBA50KGU6, STM32WBA50KGU6TR, STM32WBA52CEU6, STM32WBA52CEU6TR, STM32WBA52CEU7, STM32WBA52CEU7TR, STM32WBA52CGU6, STM32WBA52CGU6TR, STM32WBA52CGU6U, STM32WBA52CGU7, STM32WBA52CGU7TR, STM32WBA52KEU6, STM32WBA52KEU6TR, STM32WBA52KGU6, STM32WBA52KGU6TR, STM32WBA54CEU6, STM32WBA54CEU6TR, STM32WBA54CEU7, STM32WBA54CEU7TR, STM32WBA54CGU6, STM32WBA54CGU6TR, STM32WBA54CGU7, STM32WBA54CGU7TR, STM32WBA54KEU6, STM32WBA54KEU6TR, STM32WBA54KEU7, STM32WBA54KEU7TR, STM32WBA54KGU6, STM32WBA54KGU6TR, STM32WBA54KGU7, STM32WBA54KGU7TR, STM32WBA55CEU6, STM32WBA55CEU6TR, STM32WBA55CEU7, STM32WBA55CEU7TR, STM32WBA55CGU6, STM32WBA55CGU6TR, STM32WBA55CGU6U, STM32WBA55CGU7, STM32WBA55CGU7TR, STM32WBA55G-DK1, STM32WBA55HEF6, STM32WBA55HEF7, STM32WBA55HGF6, STM32WBA55HGF7, STM32WBA55UEI6, STM32WBA55UEI6TR, STM32WBA55UEI7, STM32WBA55UEI7TR, STM32WBA55UGI6, STM32WBA55UGI6TR, STM32WBA55UGI7, STM32WBA55UGI7TR, STM32WL5MOCH6, STM32WL5MOCH6TR]
2024-01-23 19:39:54,692 [INFO] DbMcus:218 - Found 3930 MCUs, 3930 are supported
2024-01-23 19:39:54,692 [INFO] ApiDb:423 - Load user favorites file /home/ritik/.stm32cubeide/favorites.mcus.txt: 0 item(s)
2024-01-23 19:39:54,692 [INFO] ApiDb:427 - User favorites MCUs=[]
2024-01-23 19:39:54,692 [INFO] DbMcus:224 - Set 0 / 0 favorites MCUs
2024-01-23 19:39:54,830 [INFO] ApiDb:414 - User favorites file not found: /home/ritik/.stm32cubeide/favorites.boards.txt
2024-01-23 19:39:54,830 [INFO] DbBoards:198 - Set 0 / 0 favorites Boards
2024-01-23 19:39:54,830 [INFO] McuFinderGlobals:76 - Set McuFinderConnectedMode to true
2024-01-23 19:39:54,834 [INFO] MultiScanPanel:200 - Auto-refresh data requested => check proxy status ongoing
2024-01-23 19:39:54,835 [INFO] FinderPluginLoader:95 - Searching for filters in installed packs
2024-01-23 19:39:55,373 [WARN] PackLoader:240 - Cannot read IP mode file for STMicroelectronics.X-CUBE-SMBUS.2.1.0
2024-01-23 19:39:55,380 [WARN] PackLoader:240 - Cannot read IP mode file for STMicroelectronics.X-CUBE-TOUCHGFX.4.23.0
2024-01-23 19:39:55,407 [WARN] PackLoader:240 - Cannot read IP mode file for STMicroelectronics.X-CUBE-AZRTOS-F7.1.1.0
2024-01-23 19:39:55,417 [WARN] PackLoader:240 - Cannot read IP mode file for STMicroelectronics.FP-SNS-MOTENV1.4.3.2
2024-01-23 19:39:55,423 [WARN] PackLoader:240 - Cannot read IP mode file for STMicroelectronics.FP-SNS-FLIGHT1.5.0.2
2024-01-23 19:39:55,432 [WARN] PackLoader:240 - Cannot read IP mode file for STMicroelectronics.X-CUBE-DISPLAY.3.0.0
2024-01-23 19:39:55,444 [WARN] PackLoader:240 - Cannot read IP mode file for STMicroelectronics.X-CUBE-BLE1.7.0.0
2024-01-23 19:39:55,449 [WARN] PackLoader:240 - Cannot read IP mode file for emotas.I-CUBE-CANOPEN.1.3.0
2024-01-23 19:39:55,453 [WARN] PackLoader:240 - Cannot read IP mode file for STMicroelectronics.FP-SNS-SMARTAG2.1.2.0
2024-01-23 19:39:55,463 [INFO] LogOutputStream:77 - [STDOUT_REDIRECT] 1 : Invalid condition id : UX_CORESTACK_Condition cause : null
2024-01-23 19:39:55,463 [INFO] LogOutputStream:77 - [STDOUT_REDIRECT] 1 : Invalid condition id : UX_CORESTACK_Condition cause : null
2024-01-23 19:39:55,464 [INFO] LogOutputStream:77 - [STDOUT_REDIRECT] 1 : Invalid condition id : UX_CORESTACK_Condition cause : null
2024-01-23 19:39:55,464 [INFO] LogOutputStream:77 - [STDOUT_REDIRECT] 1 : Invalid condition id : UX_CORESTACK_Condition cause : null
2024-01-23 19:39:55,464 [INFO] LogOutputStream:77 - [STDOUT_REDIRECT] 1 : Invalid condition id : UX_CORESTACK_Condition cause : null
2024-01-23 19:39:55,468 [WARN] PackLoader:240 - Cannot read IP mode file for STMicroelectronics.X-CUBE-AZRTOS-WL.2.0.0
2024-01-23 19:39:55,474 [WARN] PackLoader:240 - Cannot read IP mode file for STMicroelectronics.X-CUBE-BLE2.3.3.0
2024-01-23 19:39:55,479 [WARN] PackLoader:240 - Cannot read IP mode file for STMicroelectronics.X-CUBE-ALGOBUILD.1.3.0
2024-01-23 19:39:55,497 [WARN] PackLoader:240 - Cannot read IP mode file for STMicroelectronics.X-CUBE-AZRTOS-G0.1.1.0
2024-01-23 19:39:55,505 [WARN] PackLoader:240 - Cannot read IP mode file for STMicroelectronics.X-CUBE-NFC4.3.0.0
2024-01-23 19:39:55,516 [WARN] PackLoader:240 - Cannot read IP mode file for STMicroelectronics.X-CUBE-BLEMGR.3.0.0
2024-01-23 19:39:55,523 [WARN] PackLoader:240 - Cannot read IP mode file for STMicroelectronics.FP-ATR-SIGFOX1.3.2.0
2024-01-23 19:39:55,529 [WARN] PackLoader:240 - Cannot read IP mode file for STMicroelectronics.X-CUBE-GNSS1.6.0.0
2024-01-23 19:39:55,549 [WARN] PackLoader:240 - Cannot read IP mode file for STMicroelectronics.X-CUBE-AZRTOS-F4.1.1.0
2024-01-23 19:39:55,576 [WARN] PackLoader:240 - Cannot read IP mode file for STMicroelectronics.X-CUBE-AZRTOS-L5.2.0.0
2024-01-23 19:39:55,583 [WARN] PackLoader:240 - Cannot read IP mode file for STMicroelectronics.X-CUBE-EEPRMA1.4.2.0
2024-01-23 19:39:55,588 [WARN] PackLoader:240 - Cannot read IP mode file for ITTIA_DB.I-CUBE-ITTIADB.8.8.0
2024-01-23 19:39:55,592 [WARN] PackLoader:240 - Cannot read IP mode file for STMicroelectronics.X-CUBE-NFC7.1.0.1
2024-01-23 19:39:55,598 [WARN] PackLoader:240 - Cannot read IP mode file for STMicroelectronics.X-CUBE-NFC6.3.0.0
2024-01-23 19:39:55,602 [WARN] PackLoader:240 - Cannot read IP mode file for STMicroelectronics.X-CUBE-AI.8.1.0
2024-01-23 19:39:55,616 [WARN] ConditionMgr:438 - getConditionDescription Invalid condition id : LAN8742 Phy interface Condition cause : null
2024-01-23 19:39:55,617 [WARN] PackLoader:240 - Cannot read IP mode file for STMicroelectronics.X-CUBE-AZRTOS-L4.2.0.0
2024-01-23 19:39:55,619 [WARN] ConditionMgr:1039 - genDependencies : Invalid condition id : LAN8742 Phy interface Condition cause : null
2024-01-23 19:39:55,619 [WARN] ConditionMgr:1039 - genDependencies : Invalid condition id : LAN8742 Phy interface Condition cause : null
2024-01-23 19:39:55,620 [WARN] ConditionMgr:1039 - genDependencies : Invalid condition id : LAN8742 Phy interface Condition cause : null
2024-01-23 19:39:55,626 [WARN] PackLoader:240 - Cannot read IP mode file for STMicroelectronics.X-CUBE-SFXS2LP1.4.0.0
2024-01-23 19:39:55,637 [WARN] ConditionMgr:438 - getConditionDescription Invalid condition id : UX DEVICE CLASS RTOS Condition cause : null
2024-01-23 19:39:55,638 [WARN] ConditionMgr:438 - getConditionDescription Invalid condition id : UX DEVICE CLASS RTOS Condition cause : null
2024-01-23 19:39:55,640 [WARN] PackLoader:240 - Cannot read IP mode file for STMicroelectronics.X-CUBE-AZRTOS-WB.2.0.0
2024-01-23 19:39:55,641 [WARN] ConditionMgr:1039 - genDependencies : Invalid condition id : UX DEVICE CLASS RTOS Condition cause : null
2024-01-23 19:39:55,641 [WARN] ConditionMgr:1039 - genDependencies : Invalid condition id : UX DEVICE CLASS RTOS Condition cause : null
2024-01-23 19:39:55,641 [WARN] ConditionMgr:1039 - genDependencies : Invalid condition id : UX DEVICE CLASS RTOS Condition cause : null
2024-01-23 19:39:55,642 [WARN] ConditionMgr:1039 - genDependencies : Invalid condition id : UX DEVICE CLASS RTOS Condition cause : null
2024-01-23 19:39:55,642 [WARN] ConditionMgr:1039 - genDependencies : Invalid condition id : UX DEVICE CLASS RTOS Condition cause : null
2024-01-23 19:39:55,650 [WARN] PackLoader:240 - Cannot read IP mode file for STMicroelectronics.X-CUBE-SUBG2.5.0.0
2024-01-23 19:39:55,667 [WARN] PackLoader:240 - Cannot read IP mode file for STMicroelectronics.X-CUBE-AZRTOS-G4.2.0.0
2024-01-23 19:39:55,684 [WARN] PackLoader:240 - Cannot read IP mode file for Infineon.AIROC-Wi-Fi-Bluetooth-STM32.1.5.1
2024-01-23 19:39:55,690 [WARN] PackLoader:240 - Cannot read IP mode file for STMicroelectronics.FP-SNS-MOTENVWB1.1.3.1
2024-01-23 19:39:55,693 [WARN] PackLoader:240 - Cannot read IP mode file for STMicroelectronics.X-CUBE-ISPU.2.0.0
2024-01-23 19:39:55,730 [WARN] PackLoader:240 - Cannot read IP mode file for STMicroelectronics.X-CUBE-MEMS1.10.0.0
2024-01-23 19:39:55,905 [WARN] PackLoader:240 - Cannot read IP mode file for STMicroelectronics.X-CUBE-FREERTOS.1.1.0
2024-01-23 19:39:55,908 [WARN] PackLoader:240 - Cannot read IP mode file for STMicroelectronics.X-CUBE-ALS.1.0.1
2024-01-23 19:39:55,911 [WARN] PackLoader:240 - Cannot read IP mode file for STMicroelectronics.FP-ATR-ASTRA1.2.0.0
2024-01-23 19:39:55,918 [WARN] PackLoader:240 - Cannot read IP mode file for STMicroelectronics.X-CUBE-TOF1.3.4.0
2024-01-23 19:39:55,939 [WARN] PackLoader:240 - Cannot read IP mode file for STMicroelectronics.X-CUBE-AZRTOS-H7.3.2.0
2024-01-23 19:39:55,942 [INFO] ThirdParty:978 - Integrity check success = true
2024-01-23 19:39:55,942 [INFO] IntegrityCheckThread:100 - exiting critical section [integrity check]
2024-01-23 19:39:55,942 [INFO] IntegrityCheckThread:103 - End integrity checks thread
2024-01-23 19:39:56,185 [INFO] LoadUrlFilesThread:185 - End of LoadServerUrlFiles without Thread
2024-01-23 19:39:56,196 [INFO] DetailPanel:341 - Set advertising image to /home/ritik/STM32Cube/Repository//en.prom-stm32wl3-mcu-finder.jpg
2024-01-23 19:40:14,624 [ERROR] LogOutputStream:75 - [STDERR_REDIRECT] SLF4J: Failed to load class "org.slf4j.impl.StaticLoggerBinder".
2024-01-23 19:40:14,625 [ERROR] LogOutputStream:75 - [STDERR_REDIRECT] SLF4J: Defaulting to no-operation (NOP) logger implementation
2024-01-23 19:40:14,625 [ERROR] LogOutputStream:75 - [STDERR_REDIRECT] SLF4J: See http://www.slf4j.org/codes.html#StaticLoggerBinder for further details.
2024-01-23 19:41:07,334 [INFO] McuFinderGlobals:76 - Set McuFinderConnectedMode to true
2024-01-23 19:41:07,336 [INFO] ApiDb:448 - Save user favorites file /home/ritik/.stm32cubeide/favorites.mcus.txt: 0 item(s)
2024-01-23 19:41:07,337 [INFO] ApiDb:452 - User favorites MCUs=[]
2024-01-23 19:55:02,020 [ERROR] LogOutputStream:75 - [STDERR_REDIRECT] 
