2024-01-25 02:07:03,911 [INFO] LogOutputStream:77 - [STDOUT_REDIRECT] StartTraceHandler.execute(), success : Collect=true
2024-01-25 02:29:40,799 [ERROR] ConfigurationRetriever:142 - IOException on connection: sw-center.st.com
2024-01-25 02:29:40,800 [ERROR] ConfigurationRetriever:142 - IOException on connection: sw-center.st.com
2024-01-25 02:29:40,801 [ERROR] ConfigurationRetriever:142 - IOException on connection: sw-center.st.com
2024-01-25 02:29:41,481 [ERROR] LogOutputStream:75 - [STDERR_REDIRECT] 
2024-01-25 23:24:13,020 [INFO] Activator:176 - 


2024-01-25 23:24:13,022 [INFO] Activator:177 - !SESSION log4j initialized
2024-01-25 23:24:35,057 [INFO] LogOutputStream:77 - [STDOUT_REDIRECT] 
2024-01-25 23:24:35,558 [INFO] ApplicationProperties:184 - Using Application install path: /home/ritik/st/stm32cubeide_1.14.0/plugins/com.st.stm32cube.common.mx_6.10.0.202311202037
2024-01-25 23:24:35,568 [INFO] DbMcusXml:78 - Set database path to: /home/ritik/st/stm32cubeide_1.14.0/plugins/com.st.stm32cube.common.mx_6.10.0.202311202037//db//mcu/
2024-01-25 23:24:35,568 [INFO] ApiDb:274 - Set plugin database path to: /home/ritik/st/stm32cubeide_1.14.0/plugins/com.st.stm32cube.common.mx_6.10.0.202311202037//db//plugins/boardmanager/
2024-01-25 23:24:35,568 [WARN] ApiDb:259 - Overriding images path with different value:  => /home/ritik/st/stm32cubeide_1.14.0/plugins/com.st.stm32cube.common.mx_6.10.0.202311202037//db//plugins/mcufinder/images/
2024-01-25 23:24:35,572 [INFO] ApiDb:250 - Set database path to: /home/ritik/.stmcufinder/plugins/mcufinder//mcu/
2024-01-25 23:24:35,573 [INFO] DbMcusAds:125 - Set database path to: /home/ritik/.stmcufinder/plugins/mcufinder//mcu/
2024-01-25 23:24:35,574 [INFO] CrossReferenceDbSqlite:203 - Set database path to: /home/ritik/.stmcufinder/plugins/mcufinder//mcu/cs/
2024-01-25 23:24:35,649 [INFO] RulesReader:64 - Compatibility file has been processed (297 Rules)
2024-01-25 23:24:35,700 [INFO] DbMcusXml:78 - Set database path to: /home/ritik/st/stm32cubeide_1.14.0/plugins/com.st.stm32cube.common.mx_6.10.0.202311202037//db//mcu/
2024-01-25 23:24:35,700 [INFO] ApiDb:274 - Set plugin database path to: /home/ritik/st/stm32cubeide_1.14.0/plugins/com.st.stm32cube.common.mx_6.10.0.202311202037//db//plugins/boardmanager/
2024-01-25 23:24:35,701 [INFO] ApiDb:261 - Set plugin images path to: /home/ritik/st/stm32cubeide_1.14.0/plugins/com.st.stm32cube.common.mx_6.10.0.202311202037//db//plugins/mcufinder/images/
2024-01-25 23:24:35,701 [WARN] DbFile:41 - Overriding database path with different value: /home/ritik/.stmcufinder/plugins/mcufinder/ => /home/ritik/.stmcufinder/plugins/mcufinder
2024-01-25 23:24:35,701 [INFO] ApiDb:250 - Set database path to: /home/ritik/.stmcufinder/plugins/mcufinder//mcu/
2024-01-25 23:24:35,701 [WARN] DbFile:41 - Overriding database path with different value: /home/ritik/.stmcufinder/plugins/mcufinder/ => /home/ritik/.stmcufinder/plugins/mcufinder
2024-01-25 23:24:35,701 [INFO] DbMcusAds:125 - Set database path to: /home/ritik/.stmcufinder/plugins/mcufinder//mcu/
2024-01-25 23:24:35,701 [WARN] DbFile:41 - Overriding database path with different value: /home/ritik/.stmcufinder/plugins/mcufinder/ => /home/ritik/.stmcufinder/plugins/mcufinder
2024-01-25 23:24:35,702 [WARN] DbFile:41 - Overriding database path with different value: /home/ritik/.stmcufinder/plugins/mcufinder/ => /home/ritik/.stmcufinder/plugins/mcufinder
2024-01-25 23:24:35,702 [INFO] CrossReferenceDbSqlite:203 - Set database path to: /home/ritik/.stmcufinder/plugins/mcufinder//mcu/cs/
2024-01-25 23:24:35,744 [INFO] MainPanel:264 - HeapMemory: 268435456
2024-01-25 23:24:35,798 [INFO] DbMcusXml:78 - Set database path to: /home/ritik/st/stm32cubeide_1.14.0/plugins/com.st.stm32cube.common.mx_6.10.0.202311202037//db//mcu/
2024-01-25 23:24:35,798 [INFO] ApiDb:274 - Set plugin database path to: /home/ritik/st/stm32cubeide_1.14.0/plugins/com.st.stm32cube.common.mx_6.10.0.202311202037//db//plugins/boardmanager/
2024-01-25 23:24:35,798 [INFO] ApiDb:261 - Set plugin images path to: /home/ritik/st/stm32cubeide_1.14.0/plugins/com.st.stm32cube.common.mx_6.10.0.202311202037//db//plugins/mcufinder/images/
2024-01-25 23:24:35,799 [WARN] DbFile:41 - Overriding database path with different value: /home/ritik/.stmcufinder/plugins/mcufinder/ => /home/ritik/.stmcufinder/plugins/mcufinder
2024-01-25 23:24:35,799 [INFO] ApiDb:250 - Set database path to: /home/ritik/.stmcufinder/plugins/mcufinder//mcu/
2024-01-25 23:24:35,799 [WARN] DbFile:41 - Overriding database path with different value: /home/ritik/.stmcufinder/plugins/mcufinder/ => /home/ritik/.stmcufinder/plugins/mcufinder
2024-01-25 23:24:35,799 [INFO] DbMcusAds:125 - Set database path to: /home/ritik/.stmcufinder/plugins/mcufinder//mcu/
2024-01-25 23:24:35,799 [WARN] DbFile:41 - Overriding database path with different value: /home/ritik/.stmcufinder/plugins/mcufinder/ => /home/ritik/.stmcufinder/plugins/mcufinder
2024-01-25 23:24:35,799 [WARN] DbFile:41 - Overriding database path with different value: /home/ritik/.stmcufinder/plugins/mcufinder/ => /home/ritik/.stmcufinder/plugins/mcufinder
2024-01-25 23:24:35,799 [INFO] CrossReferenceDbSqlite:203 - Set database path to: /home/ritik/.stmcufinder/plugins/mcufinder//mcu/cs/
2024-01-25 23:24:35,812 [INFO] ApplicationProperties:184 - Using Application install path: /home/ritik/st/stm32cubeide_1.14.0/plugins/com.st.stm32cube.common.mx_6.10.0.202311202037
2024-01-25 23:24:35,813 [INFO] PluginManage:196 - Search for loadable plugins [exclusion list=, ]
2024-01-25 23:24:35,813 [INFO] PluginManage:310 - Check plugin analytics
2024-01-25 23:24:35,916 [INFO] AnalyticsPlugin:253 - Accepted Software Licenses: 
2024-01-25 23:24:35,917 [INFO] AnalyticsPlugin:255 - Accepted CMSIS Pack Licenses: 
2024-01-25 23:24:35,917 [INFO] AnalyticsPlugin:257 - Accepted Firmware Licenses: 
2024-01-25 23:24:35,919 [INFO] PluginManage:359 - Loaded plugin analytics (category:tool,tabindex:-1)
2024-01-25 23:24:35,919 [INFO] PluginManage:310 - Check plugin cadmodel
2024-01-25 23:24:35,936 [INFO] CADModel:105 - Init CAD model plugin
2024-01-25 23:24:35,936 [INFO] PluginManage:359 - Loaded plugin cadmodel (category:power,tabindex:5)
2024-01-25 23:24:35,936 [INFO] PluginManage:310 - Check plugin clock
2024-01-25 23:24:35,943 [INFO] PluginManage:359 - Loaded plugin clock (category:base,tabindex:2)
2024-01-25 23:24:35,943 [INFO] PluginManage:310 - Check plugin ddr
2024-01-25 23:24:35,944 [INFO] PluginManage:359 - Loaded plugin ddr (category:tool,tabindex:6)
2024-01-25 23:24:35,944 [INFO] PluginManage:310 - Check plugin filemanager
2024-01-25 23:24:36,032 [INFO] PluginManage:359 - Loaded plugin filemanager (category:base,tabindex:10)
2024-01-25 23:24:36,032 [INFO] PluginManage:310 - Check plugin ipmanager
2024-01-25 23:24:36,037 [INFO] PluginManage:359 - Loaded plugin ipmanager (category:base,tabindex:5)
2024-01-25 23:24:36,037 [INFO] PluginManage:310 - Check plugin lpbam
2024-01-25 23:24:36,043 [INFO] PluginManage:359 - Loaded plugin lpbam (category:base,tabindex:0)
2024-01-25 23:24:36,043 [INFO] PluginManage:310 - Check plugin memorymap
2024-01-25 23:24:36,051 [INFO] PluginManage:359 - Loaded plugin memorymap (category:base,tabindex:4)
2024-01-25 23:24:36,051 [INFO] PluginManage:310 - Check plugin pinoutandconfiguration
2024-01-25 23:24:36,056 [INFO] PluginManage:359 - Loaded plugin pinoutandconfiguration (category:base,tabindex:1)
2024-01-25 23:24:36,056 [INFO] PluginManage:310 - Check plugin pinoutconfig
2024-01-25 23:24:36,116 [WARN] SupportedApi:132 - Cannot load RTOS API schema: s4s-elt-must-match.1: The content of 'definitions' must match (annotation?, (simpleType | complexType)?, (unique | key | keyref)*)). A problem was found starting at: attribute.
2024-01-25 23:24:36,200 [INFO] PluginManage:359 - Loaded plugin pinoutconfig (category:base,tabindex:0)
2024-01-25 23:24:36,200 [INFO] PluginManage:310 - Check plugin power
2024-01-25 23:24:36,207 [INFO] PluginManage:359 - Loaded plugin power (category:power,tabindex:4)
2024-01-25 23:24:36,207 [INFO] PluginManage:310 - Check plugin projectmanager
2024-01-25 23:24:36,217 [INFO] PluginManage:359 - Loaded plugin projectmanager (category:projectmanager,tabindex:3)
2024-01-25 23:24:36,217 [INFO] PluginManage:310 - Check plugin thirdparty
2024-01-25 23:24:36,286 [INFO] PluginManage:359 - Loaded plugin thirdparty (category:base,tabindex:-1)
2024-01-25 23:24:36,286 [WARN] IntegrityCheckThread:84 - waiting for thirdparty lock release [integrity check]
2024-01-25 23:24:36,286 [INFO] PluginManage:310 - Check plugin tools
2024-01-25 23:24:36,286 [INFO] IntegrityCheckThread:86 - entering critical section [integrity check]
2024-01-25 23:24:36,287 [INFO] ThirdPartyUpdaterWithRetryManager:70 - Updater plugin not ready yet. [1/15]
2024-01-25 23:24:36,288 [INFO] PluginManage:359 - Loaded plugin tools (category:base,tabindex:7)
2024-01-25 23:24:36,288 [INFO] PluginManage:310 - Check plugin tutovideos
2024-01-25 23:24:36,387 [INFO] PluginManage:359 - Loaded plugin tutovideos (category:base,tabindex:-1)
2024-01-25 23:24:36,387 [INFO] PluginManage:310 - Check plugin updater
2024-01-25 23:24:36,395 [INFO] PluginManage:359 - Loaded plugin updater (category:base,tabindex:12)
2024-01-25 23:24:36,395 [INFO] PluginManage:310 - Check plugin userauth
2024-01-25 23:24:36,399 [INFO] UserAuth:114 - Init User Auth plugin
2024-01-25 23:24:36,399 [INFO] PluginManage:359 - Loaded plugin userauth (category:base,tabindex:14)
2024-01-25 23:24:36,399 [INFO] PluginManage:283 - PluginManage : Loaded plugins [17]
2024-01-25 23:24:36,509 [INFO] PinOutPanel:1499 - setPackage(No Configuration,No Configuration)
2024-01-25 23:24:36,551 [INFO] CADModel:165 - CPN selected for project level
2024-01-25 23:24:36,552 [INFO] CADModel:114 - Register for checkConnection events
2024-01-25 23:24:36,559 [INFO] IPUIPlugin:80 - create IPUIPlugin
2024-01-25 23:24:36,559 [INFO] PluginManager:220 - loadIPPluginJar : add dfsdm
2024-01-25 23:24:36,561 [INFO] IPUIPlugin:80 - create IPUIPlugin
2024-01-25 23:24:36,562 [INFO] PluginManager:220 - loadIPPluginJar : add openamp
2024-01-25 23:24:36,564 [INFO] IPUIPlugin:80 - create IPUIPlugin
2024-01-25 23:24:36,565 [INFO] PluginManager:220 - loadIPPluginJar : add sai
2024-01-25 23:24:36,565 [INFO] IPUIPlugin:80 - create IPUIPlugin
2024-01-25 23:24:36,565 [INFO] PluginManager:220 - loadIPPluginJar : add genericplugin
2024-01-25 23:24:36,567 [INFO] IPUIPlugin:80 - create IPUIPlugin
2024-01-25 23:24:36,567 [INFO] PluginManager:220 - loadIPPluginJar : add i2c
2024-01-25 23:24:36,567 [INFO] IPUIPlugin:80 - create IPUIPlugin
2024-01-25 23:24:36,567 [INFO] PluginManager:220 - loadIPPluginJar : add comp
2024-01-25 23:24:36,570 [INFO] IPUIPlugin:80 - create IPUIPlugin
2024-01-25 23:24:36,570 [INFO] PluginManager:220 - loadIPPluginJar : add gpio
2024-01-25 23:24:36,574 [INFO] IPUIPlugin:80 - create IPUIPlugin
2024-01-25 23:24:36,576 [INFO] PluginManager:220 - loadIPPluginJar : add plateformsettings
2024-01-25 23:24:36,577 [INFO] IPUIPlugin:80 - create IPUIPlugin
2024-01-25 23:24:36,577 [INFO] PluginManager:220 - loadIPPluginJar : add quadspi
2024-01-25 23:24:36,579 [INFO] IPUIPlugin:80 - create IPUIPlugin
2024-01-25 23:24:36,579 [INFO] PluginManager:220 - loadIPPluginJar : add i2s
2024-01-25 23:24:36,581 [INFO] IPUIPlugin:80 - create IPUIPlugin
2024-01-25 23:24:36,581 [INFO] PluginManager:220 - loadIPPluginJar : add usbx
2024-01-25 23:24:36,582 [INFO] IPUIPlugin:80 - create IPUIPlugin
2024-01-25 23:24:36,582 [INFO] PluginManager:220 - loadIPPluginJar : add tim
2024-01-25 23:24:36,583 [INFO] IPUIPlugin:80 - create IPUIPlugin
2024-01-25 23:24:36,584 [INFO] PluginManager:220 - loadIPPluginJar : add hash
2024-01-25 23:24:36,585 [INFO] IPUIPlugin:80 - create IPUIPlugin
2024-01-25 23:24:36,585 [INFO] PluginManager:220 - loadIPPluginJar : add pdm2pcm
2024-01-25 23:24:36,587 [INFO] IPUIPlugin:80 - create IPUIPlugin
2024-01-25 23:24:36,587 [INFO] PluginManager:220 - loadIPPluginJar : add ts
2024-01-25 23:24:36,588 [INFO] IPUIPlugin:80 - create IPUIPlugin
2024-01-25 23:24:36,588 [INFO] PluginManager:220 - loadIPPluginJar : add tsc
2024-01-25 23:24:36,589 [INFO] IPUIPlugin:80 - create IPUIPlugin
2024-01-25 23:24:36,589 [INFO] PluginManager:220 - loadIPPluginJar : add aes
2024-01-25 23:24:36,593 [INFO] IPUIPlugin:80 - create IPUIPlugin
2024-01-25 23:24:36,593 [INFO] PluginManager:220 - loadIPPluginJar : add resmgrutility
2024-01-25 23:24:36,596 [INFO] IPUIPlugin:80 - create IPUIPlugin
2024-01-25 23:24:36,596 [INFO] PluginManager:220 - loadIPPluginJar : add stm32_wpan
2024-01-25 23:24:36,598 [INFO] IPUIPlugin:80 - create IPUIPlugin
2024-01-25 23:24:36,598 [INFO] PluginManager:220 - loadIPPluginJar : add tracer_emb
2024-01-25 23:24:36,600 [INFO] IPUIPlugin:80 - create IPUIPlugin
2024-01-25 23:24:36,600 [INFO] PluginManager:220 - loadIPPluginJar : add nvic
2024-01-25 23:24:36,601 [INFO] IPUIPlugin:80 - create IPUIPlugin
2024-01-25 23:24:36,601 [INFO] PluginManager:220 - loadIPPluginJar : add ltdc
2024-01-25 23:24:36,602 [INFO] IPUIPlugin:80 - create IPUIPlugin
2024-01-25 23:24:36,603 [INFO] PluginManager:220 - loadIPPluginJar : add fatfs
2024-01-25 23:24:36,605 [INFO] IPUIPlugin:80 - create IPUIPlugin
2024-01-25 23:24:36,605 [INFO] PluginManager:220 - loadIPPluginJar : add touchsensing
2024-01-25 23:24:36,609 [INFO] IPUIPlugin:80 - create IPUIPlugin
2024-01-25 23:24:36,610 [INFO] PluginManager:220 - loadIPPluginJar : add freertos
2024-01-25 23:24:36,614 [INFO] IPUIPlugin:80 - create IPUIPlugin
2024-01-25 23:24:36,615 [INFO] PluginManager:220 - loadIPPluginJar : add adc
2024-01-25 23:24:36,616 [INFO] IPUIPlugin:80 - create IPUIPlugin
2024-01-25 23:24:36,616 [INFO] PluginManager:220 - loadIPPluginJar : add usart
2024-01-25 23:24:36,618 [INFO] IPUIPlugin:80 - create IPUIPlugin
2024-01-25 23:24:36,618 [INFO] PluginManager:220 - loadIPPluginJar : add lorawan
2024-01-25 23:24:36,621 [INFO] IPUIPlugin:80 - create IPUIPlugin
2024-01-25 23:24:36,621 [INFO] PluginManager:220 - loadIPPluginJar : add fmc
2024-01-25 23:24:36,623 [INFO] IPUIPlugin:80 - create IPUIPlugin
2024-01-25 23:24:36,623 [INFO] PluginManager:220 - loadIPPluginJar : add opamp
2024-01-25 23:24:36,624 [INFO] IPUIPlugin:80 - create IPUIPlugin
2024-01-25 23:24:36,625 [INFO] PluginManager:220 - loadIPPluginJar : add can
2024-01-25 23:24:36,626 [INFO] IPUIPlugin:80 - create IPUIPlugin
2024-01-25 23:24:36,626 [INFO] PluginManager:220 - loadIPPluginJar : add dma3
2024-01-25 23:24:36,628 [INFO] IPUIPlugin:80 - create IPUIPlugin
2024-01-25 23:24:36,628 [INFO] PluginManager:220 - loadIPPluginJar : add i3c
2024-01-25 23:24:36,629 [INFO] IPUIPlugin:80 - create IPUIPlugin
2024-01-25 23:24:36,629 [INFO] PluginManager:220 - loadIPPluginJar : add ucpd
2024-01-25 23:24:36,631 [INFO] IPUIPlugin:80 - create IPUIPlugin
2024-01-25 23:24:36,631 [INFO] PluginManager:220 - loadIPPluginJar : add cryp
2024-01-25 23:24:36,632 [INFO] IPUIPlugin:80 - create IPUIPlugin
2024-01-25 23:24:36,632 [INFO] PluginManager:220 - loadIPPluginJar : add spi
2024-01-25 23:24:36,634 [INFO] IPUIPlugin:80 - create IPUIPlugin
2024-01-25 23:24:36,634 [INFO] PluginManager:220 - loadIPPluginJar : add gfxmmu
2024-01-25 23:24:36,638 [INFO] IPUIPlugin:80 - create IPUIPlugin
2024-01-25 23:24:36,639 [INFO] PluginManager:220 - loadIPPluginJar : add mdma
2024-01-25 23:24:36,643 [INFO] IPUIPlugin:80 - create IPUIPlugin
2024-01-25 23:24:36,643 [INFO] PluginManager:220 - loadIPPluginJar : add dma
2024-01-25 23:24:36,645 [INFO] IPUIPlugin:80 - create IPUIPlugin
2024-01-25 23:24:36,645 [INFO] PluginManager:220 - loadIPPluginJar : add gtzc
2024-01-25 23:24:36,647 [INFO] IPUIPlugin:80 - create IPUIPlugin
2024-01-25 23:24:36,647 [INFO] PluginManager:220 - loadIPPluginJar : add ipddr
2024-01-25 23:24:36,651 [INFO] IPUIPlugin:80 - create IPUIPlugin
2024-01-25 23:24:36,651 [INFO] PluginManager:220 - loadIPPluginJar : add gic
2024-01-25 23:24:36,655 [INFO] IPUIPlugin:80 - create IPUIPlugin
2024-01-25 23:24:36,655 [INFO] PluginManager:220 - loadIPPluginJar : add linkedlist
2024-01-25 23:24:36,748 [INFO] CADModel:165 - CPN selected for project level
2024-01-25 23:24:36,748 [INFO] CADModel:114 - Register for checkConnection events
2024-01-25 23:24:36,749 [FATAL] Updater:308 - Updater called before beeing initialized
2024-01-25 23:24:36,749 [ERROR] CADModel:125 - Updater not yet initialized, retry later 
2024-01-25 23:24:36,823 [INFO] CADModel:165 - CPN selected for project level
2024-01-25 23:24:36,824 [INFO] CADModel:114 - Register for checkConnection events
2024-01-25 23:24:36,824 [FATAL] Updater:308 - Updater called before beeing initialized
2024-01-25 23:24:36,824 [ERROR] CADModel:125 - Updater not yet initialized, retry later 
2024-01-25 23:24:36,825 [FATAL] Updater:308 - Updater called before beeing initialized
2024-01-25 23:24:36,869 [FATAL] Updater:308 - Updater called before beeing initialized
2024-01-25 23:24:36,871 [INFO] DbMcusAds:53 - JSON generation date=Wed Nov 29 16:22:27 IST 2023 (1701255147200)
2024-01-25 23:24:36,871 [FATAL] Updater:308 - Updater called before beeing initialized
2024-01-25 23:24:36,896 [WARN] DetailPanel:346 - Failed to get advertising image, set to default
2024-01-25 23:24:36,986 [FATAL] Updater:308 - Updater called before beeing initialized
2024-01-25 23:24:36,987 [FATAL] Updater:308 - Updater called before beeing initialized
2024-01-25 23:24:36,987 [FATAL] Updater:308 - Updater called before beeing initialized
2024-01-25 23:24:36,988 [WARN] DetailPanel:346 - Failed to get advertising image, set to default
2024-01-25 23:24:36,988 [FATAL] Updater:308 - Updater called before beeing initialized
2024-01-25 23:24:37,012 [ERROR] Updater:1120 - MainUpdater not yet initialized. External WinMGr cannot be set.
2024-01-25 23:24:37,014 [INFO] Updater:1056 - Updater Version found : 6.10.0
2024-01-25 23:24:37,027 [INFO] ApplicationProperties:184 - Using Application install path: /home/ritik/st/stm32cubeide_1.14.0/plugins/com.st.stm32cube.common.mx_6.10.0.202311202037
2024-01-25 23:24:39,287 [INFO] ThirdPartyUpdaterWithRetryManager:70 - Updater plugin not ready yet. [2/15]
2024-01-25 23:24:40,271 [INFO] MainUpdater:2873 - connection check result : 10
2024-01-25 23:24:40,272 [INFO] MainUpdater:3567 - Updater definition file requires update
2024-01-25 23:24:40,272 [INFO] MainUpdater:290 - Updater Check For Update Now.
2024-01-25 23:24:40,272 [INFO] MicroXplorer:498 - Change Database Version : DB.6.0.100
2024-01-25 23:24:40,282 [INFO] McuFinderGlobals:63 - Set McuFinder mode to 2 (CubeIDE integrated)
2024-01-25 23:24:40,282 [INFO] UserAuth:180 - activating auth plugin
2024-01-25 23:24:40,285 [INFO] UserAuth:404 - Internet connection configuration mode: 1
2024-01-25 23:24:40,295 [INFO] JxBrowserEngine:152 - Initiate JxBrowser Engine with user profile folder
2024-01-25 23:24:40,672 [INFO] ServerAccessManage:473 - Download File updaters.zip
2024-01-25 23:24:40,860 [INFO] WebApp:161 - Instantiating new browser for Auth
2024-01-25 23:24:41,241 [INFO] WebApp:780 - Register for checkConnection events
2024-01-25 23:24:41,241 [INFO] WebApp:414 - Apply proxy settings
2024-01-25 23:24:41,242 [INFO] WebApp:499 - Chromium requires no authentication
2024-01-25 23:24:41,245 [INFO] WebApp:442 - Direct internet connection detected
2024-01-25 23:24:41,319 [INFO] WebApp:192 - Starting web application
2024-01-25 23:24:41,319 [INFO] WebApp:544 - Web application path used /home/ritik/st/stm32cubeide_1.14.0/plugins/com.st.stm32cube.common.mx_6.10.0.202311202037/db/plugins/mcufinder/reactClient1/index.html
2024-01-25 23:24:41,392 [INFO] FileExtend:240 - Unzip File : updaters.zip
2024-01-25 23:24:41,393 [INFO] FileExtend:255 - Standard Zip Deflate
2024-01-25 23:24:41,711 [INFO] ServerAccessManage:473 - Download File PacksControlFlags.xml
2024-01-25 23:24:41,853 [INFO] ServerAccessManage:473 - Download File cubemx.pidx
2024-01-25 23:24:42,288 [WARN] MainUpdater:1194 - Updater busy. Cannot search thirdparties
2024-01-25 23:24:42,289 [INFO] ThirdPartyUpdaterWithRetryManager:96 - Updater plugin is busy. [1/15]
2024-01-25 23:24:42,450 [INFO] ServerAccessManage:473 - Download File STMicroelectronics.X-CUBE-EEPRMA1.pdsc
2024-01-25 23:24:43,811 [ERROR] ServerAccessManage:1089 - Problem, file not found on Server
2024-01-25 23:24:45,197 [ERROR] ServerAccessManage:1089 - Problem, file not found on Server
2024-01-25 23:24:45,289 [WARN] MainUpdater:1194 - Updater busy. Cannot search thirdparties
2024-01-25 23:24:45,290 [INFO] ThirdPartyUpdaterWithRetryManager:96 - Updater plugin is busy. [2/15]
2024-01-25 23:24:48,291 [WARN] MainUpdater:1194 - Updater busy. Cannot search thirdparties
2024-01-25 23:24:48,291 [INFO] ThirdPartyUpdaterWithRetryManager:96 - Updater plugin is busy. [3/15]
2024-01-25 23:24:51,292 [WARN] MainUpdater:1194 - Updater busy. Cannot search thirdparties
2024-01-25 23:24:51,292 [INFO] ThirdPartyUpdaterWithRetryManager:96 - Updater plugin is busy. [4/15]
2024-01-25 23:24:54,293 [WARN] MainUpdater:1194 - Updater busy. Cannot search thirdparties
2024-01-25 23:24:54,293 [INFO] ThirdPartyUpdaterWithRetryManager:96 - Updater plugin is busy. [5/15]
2024-01-25 23:24:57,293 [WARN] MainUpdater:1194 - Updater busy. Cannot search thirdparties
2024-01-25 23:24:57,294 [INFO] ThirdPartyUpdaterWithRetryManager:96 - Updater plugin is busy. [6/15]
2024-01-25 23:25:00,294 [WARN] MainUpdater:1194 - Updater busy. Cannot search thirdparties
2024-01-25 23:25:00,294 [INFO] ThirdPartyUpdaterWithRetryManager:96 - Updater plugin is busy. [7/15]
2024-01-25 23:25:01,299 [ERROR] ServerAccessManage:1146 - Warning during Server Connection :  Unknown host www.wolfssl.com
2024-01-25 23:25:01,299 [ERROR] ServerAccessManage:651 - Unknown host server name. : wolfSSL.I-CUBE-wolfSSL.pdsc.
2024-01-25 23:25:01,811 [ERROR] LogOutputStream:75 - [STDERR_REDIRECT] SLF4J: Failed to load class "org.slf4j.impl.StaticLoggerBinder".
2024-01-25 23:25:01,812 [ERROR] LogOutputStream:75 - [STDERR_REDIRECT] SLF4J: Defaulting to no-operation (NOP) logger implementation
2024-01-25 23:25:01,812 [ERROR] LogOutputStream:75 - [STDERR_REDIRECT] SLF4J: See http://www.slf4j.org/codes.html#StaticLoggerBinder for further details.
2024-01-25 23:25:03,295 [WARN] MainUpdater:1194 - Updater busy. Cannot search thirdparties
2024-01-25 23:25:03,295 [INFO] ThirdPartyUpdaterWithRetryManager:96 - Updater plugin is busy. [8/15]
2024-01-25 23:25:06,296 [WARN] MainUpdater:1194 - Updater busy. Cannot search thirdparties
2024-01-25 23:25:06,296 [INFO] ThirdPartyUpdaterWithRetryManager:96 - Updater plugin is busy. [9/15]
2024-01-25 23:25:09,297 [WARN] MainUpdater:1194 - Updater busy. Cannot search thirdparties
2024-01-25 23:25:09,297 [INFO] ThirdPartyUpdaterWithRetryManager:96 - Updater plugin is busy. [10/15]
2024-01-25 23:25:12,298 [WARN] MainUpdater:1194 - Updater busy. Cannot search thirdparties
2024-01-25 23:25:12,298 [INFO] ThirdPartyUpdaterWithRetryManager:96 - Updater plugin is busy. [11/15]
2024-01-25 23:25:15,298 [WARN] MainUpdater:1194 - Updater busy. Cannot search thirdparties
2024-01-25 23:25:15,298 [INFO] ThirdPartyUpdaterWithRetryManager:96 - Updater plugin is busy. [12/15]
2024-01-25 23:25:16,315 [ERROR] ServerAccessManage:1146 - Warning during Server Connection :  Unknown host rowebots.com
2024-01-25 23:25:16,316 [ERROR] ServerAccessManage:651 - Unknown host server name. : RoweBots.I-CUBE-UNISONRTOS.pdsc.
2024-01-25 23:25:18,299 [WARN] MainUpdater:1194 - Updater busy. Cannot search thirdparties
2024-01-25 23:25:18,299 [INFO] ThirdPartyUpdaterWithRetryManager:96 - Updater plugin is busy. [13/15]
2024-01-25 23:25:21,300 [WARN] MainUpdater:1194 - Updater busy. Cannot search thirdparties
2024-01-25 23:25:21,300 [INFO] ThirdPartyUpdaterWithRetryManager:96 - Updater plugin is busy. [14/15]
2024-01-25 23:25:24,301 [WARN] MainUpdater:1194 - Updater busy. Cannot search thirdparties
2024-01-25 23:25:24,301 [INFO] ThirdPartyUpdaterWithRetryManager:96 - Updater plugin is busy. [15/15]
2024-01-25 23:25:24,302 [ERROR] IntegrityCheckThread:130 - Cannot retrieve database content from updater: error -1
2024-01-25 23:25:24,302 [INFO] ThirdParty:978 - Integrity check success = false
2024-01-25 23:25:24,302 [INFO] IntegrityCheckThread:100 - exiting critical section [integrity check]
2024-01-25 23:25:24,302 [INFO] IntegrityCheckThread:103 - End integrity checks thread
2024-01-25 23:25:41,341 [ERROR] ServerAccessManage:1146 - Warning during Server Connection :  Unknown host download.segger.com
2024-01-25 23:25:41,341 [ERROR] ServerAccessManage:651 - Unknown host server name. : SEGGER.I-CUBE-embOS.pdsc.
2024-01-25 23:26:01,361 [ERROR] ServerAccessManage:1146 - Warning during Server Connection :  Unknown host www.system-on-module.com
2024-01-25 23:26:01,362 [ERROR] ServerAccessManage:651 - Unknown host server name. : portGmbH.I-Cube-SoM-uGOAL.pdsc.
2024-01-25 23:26:21,391 [ERROR] ServerAccessManage:1146 - Warning during Server Connection :  Unknown host www.weston-embedded.com
2024-01-25 23:26:21,391 [ERROR] ServerAccessManage:651 - Unknown host server name. : WES.I-CUBE-Cesium.pdsc.
2024-01-25 23:26:21,451 [WARN] PackLoader:240 - Cannot read IP mode file for STMicroelectronics.X-CUBE-EEPRMA1.5.1.0
2024-01-25 23:26:21,455 [INFO] PopulateThirdPartyThread:66 - Ending populate Thread
2024-01-25 23:26:21,456 [INFO] ThirdParty:1030 - CMSIS Pack Vendor :STMicroelectronics X-CUBE-EEPRMA1 5.1.0
2024-01-25 23:26:21,456 [INFO] LoadServerUpdatesThread:375 - End of LoadServerUpdate Thread
2024-01-25 23:26:21,561 [INFO] CheckServerUpdateThread:120 - End of CheckServer Thread
2024-01-25 23:45:47,637 [ERROR] AdobePublisher:162 - Exception while opening the connection: java.net.UnknownHostException: stmicroelectronics.d3.sc.omtrdc.net
2024-01-25 23:45:47,638 [ERROR] AdobePublisher:162 - Exception while opening the connection: java.net.UnknownHostException: stmicroelectronics.d3.sc.omtrdc.net
2024-01-25 23:45:47,638 [ERROR] AdobePublisher:162 - Exception while opening the connection: java.net.UnknownHostException: stmicroelectronics.d3.sc.omtrdc.net
2024-01-25 23:45:47,638 [ERROR] AdobePublisher:162 - Exception while opening the connection: java.net.UnknownHostException: stmicroelectronics.d3.sc.omtrdc.net
2024-01-25 23:45:47,639 [ERROR] AdobePublisher:162 - Exception while opening the connection: java.net.UnknownHostException: stmicroelectronics.d3.sc.omtrdc.net
2024-01-25 23:47:12,247 [ERROR] ConfigurationRetriever:142 - IOException on connection: sw-center.st.com
2024-01-25 23:47:12,248 [ERROR] ConfigurationRetriever:142 - IOException on connection: sw-center.st.com
2024-01-25 23:47:12,249 [ERROR] ConfigurationRetriever:142 - IOException on connection: sw-center.st.com
2024-01-25 23:47:12,290 [ERROR] ConfigurationRetriever:142 - IOException on connection: sw-center.st.com
2024-01-25 23:47:12,290 [ERROR] ConfigurationRetriever:142 - IOException on connection: sw-center.st.com
2024-01-25 23:47:12,291 [ERROR] ConfigurationRetriever:142 - IOException on connection: sw-center.st.com
