2024-01-08 21:40:40,237 [INFO] Activator:176 - 


2024-01-08 21:40:40,241 [INFO] Activator:177 - !SESSION log4j initialized
2024-01-08 21:40:42,494 [INFO] LogOutputStream:77 - [STDOUT_REDIRECT] 
2024-01-08 21:40:42,728 [ERROR] ConfigurationRetriever:142 - IOException on connection: sw-center.st.com
2024-01-08 21:40:42,729 [ERROR] ConfigurationRetriever:142 - IOException on connection: sw-center.st.com
2024-01-08 21:40:42,729 [ERROR] ConfigurationRetriever:142 - IOException on connection: sw-center.st.com
2024-01-08 21:40:42,889 [INFO] ApplicationProperties:184 - Using Application install path: /home/ritik/st/stm32cubeide_1.14.0/plugins/com.st.stm32cube.common.mx_6.10.0.202311202037
2024-01-08 21:40:42,902 [INFO] DbMcusXml:78 - Set database path to: /home/ritik/st/stm32cubeide_1.14.0/plugins/com.st.stm32cube.common.mx_6.10.0.202311202037//db//mcu/
2024-01-08 21:40:42,902 [INFO] ApiDb:274 - Set plugin database path to: /home/ritik/st/stm32cubeide_1.14.0/plugins/com.st.stm32cube.common.mx_6.10.0.202311202037//db//plugins/boardmanager/
2024-01-08 21:40:42,902 [WARN] ApiDb:259 - Overriding images path with different value:  => /home/ritik/st/stm32cubeide_1.14.0/plugins/com.st.stm32cube.common.mx_6.10.0.202311202037//db//plugins/mcufinder/images/
2024-01-08 21:40:42,907 [INFO] ApiDb:250 - Set database path to: /home/ritik/.stmcufinder/plugins/mcufinder//mcu/
2024-01-08 21:40:42,908 [INFO] DbMcusAds:125 - Set database path to: /home/ritik/.stmcufinder/plugins/mcufinder//mcu/
2024-01-08 21:40:42,909 [INFO] CrossReferenceDbSqlite:203 - Set database path to: /home/ritik/.stmcufinder/plugins/mcufinder//mcu/cs/
2024-01-08 21:40:43,009 [INFO] RulesReader:64 - Compatibility file has been processed (297 Rules)
2024-01-08 21:40:43,061 [INFO] DbMcusXml:78 - Set database path to: /home/ritik/st/stm32cubeide_1.14.0/plugins/com.st.stm32cube.common.mx_6.10.0.202311202037//db//mcu/
2024-01-08 21:40:43,061 [INFO] ApiDb:274 - Set plugin database path to: /home/ritik/st/stm32cubeide_1.14.0/plugins/com.st.stm32cube.common.mx_6.10.0.202311202037//db//plugins/boardmanager/
2024-01-08 21:40:43,062 [INFO] ApiDb:261 - Set plugin images path to: /home/ritik/st/stm32cubeide_1.14.0/plugins/com.st.stm32cube.common.mx_6.10.0.202311202037//db//plugins/mcufinder/images/
2024-01-08 21:40:43,062 [WARN] DbFile:41 - Overriding database path with different value: /home/ritik/.stmcufinder/plugins/mcufinder/ => /home/ritik/.stmcufinder/plugins/mcufinder
2024-01-08 21:40:43,062 [INFO] ApiDb:250 - Set database path to: /home/ritik/.stmcufinder/plugins/mcufinder//mcu/
2024-01-08 21:40:43,062 [WARN] DbFile:41 - Overriding database path with different value: /home/ritik/.stmcufinder/plugins/mcufinder/ => /home/ritik/.stmcufinder/plugins/mcufinder
2024-01-08 21:40:43,062 [INFO] DbMcusAds:125 - Set database path to: /home/ritik/.stmcufinder/plugins/mcufinder//mcu/
2024-01-08 21:40:43,062 [WARN] DbFile:41 - Overriding database path with different value: /home/ritik/.stmcufinder/plugins/mcufinder/ => /home/ritik/.stmcufinder/plugins/mcufinder
2024-01-08 21:40:43,062 [WARN] DbFile:41 - Overriding database path with different value: /home/ritik/.stmcufinder/plugins/mcufinder/ => /home/ritik/.stmcufinder/plugins/mcufinder
2024-01-08 21:40:43,062 [INFO] CrossReferenceDbSqlite:203 - Set database path to: /home/ritik/.stmcufinder/plugins/mcufinder//mcu/cs/
2024-01-08 21:40:43,125 [INFO] MainPanel:264 - HeapMemory: 268435456
2024-01-08 21:40:43,210 [INFO] DbMcusXml:78 - Set database path to: /home/ritik/st/stm32cubeide_1.14.0/plugins/com.st.stm32cube.common.mx_6.10.0.202311202037//db//mcu/
2024-01-08 21:40:43,210 [INFO] ApiDb:274 - Set plugin database path to: /home/ritik/st/stm32cubeide_1.14.0/plugins/com.st.stm32cube.common.mx_6.10.0.202311202037//db//plugins/boardmanager/
2024-01-08 21:40:43,210 [INFO] ApiDb:261 - Set plugin images path to: /home/ritik/st/stm32cubeide_1.14.0/plugins/com.st.stm32cube.common.mx_6.10.0.202311202037//db//plugins/mcufinder/images/
2024-01-08 21:40:43,211 [WARN] DbFile:41 - Overriding database path with different value: /home/ritik/.stmcufinder/plugins/mcufinder/ => /home/ritik/.stmcufinder/plugins/mcufinder
2024-01-08 21:40:43,211 [INFO] ApiDb:250 - Set database path to: /home/ritik/.stmcufinder/plugins/mcufinder//mcu/
2024-01-08 21:40:43,211 [WARN] DbFile:41 - Overriding database path with different value: /home/ritik/.stmcufinder/plugins/mcufinder/ => /home/ritik/.stmcufinder/plugins/mcufinder
2024-01-08 21:40:43,211 [INFO] DbMcusAds:125 - Set database path to: /home/ritik/.stmcufinder/plugins/mcufinder//mcu/
2024-01-08 21:40:43,211 [WARN] DbFile:41 - Overriding database path with different value: /home/ritik/.stmcufinder/plugins/mcufinder/ => /home/ritik/.stmcufinder/plugins/mcufinder
2024-01-08 21:40:43,211 [WARN] DbFile:41 - Overriding database path with different value: /home/ritik/.stmcufinder/plugins/mcufinder/ => /home/ritik/.stmcufinder/plugins/mcufinder
2024-01-08 21:40:43,211 [INFO] CrossReferenceDbSqlite:203 - Set database path to: /home/ritik/.stmcufinder/plugins/mcufinder//mcu/cs/
2024-01-08 21:40:43,228 [INFO] ApplicationProperties:184 - Using Application install path: /home/ritik/st/stm32cubeide_1.14.0/plugins/com.st.stm32cube.common.mx_6.10.0.202311202037
2024-01-08 21:40:43,229 [INFO] PluginManage:196 - Search for loadable plugins [exclusion list=, ]
2024-01-08 21:40:43,231 [INFO] PluginManage:310 - Check plugin analytics
2024-01-08 21:40:43,355 [INFO] AnalyticsPlugin:253 - Accepted Software Licenses: 
2024-01-08 21:40:43,355 [INFO] AnalyticsPlugin:255 - Accepted CMSIS Pack Licenses: 
2024-01-08 21:40:43,355 [INFO] AnalyticsPlugin:257 - Accepted Firmware Licenses: 
2024-01-08 21:40:43,357 [INFO] PluginManage:359 - Loaded plugin analytics (category:tool,tabindex:-1)
2024-01-08 21:40:43,358 [INFO] PluginManage:310 - Check plugin cadmodel
2024-01-08 21:40:43,358 [ERROR] ConfigurationRetriever:142 - IOException on connection: sw-center.st.com
2024-01-08 21:40:43,358 [ERROR] ConfigurationRetriever:142 - IOException on connection: sw-center.st.com
2024-01-08 21:40:43,359 [ERROR] ConfigurationRetriever:142 - IOException on connection: sw-center.st.com
2024-01-08 21:40:43,377 [INFO] CADModel:105 - Init CAD model plugin
2024-01-08 21:40:43,377 [INFO] PluginManage:359 - Loaded plugin cadmodel (category:power,tabindex:5)
2024-01-08 21:40:43,377 [INFO] PluginManage:310 - Check plugin clock
2024-01-08 21:40:43,385 [INFO] PluginManage:359 - Loaded plugin clock (category:base,tabindex:2)
2024-01-08 21:40:43,385 [INFO] PluginManage:310 - Check plugin ddr
2024-01-08 21:40:43,387 [INFO] PluginManage:359 - Loaded plugin ddr (category:tool,tabindex:6)
2024-01-08 21:40:43,387 [INFO] PluginManage:310 - Check plugin filemanager
2024-01-08 21:40:43,494 [INFO] PluginManage:359 - Loaded plugin filemanager (category:base,tabindex:10)
2024-01-08 21:40:43,494 [INFO] PluginManage:310 - Check plugin ipmanager
2024-01-08 21:40:43,499 [INFO] PluginManage:359 - Loaded plugin ipmanager (category:base,tabindex:5)
2024-01-08 21:40:43,499 [INFO] PluginManage:310 - Check plugin lpbam
2024-01-08 21:40:43,506 [INFO] PluginManage:359 - Loaded plugin lpbam (category:base,tabindex:0)
2024-01-08 21:40:43,506 [INFO] PluginManage:310 - Check plugin memorymap
2024-01-08 21:40:43,514 [INFO] PluginManage:359 - Loaded plugin memorymap (category:base,tabindex:4)
2024-01-08 21:40:43,514 [INFO] PluginManage:310 - Check plugin pinoutandconfiguration
2024-01-08 21:40:43,520 [INFO] PluginManage:359 - Loaded plugin pinoutandconfiguration (category:base,tabindex:1)
2024-01-08 21:40:43,520 [INFO] PluginManage:310 - Check plugin pinoutconfig
2024-01-08 21:40:43,583 [WARN] SupportedApi:132 - Cannot load RTOS API schema: s4s-elt-must-match.1: The content of 'definitions' must match (annotation?, (simpleType | complexType)?, (unique | key | keyref)*)). A problem was found starting at: attribute.
2024-01-08 21:40:43,689 [INFO] PluginManage:359 - Loaded plugin pinoutconfig (category:base,tabindex:0)
2024-01-08 21:40:43,689 [INFO] PluginManage:310 - Check plugin power
2024-01-08 21:40:43,697 [INFO] PluginManage:359 - Loaded plugin power (category:power,tabindex:4)
2024-01-08 21:40:43,697 [INFO] PluginManage:310 - Check plugin projectmanager
2024-01-08 21:40:43,713 [INFO] PluginManage:359 - Loaded plugin projectmanager (category:projectmanager,tabindex:3)
2024-01-08 21:40:43,713 [INFO] PluginManage:310 - Check plugin thirdparty
2024-01-08 21:40:43,802 [INFO] PluginManage:359 - Loaded plugin thirdparty (category:base,tabindex:-1)
2024-01-08 21:40:43,802 [WARN] IntegrityCheckThread:84 - waiting for thirdparty lock release [integrity check]
2024-01-08 21:40:43,802 [INFO] IntegrityCheckThread:86 - entering critical section [integrity check]
2024-01-08 21:40:43,802 [INFO] PluginManage:310 - Check plugin tools
2024-01-08 21:40:43,803 [INFO] ThirdPartyUpdaterWithRetryManager:70 - Updater plugin not ready yet. [1/15]
2024-01-08 21:40:43,805 [INFO] PluginManage:359 - Loaded plugin tools (category:base,tabindex:7)
2024-01-08 21:40:43,805 [INFO] PluginManage:310 - Check plugin tutovideos
2024-01-08 21:40:43,917 [INFO] PluginManage:359 - Loaded plugin tutovideos (category:base,tabindex:-1)
2024-01-08 21:40:43,917 [INFO] PluginManage:310 - Check plugin updater
2024-01-08 21:40:43,925 [INFO] PluginManage:359 - Loaded plugin updater (category:base,tabindex:12)
2024-01-08 21:40:43,926 [INFO] PluginManage:310 - Check plugin userauth
2024-01-08 21:40:43,929 [INFO] UserAuth:114 - Init User Auth plugin
2024-01-08 21:40:43,930 [INFO] PluginManage:359 - Loaded plugin userauth (category:base,tabindex:14)
2024-01-08 21:40:43,930 [INFO] PluginManage:283 - PluginManage : Loaded plugins [17]
2024-01-08 21:40:44,049 [INFO] PinOutPanel:1499 - setPackage(No Configuration,No Configuration)
2024-01-08 21:40:44,092 [INFO] CADModel:165 - CPN selected for project level
2024-01-08 21:40:44,092 [INFO] CADModel:114 - Register for checkConnection events
2024-01-08 21:40:44,099 [INFO] IPUIPlugin:80 - create IPUIPlugin
2024-01-08 21:40:44,099 [INFO] PluginManager:220 - loadIPPluginJar : add dfsdm
2024-01-08 21:40:44,101 [INFO] IPUIPlugin:80 - create IPUIPlugin
2024-01-08 21:40:44,101 [INFO] PluginManager:220 - loadIPPluginJar : add openamp
2024-01-08 21:40:44,104 [INFO] IPUIPlugin:80 - create IPUIPlugin
2024-01-08 21:40:44,105 [INFO] PluginManager:220 - loadIPPluginJar : add sai
2024-01-08 21:40:44,105 [INFO] IPUIPlugin:80 - create IPUIPlugin
2024-01-08 21:40:44,105 [INFO] PluginManager:220 - loadIPPluginJar : add genericplugin
2024-01-08 21:40:44,107 [INFO] IPUIPlugin:80 - create IPUIPlugin
2024-01-08 21:40:44,107 [INFO] PluginManager:220 - loadIPPluginJar : add i2c
2024-01-08 21:40:44,108 [INFO] IPUIPlugin:80 - create IPUIPlugin
2024-01-08 21:40:44,108 [INFO] PluginManager:220 - loadIPPluginJar : add comp
2024-01-08 21:40:44,110 [INFO] IPUIPlugin:80 - create IPUIPlugin
2024-01-08 21:40:44,111 [INFO] PluginManager:220 - loadIPPluginJar : add gpio
2024-01-08 21:40:44,115 [INFO] IPUIPlugin:80 - create IPUIPlugin
2024-01-08 21:40:44,117 [INFO] PluginManager:220 - loadIPPluginJar : add plateformsettings
2024-01-08 21:40:44,117 [INFO] IPUIPlugin:80 - create IPUIPlugin
2024-01-08 21:40:44,117 [INFO] PluginManager:220 - loadIPPluginJar : add quadspi
2024-01-08 21:40:44,119 [INFO] IPUIPlugin:80 - create IPUIPlugin
2024-01-08 21:40:44,119 [INFO] PluginManager:220 - loadIPPluginJar : add i2s
2024-01-08 21:40:44,120 [INFO] IPUIPlugin:80 - create IPUIPlugin
2024-01-08 21:40:44,120 [INFO] PluginManager:220 - loadIPPluginJar : add usbx
2024-01-08 21:40:44,121 [INFO] IPUIPlugin:80 - create IPUIPlugin
2024-01-08 21:40:44,121 [INFO] PluginManager:220 - loadIPPluginJar : add tim
2024-01-08 21:40:44,123 [INFO] IPUIPlugin:80 - create IPUIPlugin
2024-01-08 21:40:44,123 [INFO] PluginManager:220 - loadIPPluginJar : add hash
2024-01-08 21:40:44,124 [INFO] IPUIPlugin:80 - create IPUIPlugin
2024-01-08 21:40:44,124 [INFO] PluginManager:220 - loadIPPluginJar : add pdm2pcm
2024-01-08 21:40:44,125 [INFO] IPUIPlugin:80 - create IPUIPlugin
2024-01-08 21:40:44,126 [INFO] PluginManager:220 - loadIPPluginJar : add ts
2024-01-08 21:40:44,126 [INFO] IPUIPlugin:80 - create IPUIPlugin
2024-01-08 21:40:44,126 [INFO] PluginManager:220 - loadIPPluginJar : add tsc
2024-01-08 21:40:44,128 [INFO] IPUIPlugin:80 - create IPUIPlugin
2024-01-08 21:40:44,128 [INFO] PluginManager:220 - loadIPPluginJar : add aes
2024-01-08 21:40:44,131 [INFO] IPUIPlugin:80 - create IPUIPlugin
2024-01-08 21:40:44,131 [INFO] PluginManager:220 - loadIPPluginJar : add resmgrutility
2024-01-08 21:40:44,134 [INFO] IPUIPlugin:80 - create IPUIPlugin
2024-01-08 21:40:44,134 [INFO] PluginManager:220 - loadIPPluginJar : add stm32_wpan
2024-01-08 21:40:44,135 [INFO] IPUIPlugin:80 - create IPUIPlugin
2024-01-08 21:40:44,135 [INFO] PluginManager:220 - loadIPPluginJar : add tracer_emb
2024-01-08 21:40:44,137 [INFO] IPUIPlugin:80 - create IPUIPlugin
2024-01-08 21:40:44,138 [INFO] PluginManager:220 - loadIPPluginJar : add nvic
2024-01-08 21:40:44,138 [INFO] IPUIPlugin:80 - create IPUIPlugin
2024-01-08 21:40:44,138 [INFO] PluginManager:220 - loadIPPluginJar : add ltdc
2024-01-08 21:40:44,139 [INFO] IPUIPlugin:80 - create IPUIPlugin
2024-01-08 21:40:44,139 [INFO] PluginManager:220 - loadIPPluginJar : add fatfs
2024-01-08 21:40:44,141 [INFO] IPUIPlugin:80 - create IPUIPlugin
2024-01-08 21:40:44,141 [INFO] PluginManager:220 - loadIPPluginJar : add touchsensing
2024-01-08 21:40:44,144 [INFO] IPUIPlugin:80 - create IPUIPlugin
2024-01-08 21:40:44,144 [INFO] PluginManager:220 - loadIPPluginJar : add freertos
2024-01-08 21:40:44,148 [INFO] IPUIPlugin:80 - create IPUIPlugin
2024-01-08 21:40:44,148 [INFO] PluginManager:220 - loadIPPluginJar : add adc
2024-01-08 21:40:44,149 [INFO] IPUIPlugin:80 - create IPUIPlugin
2024-01-08 21:40:44,149 [INFO] PluginManager:220 - loadIPPluginJar : add usart
2024-01-08 21:40:44,150 [INFO] IPUIPlugin:80 - create IPUIPlugin
2024-01-08 21:40:44,150 [INFO] PluginManager:220 - loadIPPluginJar : add lorawan
2024-01-08 21:40:44,153 [INFO] IPUIPlugin:80 - create IPUIPlugin
2024-01-08 21:40:44,153 [INFO] PluginManager:220 - loadIPPluginJar : add fmc
2024-01-08 21:40:44,154 [INFO] IPUIPlugin:80 - create IPUIPlugin
2024-01-08 21:40:44,154 [INFO] PluginManager:220 - loadIPPluginJar : add opamp
2024-01-08 21:40:44,156 [INFO] IPUIPlugin:80 - create IPUIPlugin
2024-01-08 21:40:44,156 [INFO] PluginManager:220 - loadIPPluginJar : add can
2024-01-08 21:40:44,157 [INFO] IPUIPlugin:80 - create IPUIPlugin
2024-01-08 21:40:44,157 [INFO] PluginManager:220 - loadIPPluginJar : add dma3
2024-01-08 21:40:44,158 [INFO] IPUIPlugin:80 - create IPUIPlugin
2024-01-08 21:40:44,159 [INFO] PluginManager:220 - loadIPPluginJar : add i3c
2024-01-08 21:40:44,160 [INFO] IPUIPlugin:80 - create IPUIPlugin
2024-01-08 21:40:44,160 [INFO] PluginManager:220 - loadIPPluginJar : add ucpd
2024-01-08 21:40:44,161 [INFO] IPUIPlugin:80 - create IPUIPlugin
2024-01-08 21:40:44,161 [INFO] PluginManager:220 - loadIPPluginJar : add cryp
2024-01-08 21:40:44,162 [INFO] IPUIPlugin:80 - create IPUIPlugin
2024-01-08 21:40:44,162 [INFO] PluginManager:220 - loadIPPluginJar : add spi
2024-01-08 21:40:44,163 [INFO] IPUIPlugin:80 - create IPUIPlugin
2024-01-08 21:40:44,163 [INFO] PluginManager:220 - loadIPPluginJar : add gfxmmu
2024-01-08 21:40:44,167 [INFO] IPUIPlugin:80 - create IPUIPlugin
2024-01-08 21:40:44,167 [INFO] PluginManager:220 - loadIPPluginJar : add mdma
2024-01-08 21:40:44,170 [INFO] IPUIPlugin:80 - create IPUIPlugin
2024-01-08 21:40:44,171 [INFO] PluginManager:220 - loadIPPluginJar : add dma
2024-01-08 21:40:44,172 [INFO] IPUIPlugin:80 - create IPUIPlugin
2024-01-08 21:40:44,172 [INFO] PluginManager:220 - loadIPPluginJar : add gtzc
2024-01-08 21:40:44,174 [INFO] IPUIPlugin:80 - create IPUIPlugin
2024-01-08 21:40:44,174 [INFO] PluginManager:220 - loadIPPluginJar : add ipddr
2024-01-08 21:40:44,177 [INFO] IPUIPlugin:80 - create IPUIPlugin
2024-01-08 21:40:44,177 [INFO] PluginManager:220 - loadIPPluginJar : add gic
2024-01-08 21:40:44,181 [INFO] IPUIPlugin:80 - create IPUIPlugin
2024-01-08 21:40:44,181 [INFO] PluginManager:220 - loadIPPluginJar : add linkedlist
2024-01-08 21:40:44,275 [INFO] CADModel:165 - CPN selected for project level
2024-01-08 21:40:44,275 [INFO] CADModel:114 - Register for checkConnection events
2024-01-08 21:40:44,276 [FATAL] Updater:308 - Updater called before beeing initialized
2024-01-08 21:40:44,276 [ERROR] CADModel:125 - Updater not yet initialized, retry later 
2024-01-08 21:40:44,355 [INFO] CADModel:165 - CPN selected for project level
2024-01-08 21:40:44,355 [INFO] CADModel:114 - Register for checkConnection events
2024-01-08 21:40:44,355 [FATAL] Updater:308 - Updater called before beeing initialized
2024-01-08 21:40:44,355 [ERROR] CADModel:125 - Updater not yet initialized, retry later 
2024-01-08 21:40:44,357 [FATAL] Updater:308 - Updater called before beeing initialized
2024-01-08 21:40:44,408 [FATAL] Updater:308 - Updater called before beeing initialized
2024-01-08 21:40:44,411 [INFO] DbMcusAds:53 - JSON generation date=Wed Nov 29 16:22:27 IST 2023 (1701255147349)
2024-01-08 21:40:44,411 [FATAL] Updater:308 - Updater called before beeing initialized
2024-01-08 21:40:44,434 [WARN] DetailPanel:346 - Failed to get advertising image, set to default
2024-01-08 21:40:44,511 [FATAL] Updater:308 - Updater called before beeing initialized
2024-01-08 21:40:44,512 [FATAL] Updater:308 - Updater called before beeing initialized
2024-01-08 21:40:44,513 [FATAL] Updater:308 - Updater called before beeing initialized
2024-01-08 21:40:44,513 [WARN] DetailPanel:346 - Failed to get advertising image, set to default
2024-01-08 21:40:44,513 [FATAL] Updater:308 - Updater called before beeing initialized
2024-01-08 21:40:44,534 [ERROR] Updater:1120 - MainUpdater not yet initialized. External WinMGr cannot be set.
2024-01-08 21:40:44,536 [INFO] Updater:1056 - Updater Version found : 6.10.0
2024-01-08 21:40:44,549 [INFO] ApplicationProperties:184 - Using Application install path: /home/ritik/st/stm32cubeide_1.14.0/plugins/com.st.stm32cube.common.mx_6.10.0.202311202037
2024-01-08 21:40:44,681 [INFO] MainUpdater:2873 - connection check result : 22
2024-01-08 21:40:44,681 [INFO] MainUpdater:290 - Updater Check For Update Now.
2024-01-08 21:40:44,681 [INFO] MicroXplorer:498 - Change Database Version : DB.6.0.100
2024-01-08 21:40:44,684 [INFO] McuFinderGlobals:63 - Set McuFinder mode to 2 (CubeIDE integrated)
2024-01-08 21:40:44,685 [INFO] UserAuth:180 - activating auth plugin
2024-01-08 21:40:44,687 [INFO] UserAuth:404 - Internet connection configuration mode: 2
2024-01-08 21:40:44,691 [INFO] UserAuth:404 - Internet connection configuration mode: 2
2024-01-08 21:40:44,867 [INFO] CheckServerUpdateThread:120 - End of CheckServer Thread
2024-01-08 21:40:46,892 [WARN] PackLoader:240 - Cannot read IP mode file for STMicroelectronics.X-CUBE-SMBUS.2.1.0
2024-01-08 21:40:46,897 [WARN] PackLoader:240 - Cannot read IP mode file for STMicroelectronics.X-CUBE-TOUCHGFX.4.23.0
2024-01-08 21:40:46,923 [WARN] PackLoader:240 - Cannot read IP mode file for STMicroelectronics.X-CUBE-AZRTOS-F7.1.1.0
2024-01-08 21:40:46,934 [WARN] PackLoader:240 - Cannot read IP mode file for STMicroelectronics.FP-SNS-MOTENV1.4.3.2
2024-01-08 21:40:46,941 [WARN] PackLoader:240 - Cannot read IP mode file for STMicroelectronics.FP-SNS-FLIGHT1.5.0.2
2024-01-08 21:40:46,949 [WARN] PackLoader:240 - Cannot read IP mode file for STMicroelectronics.X-CUBE-DISPLAY.3.0.0
2024-01-08 21:40:46,960 [WARN] PackLoader:240 - Cannot read IP mode file for STMicroelectronics.X-CUBE-BLE1.7.0.0
2024-01-08 21:40:46,965 [WARN] PackLoader:240 - Cannot read IP mode file for emotas.I-CUBE-CANOPEN.1.3.0
2024-01-08 21:40:46,969 [WARN] PackLoader:240 - Cannot read IP mode file for STMicroelectronics.FP-SNS-SMARTAG2.1.2.0
2024-01-08 21:40:46,979 [INFO] LogOutputStream:77 - [STDOUT_REDIRECT] 1 : Invalid condition id : UX_CORESTACK_Condition cause : null
2024-01-08 21:40:46,979 [INFO] LogOutputStream:77 - [STDOUT_REDIRECT] 1 : Invalid condition id : UX_CORESTACK_Condition cause : null
2024-01-08 21:40:46,979 [INFO] LogOutputStream:77 - [STDOUT_REDIRECT] 1 : Invalid condition id : UX_CORESTACK_Condition cause : null
2024-01-08 21:40:46,980 [INFO] LogOutputStream:77 - [STDOUT_REDIRECT] 1 : Invalid condition id : UX_CORESTACK_Condition cause : null
2024-01-08 21:40:46,980 [INFO] LogOutputStream:77 - [STDOUT_REDIRECT] 1 : Invalid condition id : UX_CORESTACK_Condition cause : null
2024-01-08 21:40:46,984 [WARN] PackLoader:240 - Cannot read IP mode file for STMicroelectronics.X-CUBE-AZRTOS-WL.2.0.0
2024-01-08 21:40:46,990 [WARN] PackLoader:240 - Cannot read IP mode file for STMicroelectronics.X-CUBE-BLE2.3.3.0
2024-01-08 21:40:46,996 [WARN] PackLoader:240 - Cannot read IP mode file for STMicroelectronics.X-CUBE-ALGOBUILD.1.3.0
2024-01-08 21:40:47,015 [WARN] PackLoader:240 - Cannot read IP mode file for STMicroelectronics.X-CUBE-AZRTOS-G0.1.1.0
2024-01-08 21:40:47,025 [WARN] PackLoader:240 - Cannot read IP mode file for STMicroelectronics.X-CUBE-NFC4.3.0.0
2024-01-08 21:40:47,038 [WARN] PackLoader:240 - Cannot read IP mode file for STMicroelectronics.X-CUBE-BLEMGR.3.0.0
2024-01-08 21:40:47,045 [WARN] PackLoader:240 - Cannot read IP mode file for STMicroelectronics.FP-ATR-SIGFOX1.3.2.0
2024-01-08 21:40:47,050 [WARN] PackLoader:240 - Cannot read IP mode file for STMicroelectronics.X-CUBE-GNSS1.6.0.0
2024-01-08 21:40:47,063 [WARN] PackLoader:240 - Cannot read IP mode file for STMicroelectronics.X-CUBE-AZRTOS-F4.1.1.0
2024-01-08 21:40:47,078 [WARN] PackLoader:240 - Cannot read IP mode file for STMicroelectronics.X-CUBE-AZRTOS-L5.2.0.0
2024-01-08 21:40:47,084 [WARN] PackLoader:240 - Cannot read IP mode file for STMicroelectronics.X-CUBE-EEPRMA1.4.2.0
2024-01-08 21:40:47,088 [WARN] PackLoader:240 - Cannot read IP mode file for ITTIA_DB.I-CUBE-ITTIADB.8.8.0
2024-01-08 21:40:47,092 [WARN] PackLoader:240 - Cannot read IP mode file for STMicroelectronics.X-CUBE-NFC7.1.0.1
2024-01-08 21:40:47,108 [WARN] PackLoader:240 - Cannot read IP mode file for STMicroelectronics.X-CUBE-NFC6.3.0.0
2024-01-08 21:40:47,113 [WARN] PackLoader:240 - Cannot read IP mode file for STMicroelectronics.X-CUBE-AI.8.1.0
2024-01-08 21:40:47,125 [WARN] ConditionMgr:438 - getConditionDescription Invalid condition id : LAN8742 Phy interface Condition cause : null
2024-01-08 21:40:47,126 [WARN] PackLoader:240 - Cannot read IP mode file for STMicroelectronics.X-CUBE-AZRTOS-L4.2.0.0
2024-01-08 21:40:47,127 [WARN] ConditionMgr:1039 - genDependencies : Invalid condition id : LAN8742 Phy interface Condition cause : null
2024-01-08 21:40:47,127 [WARN] ConditionMgr:1039 - genDependencies : Invalid condition id : LAN8742 Phy interface Condition cause : null
2024-01-08 21:40:47,128 [WARN] ConditionMgr:1039 - genDependencies : Invalid condition id : LAN8742 Phy interface Condition cause : null
2024-01-08 21:40:47,134 [WARN] PackLoader:240 - Cannot read IP mode file for STMicroelectronics.X-CUBE-SFXS2LP1.4.0.0
2024-01-08 21:40:47,143 [WARN] ConditionMgr:438 - getConditionDescription Invalid condition id : UX DEVICE CLASS RTOS Condition cause : null
2024-01-08 21:40:47,143 [WARN] ConditionMgr:438 - getConditionDescription Invalid condition id : UX DEVICE CLASS RTOS Condition cause : null
2024-01-08 21:40:47,145 [WARN] PackLoader:240 - Cannot read IP mode file for STMicroelectronics.X-CUBE-AZRTOS-WB.2.0.0
2024-01-08 21:40:47,146 [WARN] ConditionMgr:1039 - genDependencies : Invalid condition id : UX DEVICE CLASS RTOS Condition cause : null
2024-01-08 21:40:47,146 [WARN] ConditionMgr:1039 - genDependencies : Invalid condition id : UX DEVICE CLASS RTOS Condition cause : null
2024-01-08 21:40:47,146 [WARN] ConditionMgr:1039 - genDependencies : Invalid condition id : UX DEVICE CLASS RTOS Condition cause : null
2024-01-08 21:40:47,146 [WARN] ConditionMgr:1039 - genDependencies : Invalid condition id : UX DEVICE CLASS RTOS Condition cause : null
2024-01-08 21:40:47,147 [WARN] ConditionMgr:1039 - genDependencies : Invalid condition id : UX DEVICE CLASS RTOS Condition cause : null
2024-01-08 21:40:47,155 [WARN] PackLoader:240 - Cannot read IP mode file for STMicroelectronics.X-CUBE-SUBG2.5.0.0
2024-01-08 21:40:47,169 [WARN] PackLoader:240 - Cannot read IP mode file for STMicroelectronics.X-CUBE-AZRTOS-G4.2.0.0
2024-01-08 21:40:47,178 [WARN] PackLoader:240 - Cannot read IP mode file for Infineon.AIROC-Wi-Fi-Bluetooth-STM32.1.5.1
2024-01-08 21:40:47,184 [WARN] PackLoader:240 - Cannot read IP mode file for STMicroelectronics.FP-SNS-MOTENVWB1.1.3.1
2024-01-08 21:40:47,187 [WARN] PackLoader:240 - Cannot read IP mode file for STMicroelectronics.X-CUBE-ISPU.2.0.0
2024-01-08 21:40:47,216 [WARN] PackLoader:240 - Cannot read IP mode file for STMicroelectronics.X-CUBE-MEMS1.10.0.0
2024-01-08 21:40:47,330 [WARN] PackLoader:240 - Cannot read IP mode file for STMicroelectronics.X-CUBE-FREERTOS.1.1.0
2024-01-08 21:40:47,334 [WARN] PackLoader:240 - Cannot read IP mode file for STMicroelectronics.X-CUBE-ALS.1.0.1
2024-01-08 21:40:47,337 [WARN] PackLoader:240 - Cannot read IP mode file for STMicroelectronics.FP-ATR-ASTRA1.2.0.0
2024-01-08 21:40:47,344 [WARN] PackLoader:240 - Cannot read IP mode file for STMicroelectronics.X-CUBE-TOF1.3.4.0
2024-01-08 21:40:47,365 [WARN] PackLoader:240 - Cannot read IP mode file for STMicroelectronics.X-CUBE-AZRTOS-H7.3.2.0
2024-01-08 21:40:47,368 [INFO] ThirdParty:978 - Integrity check success = true
2024-01-08 21:40:47,368 [INFO] IntegrityCheckThread:100 - exiting critical section [integrity check]
2024-01-08 21:40:47,368 [INFO] IntegrityCheckThread:103 - End integrity checks thread
2024-01-08 21:41:05,234 [ERROR] LogOutputStream:75 - [STDERR_REDIRECT] SLF4J: Failed to load class "org.slf4j.impl.StaticLoggerBinder".
2024-01-08 21:41:05,235 [ERROR] LogOutputStream:75 - [STDERR_REDIRECT] SLF4J: Defaulting to no-operation (NOP) logger implementation
2024-01-08 21:41:05,235 [ERROR] LogOutputStream:75 - [STDERR_REDIRECT] SLF4J: See http://www.slf4j.org/codes.html#StaticLoggerBinder for further details.
2024-01-08 21:43:42,508 [ERROR] ConfigurationRetriever:142 - IOException on connection: sw-center.st.com
2024-01-08 21:43:42,509 [ERROR] ConfigurationRetriever:142 - IOException on connection: sw-center.st.com
2024-01-08 21:43:42,509 [ERROR] ConfigurationRetriever:142 - IOException on connection: sw-center.st.com
2024-01-08 21:43:59,626 [ERROR] ConfigurationRetriever:142 - IOException on connection: sw-center.st.com
2024-01-08 21:43:59,627 [ERROR] ConfigurationRetriever:142 - IOException on connection: sw-center.st.com
2024-01-08 21:43:59,628 [ERROR] ConfigurationRetriever:142 - IOException on connection: sw-center.st.com
2024-01-08 21:44:47,955 [ERROR] ConfigurationRetriever:142 - IOException on connection: sw-center.st.com
2024-01-08 21:44:47,956 [ERROR] ConfigurationRetriever:142 - IOException on connection: sw-center.st.com
2024-01-08 21:44:47,957 [ERROR] ConfigurationRetriever:142 - IOException on connection: sw-center.st.com
2024-01-08 21:44:55,079 [ERROR] ConfigurationRetriever:142 - IOException on connection: sw-center.st.com
2024-01-08 21:44:55,080 [ERROR] ConfigurationRetriever:142 - IOException on connection: sw-center.st.com
2024-01-08 21:44:55,080 [ERROR] ConfigurationRetriever:142 - IOException on connection: sw-center.st.com
2024-01-08 21:45:44,674 [ERROR] ConfigurationRetriever:142 - IOException on connection: sw-center.st.com
2024-01-08 21:45:44,675 [ERROR] ConfigurationRetriever:142 - IOException on connection: sw-center.st.com
2024-01-08 21:45:44,675 [ERROR] ConfigurationRetriever:142 - IOException on connection: sw-center.st.com
2024-01-08 21:46:38,748 [ERROR] ConfigurationRetriever:142 - IOException on connection: sw-center.st.com
2024-01-08 21:46:38,749 [ERROR] ConfigurationRetriever:142 - IOException on connection: sw-center.st.com
2024-01-08 21:46:38,750 [ERROR] ConfigurationRetriever:142 - IOException on connection: sw-center.st.com
2024-01-08 21:46:42,453 [ERROR] ConfigurationRetriever:142 - IOException on connection: sw-center.st.com
2024-01-08 21:46:42,454 [ERROR] ConfigurationRetriever:142 - IOException on connection: sw-center.st.com
2024-01-08 21:46:42,454 [ERROR] ConfigurationRetriever:142 - IOException on connection: sw-center.st.com
2024-01-08 21:54:12,539 [ERROR] ConfigurationRetriever:142 - IOException on connection: sw-center.st.com
2024-01-08 21:54:12,541 [ERROR] ConfigurationRetriever:142 - IOException on connection: sw-center.st.com
2024-01-08 21:54:12,541 [ERROR] ConfigurationRetriever:142 - IOException on connection: sw-center.st.com
2024-01-08 21:54:21,966 [ERROR] ConfigurationRetriever:142 - IOException on connection: sw-center.st.com
2024-01-08 21:54:21,966 [ERROR] ConfigurationRetriever:142 - IOException on connection: sw-center.st.com
2024-01-08 21:54:21,966 [ERROR] ConfigurationRetriever:142 - IOException on connection: sw-center.st.com
2024-01-08 21:54:35,768 [ERROR] ConfigurationRetriever:142 - IOException on connection: sw-center.st.com
2024-01-08 21:54:35,770 [ERROR] ConfigurationRetriever:142 - IOException on connection: sw-center.st.com
2024-01-08 21:54:35,770 [ERROR] ConfigurationRetriever:142 - IOException on connection: sw-center.st.com
2024-01-08 22:06:58,986 [ERROR] ConfigurationRetriever:142 - IOException on connection: sw-center.st.com
2024-01-08 22:06:58,988 [ERROR] ConfigurationRetriever:142 - IOException on connection: sw-center.st.com
2024-01-08 22:06:58,988 [ERROR] ConfigurationRetriever:142 - IOException on connection: sw-center.st.com
2024-01-08 22:07:03,855 [ERROR] ConfigurationRetriever:142 - IOException on connection: sw-center.st.com
2024-01-08 22:07:03,856 [ERROR] ConfigurationRetriever:142 - IOException on connection: sw-center.st.com
2024-01-08 22:07:03,856 [ERROR] ConfigurationRetriever:142 - IOException on connection: sw-center.st.com
2024-01-08 22:14:46,167 [ERROR] ConfigurationRetriever:142 - IOException on connection: sw-center.st.com
2024-01-08 22:14:46,168 [ERROR] ConfigurationRetriever:142 - IOException on connection: sw-center.st.com
2024-01-08 22:14:46,168 [ERROR] ConfigurationRetriever:142 - IOException on connection: sw-center.st.com
2024-01-08 22:15:09,909 [ERROR] ConfigurationRetriever:142 - IOException on connection: sw-center.st.com
2024-01-08 22:15:09,911 [ERROR] ConfigurationRetriever:142 - IOException on connection: sw-center.st.com
2024-01-08 22:15:09,912 [ERROR] ConfigurationRetriever:142 - IOException on connection: sw-center.st.com
2024-01-08 22:15:15,894 [ERROR] ConfigurationRetriever:142 - IOException on connection: sw-center.st.com
2024-01-08 22:15:15,894 [ERROR] ConfigurationRetriever:142 - IOException on connection: sw-center.st.com
2024-01-08 22:15:15,895 [ERROR] ConfigurationRetriever:142 - IOException on connection: sw-center.st.com
2024-01-08 22:15:32,510 [ERROR] ConfigurationRetriever:142 - IOException on connection: sw-center.st.com
2024-01-08 22:15:32,512 [ERROR] ConfigurationRetriever:142 - IOException on connection: sw-center.st.com
2024-01-08 22:15:32,512 [ERROR] ConfigurationRetriever:142 - IOException on connection: sw-center.st.com
2024-01-08 22:15:36,646 [ERROR] ConfigurationRetriever:142 - IOException on connection: sw-center.st.com
2024-01-08 22:15:36,646 [ERROR] ConfigurationRetriever:142 - IOException on connection: sw-center.st.com
2024-01-08 22:15:36,647 [ERROR] ConfigurationRetriever:142 - IOException on connection: sw-center.st.com
2024-01-08 22:16:17,769 [ERROR] ConfigurationRetriever:142 - IOException on connection: sw-center.st.com
2024-01-08 22:16:17,771 [ERROR] ConfigurationRetriever:142 - IOException on connection: sw-center.st.com
2024-01-08 22:16:17,771 [ERROR] ConfigurationRetriever:142 - IOException on connection: sw-center.st.com
2024-01-08 22:16:22,458 [ERROR] ConfigurationRetriever:142 - IOException on connection: sw-center.st.com
2024-01-08 22:16:22,458 [ERROR] ConfigurationRetriever:142 - IOException on connection: sw-center.st.com
2024-01-08 22:16:22,458 [ERROR] ConfigurationRetriever:142 - IOException on connection: sw-center.st.com
2024-01-08 22:16:41,394 [ERROR] ConfigurationRetriever:142 - IOException on connection: sw-center.st.com
2024-01-08 22:16:41,395 [ERROR] ConfigurationRetriever:142 - IOException on connection: sw-center.st.com
2024-01-08 22:16:41,415 [ERROR] ConfigurationRetriever:142 - IOException on connection: sw-center.st.com
2024-01-08 22:40:21,512 [ERROR] ConfigurationRetriever:142 - IOException on connection: sw-center.st.com
2024-01-08 22:40:21,514 [ERROR] ConfigurationRetriever:142 - IOException on connection: sw-center.st.com
2024-01-08 22:40:21,514 [ERROR] ConfigurationRetriever:142 - IOException on connection: sw-center.st.com
2024-01-08 22:40:26,567 [ERROR] ConfigurationRetriever:142 - IOException on connection: sw-center.st.com
2024-01-08 22:40:26,568 [ERROR] ConfigurationRetriever:142 - IOException on connection: sw-center.st.com
2024-01-08 22:40:26,568 [ERROR] ConfigurationRetriever:142 - IOException on connection: sw-center.st.com
