2024-01-14 03:01:28,567 [INFO] Activator:176 - 


2024-01-14 03:01:28,571 [INFO] Activator:177 - !SESSION log4j initialized
2024-01-14 03:01:36,695 [INFO] LogOutputStream:77 - [STDOUT_REDIRECT] 
2024-01-14 03:01:47,024 [INFO] ApplicationProperties:184 - Using Application install path: /home/ritik/st/stm32cubeide_1.14.0/plugins/com.st.stm32cube.common.mx_6.10.0.202311202037
2024-01-14 03:01:47,035 [INFO] DbMcusXml:78 - Set database path to: /home/ritik/st/stm32cubeide_1.14.0/plugins/com.st.stm32cube.common.mx_6.10.0.202311202037//db//mcu/
2024-01-14 03:01:47,035 [INFO] ApiDb:274 - Set plugin database path to: /home/ritik/st/stm32cubeide_1.14.0/plugins/com.st.stm32cube.common.mx_6.10.0.202311202037//db//plugins/boardmanager/
2024-01-14 03:01:47,036 [WARN] ApiDb:259 - Overriding images path with different value:  => /home/ritik/st/stm32cubeide_1.14.0/plugins/com.st.stm32cube.common.mx_6.10.0.202311202037//db//plugins/mcufinder/images/
2024-01-14 03:01:47,041 [INFO] ApiDb:250 - Set database path to: /home/ritik/.stmcufinder/plugins/mcufinder//mcu/
2024-01-14 03:01:47,042 [INFO] DbMcusAds:125 - Set database path to: /home/ritik/.stmcufinder/plugins/mcufinder//mcu/
2024-01-14 03:01:47,044 [INFO] CrossReferenceDbSqlite:203 - Set database path to: /home/ritik/.stmcufinder/plugins/mcufinder//mcu/cs/
2024-01-14 03:01:47,122 [INFO] RulesReader:64 - Compatibility file has been processed (297 Rules)
2024-01-14 03:01:47,164 [INFO] DbMcusXml:78 - Set database path to: /home/ritik/st/stm32cubeide_1.14.0/plugins/com.st.stm32cube.common.mx_6.10.0.202311202037//db//mcu/
2024-01-14 03:01:47,165 [INFO] ApiDb:274 - Set plugin database path to: /home/ritik/st/stm32cubeide_1.14.0/plugins/com.st.stm32cube.common.mx_6.10.0.202311202037//db//plugins/boardmanager/
2024-01-14 03:01:47,165 [INFO] ApiDb:261 - Set plugin images path to: /home/ritik/st/stm32cubeide_1.14.0/plugins/com.st.stm32cube.common.mx_6.10.0.202311202037//db//plugins/mcufinder/images/
2024-01-14 03:01:47,165 [WARN] DbFile:41 - Overriding database path with different value: /home/ritik/.stmcufinder/plugins/mcufinder/ => /home/ritik/.stmcufinder/plugins/mcufinder
2024-01-14 03:01:47,165 [INFO] ApiDb:250 - Set database path to: /home/ritik/.stmcufinder/plugins/mcufinder//mcu/
2024-01-14 03:01:47,165 [WARN] DbFile:41 - Overriding database path with different value: /home/ritik/.stmcufinder/plugins/mcufinder/ => /home/ritik/.stmcufinder/plugins/mcufinder
2024-01-14 03:01:47,165 [INFO] DbMcusAds:125 - Set database path to: /home/ritik/.stmcufinder/plugins/mcufinder//mcu/
2024-01-14 03:01:47,165 [WARN] DbFile:41 - Overriding database path with different value: /home/ritik/.stmcufinder/plugins/mcufinder/ => /home/ritik/.stmcufinder/plugins/mcufinder
2024-01-14 03:01:47,165 [WARN] DbFile:41 - Overriding database path with different value: /home/ritik/.stmcufinder/plugins/mcufinder/ => /home/ritik/.stmcufinder/plugins/mcufinder
2024-01-14 03:01:47,165 [INFO] CrossReferenceDbSqlite:203 - Set database path to: /home/ritik/.stmcufinder/plugins/mcufinder//mcu/cs/
2024-01-14 03:01:47,214 [INFO] MainPanel:264 - HeapMemory: 268435456
2024-01-14 03:01:47,273 [INFO] DbMcusXml:78 - Set database path to: /home/ritik/st/stm32cubeide_1.14.0/plugins/com.st.stm32cube.common.mx_6.10.0.202311202037//db//mcu/
2024-01-14 03:01:47,273 [INFO] ApiDb:274 - Set plugin database path to: /home/ritik/st/stm32cubeide_1.14.0/plugins/com.st.stm32cube.common.mx_6.10.0.202311202037//db//plugins/boardmanager/
2024-01-14 03:01:47,273 [INFO] ApiDb:261 - Set plugin images path to: /home/ritik/st/stm32cubeide_1.14.0/plugins/com.st.stm32cube.common.mx_6.10.0.202311202037//db//plugins/mcufinder/images/
2024-01-14 03:01:47,273 [WARN] DbFile:41 - Overriding database path with different value: /home/ritik/.stmcufinder/plugins/mcufinder/ => /home/ritik/.stmcufinder/plugins/mcufinder
2024-01-14 03:01:47,273 [INFO] ApiDb:250 - Set database path to: /home/ritik/.stmcufinder/plugins/mcufinder//mcu/
2024-01-14 03:01:47,273 [WARN] DbFile:41 - Overriding database path with different value: /home/ritik/.stmcufinder/plugins/mcufinder/ => /home/ritik/.stmcufinder/plugins/mcufinder
2024-01-14 03:01:47,273 [INFO] DbMcusAds:125 - Set database path to: /home/ritik/.stmcufinder/plugins/mcufinder//mcu/
2024-01-14 03:01:47,273 [WARN] DbFile:41 - Overriding database path with different value: /home/ritik/.stmcufinder/plugins/mcufinder/ => /home/ritik/.stmcufinder/plugins/mcufinder
2024-01-14 03:01:47,273 [WARN] DbFile:41 - Overriding database path with different value: /home/ritik/.stmcufinder/plugins/mcufinder/ => /home/ritik/.stmcufinder/plugins/mcufinder
2024-01-14 03:01:47,274 [INFO] CrossReferenceDbSqlite:203 - Set database path to: /home/ritik/.stmcufinder/plugins/mcufinder//mcu/cs/
2024-01-14 03:01:47,284 [INFO] ApplicationProperties:184 - Using Application install path: /home/ritik/st/stm32cubeide_1.14.0/plugins/com.st.stm32cube.common.mx_6.10.0.202311202037
2024-01-14 03:01:47,285 [INFO] PluginManage:196 - Search for loadable plugins [exclusion list=, ]
2024-01-14 03:01:47,286 [INFO] PluginManage:310 - Check plugin analytics
2024-01-14 03:01:47,392 [INFO] AnalyticsPlugin:253 - Accepted Software Licenses: 
2024-01-14 03:01:47,392 [INFO] AnalyticsPlugin:255 - Accepted CMSIS Pack Licenses: 
2024-01-14 03:01:47,392 [INFO] AnalyticsPlugin:257 - Accepted Firmware Licenses: 
2024-01-14 03:01:47,394 [INFO] PluginManage:359 - Loaded plugin analytics (category:tool,tabindex:-1)
2024-01-14 03:01:47,394 [INFO] PluginManage:310 - Check plugin cadmodel
2024-01-14 03:01:47,439 [INFO] CADModel:105 - Init CAD model plugin
2024-01-14 03:01:47,439 [INFO] PluginManage:359 - Loaded plugin cadmodel (category:power,tabindex:5)
2024-01-14 03:01:47,439 [INFO] PluginManage:310 - Check plugin clock
2024-01-14 03:01:47,447 [INFO] PluginManage:359 - Loaded plugin clock (category:base,tabindex:2)
2024-01-14 03:01:47,447 [INFO] PluginManage:310 - Check plugin ddr
2024-01-14 03:01:47,448 [INFO] PluginManage:359 - Loaded plugin ddr (category:tool,tabindex:6)
2024-01-14 03:01:47,449 [INFO] PluginManage:310 - Check plugin filemanager
2024-01-14 03:01:47,550 [INFO] PluginManage:359 - Loaded plugin filemanager (category:base,tabindex:10)
2024-01-14 03:01:47,550 [INFO] PluginManage:310 - Check plugin ipmanager
2024-01-14 03:01:47,555 [INFO] PluginManage:359 - Loaded plugin ipmanager (category:base,tabindex:5)
2024-01-14 03:01:47,556 [INFO] PluginManage:310 - Check plugin lpbam
2024-01-14 03:01:47,564 [INFO] PluginManage:359 - Loaded plugin lpbam (category:base,tabindex:0)
2024-01-14 03:01:47,565 [INFO] PluginManage:310 - Check plugin memorymap
2024-01-14 03:01:47,572 [INFO] PluginManage:359 - Loaded plugin memorymap (category:base,tabindex:4)
2024-01-14 03:01:47,573 [INFO] PluginManage:310 - Check plugin pinoutandconfiguration
2024-01-14 03:01:47,578 [INFO] PluginManage:359 - Loaded plugin pinoutandconfiguration (category:base,tabindex:1)
2024-01-14 03:01:47,578 [INFO] PluginManage:310 - Check plugin pinoutconfig
2024-01-14 03:01:47,631 [WARN] SupportedApi:132 - Cannot load RTOS API schema: s4s-elt-must-match.1: The content of 'definitions' must match (annotation?, (simpleType | complexType)?, (unique | key | keyref)*)). A problem was found starting at: attribute.
2024-01-14 03:01:47,715 [INFO] PluginManage:359 - Loaded plugin pinoutconfig (category:base,tabindex:0)
2024-01-14 03:01:47,716 [INFO] PluginManage:310 - Check plugin power
2024-01-14 03:01:47,723 [INFO] PluginManage:359 - Loaded plugin power (category:power,tabindex:4)
2024-01-14 03:01:47,723 [INFO] PluginManage:310 - Check plugin projectmanager
2024-01-14 03:01:47,735 [INFO] PluginManage:359 - Loaded plugin projectmanager (category:projectmanager,tabindex:3)
2024-01-14 03:01:47,736 [INFO] PluginManage:310 - Check plugin thirdparty
2024-01-14 03:01:47,811 [INFO] PluginManage:359 - Loaded plugin thirdparty (category:base,tabindex:-1)
2024-01-14 03:01:47,811 [WARN] IntegrityCheckThread:84 - waiting for thirdparty lock release [integrity check]
2024-01-14 03:01:47,811 [INFO] PluginManage:310 - Check plugin tools
2024-01-14 03:01:47,811 [INFO] IntegrityCheckThread:86 - entering critical section [integrity check]
2024-01-14 03:01:47,812 [INFO] ThirdPartyUpdaterWithRetryManager:70 - Updater plugin not ready yet. [1/15]
2024-01-14 03:01:47,813 [INFO] PluginManage:359 - Loaded plugin tools (category:base,tabindex:7)
2024-01-14 03:01:47,813 [INFO] PluginManage:310 - Check plugin tutovideos
2024-01-14 03:01:47,923 [INFO] PluginManage:359 - Loaded plugin tutovideos (category:base,tabindex:-1)
2024-01-14 03:01:47,923 [INFO] PluginManage:310 - Check plugin updater
2024-01-14 03:01:47,932 [INFO] PluginManage:359 - Loaded plugin updater (category:base,tabindex:12)
2024-01-14 03:01:47,932 [INFO] PluginManage:310 - Check plugin userauth
2024-01-14 03:01:47,936 [INFO] UserAuth:114 - Init User Auth plugin
2024-01-14 03:01:47,936 [INFO] PluginManage:359 - Loaded plugin userauth (category:base,tabindex:14)
2024-01-14 03:01:47,936 [INFO] PluginManage:283 - PluginManage : Loaded plugins [17]
2024-01-14 03:01:48,061 [INFO] PinOutPanel:1499 - setPackage(No Configuration,No Configuration)
2024-01-14 03:01:48,104 [INFO] CADModel:165 - CPN selected for project level
2024-01-14 03:01:48,104 [INFO] CADModel:114 - Register for checkConnection events
2024-01-14 03:01:48,111 [INFO] IPUIPlugin:80 - create IPUIPlugin
2024-01-14 03:01:48,112 [INFO] PluginManager:220 - loadIPPluginJar : add dfsdm
2024-01-14 03:01:48,113 [INFO] IPUIPlugin:80 - create IPUIPlugin
2024-01-14 03:01:48,113 [INFO] PluginManager:220 - loadIPPluginJar : add openamp
2024-01-14 03:01:48,117 [INFO] IPUIPlugin:80 - create IPUIPlugin
2024-01-14 03:01:48,117 [INFO] PluginManager:220 - loadIPPluginJar : add sai
2024-01-14 03:01:48,117 [INFO] IPUIPlugin:80 - create IPUIPlugin
2024-01-14 03:01:48,118 [INFO] PluginManager:220 - loadIPPluginJar : add genericplugin
2024-01-14 03:01:48,119 [INFO] IPUIPlugin:80 - create IPUIPlugin
2024-01-14 03:01:48,119 [INFO] PluginManager:220 - loadIPPluginJar : add i2c
2024-01-14 03:01:48,120 [INFO] IPUIPlugin:80 - create IPUIPlugin
2024-01-14 03:01:48,120 [INFO] PluginManager:220 - loadIPPluginJar : add comp
2024-01-14 03:01:48,122 [INFO] IPUIPlugin:80 - create IPUIPlugin
2024-01-14 03:01:48,122 [INFO] PluginManager:220 - loadIPPluginJar : add gpio
2024-01-14 03:01:48,126 [INFO] IPUIPlugin:80 - create IPUIPlugin
2024-01-14 03:01:48,128 [INFO] PluginManager:220 - loadIPPluginJar : add plateformsettings
2024-01-14 03:01:48,128 [INFO] IPUIPlugin:80 - create IPUIPlugin
2024-01-14 03:01:48,128 [INFO] PluginManager:220 - loadIPPluginJar : add quadspi
2024-01-14 03:01:48,129 [INFO] IPUIPlugin:80 - create IPUIPlugin
2024-01-14 03:01:48,129 [INFO] PluginManager:220 - loadIPPluginJar : add i2s
2024-01-14 03:01:48,131 [INFO] IPUIPlugin:80 - create IPUIPlugin
2024-01-14 03:01:48,131 [INFO] PluginManager:220 - loadIPPluginJar : add usbx
2024-01-14 03:01:48,132 [INFO] IPUIPlugin:80 - create IPUIPlugin
2024-01-14 03:01:48,132 [INFO] PluginManager:220 - loadIPPluginJar : add tim
2024-01-14 03:01:48,133 [INFO] IPUIPlugin:80 - create IPUIPlugin
2024-01-14 03:01:48,133 [INFO] PluginManager:220 - loadIPPluginJar : add hash
2024-01-14 03:01:48,134 [INFO] IPUIPlugin:80 - create IPUIPlugin
2024-01-14 03:01:48,134 [INFO] PluginManager:220 - loadIPPluginJar : add pdm2pcm
2024-01-14 03:01:48,135 [INFO] IPUIPlugin:80 - create IPUIPlugin
2024-01-14 03:01:48,135 [INFO] PluginManager:220 - loadIPPluginJar : add ts
2024-01-14 03:01:48,136 [INFO] IPUIPlugin:80 - create IPUIPlugin
2024-01-14 03:01:48,136 [INFO] PluginManager:220 - loadIPPluginJar : add tsc
2024-01-14 03:01:48,137 [INFO] IPUIPlugin:80 - create IPUIPlugin
2024-01-14 03:01:48,137 [INFO] PluginManager:220 - loadIPPluginJar : add aes
2024-01-14 03:01:48,140 [INFO] IPUIPlugin:80 - create IPUIPlugin
2024-01-14 03:01:48,140 [INFO] PluginManager:220 - loadIPPluginJar : add resmgrutility
2024-01-14 03:01:48,143 [INFO] IPUIPlugin:80 - create IPUIPlugin
2024-01-14 03:01:48,143 [INFO] PluginManager:220 - loadIPPluginJar : add stm32_wpan
2024-01-14 03:01:48,144 [INFO] IPUIPlugin:80 - create IPUIPlugin
2024-01-14 03:01:48,144 [INFO] PluginManager:220 - loadIPPluginJar : add tracer_emb
2024-01-14 03:01:48,146 [INFO] IPUIPlugin:80 - create IPUIPlugin
2024-01-14 03:01:48,146 [INFO] PluginManager:220 - loadIPPluginJar : add nvic
2024-01-14 03:01:48,147 [INFO] IPUIPlugin:80 - create IPUIPlugin
2024-01-14 03:01:48,147 [INFO] PluginManager:220 - loadIPPluginJar : add ltdc
2024-01-14 03:01:48,147 [INFO] IPUIPlugin:80 - create IPUIPlugin
2024-01-14 03:01:48,148 [INFO] PluginManager:220 - loadIPPluginJar : add fatfs
2024-01-14 03:01:48,149 [INFO] IPUIPlugin:80 - create IPUIPlugin
2024-01-14 03:01:48,150 [INFO] PluginManager:220 - loadIPPluginJar : add touchsensing
2024-01-14 03:01:48,153 [INFO] IPUIPlugin:80 - create IPUIPlugin
2024-01-14 03:01:48,153 [INFO] PluginManager:220 - loadIPPluginJar : add freertos
2024-01-14 03:01:48,157 [INFO] IPUIPlugin:80 - create IPUIPlugin
2024-01-14 03:01:48,157 [INFO] PluginManager:220 - loadIPPluginJar : add adc
2024-01-14 03:01:48,158 [INFO] IPUIPlugin:80 - create IPUIPlugin
2024-01-14 03:01:48,158 [INFO] PluginManager:220 - loadIPPluginJar : add usart
2024-01-14 03:01:48,159 [INFO] IPUIPlugin:80 - create IPUIPlugin
2024-01-14 03:01:48,159 [INFO] PluginManager:220 - loadIPPluginJar : add lorawan
2024-01-14 03:01:48,161 [INFO] IPUIPlugin:80 - create IPUIPlugin
2024-01-14 03:01:48,162 [INFO] PluginManager:220 - loadIPPluginJar : add fmc
2024-01-14 03:01:48,163 [INFO] IPUIPlugin:80 - create IPUIPlugin
2024-01-14 03:01:48,163 [INFO] PluginManager:220 - loadIPPluginJar : add opamp
2024-01-14 03:01:48,164 [INFO] IPUIPlugin:80 - create IPUIPlugin
2024-01-14 03:01:48,164 [INFO] PluginManager:220 - loadIPPluginJar : add can
2024-01-14 03:01:48,165 [INFO] IPUIPlugin:80 - create IPUIPlugin
2024-01-14 03:01:48,165 [INFO] PluginManager:220 - loadIPPluginJar : add dma3
2024-01-14 03:01:48,166 [INFO] IPUIPlugin:80 - create IPUIPlugin
2024-01-14 03:01:48,166 [INFO] PluginManager:220 - loadIPPluginJar : add i3c
2024-01-14 03:01:48,167 [INFO] IPUIPlugin:80 - create IPUIPlugin
2024-01-14 03:01:48,167 [INFO] PluginManager:220 - loadIPPluginJar : add ucpd
2024-01-14 03:01:48,168 [INFO] IPUIPlugin:80 - create IPUIPlugin
2024-01-14 03:01:48,168 [INFO] PluginManager:220 - loadIPPluginJar : add cryp
2024-01-14 03:01:48,169 [INFO] IPUIPlugin:80 - create IPUIPlugin
2024-01-14 03:01:48,169 [INFO] PluginManager:220 - loadIPPluginJar : add spi
2024-01-14 03:01:48,179 [INFO] IPUIPlugin:80 - create IPUIPlugin
2024-01-14 03:01:48,179 [INFO] PluginManager:220 - loadIPPluginJar : add gfxmmu
2024-01-14 03:01:48,183 [INFO] IPUIPlugin:80 - create IPUIPlugin
2024-01-14 03:01:48,183 [INFO] PluginManager:220 - loadIPPluginJar : add mdma
2024-01-14 03:01:48,187 [INFO] IPUIPlugin:80 - create IPUIPlugin
2024-01-14 03:01:48,187 [INFO] PluginManager:220 - loadIPPluginJar : add dma
2024-01-14 03:01:48,188 [INFO] IPUIPlugin:80 - create IPUIPlugin
2024-01-14 03:01:48,188 [INFO] PluginManager:220 - loadIPPluginJar : add gtzc
2024-01-14 03:01:48,190 [INFO] IPUIPlugin:80 - create IPUIPlugin
2024-01-14 03:01:48,190 [INFO] PluginManager:220 - loadIPPluginJar : add ipddr
2024-01-14 03:01:48,193 [INFO] IPUIPlugin:80 - create IPUIPlugin
2024-01-14 03:01:48,193 [INFO] PluginManager:220 - loadIPPluginJar : add gic
2024-01-14 03:01:48,198 [INFO] IPUIPlugin:80 - create IPUIPlugin
2024-01-14 03:01:48,198 [INFO] PluginManager:220 - loadIPPluginJar : add linkedlist
2024-01-14 03:01:48,287 [INFO] CADModel:165 - CPN selected for project level
2024-01-14 03:01:48,287 [INFO] CADModel:114 - Register for checkConnection events
2024-01-14 03:01:48,287 [FATAL] Updater:308 - Updater called before beeing initialized
2024-01-14 03:01:48,287 [ERROR] CADModel:125 - Updater not yet initialized, retry later 
2024-01-14 03:01:48,371 [INFO] CADModel:165 - CPN selected for project level
2024-01-14 03:01:48,371 [INFO] CADModel:114 - Register for checkConnection events
2024-01-14 03:01:48,371 [FATAL] Updater:308 - Updater called before beeing initialized
2024-01-14 03:01:48,371 [ERROR] CADModel:125 - Updater not yet initialized, retry later 
2024-01-14 03:01:48,373 [FATAL] Updater:308 - Updater called before beeing initialized
2024-01-14 03:01:48,420 [FATAL] Updater:308 - Updater called before beeing initialized
2024-01-14 03:01:48,423 [INFO] DbMcusAds:53 - JSON generation date=Wed Nov 29 16:22:27 IST 2023 (1701255147349)
2024-01-14 03:01:48,424 [FATAL] Updater:308 - Updater called before beeing initialized
2024-01-14 03:01:48,449 [WARN] DetailPanel:346 - Failed to get advertising image, set to default
2024-01-14 03:01:48,521 [FATAL] Updater:308 - Updater called before beeing initialized
2024-01-14 03:01:48,523 [FATAL] Updater:308 - Updater called before beeing initialized
2024-01-14 03:01:48,523 [FATAL] Updater:308 - Updater called before beeing initialized
2024-01-14 03:01:48,523 [WARN] DetailPanel:346 - Failed to get advertising image, set to default
2024-01-14 03:01:48,523 [FATAL] Updater:308 - Updater called before beeing initialized
2024-01-14 03:01:48,545 [ERROR] Updater:1120 - MainUpdater not yet initialized. External WinMGr cannot be set.
2024-01-14 03:01:48,546 [INFO] Updater:1056 - Updater Version found : 6.10.0
2024-01-14 03:01:48,559 [INFO] ApplicationProperties:184 - Using Application install path: /home/ritik/st/stm32cubeide_1.14.0/plugins/com.st.stm32cube.common.mx_6.10.0.202311202037
2024-01-14 03:01:48,880 [INFO] MainUpdater:2873 - connection check result : 10
2024-01-14 03:01:48,880 [INFO] MainUpdater:3567 - Updater definition file requires update
2024-01-14 03:01:48,881 [INFO] MainUpdater:290 - Updater Check For Update Now.
2024-01-14 03:01:48,881 [INFO] MicroXplorer:498 - Change Database Version : DB.6.0.100
2024-01-14 03:01:48,890 [INFO] McuFinderGlobals:63 - Set McuFinder mode to 2 (CubeIDE integrated)
2024-01-14 03:01:48,890 [INFO] UserAuth:180 - activating auth plugin
2024-01-14 03:01:48,892 [INFO] UserAuth:404 - Internet connection configuration mode: 1
2024-01-14 03:01:48,901 [INFO] JxBrowserEngine:152 - Initiate JxBrowser Engine with user profile folder
2024-01-14 03:01:49,014 [INFO] ServerAccessManage:473 - Download File updaters.zip
2024-01-14 03:01:49,386 [INFO] FileExtend:240 - Unzip File : updaters.zip
2024-01-14 03:01:49,387 [INFO] FileExtend:255 - Standard Zip Deflate
2024-01-14 03:01:49,528 [INFO] WebApp:161 - Instantiating new browser for Auth
2024-01-14 03:01:49,581 [INFO] ServerAccessManage:473 - Download File PacksControlFlags.xml
2024-01-14 03:01:49,661 [INFO] ServerAccessManage:473 - Download File cubemx.pidx
2024-01-14 03:01:49,731 [INFO] LoadServerUpdatesThread:375 - End of LoadServerUpdate Thread
2024-01-14 03:01:49,864 [INFO] CheckServerUpdateThread:120 - End of CheckServer Thread
2024-01-14 03:01:50,867 [INFO] WebApp:780 - Register for checkConnection events
2024-01-14 03:01:50,867 [INFO] WebApp:414 - Apply proxy settings
2024-01-14 03:01:50,867 [INFO] WebApp:499 - Chromium requires no authentication
2024-01-14 03:01:50,873 [INFO] WebApp:442 - Direct internet connection detected
2024-01-14 03:01:50,889 [WARN] PackLoader:240 - Cannot read IP mode file for STMicroelectronics.X-CUBE-SMBUS.2.1.0
2024-01-14 03:01:50,894 [WARN] PackLoader:240 - Cannot read IP mode file for STMicroelectronics.X-CUBE-TOUCHGFX.4.23.0
2024-01-14 03:01:50,914 [WARN] PackLoader:240 - Cannot read IP mode file for STMicroelectronics.X-CUBE-AZRTOS-F7.1.1.0
2024-01-14 03:01:50,921 [WARN] PackLoader:240 - Cannot read IP mode file for STMicroelectronics.FP-SNS-MOTENV1.4.3.2
2024-01-14 03:01:50,925 [WARN] PackLoader:240 - Cannot read IP mode file for STMicroelectronics.FP-SNS-FLIGHT1.5.0.2
2024-01-14 03:01:50,931 [WARN] PackLoader:240 - Cannot read IP mode file for STMicroelectronics.X-CUBE-DISPLAY.3.0.0
2024-01-14 03:01:50,940 [WARN] PackLoader:240 - Cannot read IP mode file for STMicroelectronics.X-CUBE-BLE1.7.0.0
2024-01-14 03:01:50,943 [WARN] PackLoader:240 - Cannot read IP mode file for emotas.I-CUBE-CANOPEN.1.3.0
2024-01-14 03:01:50,947 [WARN] PackLoader:240 - Cannot read IP mode file for STMicroelectronics.FP-SNS-SMARTAG2.1.2.0
2024-01-14 03:01:50,954 [INFO] LogOutputStream:77 - [STDOUT_REDIRECT] 1 : Invalid condition id : UX_CORESTACK_Condition cause : null
2024-01-14 03:01:50,954 [INFO] LogOutputStream:77 - [STDOUT_REDIRECT] 1 : Invalid condition id : UX_CORESTACK_Condition cause : null
2024-01-14 03:01:50,954 [INFO] LogOutputStream:77 - [STDOUT_REDIRECT] 1 : Invalid condition id : UX_CORESTACK_Condition cause : null
2024-01-14 03:01:50,954 [INFO] LogOutputStream:77 - [STDOUT_REDIRECT] 1 : Invalid condition id : UX_CORESTACK_Condition cause : null
2024-01-14 03:01:50,955 [INFO] LogOutputStream:77 - [STDOUT_REDIRECT] 1 : Invalid condition id : UX_CORESTACK_Condition cause : null
2024-01-14 03:01:50,958 [WARN] PackLoader:240 - Cannot read IP mode file for STMicroelectronics.X-CUBE-AZRTOS-WL.2.0.0
2024-01-14 03:01:50,962 [WARN] PackLoader:240 - Cannot read IP mode file for STMicroelectronics.X-CUBE-BLE2.3.3.0
2024-01-14 03:01:50,967 [WARN] PackLoader:240 - Cannot read IP mode file for STMicroelectronics.X-CUBE-ALGOBUILD.1.3.0
2024-01-14 03:01:50,979 [WARN] PackLoader:240 - Cannot read IP mode file for STMicroelectronics.X-CUBE-AZRTOS-G0.1.1.0
2024-01-14 03:01:50,984 [WARN] PackLoader:240 - Cannot read IP mode file for STMicroelectronics.X-CUBE-NFC4.3.0.0
2024-01-14 03:01:50,991 [WARN] PackLoader:240 - Cannot read IP mode file for STMicroelectronics.X-CUBE-BLEMGR.3.0.0
2024-01-14 03:01:50,992 [INFO] WebApp:192 - Starting web application
2024-01-14 03:01:50,992 [INFO] WebApp:544 - Web application path used /home/ritik/st/stm32cubeide_1.14.0/plugins/com.st.stm32cube.common.mx_6.10.0.202311202037/db/plugins/mcufinder/reactClient1/index.html
2024-01-14 03:01:50,995 [WARN] PackLoader:240 - Cannot read IP mode file for STMicroelectronics.FP-ATR-SIGFOX1.3.2.0
2024-01-14 03:01:50,999 [WARN] PackLoader:240 - Cannot read IP mode file for STMicroelectronics.X-CUBE-GNSS1.6.0.0
2024-01-14 03:01:51,011 [WARN] PackLoader:240 - Cannot read IP mode file for STMicroelectronics.X-CUBE-AZRTOS-F4.1.1.0
2024-01-14 03:01:51,024 [WARN] PackLoader:240 - Cannot read IP mode file for STMicroelectronics.X-CUBE-AZRTOS-L5.2.0.0
2024-01-14 03:01:51,028 [WARN] PackLoader:240 - Cannot read IP mode file for STMicroelectronics.X-CUBE-EEPRMA1.4.2.0
2024-01-14 03:01:51,031 [WARN] PackLoader:240 - Cannot read IP mode file for ITTIA_DB.I-CUBE-ITTIADB.8.8.0
2024-01-14 03:01:51,034 [WARN] PackLoader:240 - Cannot read IP mode file for STMicroelectronics.X-CUBE-NFC7.1.0.1
2024-01-14 03:01:51,038 [WARN] PackLoader:240 - Cannot read IP mode file for STMicroelectronics.X-CUBE-NFC6.3.0.0
2024-01-14 03:01:51,042 [WARN] PackLoader:240 - Cannot read IP mode file for STMicroelectronics.X-CUBE-AI.8.1.0
2024-01-14 03:01:51,058 [WARN] ConditionMgr:438 - getConditionDescription Invalid condition id : LAN8742 Phy interface Condition cause : null
2024-01-14 03:01:51,058 [WARN] PackLoader:240 - Cannot read IP mode file for STMicroelectronics.X-CUBE-AZRTOS-L4.2.0.0
2024-01-14 03:01:51,060 [WARN] ConditionMgr:1039 - genDependencies : Invalid condition id : LAN8742 Phy interface Condition cause : null
2024-01-14 03:01:51,060 [WARN] ConditionMgr:1039 - genDependencies : Invalid condition id : LAN8742 Phy interface Condition cause : null
2024-01-14 03:01:51,061 [WARN] ConditionMgr:1039 - genDependencies : Invalid condition id : LAN8742 Phy interface Condition cause : null
2024-01-14 03:01:51,068 [WARN] PackLoader:240 - Cannot read IP mode file for STMicroelectronics.X-CUBE-SFXS2LP1.4.0.0
2024-01-14 03:01:51,080 [WARN] ConditionMgr:438 - getConditionDescription Invalid condition id : UX DEVICE CLASS RTOS Condition cause : null
2024-01-14 03:01:51,080 [WARN] ConditionMgr:438 - getConditionDescription Invalid condition id : UX DEVICE CLASS RTOS Condition cause : null
2024-01-14 03:01:51,083 [WARN] PackLoader:240 - Cannot read IP mode file for STMicroelectronics.X-CUBE-AZRTOS-WB.2.0.0
2024-01-14 03:01:51,084 [WARN] ConditionMgr:1039 - genDependencies : Invalid condition id : UX DEVICE CLASS RTOS Condition cause : null
2024-01-14 03:01:51,084 [WARN] ConditionMgr:1039 - genDependencies : Invalid condition id : UX DEVICE CLASS RTOS Condition cause : null
2024-01-14 03:01:51,084 [WARN] ConditionMgr:1039 - genDependencies : Invalid condition id : UX DEVICE CLASS RTOS Condition cause : null
2024-01-14 03:01:51,085 [WARN] ConditionMgr:1039 - genDependencies : Invalid condition id : UX DEVICE CLASS RTOS Condition cause : null
2024-01-14 03:01:51,085 [WARN] ConditionMgr:1039 - genDependencies : Invalid condition id : UX DEVICE CLASS RTOS Condition cause : null
2024-01-14 03:01:51,092 [WARN] PackLoader:240 - Cannot read IP mode file for STMicroelectronics.X-CUBE-SUBG2.5.0.0
2024-01-14 03:01:51,106 [WARN] PackLoader:240 - Cannot read IP mode file for STMicroelectronics.X-CUBE-AZRTOS-G4.2.0.0
2024-01-14 03:01:51,118 [WARN] PackLoader:240 - Cannot read IP mode file for Infineon.AIROC-Wi-Fi-Bluetooth-STM32.1.5.1
2024-01-14 03:01:51,126 [WARN] PackLoader:240 - Cannot read IP mode file for STMicroelectronics.FP-SNS-MOTENVWB1.1.3.1
2024-01-14 03:01:51,129 [WARN] PackLoader:240 - Cannot read IP mode file for STMicroelectronics.X-CUBE-ISPU.2.0.0
2024-01-14 03:01:51,169 [WARN] PackLoader:240 - Cannot read IP mode file for STMicroelectronics.X-CUBE-MEMS1.10.0.0
2024-01-14 03:01:51,269 [WARN] PackLoader:240 - Cannot read IP mode file for STMicroelectronics.X-CUBE-FREERTOS.1.1.0
2024-01-14 03:01:51,272 [WARN] PackLoader:240 - Cannot read IP mode file for STMicroelectronics.X-CUBE-ALS.1.0.1
2024-01-14 03:01:51,274 [WARN] PackLoader:240 - Cannot read IP mode file for STMicroelectronics.FP-ATR-ASTRA1.2.0.0
2024-01-14 03:01:51,279 [WARN] PackLoader:240 - Cannot read IP mode file for STMicroelectronics.X-CUBE-TOF1.3.4.0
2024-01-14 03:01:51,297 [WARN] PackLoader:240 - Cannot read IP mode file for STMicroelectronics.X-CUBE-AZRTOS-H7.3.2.0
2024-01-14 03:01:51,300 [INFO] ThirdParty:978 - Integrity check success = true
2024-01-14 03:01:51,300 [INFO] IntegrityCheckThread:100 - exiting critical section [integrity check]
2024-01-14 03:01:51,300 [INFO] IntegrityCheckThread:103 - End integrity checks thread
2024-01-14 03:02:11,416 [ERROR] LogOutputStream:75 - [STDERR_REDIRECT] SLF4J: Failed to load class "org.slf4j.impl.StaticLoggerBinder".
2024-01-14 03:02:11,416 [ERROR] LogOutputStream:75 - [STDERR_REDIRECT] SLF4J: Defaulting to no-operation (NOP) logger implementation
2024-01-14 03:02:11,416 [ERROR] LogOutputStream:75 - [STDERR_REDIRECT] SLF4J: See http://www.slf4j.org/codes.html#StaticLoggerBinder for further details.
2024-01-14 03:13:57,109 [ERROR] ConfigurationRetriever:142 - IOException on connection: Connect timed out
2024-01-14 03:21:45,518 [ERROR] LogOutputStream:75 - [STDERR_REDIRECT] 
