2024-02-20 20:04:01,087 [INFO] Activator:176 - 


2024-02-20 20:04:01,091 [INFO] Activator:177 - !SESSION log4j initialized
2024-02-20 20:04:12,157 [INFO] LogOutputStream:77 - [STDOUT_REDIRECT] 
2024-02-20 20:04:22,626 [INFO] ApplicationProperties:184 - Using Application install path: /home/ritik/st/stm32cubeide_1.14.0/plugins/com.st.stm32cube.common.mx_6.10.0.202311202037
2024-02-20 20:04:22,637 [INFO] DbMcusXml:78 - Set database path to: /home/ritik/st/stm32cubeide_1.14.0/plugins/com.st.stm32cube.common.mx_6.10.0.202311202037//db//mcu/
2024-02-20 20:04:22,638 [INFO] ApiDb:274 - Set plugin database path to: /home/ritik/st/stm32cubeide_1.14.0/plugins/com.st.stm32cube.common.mx_6.10.0.202311202037//db//plugins/boardmanager/
2024-02-20 20:04:22,638 [WARN] ApiDb:259 - Overriding images path with different value:  => /home/ritik/st/stm32cubeide_1.14.0/plugins/com.st.stm32cube.common.mx_6.10.0.202311202037//db//plugins/mcufinder/images/
2024-02-20 20:04:22,642 [INFO] ApiDb:250 - Set database path to: /home/ritik/.stmcufinder/plugins/mcufinder//mcu/
2024-02-20 20:04:22,643 [INFO] DbMcusAds:125 - Set database path to: /home/ritik/.stmcufinder/plugins/mcufinder//mcu/
2024-02-20 20:04:22,645 [INFO] CrossReferenceDbSqlite:203 - Set database path to: /home/ritik/.stmcufinder/plugins/mcufinder//mcu/cs/
2024-02-20 20:04:22,728 [INFO] RulesReader:64 - Compatibility file has been processed (297 Rules)
2024-02-20 20:04:22,779 [INFO] DbMcusXml:78 - Set database path to: /home/ritik/st/stm32cubeide_1.14.0/plugins/com.st.stm32cube.common.mx_6.10.0.202311202037//db//mcu/
2024-02-20 20:04:22,780 [INFO] ApiDb:274 - Set plugin database path to: /home/ritik/st/stm32cubeide_1.14.0/plugins/com.st.stm32cube.common.mx_6.10.0.202311202037//db//plugins/boardmanager/
2024-02-20 20:04:22,780 [INFO] ApiDb:261 - Set plugin images path to: /home/ritik/st/stm32cubeide_1.14.0/plugins/com.st.stm32cube.common.mx_6.10.0.202311202037//db//plugins/mcufinder/images/
2024-02-20 20:04:22,780 [WARN] DbFile:41 - Overriding database path with different value: /home/ritik/.stmcufinder/plugins/mcufinder/ => /home/ritik/.stmcufinder/plugins/mcufinder
2024-02-20 20:04:22,780 [INFO] ApiDb:250 - Set database path to: /home/ritik/.stmcufinder/plugins/mcufinder//mcu/
2024-02-20 20:04:22,780 [WARN] DbFile:41 - Overriding database path with different value: /home/ritik/.stmcufinder/plugins/mcufinder/ => /home/ritik/.stmcufinder/plugins/mcufinder
2024-02-20 20:04:22,780 [INFO] DbMcusAds:125 - Set database path to: /home/ritik/.stmcufinder/plugins/mcufinder//mcu/
2024-02-20 20:04:22,780 [WARN] DbFile:41 - Overriding database path with different value: /home/ritik/.stmcufinder/plugins/mcufinder/ => /home/ritik/.stmcufinder/plugins/mcufinder
2024-02-20 20:04:22,780 [WARN] DbFile:41 - Overriding database path with different value: /home/ritik/.stmcufinder/plugins/mcufinder/ => /home/ritik/.stmcufinder/plugins/mcufinder
2024-02-20 20:04:22,780 [INFO] CrossReferenceDbSqlite:203 - Set database path to: /home/ritik/.stmcufinder/plugins/mcufinder//mcu/cs/
2024-02-20 20:04:22,841 [INFO] MainPanel:264 - HeapMemory: 268435456
2024-02-20 20:04:22,937 [INFO] DbMcusXml:78 - Set database path to: /home/ritik/st/stm32cubeide_1.14.0/plugins/com.st.stm32cube.common.mx_6.10.0.202311202037//db//mcu/
2024-02-20 20:04:22,937 [INFO] ApiDb:274 - Set plugin database path to: /home/ritik/st/stm32cubeide_1.14.0/plugins/com.st.stm32cube.common.mx_6.10.0.202311202037//db//plugins/boardmanager/
2024-02-20 20:04:22,938 [INFO] ApiDb:261 - Set plugin images path to: /home/ritik/st/stm32cubeide_1.14.0/plugins/com.st.stm32cube.common.mx_6.10.0.202311202037//db//plugins/mcufinder/images/
2024-02-20 20:04:22,938 [WARN] DbFile:41 - Overriding database path with different value: /home/ritik/.stmcufinder/plugins/mcufinder/ => /home/ritik/.stmcufinder/plugins/mcufinder
2024-02-20 20:04:22,938 [INFO] ApiDb:250 - Set database path to: /home/ritik/.stmcufinder/plugins/mcufinder//mcu/
2024-02-20 20:04:22,938 [WARN] DbFile:41 - Overriding database path with different value: /home/ritik/.stmcufinder/plugins/mcufinder/ => /home/ritik/.stmcufinder/plugins/mcufinder
2024-02-20 20:04:22,938 [INFO] DbMcusAds:125 - Set database path to: /home/ritik/.stmcufinder/plugins/mcufinder//mcu/
2024-02-20 20:04:22,938 [WARN] DbFile:41 - Overriding database path with different value: /home/ritik/.stmcufinder/plugins/mcufinder/ => /home/ritik/.stmcufinder/plugins/mcufinder
2024-02-20 20:04:22,938 [WARN] DbFile:41 - Overriding database path with different value: /home/ritik/.stmcufinder/plugins/mcufinder/ => /home/ritik/.stmcufinder/plugins/mcufinder
2024-02-20 20:04:22,938 [INFO] CrossReferenceDbSqlite:203 - Set database path to: /home/ritik/.stmcufinder/plugins/mcufinder//mcu/cs/
2024-02-20 20:04:22,955 [INFO] ApplicationProperties:184 - Using Application install path: /home/ritik/st/stm32cubeide_1.14.0/plugins/com.st.stm32cube.common.mx_6.10.0.202311202037
2024-02-20 20:04:22,957 [INFO] PluginManage:196 - Search for loadable plugins [exclusion list=, ]
2024-02-20 20:04:22,958 [INFO] PluginManage:310 - Check plugin analytics
2024-02-20 20:04:23,093 [INFO] AnalyticsPlugin:253 - Accepted Software Licenses: 
2024-02-20 20:04:23,093 [INFO] AnalyticsPlugin:255 - Accepted CMSIS Pack Licenses: 
2024-02-20 20:04:23,093 [INFO] AnalyticsPlugin:257 - Accepted Firmware Licenses: 
2024-02-20 20:04:23,095 [INFO] PluginManage:359 - Loaded plugin analytics (category:tool,tabindex:-1)
2024-02-20 20:04:23,095 [INFO] PluginManage:310 - Check plugin cadmodel
2024-02-20 20:04:23,115 [INFO] CADModel:105 - Init CAD model plugin
2024-02-20 20:04:23,116 [INFO] PluginManage:359 - Loaded plugin cadmodel (category:power,tabindex:5)
2024-02-20 20:04:23,116 [INFO] PluginManage:310 - Check plugin clock
2024-02-20 20:04:23,123 [INFO] PluginManage:359 - Loaded plugin clock (category:base,tabindex:2)
2024-02-20 20:04:23,123 [INFO] PluginManage:310 - Check plugin ddr
2024-02-20 20:04:23,125 [INFO] PluginManage:359 - Loaded plugin ddr (category:tool,tabindex:6)
2024-02-20 20:04:23,125 [INFO] PluginManage:310 - Check plugin filemanager
2024-02-20 20:04:23,235 [INFO] PluginManage:359 - Loaded plugin filemanager (category:base,tabindex:10)
2024-02-20 20:04:23,235 [INFO] PluginManage:310 - Check plugin ipmanager
2024-02-20 20:04:23,240 [INFO] PluginManage:359 - Loaded plugin ipmanager (category:base,tabindex:5)
2024-02-20 20:04:23,240 [INFO] PluginManage:310 - Check plugin lpbam
2024-02-20 20:04:23,248 [INFO] PluginManage:359 - Loaded plugin lpbam (category:base,tabindex:0)
2024-02-20 20:04:23,248 [INFO] PluginManage:310 - Check plugin memorymap
2024-02-20 20:04:23,256 [INFO] PluginManage:359 - Loaded plugin memorymap (category:base,tabindex:4)
2024-02-20 20:04:23,256 [INFO] PluginManage:310 - Check plugin pinoutandconfiguration
2024-02-20 20:04:23,261 [INFO] PluginManage:359 - Loaded plugin pinoutandconfiguration (category:base,tabindex:1)
2024-02-20 20:04:23,261 [INFO] PluginManage:310 - Check plugin pinoutconfig
2024-02-20 20:04:23,313 [WARN] SupportedApi:132 - Cannot load RTOS API schema: s4s-elt-must-match.1: The content of 'definitions' must match (annotation?, (simpleType | complexType)?, (unique | key | keyref)*)). A problem was found starting at: attribute.
2024-02-20 20:04:23,392 [INFO] PluginManage:359 - Loaded plugin pinoutconfig (category:base,tabindex:0)
2024-02-20 20:04:23,392 [INFO] PluginManage:310 - Check plugin power
2024-02-20 20:04:23,398 [INFO] PluginManage:359 - Loaded plugin power (category:power,tabindex:4)
2024-02-20 20:04:23,398 [INFO] PluginManage:310 - Check plugin projectmanager
2024-02-20 20:04:23,408 [INFO] PluginManage:359 - Loaded plugin projectmanager (category:projectmanager,tabindex:3)
2024-02-20 20:04:23,409 [INFO] PluginManage:310 - Check plugin thirdparty
2024-02-20 20:04:23,477 [INFO] PluginManage:359 - Loaded plugin thirdparty (category:base,tabindex:-1)
2024-02-20 20:04:23,477 [INFO] PluginManage:310 - Check plugin tools
2024-02-20 20:04:23,477 [WARN] IntegrityCheckThread:84 - waiting for thirdparty lock release [integrity check]
2024-02-20 20:04:23,478 [INFO] IntegrityCheckThread:86 - entering critical section [integrity check]
2024-02-20 20:04:23,478 [INFO] ThirdPartyUpdaterWithRetryManager:70 - Updater plugin not ready yet. [1/15]
2024-02-20 20:04:23,479 [INFO] PluginManage:359 - Loaded plugin tools (category:base,tabindex:7)
2024-02-20 20:04:23,479 [INFO] PluginManage:310 - Check plugin tutovideos
2024-02-20 20:04:23,589 [INFO] PluginManage:359 - Loaded plugin tutovideos (category:base,tabindex:-1)
2024-02-20 20:04:23,590 [INFO] PluginManage:310 - Check plugin updater
2024-02-20 20:04:23,598 [INFO] PluginManage:359 - Loaded plugin updater (category:base,tabindex:12)
2024-02-20 20:04:23,598 [INFO] PluginManage:310 - Check plugin userauth
2024-02-20 20:04:23,604 [INFO] UserAuth:114 - Init User Auth plugin
2024-02-20 20:04:23,604 [INFO] PluginManage:359 - Loaded plugin userauth (category:base,tabindex:14)
2024-02-20 20:04:23,605 [INFO] PluginManage:283 - PluginManage : Loaded plugins [17]
2024-02-20 20:04:23,737 [INFO] PinOutPanel:1499 - setPackage(No Configuration,No Configuration)
2024-02-20 20:04:23,778 [INFO] CADModel:165 - CPN selected for project level
2024-02-20 20:04:23,779 [INFO] CADModel:114 - Register for checkConnection events
2024-02-20 20:04:23,786 [INFO] IPUIPlugin:80 - create IPUIPlugin
2024-02-20 20:04:23,786 [INFO] PluginManager:220 - loadIPPluginJar : add dfsdm
2024-02-20 20:04:23,788 [INFO] IPUIPlugin:80 - create IPUIPlugin
2024-02-20 20:04:23,788 [INFO] PluginManager:220 - loadIPPluginJar : add openamp
2024-02-20 20:04:23,791 [INFO] IPUIPlugin:80 - create IPUIPlugin
2024-02-20 20:04:23,791 [INFO] PluginManager:220 - loadIPPluginJar : add sai
2024-02-20 20:04:23,792 [INFO] IPUIPlugin:80 - create IPUIPlugin
2024-02-20 20:04:23,792 [INFO] PluginManager:220 - loadIPPluginJar : add genericplugin
2024-02-20 20:04:23,793 [INFO] IPUIPlugin:80 - create IPUIPlugin
2024-02-20 20:04:23,794 [INFO] PluginManager:220 - loadIPPluginJar : add i2c
2024-02-20 20:04:23,794 [INFO] IPUIPlugin:80 - create IPUIPlugin
2024-02-20 20:04:23,794 [INFO] PluginManager:220 - loadIPPluginJar : add comp
2024-02-20 20:04:23,797 [INFO] IPUIPlugin:80 - create IPUIPlugin
2024-02-20 20:04:23,797 [INFO] PluginManager:220 - loadIPPluginJar : add gpio
2024-02-20 20:04:23,801 [INFO] IPUIPlugin:80 - create IPUIPlugin
2024-02-20 20:04:23,803 [INFO] PluginManager:220 - loadIPPluginJar : add plateformsettings
2024-02-20 20:04:23,803 [INFO] IPUIPlugin:80 - create IPUIPlugin
2024-02-20 20:04:23,803 [INFO] PluginManager:220 - loadIPPluginJar : add quadspi
2024-02-20 20:04:23,805 [INFO] IPUIPlugin:80 - create IPUIPlugin
2024-02-20 20:04:23,805 [INFO] PluginManager:220 - loadIPPluginJar : add i2s
2024-02-20 20:04:23,808 [INFO] IPUIPlugin:80 - create IPUIPlugin
2024-02-20 20:04:23,808 [INFO] PluginManager:220 - loadIPPluginJar : add usbx
2024-02-20 20:04:23,809 [INFO] IPUIPlugin:80 - create IPUIPlugin
2024-02-20 20:04:23,810 [INFO] PluginManager:220 - loadIPPluginJar : add tim
2024-02-20 20:04:23,811 [INFO] IPUIPlugin:80 - create IPUIPlugin
2024-02-20 20:04:23,811 [INFO] PluginManager:220 - loadIPPluginJar : add hash
2024-02-20 20:04:23,812 [INFO] IPUIPlugin:80 - create IPUIPlugin
2024-02-20 20:04:23,813 [INFO] PluginManager:220 - loadIPPluginJar : add pdm2pcm
2024-02-20 20:04:23,814 [INFO] IPUIPlugin:80 - create IPUIPlugin
2024-02-20 20:04:23,814 [INFO] PluginManager:220 - loadIPPluginJar : add ts
2024-02-20 20:04:23,814 [INFO] IPUIPlugin:80 - create IPUIPlugin
2024-02-20 20:04:23,815 [INFO] PluginManager:220 - loadIPPluginJar : add tsc
2024-02-20 20:04:23,816 [INFO] IPUIPlugin:80 - create IPUIPlugin
2024-02-20 20:04:23,816 [INFO] PluginManager:220 - loadIPPluginJar : add aes
2024-02-20 20:04:23,819 [INFO] IPUIPlugin:80 - create IPUIPlugin
2024-02-20 20:04:23,819 [INFO] PluginManager:220 - loadIPPluginJar : add resmgrutility
2024-02-20 20:04:23,822 [INFO] IPUIPlugin:80 - create IPUIPlugin
2024-02-20 20:04:23,823 [INFO] PluginManager:220 - loadIPPluginJar : add stm32_wpan
2024-02-20 20:04:23,823 [INFO] IPUIPlugin:80 - create IPUIPlugin
2024-02-20 20:04:23,824 [INFO] PluginManager:220 - loadIPPluginJar : add tracer_emb
2024-02-20 20:04:23,826 [INFO] IPUIPlugin:80 - create IPUIPlugin
2024-02-20 20:04:23,826 [INFO] PluginManager:220 - loadIPPluginJar : add nvic
2024-02-20 20:04:23,827 [INFO] IPUIPlugin:80 - create IPUIPlugin
2024-02-20 20:04:23,827 [INFO] PluginManager:220 - loadIPPluginJar : add ltdc
2024-02-20 20:04:23,827 [INFO] IPUIPlugin:80 - create IPUIPlugin
2024-02-20 20:04:23,827 [INFO] PluginManager:220 - loadIPPluginJar : add fatfs
2024-02-20 20:04:23,829 [INFO] IPUIPlugin:80 - create IPUIPlugin
2024-02-20 20:04:23,829 [INFO] PluginManager:220 - loadIPPluginJar : add touchsensing
2024-02-20 20:04:23,833 [INFO] IPUIPlugin:80 - create IPUIPlugin
2024-02-20 20:04:23,834 [INFO] PluginManager:220 - loadIPPluginJar : add freertos
2024-02-20 20:04:23,838 [INFO] IPUIPlugin:80 - create IPUIPlugin
2024-02-20 20:04:23,838 [INFO] PluginManager:220 - loadIPPluginJar : add adc
2024-02-20 20:04:23,840 [INFO] IPUIPlugin:80 - create IPUIPlugin
2024-02-20 20:04:23,840 [INFO] PluginManager:220 - loadIPPluginJar : add usart
2024-02-20 20:04:23,841 [INFO] IPUIPlugin:80 - create IPUIPlugin
2024-02-20 20:04:23,841 [INFO] PluginManager:220 - loadIPPluginJar : add lorawan
2024-02-20 20:04:23,844 [INFO] IPUIPlugin:80 - create IPUIPlugin
2024-02-20 20:04:23,844 [INFO] PluginManager:220 - loadIPPluginJar : add fmc
2024-02-20 20:04:23,845 [INFO] IPUIPlugin:80 - create IPUIPlugin
2024-02-20 20:04:23,845 [INFO] PluginManager:220 - loadIPPluginJar : add opamp
2024-02-20 20:04:23,847 [INFO] IPUIPlugin:80 - create IPUIPlugin
2024-02-20 20:04:23,847 [INFO] PluginManager:220 - loadIPPluginJar : add can
2024-02-20 20:04:23,848 [INFO] IPUIPlugin:80 - create IPUIPlugin
2024-02-20 20:04:23,848 [INFO] PluginManager:220 - loadIPPluginJar : add dma3
2024-02-20 20:04:23,849 [INFO] IPUIPlugin:80 - create IPUIPlugin
2024-02-20 20:04:23,849 [INFO] PluginManager:220 - loadIPPluginJar : add i3c
2024-02-20 20:04:23,850 [INFO] IPUIPlugin:80 - create IPUIPlugin
2024-02-20 20:04:23,850 [INFO] PluginManager:220 - loadIPPluginJar : add ucpd
2024-02-20 20:04:23,851 [INFO] IPUIPlugin:80 - create IPUIPlugin
2024-02-20 20:04:23,851 [INFO] PluginManager:220 - loadIPPluginJar : add cryp
2024-02-20 20:04:23,852 [INFO] IPUIPlugin:80 - create IPUIPlugin
2024-02-20 20:04:23,853 [INFO] PluginManager:220 - loadIPPluginJar : add spi
2024-02-20 20:04:23,854 [INFO] IPUIPlugin:80 - create IPUIPlugin
2024-02-20 20:04:23,854 [INFO] PluginManager:220 - loadIPPluginJar : add gfxmmu
2024-02-20 20:04:23,858 [INFO] IPUIPlugin:80 - create IPUIPlugin
2024-02-20 20:04:23,858 [INFO] PluginManager:220 - loadIPPluginJar : add mdma
2024-02-20 20:04:23,862 [INFO] IPUIPlugin:80 - create IPUIPlugin
2024-02-20 20:04:23,862 [INFO] PluginManager:220 - loadIPPluginJar : add dma
2024-02-20 20:04:23,867 [INFO] IPUIPlugin:80 - create IPUIPlugin
2024-02-20 20:04:23,867 [INFO] PluginManager:220 - loadIPPluginJar : add gtzc
2024-02-20 20:04:23,870 [INFO] IPUIPlugin:80 - create IPUIPlugin
2024-02-20 20:04:23,871 [INFO] PluginManager:220 - loadIPPluginJar : add ipddr
2024-02-20 20:04:23,874 [INFO] IPUIPlugin:80 - create IPUIPlugin
2024-02-20 20:04:23,874 [INFO] PluginManager:220 - loadIPPluginJar : add gic
2024-02-20 20:04:23,879 [INFO] IPUIPlugin:80 - create IPUIPlugin
2024-02-20 20:04:23,880 [INFO] PluginManager:220 - loadIPPluginJar : add linkedlist
2024-02-20 20:04:23,975 [INFO] CADModel:165 - CPN selected for project level
2024-02-20 20:04:23,976 [INFO] CADModel:114 - Register for checkConnection events
2024-02-20 20:04:23,976 [FATAL] Updater:308 - Updater called before beeing initialized
2024-02-20 20:04:23,976 [ERROR] CADModel:125 - Updater not yet initialized, retry later 
2024-02-20 20:04:24,065 [INFO] CADModel:165 - CPN selected for project level
2024-02-20 20:04:24,065 [INFO] CADModel:114 - Register for checkConnection events
2024-02-20 20:04:24,065 [FATAL] Updater:308 - Updater called before beeing initialized
2024-02-20 20:04:24,065 [ERROR] CADModel:125 - Updater not yet initialized, retry later 
2024-02-20 20:04:24,069 [FATAL] Updater:308 - Updater called before beeing initialized
2024-02-20 20:04:24,128 [FATAL] Updater:308 - Updater called before beeing initialized
2024-02-20 20:04:24,132 [INFO] DbMcusAds:53 - JSON generation date=Wed Nov 29 16:22:27 IST 2023 (1701255147349)
2024-02-20 20:04:24,132 [FATAL] Updater:308 - Updater called before beeing initialized
2024-02-20 20:04:24,160 [WARN] DetailPanel:346 - Failed to get advertising image, set to default
2024-02-20 20:04:24,234 [FATAL] Updater:308 - Updater called before beeing initialized
2024-02-20 20:04:24,235 [FATAL] Updater:308 - Updater called before beeing initialized
2024-02-20 20:04:24,235 [FATAL] Updater:308 - Updater called before beeing initialized
2024-02-20 20:04:24,235 [WARN] DetailPanel:346 - Failed to get advertising image, set to default
2024-02-20 20:04:24,236 [FATAL] Updater:308 - Updater called before beeing initialized
2024-02-20 20:04:24,262 [ERROR] Updater:1120 - MainUpdater not yet initialized. External WinMGr cannot be set.
2024-02-20 20:04:24,264 [INFO] Updater:1056 - Updater Version found : 6.10.0
2024-02-20 20:04:24,278 [INFO] ApplicationProperties:184 - Using Application install path: /home/ritik/st/stm32cubeide_1.14.0/plugins/com.st.stm32cube.common.mx_6.10.0.202311202037
2024-02-20 20:04:24,772 [INFO] MainUpdater:2873 - connection check result : 10
2024-02-20 20:04:24,773 [INFO] MainUpdater:290 - Updater Check For Update Now.
2024-02-20 20:04:24,773 [INFO] MicroXplorer:498 - Change Database Version : DB.6.0.100
2024-02-20 20:04:24,782 [INFO] McuFinderGlobals:63 - Set McuFinder mode to 2 (CubeIDE integrated)
2024-02-20 20:04:24,782 [INFO] UserAuth:180 - activating auth plugin
2024-02-20 20:04:24,785 [INFO] UserAuth:404 - Internet connection configuration mode: 1
2024-02-20 20:04:24,797 [INFO] JxBrowserEngine:152 - Initiate JxBrowser Engine with user profile folder
2024-02-20 20:04:24,969 [INFO] CheckServerUpdateThread:120 - End of CheckServer Thread
2024-02-20 20:04:25,482 [INFO] WebApp:161 - Instantiating new browser for Auth
2024-02-20 20:04:26,076 [INFO] WebApp:780 - Register for checkConnection events
2024-02-20 20:04:26,077 [INFO] WebApp:414 - Apply proxy settings
2024-02-20 20:04:26,077 [INFO] WebApp:499 - Chromium requires no authentication
2024-02-20 20:04:26,087 [INFO] WebApp:442 - Direct internet connection detected
2024-02-20 20:04:26,168 [INFO] WebApp:192 - Starting web application
2024-02-20 20:04:26,168 [INFO] WebApp:544 - Web application path used /home/ritik/st/stm32cubeide_1.14.0/plugins/com.st.stm32cube.common.mx_6.10.0.202311202037/db/plugins/mcufinder/reactClient1/index.html
2024-02-20 20:04:26,563 [WARN] PackLoader:240 - Cannot read IP mode file for STMicroelectronics.X-CUBE-SMBUS.2.1.0
2024-02-20 20:04:26,569 [WARN] PackLoader:240 - Cannot read IP mode file for STMicroelectronics.X-CUBE-TOUCHGFX.4.23.0
2024-02-20 20:04:26,597 [WARN] PackLoader:240 - Cannot read IP mode file for STMicroelectronics.X-CUBE-AZRTOS-F7.1.1.0
2024-02-20 20:04:26,607 [WARN] PackLoader:240 - Cannot read IP mode file for STMicroelectronics.FP-SNS-MOTENV1.4.3.2
2024-02-20 20:04:26,613 [WARN] PackLoader:240 - Cannot read IP mode file for STMicroelectronics.FP-SNS-FLIGHT1.5.0.2
2024-02-20 20:04:26,621 [WARN] PackLoader:240 - Cannot read IP mode file for STMicroelectronics.X-CUBE-DISPLAY.3.0.0
2024-02-20 20:04:26,632 [WARN] PackLoader:240 - Cannot read IP mode file for STMicroelectronics.X-CUBE-BLE1.7.0.0
2024-02-20 20:04:26,638 [WARN] PackLoader:240 - Cannot read IP mode file for emotas.I-CUBE-CANOPEN.1.3.0
2024-02-20 20:04:26,642 [WARN] PackLoader:240 - Cannot read IP mode file for STMicroelectronics.FP-SNS-SMARTAG2.1.2.0
2024-02-20 20:04:26,653 [INFO] LogOutputStream:77 - [STDOUT_REDIRECT] 1 : Invalid condition id : UX_CORESTACK_Condition cause : null
2024-02-20 20:04:26,653 [INFO] LogOutputStream:77 - [STDOUT_REDIRECT] 1 : Invalid condition id : UX_CORESTACK_Condition cause : null
2024-02-20 20:04:26,653 [INFO] LogOutputStream:77 - [STDOUT_REDIRECT] 1 : Invalid condition id : UX_CORESTACK_Condition cause : null
2024-02-20 20:04:26,654 [INFO] LogOutputStream:77 - [STDOUT_REDIRECT] 1 : Invalid condition id : UX_CORESTACK_Condition cause : null
2024-02-20 20:04:26,654 [INFO] LogOutputStream:77 - [STDOUT_REDIRECT] 1 : Invalid condition id : UX_CORESTACK_Condition cause : null
2024-02-20 20:04:26,658 [WARN] PackLoader:240 - Cannot read IP mode file for STMicroelectronics.X-CUBE-AZRTOS-WL.2.0.0
2024-02-20 20:04:26,663 [WARN] PackLoader:240 - Cannot read IP mode file for STMicroelectronics.X-CUBE-BLE2.3.3.0
2024-02-20 20:04:26,677 [WARN] PackLoader:240 - Cannot read IP mode file for STMicroelectronics.X-CUBE-ALGOBUILD.1.3.0
2024-02-20 20:04:26,693 [WARN] PackLoader:240 - Cannot read IP mode file for STMicroelectronics.X-CUBE-AZRTOS-G0.1.1.0
2024-02-20 20:04:26,699 [WARN] PackLoader:240 - Cannot read IP mode file for STMicroelectronics.X-CUBE-NFC4.3.0.0
2024-02-20 20:04:26,707 [WARN] PackLoader:240 - Cannot read IP mode file for STMicroelectronics.X-CUBE-BLEMGR.3.0.0
2024-02-20 20:04:26,711 [WARN] PackLoader:240 - Cannot read IP mode file for STMicroelectronics.FP-ATR-SIGFOX1.3.2.0
2024-02-20 20:04:26,715 [WARN] PackLoader:240 - Cannot read IP mode file for STMicroelectronics.X-CUBE-EEPRMA1.5.1.0
2024-02-20 20:04:26,720 [WARN] PackLoader:240 - Cannot read IP mode file for STMicroelectronics.X-CUBE-GNSS1.6.0.0
2024-02-20 20:04:26,732 [WARN] PackLoader:240 - Cannot read IP mode file for STMicroelectronics.X-CUBE-AZRTOS-F4.1.1.0
2024-02-20 20:04:26,744 [WARN] PackLoader:240 - Cannot read IP mode file for STMicroelectronics.X-CUBE-AZRTOS-L5.2.0.0
2024-02-20 20:04:26,749 [WARN] PackLoader:240 - Cannot read IP mode file for STMicroelectronics.X-CUBE-EEPRMA1.4.2.0
2024-02-20 20:04:26,754 [WARN] PackLoader:240 - Cannot read IP mode file for ITTIA_DB.I-CUBE-ITTIADB.8.8.0
2024-02-20 20:04:26,757 [WARN] PackLoader:240 - Cannot read IP mode file for STMicroelectronics.X-CUBE-NFC7.1.0.1
2024-02-20 20:04:26,762 [WARN] PackLoader:240 - Cannot read IP mode file for STMicroelectronics.X-CUBE-NFC6.3.0.0
2024-02-20 20:04:26,765 [WARN] PackLoader:240 - Cannot read IP mode file for STMicroelectronics.X-CUBE-AI.8.1.0
2024-02-20 20:04:26,774 [WARN] ConditionMgr:438 - getConditionDescription Invalid condition id : LAN8742 Phy interface Condition cause : null
2024-02-20 20:04:26,775 [WARN] PackLoader:240 - Cannot read IP mode file for STMicroelectronics.X-CUBE-AZRTOS-L4.2.0.0
2024-02-20 20:04:26,776 [WARN] ConditionMgr:1039 - genDependencies : Invalid condition id : LAN8742 Phy interface Condition cause : null
2024-02-20 20:04:26,776 [WARN] ConditionMgr:1039 - genDependencies : Invalid condition id : LAN8742 Phy interface Condition cause : null
2024-02-20 20:04:26,777 [WARN] ConditionMgr:1039 - genDependencies : Invalid condition id : LAN8742 Phy interface Condition cause : null
2024-02-20 20:04:26,781 [WARN] PackLoader:240 - Cannot read IP mode file for STMicroelectronics.X-CUBE-SFXS2LP1.4.0.0
2024-02-20 20:04:26,790 [WARN] ConditionMgr:438 - getConditionDescription Invalid condition id : UX DEVICE CLASS RTOS Condition cause : null
2024-02-20 20:04:26,790 [WARN] ConditionMgr:438 - getConditionDescription Invalid condition id : UX DEVICE CLASS RTOS Condition cause : null
2024-02-20 20:04:26,791 [WARN] PackLoader:240 - Cannot read IP mode file for STMicroelectronics.X-CUBE-AZRTOS-WB.2.0.0
2024-02-20 20:04:26,792 [WARN] ConditionMgr:1039 - genDependencies : Invalid condition id : UX DEVICE CLASS RTOS Condition cause : null
2024-02-20 20:04:26,792 [WARN] ConditionMgr:1039 - genDependencies : Invalid condition id : UX DEVICE CLASS RTOS Condition cause : null
2024-02-20 20:04:26,793 [WARN] ConditionMgr:1039 - genDependencies : Invalid condition id : UX DEVICE CLASS RTOS Condition cause : null
2024-02-20 20:04:26,793 [WARN] ConditionMgr:1039 - genDependencies : Invalid condition id : UX DEVICE CLASS RTOS Condition cause : null
2024-02-20 20:04:26,793 [WARN] ConditionMgr:1039 - genDependencies : Invalid condition id : UX DEVICE CLASS RTOS Condition cause : null
2024-02-20 20:04:26,799 [WARN] PackLoader:240 - Cannot read IP mode file for STMicroelectronics.X-CUBE-SUBG2.5.0.0
2024-02-20 20:04:26,810 [WARN] PackLoader:240 - Cannot read IP mode file for STMicroelectronics.X-CUBE-AZRTOS-G4.2.0.0
2024-02-20 20:04:26,818 [WARN] PackLoader:240 - Cannot read IP mode file for Infineon.AIROC-Wi-Fi-Bluetooth-STM32.1.5.1
2024-02-20 20:04:26,824 [WARN] PackLoader:240 - Cannot read IP mode file for STMicroelectronics.FP-SNS-MOTENVWB1.1.3.1
2024-02-20 20:04:26,826 [WARN] PackLoader:240 - Cannot read IP mode file for STMicroelectronics.X-CUBE-ISPU.2.0.0
2024-02-20 20:04:26,849 [WARN] PackLoader:240 - Cannot read IP mode file for STMicroelectronics.X-CUBE-MEMS1.10.0.0
2024-02-20 20:04:26,922 [WARN] PackLoader:240 - Cannot read IP mode file for STMicroelectronics.X-CUBE-FREERTOS.1.1.0
2024-02-20 20:04:26,924 [WARN] PackLoader:240 - Cannot read IP mode file for STMicroelectronics.X-CUBE-ALS.1.0.1
2024-02-20 20:04:26,926 [WARN] PackLoader:240 - Cannot read IP mode file for STMicroelectronics.FP-ATR-ASTRA1.2.0.0
2024-02-20 20:04:26,930 [WARN] PackLoader:240 - Cannot read IP mode file for STMicroelectronics.X-CUBE-TOF1.3.4.0
2024-02-20 20:04:26,948 [WARN] PackLoader:240 - Cannot read IP mode file for STMicroelectronics.X-CUBE-AZRTOS-H7.3.2.0
2024-02-20 20:04:26,950 [INFO] ThirdParty:978 - Integrity check success = true
2024-02-20 20:04:26,950 [INFO] IntegrityCheckThread:100 - exiting critical section [integrity check]
2024-02-20 20:04:26,950 [INFO] IntegrityCheckThread:103 - End integrity checks thread
2024-02-20 20:04:46,619 [ERROR] LogOutputStream:75 - [STDERR_REDIRECT] SLF4J: Failed to load class "org.slf4j.impl.StaticLoggerBinder".
2024-02-20 20:04:46,619 [ERROR] LogOutputStream:75 - [STDERR_REDIRECT] SLF4J: Defaulting to no-operation (NOP) logger implementation
2024-02-20 20:04:46,619 [ERROR] LogOutputStream:75 - [STDERR_REDIRECT] SLF4J: See http://www.slf4j.org/codes.html#StaticLoggerBinder for further details.
2024-02-20 20:05:00,465 [ERROR] ConfigurationRetriever:142 - IOException on connection: sw-center.st.com
2024-02-20 20:05:00,466 [ERROR] ConfigurationRetriever:142 - IOException on connection: sw-center.st.com
2024-02-20 20:05:00,466 [ERROR] ConfigurationRetriever:142 - IOException on connection: sw-center.st.com
2024-02-20 23:09:50,660 [ERROR] LogOutputStream:75 - [STDERR_REDIRECT] 
