2024-03-03 18:34:18,704 [INFO] Activator:176 - 


2024-03-03 18:34:18,708 [INFO] Activator:177 - !SESSION log4j initialized
2024-03-03 18:34:35,971 [INFO] LogOutputStream:77 - [STDOUT_REDIRECT] 
2024-03-03 18:34:46,291 [INFO] ApplicationProperties:184 - Using Application install path: /home/ritik/st/stm32cubeide_1.14.0/plugins/com.st.stm32cube.common.mx_6.10.0.202311202037
2024-03-03 18:34:46,303 [INFO] DbMcusXml:78 - Set database path to: /home/ritik/st/stm32cubeide_1.14.0/plugins/com.st.stm32cube.common.mx_6.10.0.202311202037//db//mcu/
2024-03-03 18:34:46,303 [INFO] ApiDb:274 - Set plugin database path to: /home/ritik/st/stm32cubeide_1.14.0/plugins/com.st.stm32cube.common.mx_6.10.0.202311202037//db//plugins/boardmanager/
2024-03-03 18:34:46,303 [WARN] ApiDb:259 - Overriding images path with different value:  => /home/ritik/st/stm32cubeide_1.14.0/plugins/com.st.stm32cube.common.mx_6.10.0.202311202037//db//plugins/mcufinder/images/
2024-03-03 18:34:46,307 [INFO] ApiDb:250 - Set database path to: /home/ritik/.stmcufinder/plugins/mcufinder//mcu/
2024-03-03 18:34:46,308 [INFO] DbMcusAds:125 - Set database path to: /home/ritik/.stmcufinder/plugins/mcufinder//mcu/
2024-03-03 18:34:46,309 [INFO] CrossReferenceDbSqlite:203 - Set database path to: /home/ritik/.stmcufinder/plugins/mcufinder//mcu/cs/
2024-03-03 18:34:46,388 [INFO] RulesReader:64 - Compatibility file has been processed (297 Rules)
2024-03-03 18:34:46,428 [INFO] DbMcusXml:78 - Set database path to: /home/ritik/st/stm32cubeide_1.14.0/plugins/com.st.stm32cube.common.mx_6.10.0.202311202037//db//mcu/
2024-03-03 18:34:46,428 [INFO] ApiDb:274 - Set plugin database path to: /home/ritik/st/stm32cubeide_1.14.0/plugins/com.st.stm32cube.common.mx_6.10.0.202311202037//db//plugins/boardmanager/
2024-03-03 18:34:46,428 [INFO] ApiDb:261 - Set plugin images path to: /home/ritik/st/stm32cubeide_1.14.0/plugins/com.st.stm32cube.common.mx_6.10.0.202311202037//db//plugins/mcufinder/images/
2024-03-03 18:34:46,429 [WARN] DbFile:41 - Overriding database path with different value: /home/ritik/.stmcufinder/plugins/mcufinder/ => /home/ritik/.stmcufinder/plugins/mcufinder
2024-03-03 18:34:46,429 [INFO] ApiDb:250 - Set database path to: /home/ritik/.stmcufinder/plugins/mcufinder//mcu/
2024-03-03 18:34:46,429 [WARN] DbFile:41 - Overriding database path with different value: /home/ritik/.stmcufinder/plugins/mcufinder/ => /home/ritik/.stmcufinder/plugins/mcufinder
2024-03-03 18:34:46,429 [INFO] DbMcusAds:125 - Set database path to: /home/ritik/.stmcufinder/plugins/mcufinder//mcu/
2024-03-03 18:34:46,429 [WARN] DbFile:41 - Overriding database path with different value: /home/ritik/.stmcufinder/plugins/mcufinder/ => /home/ritik/.stmcufinder/plugins/mcufinder
2024-03-03 18:34:46,429 [WARN] DbFile:41 - Overriding database path with different value: /home/ritik/.stmcufinder/plugins/mcufinder/ => /home/ritik/.stmcufinder/plugins/mcufinder
2024-03-03 18:34:46,429 [INFO] CrossReferenceDbSqlite:203 - Set database path to: /home/ritik/.stmcufinder/plugins/mcufinder//mcu/cs/
2024-03-03 18:34:46,476 [INFO] MainPanel:264 - HeapMemory: 268435456
2024-03-03 18:34:46,537 [INFO] DbMcusXml:78 - Set database path to: /home/ritik/st/stm32cubeide_1.14.0/plugins/com.st.stm32cube.common.mx_6.10.0.202311202037//db//mcu/
2024-03-03 18:34:46,538 [INFO] ApiDb:274 - Set plugin database path to: /home/ritik/st/stm32cubeide_1.14.0/plugins/com.st.stm32cube.common.mx_6.10.0.202311202037//db//plugins/boardmanager/
2024-03-03 18:34:46,538 [INFO] ApiDb:261 - Set plugin images path to: /home/ritik/st/stm32cubeide_1.14.0/plugins/com.st.stm32cube.common.mx_6.10.0.202311202037//db//plugins/mcufinder/images/
2024-03-03 18:34:46,538 [WARN] DbFile:41 - Overriding database path with different value: /home/ritik/.stmcufinder/plugins/mcufinder/ => /home/ritik/.stmcufinder/plugins/mcufinder
2024-03-03 18:34:46,538 [INFO] ApiDb:250 - Set database path to: /home/ritik/.stmcufinder/plugins/mcufinder//mcu/
2024-03-03 18:34:46,538 [WARN] DbFile:41 - Overriding database path with different value: /home/ritik/.stmcufinder/plugins/mcufinder/ => /home/ritik/.stmcufinder/plugins/mcufinder
2024-03-03 18:34:46,538 [INFO] DbMcusAds:125 - Set database path to: /home/ritik/.stmcufinder/plugins/mcufinder//mcu/
2024-03-03 18:34:46,538 [WARN] DbFile:41 - Overriding database path with different value: /home/ritik/.stmcufinder/plugins/mcufinder/ => /home/ritik/.stmcufinder/plugins/mcufinder
2024-03-03 18:34:46,538 [WARN] DbFile:41 - Overriding database path with different value: /home/ritik/.stmcufinder/plugins/mcufinder/ => /home/ritik/.stmcufinder/plugins/mcufinder
2024-03-03 18:34:46,538 [INFO] CrossReferenceDbSqlite:203 - Set database path to: /home/ritik/.stmcufinder/plugins/mcufinder//mcu/cs/
2024-03-03 18:34:46,550 [INFO] ApplicationProperties:184 - Using Application install path: /home/ritik/st/stm32cubeide_1.14.0/plugins/com.st.stm32cube.common.mx_6.10.0.202311202037
2024-03-03 18:34:46,550 [INFO] PluginManage:196 - Search for loadable plugins [exclusion list=, ]
2024-03-03 18:34:46,551 [INFO] PluginManage:310 - Check plugin analytics
2024-03-03 18:34:46,662 [INFO] AnalyticsPlugin:253 - Accepted Software Licenses: 
2024-03-03 18:34:46,662 [INFO] AnalyticsPlugin:255 - Accepted CMSIS Pack Licenses: 
2024-03-03 18:34:46,662 [INFO] AnalyticsPlugin:257 - Accepted Firmware Licenses: 
2024-03-03 18:34:46,664 [INFO] PluginManage:359 - Loaded plugin analytics (category:tool,tabindex:-1)
2024-03-03 18:34:46,664 [INFO] PluginManage:310 - Check plugin cadmodel
2024-03-03 18:34:46,709 [INFO] CADModel:105 - Init CAD model plugin
2024-03-03 18:34:46,709 [INFO] PluginManage:359 - Loaded plugin cadmodel (category:power,tabindex:5)
2024-03-03 18:34:46,709 [INFO] PluginManage:310 - Check plugin clock
2024-03-03 18:34:46,717 [INFO] PluginManage:359 - Loaded plugin clock (category:base,tabindex:2)
2024-03-03 18:34:46,717 [INFO] PluginManage:310 - Check plugin ddr
2024-03-03 18:34:46,718 [INFO] PluginManage:359 - Loaded plugin ddr (category:tool,tabindex:6)
2024-03-03 18:34:46,718 [INFO] PluginManage:310 - Check plugin filemanager
2024-03-03 18:34:46,819 [INFO] PluginManage:359 - Loaded plugin filemanager (category:base,tabindex:10)
2024-03-03 18:34:46,820 [INFO] PluginManage:310 - Check plugin ipmanager
2024-03-03 18:34:46,824 [INFO] PluginManage:359 - Loaded plugin ipmanager (category:base,tabindex:5)
2024-03-03 18:34:46,824 [INFO] PluginManage:310 - Check plugin lpbam
2024-03-03 18:34:46,831 [INFO] PluginManage:359 - Loaded plugin lpbam (category:base,tabindex:0)
2024-03-03 18:34:46,831 [INFO] PluginManage:310 - Check plugin memorymap
2024-03-03 18:34:46,839 [INFO] PluginManage:359 - Loaded plugin memorymap (category:base,tabindex:4)
2024-03-03 18:34:46,839 [INFO] PluginManage:310 - Check plugin pinoutandconfiguration
2024-03-03 18:34:46,845 [INFO] PluginManage:359 - Loaded plugin pinoutandconfiguration (category:base,tabindex:1)
2024-03-03 18:34:46,845 [INFO] PluginManage:310 - Check plugin pinoutconfig
2024-03-03 18:34:46,902 [WARN] SupportedApi:132 - Cannot load RTOS API schema: s4s-elt-must-match.1: The content of 'definitions' must match (annotation?, (simpleType | complexType)?, (unique | key | keyref)*)). A problem was found starting at: attribute.
2024-03-03 18:34:46,988 [INFO] PluginManage:359 - Loaded plugin pinoutconfig (category:base,tabindex:0)
2024-03-03 18:34:46,988 [INFO] PluginManage:310 - Check plugin power
2024-03-03 18:34:46,995 [INFO] PluginManage:359 - Loaded plugin power (category:power,tabindex:4)
2024-03-03 18:34:46,995 [INFO] PluginManage:310 - Check plugin projectmanager
2024-03-03 18:34:47,005 [INFO] PluginManage:359 - Loaded plugin projectmanager (category:projectmanager,tabindex:3)
2024-03-03 18:34:47,005 [INFO] PluginManage:310 - Check plugin thirdparty
2024-03-03 18:34:47,083 [INFO] PluginManage:359 - Loaded plugin thirdparty (category:base,tabindex:-1)
2024-03-03 18:34:47,083 [WARN] IntegrityCheckThread:84 - waiting for thirdparty lock release [integrity check]
2024-03-03 18:34:47,083 [INFO] PluginManage:310 - Check plugin tools
2024-03-03 18:34:47,084 [INFO] IntegrityCheckThread:86 - entering critical section [integrity check]
2024-03-03 18:34:47,084 [INFO] ThirdPartyUpdaterWithRetryManager:70 - Updater plugin not ready yet. [1/15]
2024-03-03 18:34:47,085 [INFO] PluginManage:359 - Loaded plugin tools (category:base,tabindex:7)
2024-03-03 18:34:47,085 [INFO] PluginManage:310 - Check plugin tutovideos
2024-03-03 18:34:47,196 [INFO] PluginManage:359 - Loaded plugin tutovideos (category:base,tabindex:-1)
2024-03-03 18:34:47,196 [INFO] PluginManage:310 - Check plugin updater
2024-03-03 18:34:47,203 [INFO] PluginManage:359 - Loaded plugin updater (category:base,tabindex:12)
2024-03-03 18:34:47,203 [INFO] PluginManage:310 - Check plugin userauth
2024-03-03 18:34:47,207 [INFO] UserAuth:114 - Init User Auth plugin
2024-03-03 18:34:47,208 [INFO] PluginManage:359 - Loaded plugin userauth (category:base,tabindex:14)
2024-03-03 18:34:47,208 [INFO] PluginManage:283 - PluginManage : Loaded plugins [17]
2024-03-03 18:34:47,348 [INFO] PinOutPanel:1499 - setPackage(No Configuration,No Configuration)
2024-03-03 18:34:47,389 [INFO] CADModel:165 - CPN selected for project level
2024-03-03 18:34:47,389 [INFO] CADModel:114 - Register for checkConnection events
2024-03-03 18:34:47,397 [INFO] IPUIPlugin:80 - create IPUIPlugin
2024-03-03 18:34:47,397 [INFO] PluginManager:220 - loadIPPluginJar : add dfsdm
2024-03-03 18:34:47,398 [INFO] IPUIPlugin:80 - create IPUIPlugin
2024-03-03 18:34:47,399 [INFO] PluginManager:220 - loadIPPluginJar : add openamp
2024-03-03 18:34:47,402 [INFO] IPUIPlugin:80 - create IPUIPlugin
2024-03-03 18:34:47,402 [INFO] PluginManager:220 - loadIPPluginJar : add sai
2024-03-03 18:34:47,403 [INFO] IPUIPlugin:80 - create IPUIPlugin
2024-03-03 18:34:47,403 [INFO] PluginManager:220 - loadIPPluginJar : add genericplugin
2024-03-03 18:34:47,404 [INFO] IPUIPlugin:80 - create IPUIPlugin
2024-03-03 18:34:47,404 [INFO] PluginManager:220 - loadIPPluginJar : add i2c
2024-03-03 18:34:47,405 [INFO] IPUIPlugin:80 - create IPUIPlugin
2024-03-03 18:34:47,405 [INFO] PluginManager:220 - loadIPPluginJar : add comp
2024-03-03 18:34:47,408 [INFO] IPUIPlugin:80 - create IPUIPlugin
2024-03-03 18:34:47,408 [INFO] PluginManager:220 - loadIPPluginJar : add gpio
2024-03-03 18:34:47,413 [INFO] IPUIPlugin:80 - create IPUIPlugin
2024-03-03 18:34:47,414 [INFO] PluginManager:220 - loadIPPluginJar : add plateformsettings
2024-03-03 18:34:47,415 [INFO] IPUIPlugin:80 - create IPUIPlugin
2024-03-03 18:34:47,415 [INFO] PluginManager:220 - loadIPPluginJar : add quadspi
2024-03-03 18:34:47,417 [INFO] IPUIPlugin:80 - create IPUIPlugin
2024-03-03 18:34:47,417 [INFO] PluginManager:220 - loadIPPluginJar : add i2s
2024-03-03 18:34:47,418 [INFO] IPUIPlugin:80 - create IPUIPlugin
2024-03-03 18:34:47,418 [INFO] PluginManager:220 - loadIPPluginJar : add usbx
2024-03-03 18:34:47,419 [INFO] IPUIPlugin:80 - create IPUIPlugin
2024-03-03 18:34:47,419 [INFO] PluginManager:220 - loadIPPluginJar : add tim
2024-03-03 18:34:47,421 [INFO] IPUIPlugin:80 - create IPUIPlugin
2024-03-03 18:34:47,421 [INFO] PluginManager:220 - loadIPPluginJar : add hash
2024-03-03 18:34:47,423 [INFO] IPUIPlugin:80 - create IPUIPlugin
2024-03-03 18:34:47,423 [INFO] PluginManager:220 - loadIPPluginJar : add pdm2pcm
2024-03-03 18:34:47,424 [INFO] IPUIPlugin:80 - create IPUIPlugin
2024-03-03 18:34:47,424 [INFO] PluginManager:220 - loadIPPluginJar : add ts
2024-03-03 18:34:47,425 [INFO] IPUIPlugin:80 - create IPUIPlugin
2024-03-03 18:34:47,425 [INFO] PluginManager:220 - loadIPPluginJar : add tsc
2024-03-03 18:34:47,427 [INFO] IPUIPlugin:80 - create IPUIPlugin
2024-03-03 18:34:47,427 [INFO] PluginManager:220 - loadIPPluginJar : add aes
2024-03-03 18:34:47,430 [INFO] IPUIPlugin:80 - create IPUIPlugin
2024-03-03 18:34:47,430 [INFO] PluginManager:220 - loadIPPluginJar : add resmgrutility
2024-03-03 18:34:47,433 [INFO] IPUIPlugin:80 - create IPUIPlugin
2024-03-03 18:34:47,433 [INFO] PluginManager:220 - loadIPPluginJar : add stm32_wpan
2024-03-03 18:34:47,434 [INFO] IPUIPlugin:80 - create IPUIPlugin
2024-03-03 18:34:47,434 [INFO] PluginManager:220 - loadIPPluginJar : add tracer_emb
2024-03-03 18:34:47,436 [INFO] IPUIPlugin:80 - create IPUIPlugin
2024-03-03 18:34:47,436 [INFO] PluginManager:220 - loadIPPluginJar : add nvic
2024-03-03 18:34:47,437 [INFO] IPUIPlugin:80 - create IPUIPlugin
2024-03-03 18:34:47,437 [INFO] PluginManager:220 - loadIPPluginJar : add ltdc
2024-03-03 18:34:47,438 [INFO] IPUIPlugin:80 - create IPUIPlugin
2024-03-03 18:34:47,438 [INFO] PluginManager:220 - loadIPPluginJar : add fatfs
2024-03-03 18:34:47,439 [INFO] IPUIPlugin:80 - create IPUIPlugin
2024-03-03 18:34:47,439 [INFO] PluginManager:220 - loadIPPluginJar : add touchsensing
2024-03-03 18:34:47,443 [INFO] IPUIPlugin:80 - create IPUIPlugin
2024-03-03 18:34:47,443 [INFO] PluginManager:220 - loadIPPluginJar : add freertos
2024-03-03 18:34:47,447 [INFO] IPUIPlugin:80 - create IPUIPlugin
2024-03-03 18:34:47,447 [INFO] PluginManager:220 - loadIPPluginJar : add adc
2024-03-03 18:34:47,448 [INFO] IPUIPlugin:80 - create IPUIPlugin
2024-03-03 18:34:47,448 [INFO] PluginManager:220 - loadIPPluginJar : add usart
2024-03-03 18:34:47,449 [INFO] IPUIPlugin:80 - create IPUIPlugin
2024-03-03 18:34:47,450 [INFO] PluginManager:220 - loadIPPluginJar : add lorawan
2024-03-03 18:34:47,452 [INFO] IPUIPlugin:80 - create IPUIPlugin
2024-03-03 18:34:47,452 [INFO] PluginManager:220 - loadIPPluginJar : add fmc
2024-03-03 18:34:47,453 [INFO] IPUIPlugin:80 - create IPUIPlugin
2024-03-03 18:34:47,453 [INFO] PluginManager:220 - loadIPPluginJar : add opamp
2024-03-03 18:34:47,455 [INFO] IPUIPlugin:80 - create IPUIPlugin
2024-03-03 18:34:47,455 [INFO] PluginManager:220 - loadIPPluginJar : add can
2024-03-03 18:34:47,456 [INFO] IPUIPlugin:80 - create IPUIPlugin
2024-03-03 18:34:47,456 [INFO] PluginManager:220 - loadIPPluginJar : add dma3
2024-03-03 18:34:47,457 [INFO] IPUIPlugin:80 - create IPUIPlugin
2024-03-03 18:34:47,457 [INFO] PluginManager:220 - loadIPPluginJar : add i3c
2024-03-03 18:34:47,458 [INFO] IPUIPlugin:80 - create IPUIPlugin
2024-03-03 18:34:47,458 [INFO] PluginManager:220 - loadIPPluginJar : add ucpd
2024-03-03 18:34:47,459 [INFO] IPUIPlugin:80 - create IPUIPlugin
2024-03-03 18:34:47,459 [INFO] PluginManager:220 - loadIPPluginJar : add cryp
2024-03-03 18:34:47,460 [INFO] IPUIPlugin:80 - create IPUIPlugin
2024-03-03 18:34:47,460 [INFO] PluginManager:220 - loadIPPluginJar : add spi
2024-03-03 18:34:47,461 [INFO] IPUIPlugin:80 - create IPUIPlugin
2024-03-03 18:34:47,461 [INFO] PluginManager:220 - loadIPPluginJar : add gfxmmu
2024-03-03 18:34:47,465 [INFO] IPUIPlugin:80 - create IPUIPlugin
2024-03-03 18:34:47,465 [INFO] PluginManager:220 - loadIPPluginJar : add mdma
2024-03-03 18:34:47,469 [INFO] IPUIPlugin:80 - create IPUIPlugin
2024-03-03 18:34:47,469 [INFO] PluginManager:220 - loadIPPluginJar : add dma
2024-03-03 18:34:47,470 [INFO] IPUIPlugin:80 - create IPUIPlugin
2024-03-03 18:34:47,470 [INFO] PluginManager:220 - loadIPPluginJar : add gtzc
2024-03-03 18:34:47,472 [INFO] IPUIPlugin:80 - create IPUIPlugin
2024-03-03 18:34:47,472 [INFO] PluginManager:220 - loadIPPluginJar : add ipddr
2024-03-03 18:34:47,475 [INFO] IPUIPlugin:80 - create IPUIPlugin
2024-03-03 18:34:47,475 [INFO] PluginManager:220 - loadIPPluginJar : add gic
2024-03-03 18:34:47,478 [INFO] IPUIPlugin:80 - create IPUIPlugin
2024-03-03 18:34:47,478 [INFO] PluginManager:220 - loadIPPluginJar : add linkedlist
2024-03-03 18:34:47,570 [INFO] CADModel:165 - CPN selected for project level
2024-03-03 18:34:47,571 [INFO] CADModel:114 - Register for checkConnection events
2024-03-03 18:34:47,571 [FATAL] Updater:308 - Updater called before beeing initialized
2024-03-03 18:34:47,572 [ERROR] CADModel:125 - Updater not yet initialized, retry later 
2024-03-03 18:34:47,656 [INFO] CADModel:165 - CPN selected for project level
2024-03-03 18:34:47,656 [INFO] CADModel:114 - Register for checkConnection events
2024-03-03 18:34:47,656 [FATAL] Updater:308 - Updater called before beeing initialized
2024-03-03 18:34:47,656 [ERROR] CADModel:125 - Updater not yet initialized, retry later 
2024-03-03 18:34:47,658 [FATAL] Updater:308 - Updater called before beeing initialized
2024-03-03 18:34:47,714 [FATAL] Updater:308 - Updater called before beeing initialized
2024-03-03 18:34:47,717 [INFO] DbMcusAds:53 - JSON generation date=Wed Nov 29 16:22:27 IST 2023 (1701255147349)
2024-03-03 18:34:47,717 [FATAL] Updater:308 - Updater called before beeing initialized
2024-03-03 18:34:47,742 [WARN] DetailPanel:346 - Failed to get advertising image, set to default
2024-03-03 18:34:47,812 [FATAL] Updater:308 - Updater called before beeing initialized
2024-03-03 18:34:47,814 [FATAL] Updater:308 - Updater called before beeing initialized
2024-03-03 18:34:47,814 [FATAL] Updater:308 - Updater called before beeing initialized
2024-03-03 18:34:47,814 [WARN] DetailPanel:346 - Failed to get advertising image, set to default
2024-03-03 18:34:47,814 [FATAL] Updater:308 - Updater called before beeing initialized
2024-03-03 18:34:47,837 [ERROR] Updater:1120 - MainUpdater not yet initialized. External WinMGr cannot be set.
2024-03-03 18:34:47,838 [INFO] Updater:1056 - Updater Version found : 6.10.0
2024-03-03 18:34:47,856 [INFO] ApplicationProperties:184 - Using Application install path: /home/ritik/st/stm32cubeide_1.14.0/plugins/com.st.stm32cube.common.mx_6.10.0.202311202037
2024-03-03 18:34:48,347 [INFO] MainUpdater:2873 - connection check result : 10
2024-03-03 18:34:48,347 [INFO] MainUpdater:3567 - Updater definition file requires update
2024-03-03 18:34:48,348 [INFO] MainUpdater:290 - Updater Check For Update Now.
2024-03-03 18:34:48,348 [INFO] MicroXplorer:498 - Change Database Version : DB.6.0.100
2024-03-03 18:34:48,350 [INFO] McuFinderGlobals:63 - Set McuFinder mode to 2 (CubeIDE integrated)
2024-03-03 18:34:48,351 [INFO] UserAuth:180 - activating auth plugin
2024-03-03 18:34:48,352 [INFO] UserAuth:404 - Internet connection configuration mode: 1
2024-03-03 18:34:48,361 [INFO] JxBrowserEngine:152 - Initiate JxBrowser Engine with user profile folder
2024-03-03 18:34:48,518 [INFO] ServerAccessManage:473 - Download File updaters.zip
2024-03-03 18:34:48,892 [INFO] FileExtend:240 - Unzip File : updaters.zip
2024-03-03 18:34:48,892 [INFO] FileExtend:255 - Standard Zip Deflate
2024-03-03 18:34:49,042 [INFO] WebApp:161 - Instantiating new browser for Auth
2024-03-03 18:34:49,167 [INFO] ServerAccessManage:473 - Download File PacksControlFlags.xml
2024-03-03 18:34:49,232 [INFO] ServerAccessManage:473 - Download File cubemx.pidx
2024-03-03 18:34:49,666 [INFO] ServerAccessManage:473 - Download File STMicroelectronics.X-CUBE-BLEMGR.pdsc
2024-03-03 18:34:49,667 [INFO] WebApp:780 - Register for checkConnection events
2024-03-03 18:34:49,668 [INFO] WebApp:414 - Apply proxy settings
2024-03-03 18:34:49,668 [INFO] WebApp:499 - Chromium requires no authentication
2024-03-03 18:34:49,672 [INFO] WebApp:442 - Direct internet connection detected
2024-03-03 18:34:49,771 [INFO] WebApp:192 - Starting web application
2024-03-03 18:34:49,771 [INFO] WebApp:544 - Web application path used /home/ritik/st/stm32cubeide_1.14.0/plugins/com.st.stm32cube.common.mx_6.10.0.202311202037/db/plugins/mcufinder/reactClient1/index.html
2024-03-03 18:34:50,084 [WARN] MainUpdater:1194 - Updater busy. Cannot search thirdparties
2024-03-03 18:34:50,084 [INFO] ThirdPartyUpdaterWithRetryManager:96 - Updater plugin is busy. [1/15]
2024-03-03 18:34:53,085 [WARN] MainUpdater:1194 - Updater busy. Cannot search thirdparties
2024-03-03 18:34:53,085 [INFO] ThirdPartyUpdaterWithRetryManager:96 - Updater plugin is busy. [2/15]
2024-03-03 18:34:56,086 [WARN] MainUpdater:1194 - Updater busy. Cannot search thirdparties
2024-03-03 18:34:56,086 [INFO] ThirdPartyUpdaterWithRetryManager:96 - Updater plugin is busy. [3/15]
2024-03-03 18:34:59,086 [WARN] MainUpdater:1194 - Updater busy. Cannot search thirdparties
2024-03-03 18:34:59,087 [INFO] ThirdPartyUpdaterWithRetryManager:96 - Updater plugin is busy. [4/15]
2024-03-03 18:35:02,087 [WARN] MainUpdater:1194 - Updater busy. Cannot search thirdparties
2024-03-03 18:35:02,088 [INFO] ThirdPartyUpdaterWithRetryManager:96 - Updater plugin is busy. [5/15]
2024-03-03 18:35:03,353 [INFO] ServerAccessManage:473 - Download File wolfSSL.I-CUBE-wolfSSL.pdsc
2024-03-03 18:35:05,088 [WARN] MainUpdater:1194 - Updater busy. Cannot search thirdparties
2024-03-03 18:35:05,088 [INFO] ThirdPartyUpdaterWithRetryManager:96 - Updater plugin is busy. [6/15]
2024-03-03 18:35:08,089 [WARN] MainUpdater:1194 - Updater busy. Cannot search thirdparties
2024-03-03 18:35:08,089 [INFO] ThirdPartyUpdaterWithRetryManager:96 - Updater plugin is busy. [7/15]
2024-03-03 18:35:10,252 [ERROR] LogOutputStream:75 - [STDERR_REDIRECT] SLF4J: Failed to load class "org.slf4j.impl.StaticLoggerBinder".
2024-03-03 18:35:10,252 [ERROR] LogOutputStream:75 - [STDERR_REDIRECT] SLF4J: Defaulting to no-operation (NOP) logger implementation
2024-03-03 18:35:10,253 [ERROR] LogOutputStream:75 - [STDERR_REDIRECT] SLF4J: See http://www.slf4j.org/codes.html#StaticLoggerBinder for further details.
2024-03-03 18:35:11,090 [WARN] MainUpdater:1194 - Updater busy. Cannot search thirdparties
2024-03-03 18:35:11,090 [INFO] ThirdPartyUpdaterWithRetryManager:96 - Updater plugin is busy. [8/15]
2024-03-03 18:35:14,090 [WARN] MainUpdater:1194 - Updater busy. Cannot search thirdparties
2024-03-03 18:35:14,090 [INFO] ThirdPartyUpdaterWithRetryManager:96 - Updater plugin is busy. [9/15]
2024-03-03 18:35:17,091 [WARN] MainUpdater:1194 - Updater busy. Cannot search thirdparties
2024-03-03 18:35:17,091 [INFO] ThirdPartyUpdaterWithRetryManager:96 - Updater plugin is busy. [10/15]
2024-03-03 18:35:20,091 [WARN] MainUpdater:1194 - Updater busy. Cannot search thirdparties
2024-03-03 18:35:20,091 [INFO] ThirdPartyUpdaterWithRetryManager:96 - Updater plugin is busy. [11/15]
2024-03-03 18:35:23,092 [WARN] MainUpdater:1194 - Updater busy. Cannot search thirdparties
2024-03-03 18:35:23,092 [INFO] ThirdPartyUpdaterWithRetryManager:96 - Updater plugin is busy. [12/15]
2024-03-03 18:35:24,240 [ERROR] ServerAccessManage:1089 - Problem, file not found on Server
2024-03-03 18:35:24,855 [ERROR] ServerAccessManage:1089 - Problem, file not found on Server
2024-03-03 18:35:25,551 [ERROR] ServerAccessManage:1089 - Problem, file not found on Server
2024-03-03 18:35:26,093 [WARN] MainUpdater:1194 - Updater busy. Cannot search thirdparties
2024-03-03 18:35:26,093 [INFO] ThirdPartyUpdaterWithRetryManager:96 - Updater plugin is busy. [13/15]
2024-03-03 18:35:29,093 [WARN] MainUpdater:1194 - Updater busy. Cannot search thirdparties
2024-03-03 18:35:29,093 [INFO] ThirdPartyUpdaterWithRetryManager:96 - Updater plugin is busy. [14/15]
2024-03-03 18:35:32,094 [WARN] MainUpdater:1194 - Updater busy. Cannot search thirdparties
2024-03-03 18:35:32,094 [INFO] ThirdPartyUpdaterWithRetryManager:96 - Updater plugin is busy. [15/15]
2024-03-03 18:35:32,094 [ERROR] IntegrityCheckThread:130 - Cannot retrieve database content from updater: error -1
2024-03-03 18:35:32,094 [INFO] ThirdParty:978 - Integrity check success = false
2024-03-03 18:35:32,094 [INFO] IntegrityCheckThread:100 - exiting critical section [integrity check]
2024-03-03 18:35:32,094 [INFO] IntegrityCheckThread:103 - End integrity checks thread
2024-03-03 18:35:33,131 [ERROR] ServerAccessManage:1096 - Problem, Http access forbiden
2024-03-03 18:35:33,133 [ERROR] ServerAccessManage:651 - Problem, Http access forbiden : RoweBots.I-CUBE-UNISONRTOS.pdsc.
2024-03-03 18:35:40,025 [INFO] ServerAccessManage:473 - Download File SEGGER.I-CUBE-embOS.pdsc
2024-03-03 18:35:51,071 [INFO] ServerAccessManage:473 - Download File portGmbH.I-Cube-SoM-uGOAL.pdsc
2024-03-03 18:35:53,087 [ERROR] ServerAccessManage:1089 - Problem, file not found on Server
2024-03-03 18:35:53,323 [ERROR] ServerAccessManage:1089 - Problem, file not found on Server
2024-03-03 18:35:53,528 [ERROR] ServerAccessManage:1089 - Problem, file not found on Server
2024-03-03 18:36:00,185 [INFO] ServerAccessManage:473 - Download File WES.I-CUBE-Cesium.pdsc
2024-03-03 18:36:01,311 [ERROR] ServerAccessManage:1089 - Problem, file not found on Server
2024-03-03 18:36:02,437 [ERROR] ServerAccessManage:1089 - Problem, file not found on Server
2024-03-03 18:36:02,508 [WARN] PackLoader:240 - Cannot read IP mode file for STMicroelectronics.X-CUBE-BLEMGR.3.1.0
2024-03-03 18:36:02,513 [WARN] PackLoader:240 - Cannot read IP mode file for wolfSSL.I-CUBE-wolfSSL.5.6.6
2024-03-03 18:36:02,536 [WARN] PackLoader:240 - Cannot read IP mode file for SEGGER.I-CUBE-embOS.1.3.1
2024-03-03 18:36:02,567 [WARN] PackLoader:240 - Cannot read IP mode file for portGmbH.I-Cube-SoM-uGOAL.1.1.0
2024-03-03 18:36:02,570 [WARN] PackLoader:240 - Cannot read IP mode file for WES.I-CUBE-Cesium.1.3.0
2024-03-03 18:36:02,570 [INFO] PopulateThirdPartyThread:66 - Ending populate Thread
2024-03-03 18:36:02,572 [INFO] ThirdParty:1030 - CMSIS Pack Vendor :STMicroelectronics X-CUBE-BLEMGR 3.1.0
2024-03-03 18:36:02,572 [INFO] ThirdParty:1030 - CMSIS Pack Vendor :wolfSSL I-CUBE-wolfSSL 5.6.6
2024-03-03 18:36:02,572 [INFO] ThirdParty:1030 - CMSIS Pack Vendor :WES I-CUBE-Cesium 1.3.0
2024-03-03 18:36:02,572 [INFO] ThirdParty:1030 - CMSIS Pack Vendor :SEGGER I-CUBE-embOS 1.3.1
2024-03-03 18:36:02,572 [INFO] ThirdParty:1030 - CMSIS Pack Vendor :portGmbH I-Cube-SoM-uGOAL 1.1.0
2024-03-03 18:36:02,572 [INFO] LoadServerUpdatesThread:375 - End of LoadServerUpdate Thread
2024-03-03 18:36:02,635 [INFO] CheckServerUpdateThread:120 - End of CheckServer Thread
2024-03-03 23:02:21,689 [ERROR] LogOutputStream:75 - [STDERR_REDIRECT] 
