2024-03-14 15:54:20,158 [INFO] Activator:176 - 


2024-03-14 15:54:20,161 [INFO] Activator:177 - !SESSION log4j initialized
2024-03-14 15:54:23,466 [INFO] LogOutputStream:77 - [STDOUT_REDIRECT] 
2024-03-14 15:54:24,769 [INFO] ApplicationProperties:184 - Using Application install path: /home/ritik/st/stm32cubeide_1.14.0/plugins/com.st.stm32cube.common.mx_6.10.0.202311202037
2024-03-14 15:54:24,786 [INFO] DbMcusXml:78 - Set database path to: /home/ritik/st/stm32cubeide_1.14.0/plugins/com.st.stm32cube.common.mx_6.10.0.202311202037//db//mcu/
2024-03-14 15:54:24,787 [INFO] ApiDb:274 - Set plugin database path to: /home/ritik/st/stm32cubeide_1.14.0/plugins/com.st.stm32cube.common.mx_6.10.0.202311202037//db//plugins/boardmanager/
2024-03-14 15:54:24,787 [WARN] ApiDb:259 - Overriding images path with different value:  => /home/ritik/st/stm32cubeide_1.14.0/plugins/com.st.stm32cube.common.mx_6.10.0.202311202037//db//plugins/mcufinder/images/
2024-03-14 15:54:24,794 [INFO] ApiDb:250 - Set database path to: /home/ritik/.stmcufinder/plugins/mcufinder//mcu/
2024-03-14 15:54:24,796 [INFO] DbMcusAds:125 - Set database path to: /home/ritik/.stmcufinder/plugins/mcufinder//mcu/
2024-03-14 15:54:24,798 [INFO] CrossReferenceDbSqlite:203 - Set database path to: /home/ritik/.stmcufinder/plugins/mcufinder//mcu/cs/
2024-03-14 15:54:24,934 [INFO] RulesReader:64 - Compatibility file has been processed (297 Rules)
2024-03-14 15:54:24,982 [INFO] DbMcusXml:78 - Set database path to: /home/ritik/st/stm32cubeide_1.14.0/plugins/com.st.stm32cube.common.mx_6.10.0.202311202037//db//mcu/
2024-03-14 15:54:24,982 [INFO] ApiDb:274 - Set plugin database path to: /home/ritik/st/stm32cubeide_1.14.0/plugins/com.st.stm32cube.common.mx_6.10.0.202311202037//db//plugins/boardmanager/
2024-03-14 15:54:24,982 [INFO] ApiDb:261 - Set plugin images path to: /home/ritik/st/stm32cubeide_1.14.0/plugins/com.st.stm32cube.common.mx_6.10.0.202311202037//db//plugins/mcufinder/images/
2024-03-14 15:54:24,982 [WARN] DbFile:41 - Overriding database path with different value: /home/ritik/.stmcufinder/plugins/mcufinder/ => /home/ritik/.stmcufinder/plugins/mcufinder
2024-03-14 15:54:24,983 [INFO] ApiDb:250 - Set database path to: /home/ritik/.stmcufinder/plugins/mcufinder//mcu/
2024-03-14 15:54:24,983 [WARN] DbFile:41 - Overriding database path with different value: /home/ritik/.stmcufinder/plugins/mcufinder/ => /home/ritik/.stmcufinder/plugins/mcufinder
2024-03-14 15:54:24,983 [INFO] DbMcusAds:125 - Set database path to: /home/ritik/.stmcufinder/plugins/mcufinder//mcu/
2024-03-14 15:54:24,983 [WARN] DbFile:41 - Overriding database path with different value: /home/ritik/.stmcufinder/plugins/mcufinder/ => /home/ritik/.stmcufinder/plugins/mcufinder
2024-03-14 15:54:24,983 [WARN] DbFile:41 - Overriding database path with different value: /home/ritik/.stmcufinder/plugins/mcufinder/ => /home/ritik/.stmcufinder/plugins/mcufinder
2024-03-14 15:54:24,983 [INFO] CrossReferenceDbSqlite:203 - Set database path to: /home/ritik/.stmcufinder/plugins/mcufinder//mcu/cs/
2024-03-14 15:54:25,035 [INFO] MainPanel:264 - HeapMemory: 268435456
2024-03-14 15:54:25,098 [INFO] DbMcusXml:78 - Set database path to: /home/ritik/st/stm32cubeide_1.14.0/plugins/com.st.stm32cube.common.mx_6.10.0.202311202037//db//mcu/
2024-03-14 15:54:25,098 [INFO] ApiDb:274 - Set plugin database path to: /home/ritik/st/stm32cubeide_1.14.0/plugins/com.st.stm32cube.common.mx_6.10.0.202311202037//db//plugins/boardmanager/
2024-03-14 15:54:25,098 [INFO] ApiDb:261 - Set plugin images path to: /home/ritik/st/stm32cubeide_1.14.0/plugins/com.st.stm32cube.common.mx_6.10.0.202311202037//db//plugins/mcufinder/images/
2024-03-14 15:54:25,098 [WARN] DbFile:41 - Overriding database path with different value: /home/ritik/.stmcufinder/plugins/mcufinder/ => /home/ritik/.stmcufinder/plugins/mcufinder
2024-03-14 15:54:25,098 [INFO] ApiDb:250 - Set database path to: /home/ritik/.stmcufinder/plugins/mcufinder//mcu/
2024-03-14 15:54:25,098 [WARN] DbFile:41 - Overriding database path with different value: /home/ritik/.stmcufinder/plugins/mcufinder/ => /home/ritik/.stmcufinder/plugins/mcufinder
2024-03-14 15:54:25,098 [INFO] DbMcusAds:125 - Set database path to: /home/ritik/.stmcufinder/plugins/mcufinder//mcu/
2024-03-14 15:54:25,098 [WARN] DbFile:41 - Overriding database path with different value: /home/ritik/.stmcufinder/plugins/mcufinder/ => /home/ritik/.stmcufinder/plugins/mcufinder
2024-03-14 15:54:25,099 [WARN] DbFile:41 - Overriding database path with different value: /home/ritik/.stmcufinder/plugins/mcufinder/ => /home/ritik/.stmcufinder/plugins/mcufinder
2024-03-14 15:54:25,099 [INFO] CrossReferenceDbSqlite:203 - Set database path to: /home/ritik/.stmcufinder/plugins/mcufinder//mcu/cs/
2024-03-14 15:54:25,110 [INFO] ApplicationProperties:184 - Using Application install path: /home/ritik/st/stm32cubeide_1.14.0/plugins/com.st.stm32cube.common.mx_6.10.0.202311202037
2024-03-14 15:54:25,111 [INFO] PluginManage:196 - Search for loadable plugins [exclusion list=, ]
2024-03-14 15:54:25,112 [INFO] PluginManage:310 - Check plugin analytics
2024-03-14 15:54:25,234 [INFO] AnalyticsPlugin:253 - Accepted Software Licenses: 
2024-03-14 15:54:25,234 [INFO] AnalyticsPlugin:255 - Accepted CMSIS Pack Licenses: 
2024-03-14 15:54:25,234 [INFO] AnalyticsPlugin:257 - Accepted Firmware Licenses: 
2024-03-14 15:54:25,236 [INFO] PluginManage:359 - Loaded plugin analytics (category:tool,tabindex:-1)
2024-03-14 15:54:25,236 [INFO] PluginManage:310 - Check plugin cadmodel
2024-03-14 15:54:25,288 [INFO] CADModel:105 - Init CAD model plugin
2024-03-14 15:54:25,289 [INFO] PluginManage:359 - Loaded plugin cadmodel (category:power,tabindex:5)
2024-03-14 15:54:25,289 [INFO] PluginManage:310 - Check plugin clock
2024-03-14 15:54:25,297 [INFO] PluginManage:359 - Loaded plugin clock (category:base,tabindex:2)
2024-03-14 15:54:25,297 [INFO] PluginManage:310 - Check plugin ddr
2024-03-14 15:54:25,299 [INFO] PluginManage:359 - Loaded plugin ddr (category:tool,tabindex:6)
2024-03-14 15:54:25,299 [INFO] PluginManage:310 - Check plugin filemanager
2024-03-14 15:54:25,415 [INFO] PluginManage:359 - Loaded plugin filemanager (category:base,tabindex:10)
2024-03-14 15:54:25,415 [INFO] PluginManage:310 - Check plugin ipmanager
2024-03-14 15:54:25,420 [INFO] PluginManage:359 - Loaded plugin ipmanager (category:base,tabindex:5)
2024-03-14 15:54:25,420 [INFO] PluginManage:310 - Check plugin lpbam
2024-03-14 15:54:25,428 [INFO] PluginManage:359 - Loaded plugin lpbam (category:base,tabindex:0)
2024-03-14 15:54:25,428 [INFO] PluginManage:310 - Check plugin memorymap
2024-03-14 15:54:25,439 [INFO] PluginManage:359 - Loaded plugin memorymap (category:base,tabindex:4)
2024-03-14 15:54:25,439 [INFO] PluginManage:310 - Check plugin pinoutandconfiguration
2024-03-14 15:54:25,447 [INFO] PluginManage:359 - Loaded plugin pinoutandconfiguration (category:base,tabindex:1)
2024-03-14 15:54:25,447 [INFO] PluginManage:310 - Check plugin pinoutconfig
2024-03-14 15:54:25,551 [WARN] SupportedApi:132 - Cannot load RTOS API schema: s4s-elt-must-match.1: The content of 'definitions' must match (annotation?, (simpleType | complexType)?, (unique | key | keyref)*)). A problem was found starting at: attribute.
2024-03-14 15:54:25,716 [INFO] PluginManage:359 - Loaded plugin pinoutconfig (category:base,tabindex:0)
2024-03-14 15:54:25,717 [INFO] PluginManage:310 - Check plugin power
2024-03-14 15:54:25,727 [INFO] PluginManage:359 - Loaded plugin power (category:power,tabindex:4)
2024-03-14 15:54:25,728 [INFO] PluginManage:310 - Check plugin projectmanager
2024-03-14 15:54:25,747 [INFO] PluginManage:359 - Loaded plugin projectmanager (category:projectmanager,tabindex:3)
2024-03-14 15:54:25,747 [INFO] PluginManage:310 - Check plugin thirdparty
2024-03-14 15:54:25,858 [INFO] PluginManage:359 - Loaded plugin thirdparty (category:base,tabindex:-1)
2024-03-14 15:54:25,858 [INFO] PluginManage:310 - Check plugin tools
2024-03-14 15:54:25,857 [WARN] IntegrityCheckThread:84 - waiting for thirdparty lock release [integrity check]
2024-03-14 15:54:25,858 [INFO] IntegrityCheckThread:86 - entering critical section [integrity check]
2024-03-14 15:54:25,859 [INFO] ThirdPartyUpdaterWithRetryManager:70 - Updater plugin not ready yet. [1/15]
2024-03-14 15:54:25,860 [INFO] PluginManage:359 - Loaded plugin tools (category:base,tabindex:7)
2024-03-14 15:54:25,860 [INFO] PluginManage:310 - Check plugin tutovideos
2024-03-14 15:54:26,065 [INFO] PluginManage:359 - Loaded plugin tutovideos (category:base,tabindex:-1)
2024-03-14 15:54:26,065 [INFO] PluginManage:310 - Check plugin updater
2024-03-14 15:54:26,078 [INFO] PluginManage:359 - Loaded plugin updater (category:base,tabindex:12)
2024-03-14 15:54:26,079 [INFO] PluginManage:310 - Check plugin userauth
2024-03-14 15:54:26,084 [INFO] UserAuth:114 - Init User Auth plugin
2024-03-14 15:54:26,084 [INFO] PluginManage:359 - Loaded plugin userauth (category:base,tabindex:14)
2024-03-14 15:54:26,085 [INFO] PluginManage:283 - PluginManage : Loaded plugins [17]
2024-03-14 15:54:26,219 [INFO] PinOutPanel:1499 - setPackage(No Configuration,No Configuration)
2024-03-14 15:54:26,264 [INFO] CADModel:165 - CPN selected for project level
2024-03-14 15:54:26,264 [INFO] CADModel:114 - Register for checkConnection events
2024-03-14 15:54:26,272 [INFO] IPUIPlugin:80 - create IPUIPlugin
2024-03-14 15:54:26,272 [INFO] PluginManager:220 - loadIPPluginJar : add dfsdm
2024-03-14 15:54:26,274 [INFO] IPUIPlugin:80 - create IPUIPlugin
2024-03-14 15:54:26,274 [INFO] PluginManager:220 - loadIPPluginJar : add openamp
2024-03-14 15:54:26,279 [INFO] IPUIPlugin:80 - create IPUIPlugin
2024-03-14 15:54:26,279 [INFO] PluginManager:220 - loadIPPluginJar : add sai
2024-03-14 15:54:26,280 [INFO] IPUIPlugin:80 - create IPUIPlugin
2024-03-14 15:54:26,280 [INFO] PluginManager:220 - loadIPPluginJar : add genericplugin
2024-03-14 15:54:26,282 [INFO] IPUIPlugin:80 - create IPUIPlugin
2024-03-14 15:54:26,282 [INFO] PluginManager:220 - loadIPPluginJar : add i2c
2024-03-14 15:54:26,283 [INFO] IPUIPlugin:80 - create IPUIPlugin
2024-03-14 15:54:26,283 [INFO] PluginManager:220 - loadIPPluginJar : add comp
2024-03-14 15:54:26,286 [INFO] IPUIPlugin:80 - create IPUIPlugin
2024-03-14 15:54:26,287 [INFO] PluginManager:220 - loadIPPluginJar : add gpio
2024-03-14 15:54:26,292 [INFO] IPUIPlugin:80 - create IPUIPlugin
2024-03-14 15:54:26,294 [INFO] PluginManager:220 - loadIPPluginJar : add plateformsettings
2024-03-14 15:54:26,295 [INFO] IPUIPlugin:80 - create IPUIPlugin
2024-03-14 15:54:26,295 [INFO] PluginManager:220 - loadIPPluginJar : add quadspi
2024-03-14 15:54:26,297 [INFO] IPUIPlugin:80 - create IPUIPlugin
2024-03-14 15:54:26,297 [INFO] PluginManager:220 - loadIPPluginJar : add i2s
2024-03-14 15:54:26,299 [INFO] IPUIPlugin:80 - create IPUIPlugin
2024-03-14 15:54:26,299 [INFO] PluginManager:220 - loadIPPluginJar : add usbx
2024-03-14 15:54:26,300 [INFO] IPUIPlugin:80 - create IPUIPlugin
2024-03-14 15:54:26,301 [INFO] PluginManager:220 - loadIPPluginJar : add tim
2024-03-14 15:54:26,302 [INFO] IPUIPlugin:80 - create IPUIPlugin
2024-03-14 15:54:26,303 [INFO] PluginManager:220 - loadIPPluginJar : add hash
2024-03-14 15:54:26,305 [INFO] IPUIPlugin:80 - create IPUIPlugin
2024-03-14 15:54:26,305 [INFO] PluginManager:220 - loadIPPluginJar : add pdm2pcm
2024-03-14 15:54:26,306 [INFO] IPUIPlugin:80 - create IPUIPlugin
2024-03-14 15:54:26,306 [INFO] PluginManager:220 - loadIPPluginJar : add ts
2024-03-14 15:54:26,307 [INFO] IPUIPlugin:80 - create IPUIPlugin
2024-03-14 15:54:26,307 [INFO] PluginManager:220 - loadIPPluginJar : add tsc
2024-03-14 15:54:26,309 [INFO] IPUIPlugin:80 - create IPUIPlugin
2024-03-14 15:54:26,309 [INFO] PluginManager:220 - loadIPPluginJar : add aes
2024-03-14 15:54:26,313 [INFO] IPUIPlugin:80 - create IPUIPlugin
2024-03-14 15:54:26,314 [INFO] PluginManager:220 - loadIPPluginJar : add resmgrutility
2024-03-14 15:54:26,317 [INFO] IPUIPlugin:80 - create IPUIPlugin
2024-03-14 15:54:26,318 [INFO] PluginManager:220 - loadIPPluginJar : add stm32_wpan
2024-03-14 15:54:26,319 [INFO] IPUIPlugin:80 - create IPUIPlugin
2024-03-14 15:54:26,319 [INFO] PluginManager:220 - loadIPPluginJar : add tracer_emb
2024-03-14 15:54:26,323 [INFO] IPUIPlugin:80 - create IPUIPlugin
2024-03-14 15:54:26,323 [INFO] PluginManager:220 - loadIPPluginJar : add nvic
2024-03-14 15:54:26,324 [INFO] IPUIPlugin:80 - create IPUIPlugin
2024-03-14 15:54:26,324 [INFO] PluginManager:220 - loadIPPluginJar : add ltdc
2024-03-14 15:54:26,326 [INFO] IPUIPlugin:80 - create IPUIPlugin
2024-03-14 15:54:26,326 [INFO] PluginManager:220 - loadIPPluginJar : add fatfs
2024-03-14 15:54:26,328 [INFO] IPUIPlugin:80 - create IPUIPlugin
2024-03-14 15:54:26,329 [INFO] PluginManager:220 - loadIPPluginJar : add touchsensing
2024-03-14 15:54:26,333 [INFO] IPUIPlugin:80 - create IPUIPlugin
2024-03-14 15:54:26,334 [INFO] PluginManager:220 - loadIPPluginJar : add freertos
2024-03-14 15:54:26,340 [INFO] IPUIPlugin:80 - create IPUIPlugin
2024-03-14 15:54:26,340 [INFO] PluginManager:220 - loadIPPluginJar : add adc
2024-03-14 15:54:26,342 [INFO] IPUIPlugin:80 - create IPUIPlugin
2024-03-14 15:54:26,342 [INFO] PluginManager:220 - loadIPPluginJar : add usart
2024-03-14 15:54:26,345 [INFO] IPUIPlugin:80 - create IPUIPlugin
2024-03-14 15:54:26,345 [INFO] PluginManager:220 - loadIPPluginJar : add lorawan
2024-03-14 15:54:26,348 [INFO] IPUIPlugin:80 - create IPUIPlugin
2024-03-14 15:54:26,348 [INFO] PluginManager:220 - loadIPPluginJar : add fmc
2024-03-14 15:54:26,350 [INFO] IPUIPlugin:80 - create IPUIPlugin
2024-03-14 15:54:26,350 [INFO] PluginManager:220 - loadIPPluginJar : add opamp
2024-03-14 15:54:26,352 [INFO] IPUIPlugin:80 - create IPUIPlugin
2024-03-14 15:54:26,352 [INFO] PluginManager:220 - loadIPPluginJar : add can
2024-03-14 15:54:26,353 [INFO] IPUIPlugin:80 - create IPUIPlugin
2024-03-14 15:54:26,353 [INFO] PluginManager:220 - loadIPPluginJar : add dma3
2024-03-14 15:54:26,355 [INFO] IPUIPlugin:80 - create IPUIPlugin
2024-03-14 15:54:26,355 [INFO] PluginManager:220 - loadIPPluginJar : add i3c
2024-03-14 15:54:26,356 [INFO] IPUIPlugin:80 - create IPUIPlugin
2024-03-14 15:54:26,357 [INFO] PluginManager:220 - loadIPPluginJar : add ucpd
2024-03-14 15:54:26,358 [INFO] IPUIPlugin:80 - create IPUIPlugin
2024-03-14 15:54:26,358 [INFO] PluginManager:220 - loadIPPluginJar : add cryp
2024-03-14 15:54:26,360 [INFO] IPUIPlugin:80 - create IPUIPlugin
2024-03-14 15:54:26,360 [INFO] PluginManager:220 - loadIPPluginJar : add spi
2024-03-14 15:54:26,361 [INFO] IPUIPlugin:80 - create IPUIPlugin
2024-03-14 15:54:26,361 [INFO] PluginManager:220 - loadIPPluginJar : add gfxmmu
2024-03-14 15:54:26,367 [INFO] IPUIPlugin:80 - create IPUIPlugin
2024-03-14 15:54:26,367 [INFO] PluginManager:220 - loadIPPluginJar : add mdma
2024-03-14 15:54:26,372 [INFO] IPUIPlugin:80 - create IPUIPlugin
2024-03-14 15:54:26,372 [INFO] PluginManager:220 - loadIPPluginJar : add dma
2024-03-14 15:54:26,374 [INFO] IPUIPlugin:80 - create IPUIPlugin
2024-03-14 15:54:26,374 [INFO] PluginManager:220 - loadIPPluginJar : add gtzc
2024-03-14 15:54:26,377 [INFO] IPUIPlugin:80 - create IPUIPlugin
2024-03-14 15:54:26,377 [INFO] PluginManager:220 - loadIPPluginJar : add ipddr
2024-03-14 15:54:26,382 [INFO] IPUIPlugin:80 - create IPUIPlugin
2024-03-14 15:54:26,382 [INFO] PluginManager:220 - loadIPPluginJar : add gic
2024-03-14 15:54:26,388 [INFO] IPUIPlugin:80 - create IPUIPlugin
2024-03-14 15:54:26,388 [INFO] PluginManager:220 - loadIPPluginJar : add linkedlist
2024-03-14 15:54:26,488 [INFO] CADModel:165 - CPN selected for project level
2024-03-14 15:54:26,488 [INFO] CADModel:114 - Register for checkConnection events
2024-03-14 15:54:26,488 [FATAL] Updater:308 - Updater called before beeing initialized
2024-03-14 15:54:26,488 [ERROR] CADModel:125 - Updater not yet initialized, retry later 
2024-03-14 15:54:26,625 [INFO] CADModel:165 - CPN selected for project level
2024-03-14 15:54:26,626 [INFO] CADModel:114 - Register for checkConnection events
2024-03-14 15:54:26,626 [FATAL] Updater:308 - Updater called before beeing initialized
2024-03-14 15:54:26,626 [ERROR] CADModel:125 - Updater not yet initialized, retry later 
2024-03-14 15:54:26,630 [FATAL] Updater:308 - Updater called before beeing initialized
2024-03-14 15:54:26,699 [FATAL] Updater:308 - Updater called before beeing initialized
2024-03-14 15:54:26,702 [INFO] DbMcusAds:53 - JSON generation date=Wed Nov 29 16:22:27 IST 2023 (1701255147349)
2024-03-14 15:54:26,702 [FATAL] Updater:308 - Updater called before beeing initialized
2024-03-14 15:54:26,728 [WARN] DetailPanel:346 - Failed to get advertising image, set to default
2024-03-14 15:54:26,813 [FATAL] Updater:308 - Updater called before beeing initialized
2024-03-14 15:54:26,814 [FATAL] Updater:308 - Updater called before beeing initialized
2024-03-14 15:54:26,814 [FATAL] Updater:308 - Updater called before beeing initialized
2024-03-14 15:54:26,814 [WARN] DetailPanel:346 - Failed to get advertising image, set to default
2024-03-14 15:54:26,815 [FATAL] Updater:308 - Updater called before beeing initialized
2024-03-14 15:54:26,835 [ERROR] Updater:1120 - MainUpdater not yet initialized. External WinMGr cannot be set.
2024-03-14 15:54:26,836 [INFO] Updater:1056 - Updater Version found : 6.10.0
2024-03-14 15:54:26,849 [INFO] ApplicationProperties:184 - Using Application install path: /home/ritik/st/stm32cubeide_1.14.0/plugins/com.st.stm32cube.common.mx_6.10.0.202311202037
2024-03-14 15:54:27,263 [INFO] MainUpdater:2873 - connection check result : 10
2024-03-14 15:54:27,264 [INFO] MainUpdater:3567 - Updater definition file requires update
2024-03-14 15:54:27,265 [INFO] MainUpdater:290 - Updater Check For Update Now.
2024-03-14 15:54:27,265 [INFO] MicroXplorer:498 - Change Database Version : DB.6.0.100
2024-03-14 15:54:27,268 [INFO] McuFinderGlobals:63 - Set McuFinder mode to 2 (CubeIDE integrated)
2024-03-14 15:54:27,268 [INFO] UserAuth:180 - activating auth plugin
2024-03-14 15:54:27,271 [INFO] UserAuth:404 - Internet connection configuration mode: 1
2024-03-14 15:54:27,282 [INFO] JxBrowserEngine:152 - Initiate JxBrowser Engine with user profile folder
2024-03-14 15:54:27,575 [INFO] ServerAccessManage:473 - Download File updaters.zip
2024-03-14 15:54:27,911 [INFO] FileExtend:240 - Unzip File : updaters.zip
2024-03-14 15:54:27,911 [INFO] FileExtend:255 - Standard Zip Deflate
2024-03-14 15:54:28,045 [INFO] WebApp:161 - Instantiating new browser for Auth
2024-03-14 15:54:28,196 [INFO] ServerAccessManage:473 - Download File PacksControlFlags.xml
2024-03-14 15:54:28,363 [INFO] ServerAccessManage:473 - Download File cubemx.pidx
2024-03-14 15:54:28,441 [INFO] LoadServerUpdatesThread:375 - End of LoadServerUpdate Thread
2024-03-14 15:54:28,593 [INFO] CheckServerUpdateThread:120 - End of CheckServer Thread
2024-03-14 15:54:28,603 [INFO] WebApp:780 - Register for checkConnection events
2024-03-14 15:54:28,603 [INFO] WebApp:414 - Apply proxy settings
2024-03-14 15:54:28,603 [INFO] WebApp:499 - Chromium requires no authentication
2024-03-14 15:54:28,608 [INFO] WebApp:442 - Direct internet connection detected
2024-03-14 15:54:28,699 [INFO] WebApp:192 - Starting web application
2024-03-14 15:54:28,700 [INFO] WebApp:544 - Web application path used /home/ritik/st/stm32cubeide_1.14.0/plugins/com.st.stm32cube.common.mx_6.10.0.202311202037/db/plugins/mcufinder/reactClient1/index.html
2024-03-14 15:54:28,953 [WARN] PackLoader:240 - Cannot read IP mode file for STMicroelectronics.X-CUBE-SMBUS.2.1.0
2024-03-14 15:54:28,958 [WARN] PackLoader:240 - Cannot read IP mode file for STMicroelectronics.X-CUBE-TOUCHGFX.4.23.0
2024-03-14 15:54:28,992 [WARN] PackLoader:240 - Cannot read IP mode file for STMicroelectronics.X-CUBE-AZRTOS-F7.1.1.0
2024-03-14 15:54:29,005 [WARN] PackLoader:240 - Cannot read IP mode file for STMicroelectronics.FP-SNS-MOTENV1.4.3.2
2024-03-14 15:54:29,013 [WARN] PackLoader:240 - Cannot read IP mode file for STMicroelectronics.FP-SNS-FLIGHT1.5.0.2
2024-03-14 15:54:29,024 [WARN] PackLoader:240 - Cannot read IP mode file for STMicroelectronics.X-CUBE-DISPLAY.3.0.0
2024-03-14 15:54:29,040 [WARN] PackLoader:240 - Cannot read IP mode file for STMicroelectronics.X-CUBE-BLE1.7.0.0
2024-03-14 15:54:29,045 [WARN] PackLoader:240 - Cannot read IP mode file for emotas.I-CUBE-CANOPEN.1.3.0
2024-03-14 15:54:29,061 [WARN] PackLoader:240 - Cannot read IP mode file for STMicroelectronics.X-CUBE-BLEMGR.3.1.0
2024-03-14 15:54:29,067 [WARN] PackLoader:240 - Cannot read IP mode file for STMicroelectronics.FP-SNS-SMARTAG2.1.2.0
2024-03-14 15:54:29,075 [INFO] LogOutputStream:77 - [STDOUT_REDIRECT] 1 : Invalid condition id : UX_CORESTACK_Condition cause : null
2024-03-14 15:54:29,076 [INFO] LogOutputStream:77 - [STDOUT_REDIRECT] 1 : Invalid condition id : UX_CORESTACK_Condition cause : null
2024-03-14 15:54:29,076 [INFO] LogOutputStream:77 - [STDOUT_REDIRECT] 1 : Invalid condition id : UX_CORESTACK_Condition cause : null
2024-03-14 15:54:29,076 [INFO] LogOutputStream:77 - [STDOUT_REDIRECT] 1 : Invalid condition id : UX_CORESTACK_Condition cause : null
2024-03-14 15:54:29,077 [INFO] LogOutputStream:77 - [STDOUT_REDIRECT] 1 : Invalid condition id : UX_CORESTACK_Condition cause : null
2024-03-14 15:54:29,080 [WARN] PackLoader:240 - Cannot read IP mode file for STMicroelectronics.X-CUBE-AZRTOS-WL.2.0.0
2024-03-14 15:54:29,087 [WARN] PackLoader:240 - Cannot read IP mode file for WES.I-CUBE-Cesium.1.3.0
2024-03-14 15:54:29,091 [WARN] PackLoader:240 - Cannot read IP mode file for STMicroelectronics.X-CUBE-BLE2.3.3.0
2024-03-14 15:54:29,096 [WARN] PackLoader:240 - Cannot read IP mode file for STMicroelectronics.X-CUBE-ALGOBUILD.1.3.0
2024-03-14 15:54:29,114 [WARN] PackLoader:240 - Cannot read IP mode file for STMicroelectronics.X-CUBE-AZRTOS-G0.1.1.0
2024-03-14 15:54:29,122 [WARN] PackLoader:240 - Cannot read IP mode file for STMicroelectronics.X-CUBE-NFC4.3.0.0
2024-03-14 15:54:29,136 [WARN] PackLoader:240 - Cannot read IP mode file for STMicroelectronics.X-CUBE-BLEMGR.3.0.0
2024-03-14 15:54:29,141 [WARN] PackLoader:240 - Cannot read IP mode file for STMicroelectronics.FP-ATR-SIGFOX1.3.2.0
2024-03-14 15:54:29,146 [WARN] PackLoader:240 - Cannot read IP mode file for STMicroelectronics.X-CUBE-EEPRMA1.5.1.0
2024-03-14 15:54:29,183 [WARN] PackLoader:240 - Cannot read IP mode file for SEGGER.I-CUBE-embOS.1.3.1
2024-03-14 15:54:29,218 [WARN] PackLoader:240 - Cannot read IP mode file for STMicroelectronics.X-CUBE-GNSS1.6.0.0
2024-03-14 15:54:29,228 [WARN] PackLoader:240 - Cannot read IP mode file for STMicroelectronics.X-CUBE-AZRTOS-F4.1.1.0
2024-03-14 15:54:29,232 [WARN] PackLoader:240 - Cannot read IP mode file for wolfSSL.I-CUBE-wolfSSL.5.6.6
2024-03-14 15:54:29,242 [WARN] PackLoader:240 - Cannot read IP mode file for STMicroelectronics.X-CUBE-AZRTOS-L5.2.0.0
2024-03-14 15:54:29,247 [WARN] PackLoader:240 - Cannot read IP mode file for STMicroelectronics.X-CUBE-EEPRMA1.4.2.0
2024-03-14 15:54:29,250 [WARN] PackLoader:240 - Cannot read IP mode file for ITTIA_DB.I-CUBE-ITTIADB.8.8.0
2024-03-14 15:54:29,253 [WARN] PackLoader:240 - Cannot read IP mode file for STMicroelectronics.X-CUBE-NFC7.1.0.1
2024-03-14 15:54:29,257 [WARN] PackLoader:240 - Cannot read IP mode file for STMicroelectronics.X-CUBE-NFC6.3.0.0
2024-03-14 15:54:29,261 [WARN] PackLoader:240 - Cannot read IP mode file for STMicroelectronics.X-CUBE-AI.8.1.0
2024-03-14 15:54:29,271 [WARN] ConditionMgr:438 - getConditionDescription Invalid condition id : LAN8742 Phy interface Condition cause : null
2024-03-14 15:54:29,271 [WARN] PackLoader:240 - Cannot read IP mode file for STMicroelectronics.X-CUBE-AZRTOS-L4.2.0.0
2024-03-14 15:54:29,272 [WARN] ConditionMgr:1039 - genDependencies : Invalid condition id : LAN8742 Phy interface Condition cause : null
2024-03-14 15:54:29,272 [WARN] ConditionMgr:1039 - genDependencies : Invalid condition id : LAN8742 Phy interface Condition cause : null
2024-03-14 15:54:29,273 [WARN] ConditionMgr:1039 - genDependencies : Invalid condition id : LAN8742 Phy interface Condition cause : null
2024-03-14 15:54:29,277 [WARN] PackLoader:240 - Cannot read IP mode file for STMicroelectronics.X-CUBE-SFXS2LP1.4.0.0
2024-03-14 15:54:29,284 [WARN] ConditionMgr:438 - getConditionDescription Invalid condition id : UX DEVICE CLASS RTOS Condition cause : null
2024-03-14 15:54:29,284 [WARN] ConditionMgr:438 - getConditionDescription Invalid condition id : UX DEVICE CLASS RTOS Condition cause : null
2024-03-14 15:54:29,286 [WARN] PackLoader:240 - Cannot read IP mode file for STMicroelectronics.X-CUBE-AZRTOS-WB.2.0.0
2024-03-14 15:54:29,286 [WARN] ConditionMgr:1039 - genDependencies : Invalid condition id : UX DEVICE CLASS RTOS Condition cause : null
2024-03-14 15:54:29,286 [WARN] ConditionMgr:1039 - genDependencies : Invalid condition id : UX DEVICE CLASS RTOS Condition cause : null
2024-03-14 15:54:29,286 [WARN] ConditionMgr:1039 - genDependencies : Invalid condition id : UX DEVICE CLASS RTOS Condition cause : null
2024-03-14 15:54:29,287 [WARN] ConditionMgr:1039 - genDependencies : Invalid condition id : UX DEVICE CLASS RTOS Condition cause : null
2024-03-14 15:54:29,287 [WARN] ConditionMgr:1039 - genDependencies : Invalid condition id : UX DEVICE CLASS RTOS Condition cause : null
2024-03-14 15:54:29,293 [WARN] PackLoader:240 - Cannot read IP mode file for STMicroelectronics.X-CUBE-SUBG2.5.0.0
2024-03-14 15:54:29,303 [WARN] PackLoader:240 - Cannot read IP mode file for STMicroelectronics.X-CUBE-AZRTOS-G4.2.0.0
2024-03-14 15:54:29,311 [WARN] PackLoader:240 - Cannot read IP mode file for Infineon.AIROC-Wi-Fi-Bluetooth-STM32.1.5.1
2024-03-14 15:54:29,316 [WARN] PackLoader:240 - Cannot read IP mode file for STMicroelectronics.FP-SNS-MOTENVWB1.1.3.1
2024-03-14 15:54:29,319 [WARN] PackLoader:240 - Cannot read IP mode file for STMicroelectronics.X-CUBE-ISPU.2.0.0
2024-03-14 15:54:29,347 [WARN] PackLoader:240 - Cannot read IP mode file for STMicroelectronics.X-CUBE-MEMS1.10.0.0
2024-03-14 15:54:29,441 [WARN] PackLoader:240 - Cannot read IP mode file for STMicroelectronics.X-CUBE-FREERTOS.1.1.0
2024-03-14 15:54:29,444 [WARN] PackLoader:240 - Cannot read IP mode file for portGmbH.I-Cube-SoM-uGOAL.1.1.0
2024-03-14 15:54:29,446 [WARN] PackLoader:240 - Cannot read IP mode file for STMicroelectronics.X-CUBE-ALS.1.0.1
2024-03-14 15:54:29,448 [WARN] PackLoader:240 - Cannot read IP mode file for STMicroelectronics.FP-ATR-ASTRA1.2.0.0
2024-03-14 15:54:29,454 [WARN] PackLoader:240 - Cannot read IP mode file for STMicroelectronics.X-CUBE-TOF1.3.4.0
2024-03-14 15:54:29,465 [WARN] PackLoader:240 - Cannot read IP mode file for STMicroelectronics.X-CUBE-TOF1.3.4.1
2024-03-14 15:54:29,481 [WARN] PackLoader:240 - Cannot read IP mode file for STMicroelectronics.X-CUBE-AZRTOS-H7.3.2.0
2024-03-14 15:54:29,483 [INFO] ThirdParty:978 - Integrity check success = true
2024-03-14 15:54:29,483 [INFO] IntegrityCheckThread:100 - exiting critical section [integrity check]
2024-03-14 15:54:29,483 [INFO] IntegrityCheckThread:103 - End integrity checks thread
2024-03-14 15:54:49,160 [ERROR] LogOutputStream:75 - [STDERR_REDIRECT] SLF4J: Failed to load class "org.slf4j.impl.StaticLoggerBinder".
2024-03-14 15:54:49,161 [ERROR] LogOutputStream:75 - [STDERR_REDIRECT] SLF4J: Defaulting to no-operation (NOP) logger implementation
2024-03-14 15:54:49,161 [ERROR] LogOutputStream:75 - [STDERR_REDIRECT] SLF4J: See http://www.slf4j.org/codes.html#StaticLoggerBinder for further details.
2024-03-14 16:31:01,479 [ERROR] LogOutputStream:75 - [STDERR_REDIRECT] 
