2024-03-28 00:34:21,519 [ERROR] LogOutputStream:75 - [STDERR_REDIRECT] 
2024-03-28 02:04:56,003 [INFO] Activator:176 - 


2024-03-28 02:04:56,004 [INFO] Activator:177 - !SESSION log4j initialized
2024-03-28 02:05:00,008 [INFO] LogOutputStream:77 - [STDOUT_REDIRECT] 
2024-03-28 02:05:00,466 [INFO] ApplicationProperties:184 - Using Application install path: /home/ritik/st/stm32cubeide_1.14.0/plugins/com.st.stm32cube.common.mx_6.10.0.202311202037
2024-03-28 02:05:00,480 [INFO] DbMcusXml:78 - Set database path to: /home/ritik/st/stm32cubeide_1.14.0/plugins/com.st.stm32cube.common.mx_6.10.0.202311202037//db//mcu/
2024-03-28 02:05:00,480 [INFO] ApiDb:274 - Set plugin database path to: /home/ritik/st/stm32cubeide_1.14.0/plugins/com.st.stm32cube.common.mx_6.10.0.202311202037//db//plugins/boardmanager/
2024-03-28 02:05:00,481 [WARN] ApiDb:259 - Overriding images path with different value:  => /home/ritik/st/stm32cubeide_1.14.0/plugins/com.st.stm32cube.common.mx_6.10.0.202311202037//db//plugins/mcufinder/images/
2024-03-28 02:05:00,486 [INFO] ApiDb:250 - Set database path to: /home/ritik/.stmcufinder/plugins/mcufinder//mcu/
2024-03-28 02:05:00,486 [INFO] DbMcusAds:125 - Set database path to: /home/ritik/.stmcufinder/plugins/mcufinder//mcu/
2024-03-28 02:05:00,488 [INFO] CrossReferenceDbSqlite:203 - Set database path to: /home/ritik/.stmcufinder/plugins/mcufinder//mcu/cs/
2024-03-28 02:05:00,571 [INFO] RulesReader:64 - Compatibility file has been processed (297 Rules)
2024-03-28 02:05:00,614 [INFO] DbMcusXml:78 - Set database path to: /home/ritik/st/stm32cubeide_1.14.0/plugins/com.st.stm32cube.common.mx_6.10.0.202311202037//db//mcu/
2024-03-28 02:05:00,614 [INFO] ApiDb:274 - Set plugin database path to: /home/ritik/st/stm32cubeide_1.14.0/plugins/com.st.stm32cube.common.mx_6.10.0.202311202037//db//plugins/boardmanager/
2024-03-28 02:05:00,615 [INFO] ApiDb:261 - Set plugin images path to: /home/ritik/st/stm32cubeide_1.14.0/plugins/com.st.stm32cube.common.mx_6.10.0.202311202037//db//plugins/mcufinder/images/
2024-03-28 02:05:00,615 [WARN] DbFile:41 - Overriding database path with different value: /home/ritik/.stmcufinder/plugins/mcufinder/ => /home/ritik/.stmcufinder/plugins/mcufinder
2024-03-28 02:05:00,615 [INFO] ApiDb:250 - Set database path to: /home/ritik/.stmcufinder/plugins/mcufinder//mcu/
2024-03-28 02:05:00,615 [WARN] DbFile:41 - Overriding database path with different value: /home/ritik/.stmcufinder/plugins/mcufinder/ => /home/ritik/.stmcufinder/plugins/mcufinder
2024-03-28 02:05:00,615 [INFO] DbMcusAds:125 - Set database path to: /home/ritik/.stmcufinder/plugins/mcufinder//mcu/
2024-03-28 02:05:00,615 [WARN] DbFile:41 - Overriding database path with different value: /home/ritik/.stmcufinder/plugins/mcufinder/ => /home/ritik/.stmcufinder/plugins/mcufinder
2024-03-28 02:05:00,615 [WARN] DbFile:41 - Overriding database path with different value: /home/ritik/.stmcufinder/plugins/mcufinder/ => /home/ritik/.stmcufinder/plugins/mcufinder
2024-03-28 02:05:00,615 [INFO] CrossReferenceDbSqlite:203 - Set database path to: /home/ritik/.stmcufinder/plugins/mcufinder//mcu/cs/
2024-03-28 02:05:00,671 [INFO] MainPanel:264 - HeapMemory: 268435456
2024-03-28 02:05:00,741 [INFO] DbMcusXml:78 - Set database path to: /home/ritik/st/stm32cubeide_1.14.0/plugins/com.st.stm32cube.common.mx_6.10.0.202311202037//db//mcu/
2024-03-28 02:05:00,741 [INFO] ApiDb:274 - Set plugin database path to: /home/ritik/st/stm32cubeide_1.14.0/plugins/com.st.stm32cube.common.mx_6.10.0.202311202037//db//plugins/boardmanager/
2024-03-28 02:05:00,742 [INFO] ApiDb:261 - Set plugin images path to: /home/ritik/st/stm32cubeide_1.14.0/plugins/com.st.stm32cube.common.mx_6.10.0.202311202037//db//plugins/mcufinder/images/
2024-03-28 02:05:00,742 [WARN] DbFile:41 - Overriding database path with different value: /home/ritik/.stmcufinder/plugins/mcufinder/ => /home/ritik/.stmcufinder/plugins/mcufinder
2024-03-28 02:05:00,742 [INFO] ApiDb:250 - Set database path to: /home/ritik/.stmcufinder/plugins/mcufinder//mcu/
2024-03-28 02:05:00,742 [WARN] DbFile:41 - Overriding database path with different value: /home/ritik/.stmcufinder/plugins/mcufinder/ => /home/ritik/.stmcufinder/plugins/mcufinder
2024-03-28 02:05:00,742 [INFO] DbMcusAds:125 - Set database path to: /home/ritik/.stmcufinder/plugins/mcufinder//mcu/
2024-03-28 02:05:00,742 [WARN] DbFile:41 - Overriding database path with different value: /home/ritik/.stmcufinder/plugins/mcufinder/ => /home/ritik/.stmcufinder/plugins/mcufinder
2024-03-28 02:05:00,742 [WARN] DbFile:41 - Overriding database path with different value: /home/ritik/.stmcufinder/plugins/mcufinder/ => /home/ritik/.stmcufinder/plugins/mcufinder
2024-03-28 02:05:00,742 [INFO] CrossReferenceDbSqlite:203 - Set database path to: /home/ritik/.stmcufinder/plugins/mcufinder//mcu/cs/
2024-03-28 02:05:00,754 [INFO] ApplicationProperties:184 - Using Application install path: /home/ritik/st/stm32cubeide_1.14.0/plugins/com.st.stm32cube.common.mx_6.10.0.202311202037
2024-03-28 02:05:00,755 [INFO] PluginManage:196 - Search for loadable plugins [exclusion list=, ]
2024-03-28 02:05:00,756 [INFO] PluginManage:310 - Check plugin analytics
2024-03-28 02:05:00,867 [INFO] AnalyticsPlugin:253 - Accepted Software Licenses: 
2024-03-28 02:05:00,867 [INFO] AnalyticsPlugin:255 - Accepted CMSIS Pack Licenses: 
2024-03-28 02:05:00,867 [INFO] AnalyticsPlugin:257 - Accepted Firmware Licenses: 
2024-03-28 02:05:00,869 [INFO] PluginManage:359 - Loaded plugin analytics (category:tool,tabindex:-1)
2024-03-28 02:05:00,869 [INFO] PluginManage:310 - Check plugin cadmodel
2024-03-28 02:05:00,889 [INFO] CADModel:105 - Init CAD model plugin
2024-03-28 02:05:00,889 [INFO] PluginManage:359 - Loaded plugin cadmodel (category:power,tabindex:5)
2024-03-28 02:05:00,889 [INFO] PluginManage:310 - Check plugin clock
2024-03-28 02:05:00,897 [INFO] PluginManage:359 - Loaded plugin clock (category:base,tabindex:2)
2024-03-28 02:05:00,897 [INFO] PluginManage:310 - Check plugin ddr
2024-03-28 02:05:00,899 [INFO] PluginManage:359 - Loaded plugin ddr (category:tool,tabindex:6)
2024-03-28 02:05:00,899 [INFO] PluginManage:310 - Check plugin filemanager
2024-03-28 02:05:00,999 [INFO] PluginManage:359 - Loaded plugin filemanager (category:base,tabindex:10)
2024-03-28 02:05:00,999 [INFO] PluginManage:310 - Check plugin ipmanager
2024-03-28 02:05:01,003 [INFO] PluginManage:359 - Loaded plugin ipmanager (category:base,tabindex:5)
2024-03-28 02:05:01,003 [INFO] PluginManage:310 - Check plugin lpbam
2024-03-28 02:05:01,011 [INFO] PluginManage:359 - Loaded plugin lpbam (category:base,tabindex:0)
2024-03-28 02:05:01,011 [INFO] PluginManage:310 - Check plugin memorymap
2024-03-28 02:05:01,019 [INFO] PluginManage:359 - Loaded plugin memorymap (category:base,tabindex:4)
2024-03-28 02:05:01,019 [INFO] PluginManage:310 - Check plugin pinoutandconfiguration
2024-03-28 02:05:01,025 [INFO] PluginManage:359 - Loaded plugin pinoutandconfiguration (category:base,tabindex:1)
2024-03-28 02:05:01,025 [INFO] PluginManage:310 - Check plugin pinoutconfig
2024-03-28 02:05:01,086 [WARN] SupportedApi:132 - Cannot load RTOS API schema: s4s-elt-must-match.1: The content of 'definitions' must match (annotation?, (simpleType | complexType)?, (unique | key | keyref)*)). A problem was found starting at: attribute.
2024-03-28 02:05:01,168 [INFO] PluginManage:359 - Loaded plugin pinoutconfig (category:base,tabindex:0)
2024-03-28 02:05:01,168 [INFO] PluginManage:310 - Check plugin power
2024-03-28 02:05:01,175 [INFO] PluginManage:359 - Loaded plugin power (category:power,tabindex:4)
2024-03-28 02:05:01,175 [INFO] PluginManage:310 - Check plugin projectmanager
2024-03-28 02:05:01,186 [INFO] PluginManage:359 - Loaded plugin projectmanager (category:projectmanager,tabindex:3)
2024-03-28 02:05:01,186 [INFO] PluginManage:310 - Check plugin thirdparty
2024-03-28 02:05:01,257 [INFO] PluginManage:359 - Loaded plugin thirdparty (category:base,tabindex:-1)
2024-03-28 02:05:01,257 [WARN] IntegrityCheckThread:84 - waiting for thirdparty lock release [integrity check]
2024-03-28 02:05:01,257 [INFO] PluginManage:310 - Check plugin tools
2024-03-28 02:05:01,257 [INFO] IntegrityCheckThread:86 - entering critical section [integrity check]
2024-03-28 02:05:01,258 [INFO] ThirdPartyUpdaterWithRetryManager:70 - Updater plugin not ready yet. [1/15]
2024-03-28 02:05:01,259 [INFO] PluginManage:359 - Loaded plugin tools (category:base,tabindex:7)
2024-03-28 02:05:01,259 [INFO] PluginManage:310 - Check plugin tutovideos
2024-03-28 02:05:01,374 [INFO] PluginManage:359 - Loaded plugin tutovideos (category:base,tabindex:-1)
2024-03-28 02:05:01,374 [INFO] PluginManage:310 - Check plugin updater
2024-03-28 02:05:01,382 [INFO] PluginManage:359 - Loaded plugin updater (category:base,tabindex:12)
2024-03-28 02:05:01,382 [INFO] PluginManage:310 - Check plugin userauth
2024-03-28 02:05:01,386 [INFO] UserAuth:114 - Init User Auth plugin
2024-03-28 02:05:01,386 [INFO] PluginManage:359 - Loaded plugin userauth (category:base,tabindex:14)
2024-03-28 02:05:01,387 [INFO] PluginManage:283 - PluginManage : Loaded plugins [17]
2024-03-28 02:05:01,499 [INFO] PinOutPanel:1499 - setPackage(No Configuration,No Configuration)
2024-03-28 02:05:01,539 [INFO] CADModel:165 - CPN selected for project level
2024-03-28 02:05:01,539 [INFO] CADModel:114 - Register for checkConnection events
2024-03-28 02:05:01,545 [INFO] IPUIPlugin:80 - create IPUIPlugin
2024-03-28 02:05:01,545 [INFO] PluginManager:220 - loadIPPluginJar : add dfsdm
2024-03-28 02:05:01,547 [INFO] IPUIPlugin:80 - create IPUIPlugin
2024-03-28 02:05:01,547 [INFO] PluginManager:220 - loadIPPluginJar : add openamp
2024-03-28 02:05:01,550 [INFO] IPUIPlugin:80 - create IPUIPlugin
2024-03-28 02:05:01,550 [INFO] PluginManager:220 - loadIPPluginJar : add sai
2024-03-28 02:05:01,551 [INFO] IPUIPlugin:80 - create IPUIPlugin
2024-03-28 02:05:01,551 [INFO] PluginManager:220 - loadIPPluginJar : add genericplugin
2024-03-28 02:05:01,553 [INFO] IPUIPlugin:80 - create IPUIPlugin
2024-03-28 02:05:01,553 [INFO] PluginManager:220 - loadIPPluginJar : add i2c
2024-03-28 02:05:01,553 [INFO] IPUIPlugin:80 - create IPUIPlugin
2024-03-28 02:05:01,553 [INFO] PluginManager:220 - loadIPPluginJar : add comp
2024-03-28 02:05:01,556 [INFO] IPUIPlugin:80 - create IPUIPlugin
2024-03-28 02:05:01,556 [INFO] PluginManager:220 - loadIPPluginJar : add gpio
2024-03-28 02:05:01,560 [INFO] IPUIPlugin:80 - create IPUIPlugin
2024-03-28 02:05:01,561 [INFO] PluginManager:220 - loadIPPluginJar : add plateformsettings
2024-03-28 02:05:01,562 [INFO] IPUIPlugin:80 - create IPUIPlugin
2024-03-28 02:05:01,562 [INFO] PluginManager:220 - loadIPPluginJar : add quadspi
2024-03-28 02:05:01,563 [INFO] IPUIPlugin:80 - create IPUIPlugin
2024-03-28 02:05:01,563 [INFO] PluginManager:220 - loadIPPluginJar : add i2s
2024-03-28 02:05:01,565 [INFO] IPUIPlugin:80 - create IPUIPlugin
2024-03-28 02:05:01,565 [INFO] PluginManager:220 - loadIPPluginJar : add usbx
2024-03-28 02:05:01,566 [INFO] IPUIPlugin:80 - create IPUIPlugin
2024-03-28 02:05:01,566 [INFO] PluginManager:220 - loadIPPluginJar : add tim
2024-03-28 02:05:01,567 [INFO] IPUIPlugin:80 - create IPUIPlugin
2024-03-28 02:05:01,567 [INFO] PluginManager:220 - loadIPPluginJar : add hash
2024-03-28 02:05:01,568 [INFO] IPUIPlugin:80 - create IPUIPlugin
2024-03-28 02:05:01,568 [INFO] PluginManager:220 - loadIPPluginJar : add pdm2pcm
2024-03-28 02:05:01,569 [INFO] IPUIPlugin:80 - create IPUIPlugin
2024-03-28 02:05:01,569 [INFO] PluginManager:220 - loadIPPluginJar : add ts
2024-03-28 02:05:01,570 [INFO] IPUIPlugin:80 - create IPUIPlugin
2024-03-28 02:05:01,570 [INFO] PluginManager:220 - loadIPPluginJar : add tsc
2024-03-28 02:05:01,571 [INFO] IPUIPlugin:80 - create IPUIPlugin
2024-03-28 02:05:01,571 [INFO] PluginManager:220 - loadIPPluginJar : add aes
2024-03-28 02:05:01,574 [INFO] IPUIPlugin:80 - create IPUIPlugin
2024-03-28 02:05:01,575 [INFO] PluginManager:220 - loadIPPluginJar : add resmgrutility
2024-03-28 02:05:01,577 [INFO] IPUIPlugin:80 - create IPUIPlugin
2024-03-28 02:05:01,577 [INFO] PluginManager:220 - loadIPPluginJar : add stm32_wpan
2024-03-28 02:05:01,578 [INFO] IPUIPlugin:80 - create IPUIPlugin
2024-03-28 02:05:01,578 [INFO] PluginManager:220 - loadIPPluginJar : add tracer_emb
2024-03-28 02:05:01,581 [INFO] IPUIPlugin:80 - create IPUIPlugin
2024-03-28 02:05:01,581 [INFO] PluginManager:220 - loadIPPluginJar : add nvic
2024-03-28 02:05:01,582 [INFO] IPUIPlugin:80 - create IPUIPlugin
2024-03-28 02:05:01,582 [INFO] PluginManager:220 - loadIPPluginJar : add ltdc
2024-03-28 02:05:01,582 [INFO] IPUIPlugin:80 - create IPUIPlugin
2024-03-28 02:05:01,583 [INFO] PluginManager:220 - loadIPPluginJar : add fatfs
2024-03-28 02:05:01,585 [INFO] IPUIPlugin:80 - create IPUIPlugin
2024-03-28 02:05:01,585 [INFO] PluginManager:220 - loadIPPluginJar : add touchsensing
2024-03-28 02:05:01,589 [INFO] IPUIPlugin:80 - create IPUIPlugin
2024-03-28 02:05:01,590 [INFO] PluginManager:220 - loadIPPluginJar : add freertos
2024-03-28 02:05:01,594 [INFO] IPUIPlugin:80 - create IPUIPlugin
2024-03-28 02:05:01,594 [INFO] PluginManager:220 - loadIPPluginJar : add adc
2024-03-28 02:05:01,595 [INFO] IPUIPlugin:80 - create IPUIPlugin
2024-03-28 02:05:01,595 [INFO] PluginManager:220 - loadIPPluginJar : add usart
2024-03-28 02:05:01,596 [INFO] IPUIPlugin:80 - create IPUIPlugin
2024-03-28 02:05:01,596 [INFO] PluginManager:220 - loadIPPluginJar : add lorawan
2024-03-28 02:05:01,599 [INFO] IPUIPlugin:80 - create IPUIPlugin
2024-03-28 02:05:01,600 [INFO] PluginManager:220 - loadIPPluginJar : add fmc
2024-03-28 02:05:01,601 [INFO] IPUIPlugin:80 - create IPUIPlugin
2024-03-28 02:05:01,601 [INFO] PluginManager:220 - loadIPPluginJar : add opamp
2024-03-28 02:05:01,603 [INFO] IPUIPlugin:80 - create IPUIPlugin
2024-03-28 02:05:01,603 [INFO] PluginManager:220 - loadIPPluginJar : add can
2024-03-28 02:05:01,604 [INFO] IPUIPlugin:80 - create IPUIPlugin
2024-03-28 02:05:01,604 [INFO] PluginManager:220 - loadIPPluginJar : add dma3
2024-03-28 02:05:01,606 [INFO] IPUIPlugin:80 - create IPUIPlugin
2024-03-28 02:05:01,606 [INFO] PluginManager:220 - loadIPPluginJar : add i3c
2024-03-28 02:05:01,607 [INFO] IPUIPlugin:80 - create IPUIPlugin
2024-03-28 02:05:01,607 [INFO] PluginManager:220 - loadIPPluginJar : add ucpd
2024-03-28 02:05:01,608 [INFO] IPUIPlugin:80 - create IPUIPlugin
2024-03-28 02:05:01,608 [INFO] PluginManager:220 - loadIPPluginJar : add cryp
2024-03-28 02:05:01,609 [INFO] IPUIPlugin:80 - create IPUIPlugin
2024-03-28 02:05:01,609 [INFO] PluginManager:220 - loadIPPluginJar : add spi
2024-03-28 02:05:01,610 [INFO] IPUIPlugin:80 - create IPUIPlugin
2024-03-28 02:05:01,610 [INFO] PluginManager:220 - loadIPPluginJar : add gfxmmu
2024-03-28 02:05:01,614 [INFO] IPUIPlugin:80 - create IPUIPlugin
2024-03-28 02:05:01,614 [INFO] PluginManager:220 - loadIPPluginJar : add mdma
2024-03-28 02:05:01,629 [INFO] IPUIPlugin:80 - create IPUIPlugin
2024-03-28 02:05:01,629 [INFO] PluginManager:220 - loadIPPluginJar : add dma
2024-03-28 02:05:01,631 [INFO] IPUIPlugin:80 - create IPUIPlugin
2024-03-28 02:05:01,631 [INFO] PluginManager:220 - loadIPPluginJar : add gtzc
2024-03-28 02:05:01,633 [INFO] IPUIPlugin:80 - create IPUIPlugin
2024-03-28 02:05:01,633 [INFO] PluginManager:220 - loadIPPluginJar : add ipddr
2024-03-28 02:05:01,636 [INFO] IPUIPlugin:80 - create IPUIPlugin
2024-03-28 02:05:01,637 [INFO] PluginManager:220 - loadIPPluginJar : add gic
2024-03-28 02:05:01,642 [INFO] IPUIPlugin:80 - create IPUIPlugin
2024-03-28 02:05:01,642 [INFO] PluginManager:220 - loadIPPluginJar : add linkedlist
2024-03-28 02:05:01,737 [INFO] CADModel:165 - CPN selected for project level
2024-03-28 02:05:01,738 [INFO] CADModel:114 - Register for checkConnection events
2024-03-28 02:05:01,738 [FATAL] Updater:308 - Updater called before beeing initialized
2024-03-28 02:05:01,738 [ERROR] CADModel:125 - Updater not yet initialized, retry later 
2024-03-28 02:05:01,821 [INFO] CADModel:165 - CPN selected for project level
2024-03-28 02:05:01,821 [INFO] CADModel:114 - Register for checkConnection events
2024-03-28 02:05:01,821 [FATAL] Updater:308 - Updater called before beeing initialized
2024-03-28 02:05:01,822 [ERROR] CADModel:125 - Updater not yet initialized, retry later 
2024-03-28 02:05:01,824 [FATAL] Updater:308 - Updater called before beeing initialized
2024-03-28 02:05:01,869 [FATAL] Updater:308 - Updater called before beeing initialized
2024-03-28 02:05:01,873 [INFO] DbMcusAds:53 - JSON generation date=Wed Nov 29 16:22:27 IST 2023 (1701255147349)
2024-03-28 02:05:01,873 [FATAL] Updater:308 - Updater called before beeing initialized
2024-03-28 02:05:01,901 [WARN] DetailPanel:346 - Failed to get advertising image, set to default
2024-03-28 02:05:01,971 [FATAL] Updater:308 - Updater called before beeing initialized
2024-03-28 02:05:01,972 [FATAL] Updater:308 - Updater called before beeing initialized
2024-03-28 02:05:01,972 [FATAL] Updater:308 - Updater called before beeing initialized
2024-03-28 02:05:01,972 [WARN] DetailPanel:346 - Failed to get advertising image, set to default
2024-03-28 02:05:01,973 [FATAL] Updater:308 - Updater called before beeing initialized
2024-03-28 02:05:01,993 [ERROR] Updater:1120 - MainUpdater not yet initialized. External WinMGr cannot be set.
2024-03-28 02:05:01,994 [INFO] Updater:1056 - Updater Version found : 6.10.0
2024-03-28 02:05:02,009 [INFO] ApplicationProperties:184 - Using Application install path: /home/ritik/st/stm32cubeide_1.14.0/plugins/com.st.stm32cube.common.mx_6.10.0.202311202037
2024-03-28 02:05:02,362 [INFO] MainUpdater:2873 - connection check result : 10
2024-03-28 02:05:02,363 [INFO] MainUpdater:290 - Updater Check For Update Now.
2024-03-28 02:05:02,363 [INFO] MicroXplorer:498 - Change Database Version : DB.6.0.100
2024-03-28 02:05:02,372 [INFO] McuFinderGlobals:63 - Set McuFinder mode to 2 (CubeIDE integrated)
2024-03-28 02:05:02,372 [INFO] UserAuth:180 - activating auth plugin
2024-03-28 02:05:02,375 [INFO] UserAuth:404 - Internet connection configuration mode: 1
2024-03-28 02:05:02,386 [INFO] JxBrowserEngine:152 - Initiate JxBrowser Engine with user profile folder
2024-03-28 02:05:02,513 [INFO] CheckServerUpdateThread:120 - End of CheckServer Thread
2024-03-28 02:05:03,047 [INFO] WebApp:161 - Instantiating new browser for Auth
2024-03-28 02:05:03,638 [INFO] WebApp:780 - Register for checkConnection events
2024-03-28 02:05:03,639 [INFO] WebApp:414 - Apply proxy settings
2024-03-28 02:05:03,639 [INFO] WebApp:499 - Chromium requires no authentication
2024-03-28 02:05:03,642 [INFO] WebApp:442 - Direct internet connection detected
2024-03-28 02:05:03,721 [INFO] WebApp:192 - Starting web application
2024-03-28 02:05:03,722 [INFO] WebApp:544 - Web application path used /home/ritik/st/stm32cubeide_1.14.0/plugins/com.st.stm32cube.common.mx_6.10.0.202311202037/db/plugins/mcufinder/reactClient1/index.html
2024-03-28 02:05:04,353 [WARN] PackLoader:240 - Cannot read IP mode file for STMicroelectronics.X-CUBE-SMBUS.2.1.0
2024-03-28 02:05:04,357 [WARN] PackLoader:240 - Cannot read IP mode file for STMicroelectronics.X-CUBE-TOUCHGFX.4.23.0
2024-03-28 02:05:04,375 [WARN] PackLoader:240 - Cannot read IP mode file for STMicroelectronics.X-CUBE-AZRTOS-F7.1.1.0
2024-03-28 02:05:04,383 [WARN] PackLoader:240 - Cannot read IP mode file for STMicroelectronics.FP-SNS-MOTENV1.4.3.2
2024-03-28 02:05:04,388 [WARN] PackLoader:240 - Cannot read IP mode file for STMicroelectronics.FP-SNS-FLIGHT1.5.0.2
2024-03-28 02:05:04,393 [WARN] PackLoader:240 - Cannot read IP mode file for STMicroelectronics.X-CUBE-DISPLAY.3.0.0
2024-03-28 02:05:04,401 [WARN] PackLoader:240 - Cannot read IP mode file for STMicroelectronics.X-CUBE-BLE1.7.0.0
2024-03-28 02:05:04,405 [WARN] PackLoader:240 - Cannot read IP mode file for emotas.I-CUBE-CANOPEN.1.3.0
2024-03-28 02:05:04,412 [WARN] PackLoader:240 - Cannot read IP mode file for STMicroelectronics.X-CUBE-BLEMGR.3.1.0
2024-03-28 02:05:04,417 [WARN] PackLoader:240 - Cannot read IP mode file for STMicroelectronics.FP-SNS-SMARTAG2.1.2.0
2024-03-28 02:05:04,424 [INFO] LogOutputStream:77 - [STDOUT_REDIRECT] 1 : Invalid condition id : UX_CORESTACK_Condition cause : null
2024-03-28 02:05:04,424 [INFO] LogOutputStream:77 - [STDOUT_REDIRECT] 1 : Invalid condition id : UX_CORESTACK_Condition cause : null
2024-03-28 02:05:04,424 [INFO] LogOutputStream:77 - [STDOUT_REDIRECT] 1 : Invalid condition id : UX_CORESTACK_Condition cause : null
2024-03-28 02:05:04,424 [INFO] LogOutputStream:77 - [STDOUT_REDIRECT] 1 : Invalid condition id : UX_CORESTACK_Condition cause : null
2024-03-28 02:05:04,425 [INFO] LogOutputStream:77 - [STDOUT_REDIRECT] 1 : Invalid condition id : UX_CORESTACK_Condition cause : null
2024-03-28 02:05:04,427 [WARN] PackLoader:240 - Cannot read IP mode file for STMicroelectronics.X-CUBE-AZRTOS-WL.2.0.0
2024-03-28 02:05:04,433 [WARN] PackLoader:240 - Cannot read IP mode file for WES.I-CUBE-Cesium.1.3.0
2024-03-28 02:05:04,436 [WARN] PackLoader:240 - Cannot read IP mode file for STMicroelectronics.X-CUBE-BLE2.3.3.0
2024-03-28 02:05:04,440 [WARN] PackLoader:240 - Cannot read IP mode file for STMicroelectronics.X-CUBE-ALGOBUILD.1.3.0
2024-03-28 02:05:04,449 [WARN] PackLoader:240 - Cannot read IP mode file for STMicroelectronics.X-CUBE-AZRTOS-G0.1.1.0
2024-03-28 02:05:04,460 [WARN] PackLoader:240 - Cannot read IP mode file for STMicroelectronics.X-CUBE-NFC4.3.0.0
2024-03-28 02:05:04,473 [WARN] PackLoader:240 - Cannot read IP mode file for STMicroelectronics.X-CUBE-BLEMGR.3.0.0
2024-03-28 02:05:04,477 [WARN] PackLoader:240 - Cannot read IP mode file for STMicroelectronics.FP-ATR-SIGFOX1.3.2.0
2024-03-28 02:05:04,482 [WARN] PackLoader:240 - Cannot read IP mode file for STMicroelectronics.X-CUBE-EEPRMA1.5.1.0
2024-03-28 02:05:04,506 [WARN] PackLoader:240 - Cannot read IP mode file for SEGGER.I-CUBE-embOS.1.3.1
2024-03-28 02:05:04,530 [WARN] PackLoader:240 - Cannot read IP mode file for STMicroelectronics.X-CUBE-GNSS1.6.0.0
2024-03-28 02:05:04,541 [WARN] PackLoader:240 - Cannot read IP mode file for STMicroelectronics.X-CUBE-AZRTOS-F4.1.1.0
2024-03-28 02:05:04,545 [WARN] PackLoader:240 - Cannot read IP mode file for wolfSSL.I-CUBE-wolfSSL.5.6.6
2024-03-28 02:05:04,554 [WARN] PackLoader:240 - Cannot read IP mode file for STMicroelectronics.X-CUBE-AZRTOS-L5.2.0.0
2024-03-28 02:05:04,558 [WARN] PackLoader:240 - Cannot read IP mode file for STMicroelectronics.X-CUBE-EEPRMA1.4.2.0
2024-03-28 02:05:04,562 [WARN] PackLoader:240 - Cannot read IP mode file for STMicroelectronics.X-CUBE-NFC6.3.1.0
2024-03-28 02:05:04,566 [WARN] PackLoader:240 - Cannot read IP mode file for ITTIA_DB.I-CUBE-ITTIADB.8.8.0
2024-03-28 02:05:04,568 [WARN] PackLoader:240 - Cannot read IP mode file for STMicroelectronics.X-CUBE-NFC7.1.0.1
2024-03-28 02:05:04,573 [WARN] PackLoader:240 - Cannot read IP mode file for STMicroelectronics.X-CUBE-NFC6.3.0.0
2024-03-28 02:05:04,576 [WARN] PackLoader:240 - Cannot read IP mode file for STMicroelectronics.X-CUBE-AI.8.1.0
2024-03-28 02:05:04,585 [WARN] ConditionMgr:438 - getConditionDescription Invalid condition id : LAN8742 Phy interface Condition cause : null
2024-03-28 02:05:04,586 [WARN] PackLoader:240 - Cannot read IP mode file for STMicroelectronics.X-CUBE-AZRTOS-L4.2.0.0
2024-03-28 02:05:04,586 [WARN] ConditionMgr:1039 - genDependencies : Invalid condition id : LAN8742 Phy interface Condition cause : null
2024-03-28 02:05:04,587 [WARN] ConditionMgr:1039 - genDependencies : Invalid condition id : LAN8742 Phy interface Condition cause : null
2024-03-28 02:05:04,587 [WARN] ConditionMgr:1039 - genDependencies : Invalid condition id : LAN8742 Phy interface Condition cause : null
2024-03-28 02:05:04,591 [WARN] PackLoader:240 - Cannot read IP mode file for STMicroelectronics.X-CUBE-SFXS2LP1.4.0.0
2024-03-28 02:05:04,598 [WARN] ConditionMgr:438 - getConditionDescription Invalid condition id : UX DEVICE CLASS RTOS Condition cause : null
2024-03-28 02:05:04,599 [WARN] ConditionMgr:438 - getConditionDescription Invalid condition id : UX DEVICE CLASS RTOS Condition cause : null
2024-03-28 02:05:04,600 [WARN] PackLoader:240 - Cannot read IP mode file for STMicroelectronics.X-CUBE-AZRTOS-WB.2.0.0
2024-03-28 02:05:04,600 [WARN] ConditionMgr:1039 - genDependencies : Invalid condition id : UX DEVICE CLASS RTOS Condition cause : null
2024-03-28 02:05:04,600 [WARN] ConditionMgr:1039 - genDependencies : Invalid condition id : UX DEVICE CLASS RTOS Condition cause : null
2024-03-28 02:05:04,601 [WARN] ConditionMgr:1039 - genDependencies : Invalid condition id : UX DEVICE CLASS RTOS Condition cause : null
2024-03-28 02:05:04,601 [WARN] ConditionMgr:1039 - genDependencies : Invalid condition id : UX DEVICE CLASS RTOS Condition cause : null
2024-03-28 02:05:04,601 [WARN] ConditionMgr:1039 - genDependencies : Invalid condition id : UX DEVICE CLASS RTOS Condition cause : null
2024-03-28 02:05:04,607 [WARN] PackLoader:240 - Cannot read IP mode file for STMicroelectronics.X-CUBE-SUBG2.5.0.0
2024-03-28 02:05:04,621 [WARN] PackLoader:240 - Cannot read IP mode file for STMicroelectronics.X-CUBE-AZRTOS-G4.2.0.0
2024-03-28 02:05:04,629 [WARN] PackLoader:240 - Cannot read IP mode file for Infineon.AIROC-Wi-Fi-Bluetooth-STM32.1.5.1
2024-03-28 02:05:04,635 [WARN] PackLoader:240 - Cannot read IP mode file for STMicroelectronics.FP-SNS-MOTENVWB1.1.3.1
2024-03-28 02:05:04,637 [WARN] PackLoader:240 - Cannot read IP mode file for STMicroelectronics.X-CUBE-ISPU.2.0.0
2024-03-28 02:05:04,670 [WARN] PackLoader:240 - Cannot read IP mode file for STMicroelectronics.X-CUBE-MEMS1.10.0.0
2024-03-28 02:05:04,762 [WARN] PackLoader:240 - Cannot read IP mode file for STMicroelectronics.X-CUBE-FREERTOS.1.1.0
2024-03-28 02:05:04,765 [WARN] PackLoader:240 - Cannot read IP mode file for portGmbH.I-Cube-SoM-uGOAL.1.1.0
2024-03-28 02:05:04,768 [WARN] PackLoader:240 - Cannot read IP mode file for STMicroelectronics.X-CUBE-ALS.1.0.1
2024-03-28 02:05:04,770 [WARN] PackLoader:240 - Cannot read IP mode file for STMicroelectronics.FP-ATR-ASTRA1.2.0.0
2024-03-28 02:05:04,776 [WARN] PackLoader:240 - Cannot read IP mode file for STMicroelectronics.X-CUBE-TOF1.3.4.0
2024-03-28 02:05:04,792 [WARN] PackLoader:240 - Cannot read IP mode file for STMicroelectronics.X-CUBE-TOF1.3.4.1
2024-03-28 02:05:04,816 [WARN] PackLoader:240 - Cannot read IP mode file for STMicroelectronics.X-CUBE-AZRTOS-H7.3.2.0
2024-03-28 02:05:04,818 [INFO] ThirdParty:978 - Integrity check success = true
2024-03-28 02:05:04,818 [INFO] IntegrityCheckThread:100 - exiting critical section [integrity check]
2024-03-28 02:05:04,818 [INFO] IntegrityCheckThread:103 - End integrity checks thread
2024-03-28 02:05:24,141 [ERROR] LogOutputStream:75 - [STDERR_REDIRECT] SLF4J: Failed to load class "org.slf4j.impl.StaticLoggerBinder".
2024-03-28 02:05:24,141 [ERROR] LogOutputStream:75 - [STDERR_REDIRECT] SLF4J: Defaulting to no-operation (NOP) logger implementation
2024-03-28 02:05:24,141 [ERROR] LogOutputStream:75 - [STDERR_REDIRECT] SLF4J: See http://www.slf4j.org/codes.html#StaticLoggerBinder for further details.
2024-03-28 02:45:56,146 [ERROR] LogOutputStream:75 - [STDERR_REDIRECT] 
2024-03-28 13:21:08,771 [INFO] Activator:176 - 


2024-03-28 13:21:08,773 [INFO] Activator:177 - !SESSION log4j initialized
2024-03-28 13:21:15,991 [INFO] LogOutputStream:77 - [STDOUT_REDIRECT] 
2024-03-28 13:21:18,396 [INFO] ApplicationProperties:184 - Using Application install path: /home/ritik/st/stm32cubeide_1.14.0/plugins/com.st.stm32cube.common.mx_6.10.0.202311202037
2024-03-28 13:21:18,413 [INFO] DbMcusXml:78 - Set database path to: /home/ritik/st/stm32cubeide_1.14.0/plugins/com.st.stm32cube.common.mx_6.10.0.202311202037//db//mcu/
2024-03-28 13:21:18,413 [INFO] ApiDb:274 - Set plugin database path to: /home/ritik/st/stm32cubeide_1.14.0/plugins/com.st.stm32cube.common.mx_6.10.0.202311202037//db//plugins/boardmanager/
2024-03-28 13:21:18,413 [WARN] ApiDb:259 - Overriding images path with different value:  => /home/ritik/st/stm32cubeide_1.14.0/plugins/com.st.stm32cube.common.mx_6.10.0.202311202037//db//plugins/mcufinder/images/
2024-03-28 13:21:18,419 [INFO] ApiDb:250 - Set database path to: /home/ritik/.stmcufinder/plugins/mcufinder//mcu/
2024-03-28 13:21:18,420 [INFO] DbMcusAds:125 - Set database path to: /home/ritik/.stmcufinder/plugins/mcufinder//mcu/
2024-03-28 13:21:18,422 [INFO] CrossReferenceDbSqlite:203 - Set database path to: /home/ritik/.stmcufinder/plugins/mcufinder//mcu/cs/
2024-03-28 13:21:18,543 [INFO] RulesReader:64 - Compatibility file has been processed (297 Rules)
2024-03-28 13:21:18,595 [INFO] DbMcusXml:78 - Set database path to: /home/ritik/st/stm32cubeide_1.14.0/plugins/com.st.stm32cube.common.mx_6.10.0.202311202037//db//mcu/
2024-03-28 13:21:18,595 [INFO] ApiDb:274 - Set plugin database path to: /home/ritik/st/stm32cubeide_1.14.0/plugins/com.st.stm32cube.common.mx_6.10.0.202311202037//db//plugins/boardmanager/
2024-03-28 13:21:18,596 [INFO] ApiDb:261 - Set plugin images path to: /home/ritik/st/stm32cubeide_1.14.0/plugins/com.st.stm32cube.common.mx_6.10.0.202311202037//db//plugins/mcufinder/images/
2024-03-28 13:21:18,596 [WARN] DbFile:41 - Overriding database path with different value: /home/ritik/.stmcufinder/plugins/mcufinder/ => /home/ritik/.stmcufinder/plugins/mcufinder
2024-03-28 13:21:18,596 [INFO] ApiDb:250 - Set database path to: /home/ritik/.stmcufinder/plugins/mcufinder//mcu/
2024-03-28 13:21:18,596 [WARN] DbFile:41 - Overriding database path with different value: /home/ritik/.stmcufinder/plugins/mcufinder/ => /home/ritik/.stmcufinder/plugins/mcufinder
2024-03-28 13:21:18,596 [INFO] DbMcusAds:125 - Set database path to: /home/ritik/.stmcufinder/plugins/mcufinder//mcu/
2024-03-28 13:21:18,596 [WARN] DbFile:41 - Overriding database path with different value: /home/ritik/.stmcufinder/plugins/mcufinder/ => /home/ritik/.stmcufinder/plugins/mcufinder
2024-03-28 13:21:18,596 [WARN] DbFile:41 - Overriding database path with different value: /home/ritik/.stmcufinder/plugins/mcufinder/ => /home/ritik/.stmcufinder/plugins/mcufinder
2024-03-28 13:21:18,597 [INFO] CrossReferenceDbSqlite:203 - Set database path to: /home/ritik/.stmcufinder/plugins/mcufinder//mcu/cs/
2024-03-28 13:21:18,650 [INFO] MainPanel:264 - HeapMemory: 268435456
2024-03-28 13:21:18,719 [INFO] DbMcusXml:78 - Set database path to: /home/ritik/st/stm32cubeide_1.14.0/plugins/com.st.stm32cube.common.mx_6.10.0.202311202037//db//mcu/
2024-03-28 13:21:18,719 [INFO] ApiDb:274 - Set plugin database path to: /home/ritik/st/stm32cubeide_1.14.0/plugins/com.st.stm32cube.common.mx_6.10.0.202311202037//db//plugins/boardmanager/
2024-03-28 13:21:18,720 [INFO] ApiDb:261 - Set plugin images path to: /home/ritik/st/stm32cubeide_1.14.0/plugins/com.st.stm32cube.common.mx_6.10.0.202311202037//db//plugins/mcufinder/images/
2024-03-28 13:21:18,720 [WARN] DbFile:41 - Overriding database path with different value: /home/ritik/.stmcufinder/plugins/mcufinder/ => /home/ritik/.stmcufinder/plugins/mcufinder
2024-03-28 13:21:18,720 [INFO] ApiDb:250 - Set database path to: /home/ritik/.stmcufinder/plugins/mcufinder//mcu/
2024-03-28 13:21:18,720 [WARN] DbFile:41 - Overriding database path with different value: /home/ritik/.stmcufinder/plugins/mcufinder/ => /home/ritik/.stmcufinder/plugins/mcufinder
2024-03-28 13:21:18,720 [INFO] DbMcusAds:125 - Set database path to: /home/ritik/.stmcufinder/plugins/mcufinder//mcu/
2024-03-28 13:21:18,720 [WARN] DbFile:41 - Overriding database path with different value: /home/ritik/.stmcufinder/plugins/mcufinder/ => /home/ritik/.stmcufinder/plugins/mcufinder
2024-03-28 13:21:18,720 [WARN] DbFile:41 - Overriding database path with different value: /home/ritik/.stmcufinder/plugins/mcufinder/ => /home/ritik/.stmcufinder/plugins/mcufinder
2024-03-28 13:21:18,720 [INFO] CrossReferenceDbSqlite:203 - Set database path to: /home/ritik/.stmcufinder/plugins/mcufinder//mcu/cs/
2024-03-28 13:21:18,734 [INFO] ApplicationProperties:184 - Using Application install path: /home/ritik/st/stm32cubeide_1.14.0/plugins/com.st.stm32cube.common.mx_6.10.0.202311202037
2024-03-28 13:21:18,736 [INFO] PluginManage:196 - Search for loadable plugins [exclusion list=, ]
2024-03-28 13:21:18,737 [INFO] PluginManage:310 - Check plugin analytics
2024-03-28 13:21:18,876 [INFO] AnalyticsPlugin:253 - Accepted Software Licenses: 
2024-03-28 13:21:18,876 [INFO] AnalyticsPlugin:255 - Accepted CMSIS Pack Licenses: 
2024-03-28 13:21:18,876 [INFO] AnalyticsPlugin:257 - Accepted Firmware Licenses: 
2024-03-28 13:21:18,878 [INFO] PluginManage:359 - Loaded plugin analytics (category:tool,tabindex:-1)
2024-03-28 13:21:18,878 [INFO] PluginManage:310 - Check plugin cadmodel
2024-03-28 13:21:18,926 [INFO] CADModel:105 - Init CAD model plugin
2024-03-28 13:21:18,927 [INFO] PluginManage:359 - Loaded plugin cadmodel (category:power,tabindex:5)
2024-03-28 13:21:18,927 [INFO] PluginManage:310 - Check plugin clock
2024-03-28 13:21:18,935 [INFO] PluginManage:359 - Loaded plugin clock (category:base,tabindex:2)
2024-03-28 13:21:18,935 [INFO] PluginManage:310 - Check plugin ddr
2024-03-28 13:21:18,937 [INFO] PluginManage:359 - Loaded plugin ddr (category:tool,tabindex:6)
2024-03-28 13:21:18,937 [INFO] PluginManage:310 - Check plugin filemanager
2024-03-28 13:21:19,041 [INFO] PluginManage:359 - Loaded plugin filemanager (category:base,tabindex:10)
2024-03-28 13:21:19,041 [INFO] PluginManage:310 - Check plugin ipmanager
2024-03-28 13:21:19,045 [INFO] PluginManage:359 - Loaded plugin ipmanager (category:base,tabindex:5)
2024-03-28 13:21:19,046 [INFO] PluginManage:310 - Check plugin lpbam
2024-03-28 13:21:19,053 [INFO] PluginManage:359 - Loaded plugin lpbam (category:base,tabindex:0)
2024-03-28 13:21:19,053 [INFO] PluginManage:310 - Check plugin memorymap
2024-03-28 13:21:19,061 [INFO] PluginManage:359 - Loaded plugin memorymap (category:base,tabindex:4)
2024-03-28 13:21:19,061 [INFO] PluginManage:310 - Check plugin pinoutandconfiguration
2024-03-28 13:21:19,067 [INFO] PluginManage:359 - Loaded plugin pinoutandconfiguration (category:base,tabindex:1)
2024-03-28 13:21:19,067 [INFO] PluginManage:310 - Check plugin pinoutconfig
2024-03-28 13:21:19,123 [WARN] SupportedApi:132 - Cannot load RTOS API schema: s4s-elt-must-match.1: The content of 'definitions' must match (annotation?, (simpleType | complexType)?, (unique | key | keyref)*)). A problem was found starting at: attribute.
2024-03-28 13:21:19,226 [INFO] PluginManage:359 - Loaded plugin pinoutconfig (category:base,tabindex:0)
2024-03-28 13:21:19,226 [INFO] PluginManage:310 - Check plugin power
2024-03-28 13:21:19,234 [INFO] PluginManage:359 - Loaded plugin power (category:power,tabindex:4)
2024-03-28 13:21:19,234 [INFO] PluginManage:310 - Check plugin projectmanager
2024-03-28 13:21:19,245 [INFO] PluginManage:359 - Loaded plugin projectmanager (category:projectmanager,tabindex:3)
2024-03-28 13:21:19,246 [INFO] PluginManage:310 - Check plugin thirdparty
2024-03-28 13:21:19,338 [INFO] PluginManage:359 - Loaded plugin thirdparty (category:base,tabindex:-1)
2024-03-28 13:21:19,338 [WARN] IntegrityCheckThread:84 - waiting for thirdparty lock release [integrity check]
2024-03-28 13:21:19,338 [INFO] PluginManage:310 - Check plugin tools
2024-03-28 13:21:19,339 [INFO] IntegrityCheckThread:86 - entering critical section [integrity check]
2024-03-28 13:21:19,339 [INFO] ThirdPartyUpdaterWithRetryManager:70 - Updater plugin not ready yet. [1/15]
2024-03-28 13:21:19,340 [INFO] PluginManage:359 - Loaded plugin tools (category:base,tabindex:7)
2024-03-28 13:21:19,340 [INFO] PluginManage:310 - Check plugin tutovideos
2024-03-28 13:21:19,459 [INFO] PluginManage:359 - Loaded plugin tutovideos (category:base,tabindex:-1)
2024-03-28 13:21:19,459 [INFO] PluginManage:310 - Check plugin updater
2024-03-28 13:21:19,467 [INFO] PluginManage:359 - Loaded plugin updater (category:base,tabindex:12)
2024-03-28 13:21:19,467 [INFO] PluginManage:310 - Check plugin userauth
2024-03-28 13:21:19,471 [INFO] UserAuth:114 - Init User Auth plugin
2024-03-28 13:21:19,471 [INFO] PluginManage:359 - Loaded plugin userauth (category:base,tabindex:14)
2024-03-28 13:21:19,471 [INFO] PluginManage:283 - PluginManage : Loaded plugins [17]
2024-03-28 13:21:19,593 [INFO] PinOutPanel:1499 - setPackage(No Configuration,No Configuration)
2024-03-28 13:21:19,630 [INFO] CADModel:165 - CPN selected for project level
2024-03-28 13:21:19,631 [INFO] CADModel:114 - Register for checkConnection events
2024-03-28 13:21:19,637 [INFO] IPUIPlugin:80 - create IPUIPlugin
2024-03-28 13:21:19,637 [INFO] PluginManager:220 - loadIPPluginJar : add dfsdm
2024-03-28 13:21:19,639 [INFO] IPUIPlugin:80 - create IPUIPlugin
2024-03-28 13:21:19,639 [INFO] PluginManager:220 - loadIPPluginJar : add openamp
2024-03-28 13:21:19,642 [INFO] IPUIPlugin:80 - create IPUIPlugin
2024-03-28 13:21:19,642 [INFO] PluginManager:220 - loadIPPluginJar : add sai
2024-03-28 13:21:19,642 [INFO] IPUIPlugin:80 - create IPUIPlugin
2024-03-28 13:21:19,642 [INFO] PluginManager:220 - loadIPPluginJar : add genericplugin
2024-03-28 13:21:19,644 [INFO] IPUIPlugin:80 - create IPUIPlugin
2024-03-28 13:21:19,644 [INFO] PluginManager:220 - loadIPPluginJar : add i2c
2024-03-28 13:21:19,644 [INFO] IPUIPlugin:80 - create IPUIPlugin
2024-03-28 13:21:19,644 [INFO] PluginManager:220 - loadIPPluginJar : add comp
2024-03-28 13:21:19,647 [INFO] IPUIPlugin:80 - create IPUIPlugin
2024-03-28 13:21:19,647 [INFO] PluginManager:220 - loadIPPluginJar : add gpio
2024-03-28 13:21:19,651 [INFO] IPUIPlugin:80 - create IPUIPlugin
2024-03-28 13:21:19,653 [INFO] PluginManager:220 - loadIPPluginJar : add plateformsettings
2024-03-28 13:21:19,654 [INFO] IPUIPlugin:80 - create IPUIPlugin
2024-03-28 13:21:19,654 [INFO] PluginManager:220 - loadIPPluginJar : add quadspi
2024-03-28 13:21:19,655 [INFO] IPUIPlugin:80 - create IPUIPlugin
2024-03-28 13:21:19,655 [INFO] PluginManager:220 - loadIPPluginJar : add i2s
2024-03-28 13:21:19,657 [INFO] IPUIPlugin:80 - create IPUIPlugin
2024-03-28 13:21:19,657 [INFO] PluginManager:220 - loadIPPluginJar : add usbx
2024-03-28 13:21:19,658 [INFO] IPUIPlugin:80 - create IPUIPlugin
2024-03-28 13:21:19,658 [INFO] PluginManager:220 - loadIPPluginJar : add tim
2024-03-28 13:21:19,659 [INFO] IPUIPlugin:80 - create IPUIPlugin
2024-03-28 13:21:19,659 [INFO] PluginManager:220 - loadIPPluginJar : add hash
2024-03-28 13:21:19,661 [INFO] IPUIPlugin:80 - create IPUIPlugin
2024-03-28 13:21:19,661 [INFO] PluginManager:220 - loadIPPluginJar : add pdm2pcm
2024-03-28 13:21:19,662 [INFO] IPUIPlugin:80 - create IPUIPlugin
2024-03-28 13:21:19,662 [INFO] PluginManager:220 - loadIPPluginJar : add ts
2024-03-28 13:21:19,662 [INFO] IPUIPlugin:80 - create IPUIPlugin
2024-03-28 13:21:19,662 [INFO] PluginManager:220 - loadIPPluginJar : add tsc
2024-03-28 13:21:19,664 [INFO] IPUIPlugin:80 - create IPUIPlugin
2024-03-28 13:21:19,664 [INFO] PluginManager:220 - loadIPPluginJar : add aes
2024-03-28 13:21:19,667 [INFO] IPUIPlugin:80 - create IPUIPlugin
2024-03-28 13:21:19,667 [INFO] PluginManager:220 - loadIPPluginJar : add resmgrutility
2024-03-28 13:21:19,670 [INFO] IPUIPlugin:80 - create IPUIPlugin
2024-03-28 13:21:19,670 [INFO] PluginManager:220 - loadIPPluginJar : add stm32_wpan
2024-03-28 13:21:19,671 [INFO] IPUIPlugin:80 - create IPUIPlugin
2024-03-28 13:21:19,671 [INFO] PluginManager:220 - loadIPPluginJar : add tracer_emb
2024-03-28 13:21:19,673 [INFO] IPUIPlugin:80 - create IPUIPlugin
2024-03-28 13:21:19,673 [INFO] PluginManager:220 - loadIPPluginJar : add nvic
2024-03-28 13:21:19,674 [INFO] IPUIPlugin:80 - create IPUIPlugin
2024-03-28 13:21:19,674 [INFO] PluginManager:220 - loadIPPluginJar : add ltdc
2024-03-28 13:21:19,675 [INFO] IPUIPlugin:80 - create IPUIPlugin
2024-03-28 13:21:19,675 [INFO] PluginManager:220 - loadIPPluginJar : add fatfs
2024-03-28 13:21:19,676 [INFO] IPUIPlugin:80 - create IPUIPlugin
2024-03-28 13:21:19,676 [INFO] PluginManager:220 - loadIPPluginJar : add touchsensing
2024-03-28 13:21:19,680 [INFO] IPUIPlugin:80 - create IPUIPlugin
2024-03-28 13:21:19,681 [INFO] PluginManager:220 - loadIPPluginJar : add freertos
2024-03-28 13:21:19,685 [INFO] IPUIPlugin:80 - create IPUIPlugin
2024-03-28 13:21:19,685 [INFO] PluginManager:220 - loadIPPluginJar : add adc
2024-03-28 13:21:19,687 [INFO] IPUIPlugin:80 - create IPUIPlugin
2024-03-28 13:21:19,688 [INFO] PluginManager:220 - loadIPPluginJar : add usart
2024-03-28 13:21:19,689 [INFO] IPUIPlugin:80 - create IPUIPlugin
2024-03-28 13:21:19,689 [INFO] PluginManager:220 - loadIPPluginJar : add lorawan
2024-03-28 13:21:19,692 [INFO] IPUIPlugin:80 - create IPUIPlugin
2024-03-28 13:21:19,692 [INFO] PluginManager:220 - loadIPPluginJar : add fmc
2024-03-28 13:21:19,694 [INFO] IPUIPlugin:80 - create IPUIPlugin
2024-03-28 13:21:19,694 [INFO] PluginManager:220 - loadIPPluginJar : add opamp
2024-03-28 13:21:19,695 [INFO] IPUIPlugin:80 - create IPUIPlugin
2024-03-28 13:21:19,695 [INFO] PluginManager:220 - loadIPPluginJar : add can
2024-03-28 13:21:19,697 [INFO] IPUIPlugin:80 - create IPUIPlugin
2024-03-28 13:21:19,697 [INFO] PluginManager:220 - loadIPPluginJar : add dma3
2024-03-28 13:21:19,698 [INFO] IPUIPlugin:80 - create IPUIPlugin
2024-03-28 13:21:19,699 [INFO] PluginManager:220 - loadIPPluginJar : add i3c
2024-03-28 13:21:19,699 [INFO] IPUIPlugin:80 - create IPUIPlugin
2024-03-28 13:21:19,700 [INFO] PluginManager:220 - loadIPPluginJar : add ucpd
2024-03-28 13:21:19,701 [INFO] IPUIPlugin:80 - create IPUIPlugin
2024-03-28 13:21:19,701 [INFO] PluginManager:220 - loadIPPluginJar : add cryp
2024-03-28 13:21:19,702 [INFO] IPUIPlugin:80 - create IPUIPlugin
2024-03-28 13:21:19,702 [INFO] PluginManager:220 - loadIPPluginJar : add spi
2024-03-28 13:21:19,703 [INFO] IPUIPlugin:80 - create IPUIPlugin
2024-03-28 13:21:19,703 [INFO] PluginManager:220 - loadIPPluginJar : add gfxmmu
2024-03-28 13:21:19,707 [INFO] IPUIPlugin:80 - create IPUIPlugin
2024-03-28 13:21:19,707 [INFO] PluginManager:220 - loadIPPluginJar : add mdma
2024-03-28 13:21:19,711 [INFO] IPUIPlugin:80 - create IPUIPlugin
2024-03-28 13:21:19,711 [INFO] PluginManager:220 - loadIPPluginJar : add dma
2024-03-28 13:21:19,713 [INFO] IPUIPlugin:80 - create IPUIPlugin
2024-03-28 13:21:19,713 [INFO] PluginManager:220 - loadIPPluginJar : add gtzc
2024-03-28 13:21:19,715 [INFO] IPUIPlugin:80 - create IPUIPlugin
2024-03-28 13:21:19,715 [INFO] PluginManager:220 - loadIPPluginJar : add ipddr
2024-03-28 13:21:19,718 [INFO] IPUIPlugin:80 - create IPUIPlugin
2024-03-28 13:21:19,718 [INFO] PluginManager:220 - loadIPPluginJar : add gic
2024-03-28 13:21:19,723 [INFO] IPUIPlugin:80 - create IPUIPlugin
2024-03-28 13:21:19,723 [INFO] PluginManager:220 - loadIPPluginJar : add linkedlist
2024-03-28 13:21:19,817 [INFO] CADModel:165 - CPN selected for project level
2024-03-28 13:21:19,818 [INFO] CADModel:114 - Register for checkConnection events
2024-03-28 13:21:19,818 [FATAL] Updater:308 - Updater called before beeing initialized
2024-03-28 13:21:19,818 [ERROR] CADModel:125 - Updater not yet initialized, retry later 
2024-03-28 13:21:19,902 [INFO] CADModel:165 - CPN selected for project level
2024-03-28 13:21:19,902 [INFO] CADModel:114 - Register for checkConnection events
2024-03-28 13:21:19,902 [FATAL] Updater:308 - Updater called before beeing initialized
2024-03-28 13:21:19,902 [ERROR] CADModel:125 - Updater not yet initialized, retry later 
2024-03-28 13:21:19,904 [FATAL] Updater:308 - Updater called before beeing initialized
2024-03-28 13:21:19,952 [FATAL] Updater:308 - Updater called before beeing initialized
2024-03-28 13:21:19,955 [INFO] DbMcusAds:53 - JSON generation date=Wed Nov 29 16:22:27 IST 2023 (1701255147349)
2024-03-28 13:21:19,955 [FATAL] Updater:308 - Updater called before beeing initialized
2024-03-28 13:21:19,987 [WARN] DetailPanel:346 - Failed to get advertising image, set to default
2024-03-28 13:21:20,064 [FATAL] Updater:308 - Updater called before beeing initialized
2024-03-28 13:21:20,066 [FATAL] Updater:308 - Updater called before beeing initialized
2024-03-28 13:21:20,066 [FATAL] Updater:308 - Updater called before beeing initialized
2024-03-28 13:21:20,066 [WARN] DetailPanel:346 - Failed to get advertising image, set to default
2024-03-28 13:21:20,067 [FATAL] Updater:308 - Updater called before beeing initialized
2024-03-28 13:21:20,093 [ERROR] Updater:1120 - MainUpdater not yet initialized. External WinMGr cannot be set.
2024-03-28 13:21:20,095 [INFO] Updater:1056 - Updater Version found : 6.10.0
2024-03-28 13:21:20,115 [INFO] ApplicationProperties:184 - Using Application install path: /home/ritik/st/stm32cubeide_1.14.0/plugins/com.st.stm32cube.common.mx_6.10.0.202311202037
2024-03-28 13:21:20,471 [INFO] MainUpdater:2873 - connection check result : 10
2024-03-28 13:21:20,472 [INFO] MainUpdater:290 - Updater Check For Update Now.
2024-03-28 13:21:20,472 [INFO] MicroXplorer:498 - Change Database Version : DB.6.0.100
2024-03-28 13:21:20,482 [INFO] McuFinderGlobals:63 - Set McuFinder mode to 2 (CubeIDE integrated)
2024-03-28 13:21:20,482 [INFO] UserAuth:180 - activating auth plugin
2024-03-28 13:21:20,484 [INFO] UserAuth:404 - Internet connection configuration mode: 1
2024-03-28 13:21:20,509 [INFO] JxBrowserEngine:152 - Initiate JxBrowser Engine with user profile folder
2024-03-28 13:21:20,646 [INFO] CheckServerUpdateThread:120 - End of CheckServer Thread
2024-03-28 13:21:21,292 [INFO] WebApp:161 - Instantiating new browser for Auth
2024-03-28 13:21:21,883 [INFO] WebApp:780 - Register for checkConnection events
2024-03-28 13:21:21,883 [INFO] WebApp:414 - Apply proxy settings
2024-03-28 13:21:21,883 [INFO] WebApp:499 - Chromium requires no authentication
2024-03-28 13:21:21,889 [INFO] WebApp:442 - Direct internet connection detected
2024-03-28 13:21:22,011 [INFO] WebApp:192 - Starting web application
2024-03-28 13:21:22,011 [INFO] WebApp:544 - Web application path used /home/ritik/st/stm32cubeide_1.14.0/plugins/com.st.stm32cube.common.mx_6.10.0.202311202037/db/plugins/mcufinder/reactClient1/index.html
2024-03-28 13:21:22,415 [WARN] PackLoader:240 - Cannot read IP mode file for STMicroelectronics.X-CUBE-SMBUS.2.1.0
2024-03-28 13:21:22,420 [WARN] PackLoader:240 - Cannot read IP mode file for STMicroelectronics.X-CUBE-TOUCHGFX.4.23.0
2024-03-28 13:21:22,442 [WARN] PackLoader:240 - Cannot read IP mode file for STMicroelectronics.X-CUBE-AZRTOS-F7.1.1.0
2024-03-28 13:21:22,451 [WARN] PackLoader:240 - Cannot read IP mode file for STMicroelectronics.FP-SNS-MOTENV1.4.3.2
2024-03-28 13:21:22,456 [WARN] PackLoader:240 - Cannot read IP mode file for STMicroelectronics.FP-SNS-FLIGHT1.5.0.2
2024-03-28 13:21:22,464 [WARN] PackLoader:240 - Cannot read IP mode file for STMicroelectronics.X-CUBE-DISPLAY.3.0.0
2024-03-28 13:21:22,473 [WARN] PackLoader:240 - Cannot read IP mode file for STMicroelectronics.X-CUBE-BLE1.7.0.0
2024-03-28 13:21:22,477 [WARN] PackLoader:240 - Cannot read IP mode file for emotas.I-CUBE-CANOPEN.1.3.0
2024-03-28 13:21:22,485 [WARN] PackLoader:240 - Cannot read IP mode file for STMicroelectronics.X-CUBE-BLEMGR.3.1.0
2024-03-28 13:21:22,491 [WARN] PackLoader:240 - Cannot read IP mode file for STMicroelectronics.FP-SNS-SMARTAG2.1.2.0
2024-03-28 13:21:22,500 [INFO] LogOutputStream:77 - [STDOUT_REDIRECT] 1 : Invalid condition id : UX_CORESTACK_Condition cause : null
2024-03-28 13:21:22,501 [INFO] LogOutputStream:77 - [STDOUT_REDIRECT] 1 : Invalid condition id : UX_CORESTACK_Condition cause : null
2024-03-28 13:21:22,501 [INFO] LogOutputStream:77 - [STDOUT_REDIRECT] 1 : Invalid condition id : UX_CORESTACK_Condition cause : null
2024-03-28 13:21:22,501 [INFO] LogOutputStream:77 - [STDOUT_REDIRECT] 1 : Invalid condition id : UX_CORESTACK_Condition cause : null
2024-03-28 13:21:22,501 [INFO] LogOutputStream:77 - [STDOUT_REDIRECT] 1 : Invalid condition id : UX_CORESTACK_Condition cause : null
2024-03-28 13:21:22,504 [WARN] PackLoader:240 - Cannot read IP mode file for STMicroelectronics.X-CUBE-AZRTOS-WL.2.0.0
2024-03-28 13:21:22,510 [WARN] PackLoader:240 - Cannot read IP mode file for WES.I-CUBE-Cesium.1.3.0
2024-03-28 13:21:22,520 [WARN] PackLoader:240 - Cannot read IP mode file for STMicroelectronics.X-CUBE-BLE2.3.3.0
2024-03-28 13:21:22,525 [WARN] PackLoader:240 - Cannot read IP mode file for STMicroelectronics.X-CUBE-ALGOBUILD.1.3.0
2024-03-28 13:21:22,536 [WARN] PackLoader:240 - Cannot read IP mode file for STMicroelectronics.X-CUBE-AZRTOS-G0.1.1.0
2024-03-28 13:21:22,542 [WARN] PackLoader:240 - Cannot read IP mode file for STMicroelectronics.X-CUBE-NFC4.3.0.0
2024-03-28 13:21:22,549 [WARN] PackLoader:240 - Cannot read IP mode file for STMicroelectronics.X-CUBE-BLEMGR.3.0.0
2024-03-28 13:21:22,553 [WARN] PackLoader:240 - Cannot read IP mode file for STMicroelectronics.FP-ATR-SIGFOX1.3.2.0
2024-03-28 13:21:22,557 [WARN] PackLoader:240 - Cannot read IP mode file for STMicroelectronics.X-CUBE-EEPRMA1.5.1.0
2024-03-28 13:21:22,579 [WARN] PackLoader:240 - Cannot read IP mode file for SEGGER.I-CUBE-embOS.1.3.1
2024-03-28 13:21:22,605 [WARN] PackLoader:240 - Cannot read IP mode file for STMicroelectronics.X-CUBE-GNSS1.6.0.0
2024-03-28 13:21:22,619 [WARN] PackLoader:240 - Cannot read IP mode file for STMicroelectronics.X-CUBE-AZRTOS-F4.1.1.0
2024-03-28 13:21:22,623 [WARN] PackLoader:240 - Cannot read IP mode file for wolfSSL.I-CUBE-wolfSSL.5.6.6
2024-03-28 13:21:22,638 [WARN] PackLoader:240 - Cannot read IP mode file for STMicroelectronics.X-CUBE-AZRTOS-L5.2.0.0
2024-03-28 13:21:22,645 [WARN] PackLoader:240 - Cannot read IP mode file for STMicroelectronics.X-CUBE-EEPRMA1.4.2.0
2024-03-28 13:21:22,653 [WARN] PackLoader:240 - Cannot read IP mode file for STMicroelectronics.X-CUBE-NFC6.3.1.0
2024-03-28 13:21:22,659 [WARN] PackLoader:240 - Cannot read IP mode file for ITTIA_DB.I-CUBE-ITTIADB.8.8.0
2024-03-28 13:21:22,664 [WARN] PackLoader:240 - Cannot read IP mode file for STMicroelectronics.X-CUBE-NFC7.1.0.1
2024-03-28 13:21:22,669 [WARN] PackLoader:240 - Cannot read IP mode file for STMicroelectronics.X-CUBE-NFC6.3.0.0
2024-03-28 13:21:22,673 [WARN] PackLoader:240 - Cannot read IP mode file for STMicroelectronics.X-CUBE-AI.8.1.0
2024-03-28 13:21:22,687 [WARN] ConditionMgr:438 - getConditionDescription Invalid condition id : LAN8742 Phy interface Condition cause : null
2024-03-28 13:21:22,687 [WARN] PackLoader:240 - Cannot read IP mode file for STMicroelectronics.X-CUBE-AZRTOS-L4.2.0.0
2024-03-28 13:21:22,688 [WARN] ConditionMgr:1039 - genDependencies : Invalid condition id : LAN8742 Phy interface Condition cause : null
2024-03-28 13:21:22,689 [WARN] ConditionMgr:1039 - genDependencies : Invalid condition id : LAN8742 Phy interface Condition cause : null
2024-03-28 13:21:22,689 [WARN] ConditionMgr:1039 - genDependencies : Invalid condition id : LAN8742 Phy interface Condition cause : null
2024-03-28 13:21:22,695 [WARN] PackLoader:240 - Cannot read IP mode file for STMicroelectronics.X-CUBE-SFXS2LP1.4.0.0
2024-03-28 13:21:22,705 [WARN] ConditionMgr:438 - getConditionDescription Invalid condition id : UX DEVICE CLASS RTOS Condition cause : null
2024-03-28 13:21:22,706 [WARN] ConditionMgr:438 - getConditionDescription Invalid condition id : UX DEVICE CLASS RTOS Condition cause : null
2024-03-28 13:21:22,714 [WARN] PackLoader:240 - Cannot read IP mode file for STMicroelectronics.X-CUBE-AZRTOS-WB.2.0.0
2024-03-28 13:21:22,715 [WARN] ConditionMgr:1039 - genDependencies : Invalid condition id : UX DEVICE CLASS RTOS Condition cause : null
2024-03-28 13:21:22,716 [WARN] ConditionMgr:1039 - genDependencies : Invalid condition id : UX DEVICE CLASS RTOS Condition cause : null
2024-03-28 13:21:22,716 [WARN] ConditionMgr:1039 - genDependencies : Invalid condition id : UX DEVICE CLASS RTOS Condition cause : null
2024-03-28 13:21:22,716 [WARN] ConditionMgr:1039 - genDependencies : Invalid condition id : UX DEVICE CLASS RTOS Condition cause : null
2024-03-28 13:21:22,716 [WARN] ConditionMgr:1039 - genDependencies : Invalid condition id : UX DEVICE CLASS RTOS Condition cause : null
2024-03-28 13:21:22,724 [WARN] PackLoader:240 - Cannot read IP mode file for STMicroelectronics.X-CUBE-SUBG2.5.0.0
2024-03-28 13:21:22,741 [WARN] PackLoader:240 - Cannot read IP mode file for STMicroelectronics.X-CUBE-AZRTOS-G4.2.0.0
2024-03-28 13:21:22,753 [WARN] PackLoader:240 - Cannot read IP mode file for Infineon.AIROC-Wi-Fi-Bluetooth-STM32.1.5.1
2024-03-28 13:21:22,760 [WARN] PackLoader:240 - Cannot read IP mode file for STMicroelectronics.FP-SNS-MOTENVWB1.1.3.1
2024-03-28 13:21:22,764 [WARN] PackLoader:240 - Cannot read IP mode file for STMicroelectronics.X-CUBE-ISPU.2.0.0
2024-03-28 13:21:22,804 [WARN] PackLoader:240 - Cannot read IP mode file for STMicroelectronics.X-CUBE-MEMS1.10.0.0
2024-03-28 13:21:22,915 [WARN] PackLoader:240 - Cannot read IP mode file for STMicroelectronics.X-CUBE-FREERTOS.1.1.0
2024-03-28 13:21:22,919 [WARN] PackLoader:240 - Cannot read IP mode file for portGmbH.I-Cube-SoM-uGOAL.1.1.0
2024-03-28 13:21:22,922 [WARN] PackLoader:240 - Cannot read IP mode file for STMicroelectronics.X-CUBE-ALS.1.0.1
2024-03-28 13:21:22,926 [WARN] PackLoader:240 - Cannot read IP mode file for STMicroelectronics.FP-ATR-ASTRA1.2.0.0
2024-03-28 13:21:22,932 [WARN] PackLoader:240 - Cannot read IP mode file for STMicroelectronics.X-CUBE-TOF1.3.4.0
2024-03-28 13:21:22,951 [WARN] PackLoader:240 - Cannot read IP mode file for STMicroelectronics.X-CUBE-TOF1.3.4.1
2024-03-28 13:21:22,970 [WARN] PackLoader:240 - Cannot read IP mode file for STMicroelectronics.X-CUBE-AZRTOS-H7.3.2.0
2024-03-28 13:21:22,974 [INFO] ThirdParty:978 - Integrity check success = true
2024-03-28 13:21:22,974 [INFO] IntegrityCheckThread:100 - exiting critical section [integrity check]
2024-03-28 13:21:22,974 [INFO] IntegrityCheckThread:103 - End integrity checks thread
2024-03-28 13:21:42,556 [ERROR] LogOutputStream:75 - [STDERR_REDIRECT] SLF4J: Failed to load class "org.slf4j.impl.StaticLoggerBinder".
2024-03-28 13:21:42,557 [ERROR] LogOutputStream:75 - [STDERR_REDIRECT] SLF4J: Defaulting to no-operation (NOP) logger implementation
2024-03-28 13:21:42,557 [ERROR] LogOutputStream:75 - [STDERR_REDIRECT] SLF4J: See http://www.slf4j.org/codes.html#StaticLoggerBinder for further details.
2024-03-28 20:24:58,077 [ERROR] LogOutputStream:75 - [STDERR_REDIRECT] 
2024-03-28 21:24:47,305 [INFO] Activator:176 - 


2024-03-28 21:24:47,307 [INFO] Activator:177 - !SESSION log4j initialized
2024-03-28 21:24:54,336 [INFO] LogOutputStream:77 - [STDOUT_REDIRECT] 
2024-03-28 21:24:58,069 [INFO] ApplicationProperties:184 - Using Application install path: /home/ritik/st/stm32cubeide_1.14.0/plugins/com.st.stm32cube.common.mx_6.10.0.202311202037
2024-03-28 21:24:58,081 [INFO] DbMcusXml:78 - Set database path to: /home/ritik/st/stm32cubeide_1.14.0/plugins/com.st.stm32cube.common.mx_6.10.0.202311202037//db//mcu/
2024-03-28 21:24:58,081 [INFO] ApiDb:274 - Set plugin database path to: /home/ritik/st/stm32cubeide_1.14.0/plugins/com.st.stm32cube.common.mx_6.10.0.202311202037//db//plugins/boardmanager/
2024-03-28 21:24:58,081 [WARN] ApiDb:259 - Overriding images path with different value:  => /home/ritik/st/stm32cubeide_1.14.0/plugins/com.st.stm32cube.common.mx_6.10.0.202311202037//db//plugins/mcufinder/images/
2024-03-28 21:24:58,086 [INFO] ApiDb:250 - Set database path to: /home/ritik/.stmcufinder/plugins/mcufinder//mcu/
2024-03-28 21:24:58,087 [INFO] DbMcusAds:125 - Set database path to: /home/ritik/.stmcufinder/plugins/mcufinder//mcu/
2024-03-28 21:24:58,088 [INFO] CrossReferenceDbSqlite:203 - Set database path to: /home/ritik/.stmcufinder/plugins/mcufinder//mcu/cs/
2024-03-28 21:24:58,169 [INFO] RulesReader:64 - Compatibility file has been processed (297 Rules)
2024-03-28 21:24:58,212 [INFO] DbMcusXml:78 - Set database path to: /home/ritik/st/stm32cubeide_1.14.0/plugins/com.st.stm32cube.common.mx_6.10.0.202311202037//db//mcu/
2024-03-28 21:24:58,212 [INFO] ApiDb:274 - Set plugin database path to: /home/ritik/st/stm32cubeide_1.14.0/plugins/com.st.stm32cube.common.mx_6.10.0.202311202037//db//plugins/boardmanager/
2024-03-28 21:24:58,212 [INFO] ApiDb:261 - Set plugin images path to: /home/ritik/st/stm32cubeide_1.14.0/plugins/com.st.stm32cube.common.mx_6.10.0.202311202037//db//plugins/mcufinder/images/
2024-03-28 21:24:58,212 [WARN] DbFile:41 - Overriding database path with different value: /home/ritik/.stmcufinder/plugins/mcufinder/ => /home/ritik/.stmcufinder/plugins/mcufinder
2024-03-28 21:24:58,212 [INFO] ApiDb:250 - Set database path to: /home/ritik/.stmcufinder/plugins/mcufinder//mcu/
2024-03-28 21:24:58,212 [WARN] DbFile:41 - Overriding database path with different value: /home/ritik/.stmcufinder/plugins/mcufinder/ => /home/ritik/.stmcufinder/plugins/mcufinder
2024-03-28 21:24:58,213 [INFO] DbMcusAds:125 - Set database path to: /home/ritik/.stmcufinder/plugins/mcufinder//mcu/
2024-03-28 21:24:58,213 [WARN] DbFile:41 - Overriding database path with different value: /home/ritik/.stmcufinder/plugins/mcufinder/ => /home/ritik/.stmcufinder/plugins/mcufinder
2024-03-28 21:24:58,213 [WARN] DbFile:41 - Overriding database path with different value: /home/ritik/.stmcufinder/plugins/mcufinder/ => /home/ritik/.stmcufinder/plugins/mcufinder
2024-03-28 21:24:58,213 [INFO] CrossReferenceDbSqlite:203 - Set database path to: /home/ritik/.stmcufinder/plugins/mcufinder//mcu/cs/
2024-03-28 21:24:58,270 [INFO] MainPanel:264 - HeapMemory: 268435456
2024-03-28 21:24:58,343 [INFO] DbMcusXml:78 - Set database path to: /home/ritik/st/stm32cubeide_1.14.0/plugins/com.st.stm32cube.common.mx_6.10.0.202311202037//db//mcu/
2024-03-28 21:24:58,343 [INFO] ApiDb:274 - Set plugin database path to: /home/ritik/st/stm32cubeide_1.14.0/plugins/com.st.stm32cube.common.mx_6.10.0.202311202037//db//plugins/boardmanager/
2024-03-28 21:24:58,344 [INFO] ApiDb:261 - Set plugin images path to: /home/ritik/st/stm32cubeide_1.14.0/plugins/com.st.stm32cube.common.mx_6.10.0.202311202037//db//plugins/mcufinder/images/
2024-03-28 21:24:58,344 [WARN] DbFile:41 - Overriding database path with different value: /home/ritik/.stmcufinder/plugins/mcufinder/ => /home/ritik/.stmcufinder/plugins/mcufinder
2024-03-28 21:24:58,344 [INFO] ApiDb:250 - Set database path to: /home/ritik/.stmcufinder/plugins/mcufinder//mcu/
2024-03-28 21:24:58,344 [WARN] DbFile:41 - Overriding database path with different value: /home/ritik/.stmcufinder/plugins/mcufinder/ => /home/ritik/.stmcufinder/plugins/mcufinder
2024-03-28 21:24:58,344 [INFO] DbMcusAds:125 - Set database path to: /home/ritik/.stmcufinder/plugins/mcufinder//mcu/
2024-03-28 21:24:58,344 [WARN] DbFile:41 - Overriding database path with different value: /home/ritik/.stmcufinder/plugins/mcufinder/ => /home/ritik/.stmcufinder/plugins/mcufinder
2024-03-28 21:24:58,344 [WARN] DbFile:41 - Overriding database path with different value: /home/ritik/.stmcufinder/plugins/mcufinder/ => /home/ritik/.stmcufinder/plugins/mcufinder
2024-03-28 21:24:58,344 [INFO] CrossReferenceDbSqlite:203 - Set database path to: /home/ritik/.stmcufinder/plugins/mcufinder//mcu/cs/
2024-03-28 21:24:58,356 [INFO] ApplicationProperties:184 - Using Application install path: /home/ritik/st/stm32cubeide_1.14.0/plugins/com.st.stm32cube.common.mx_6.10.0.202311202037
2024-03-28 21:24:58,358 [INFO] PluginManage:196 - Search for loadable plugins [exclusion list=, ]
2024-03-28 21:24:58,359 [INFO] PluginManage:310 - Check plugin analytics
2024-03-28 21:24:58,472 [INFO] AnalyticsPlugin:253 - Accepted Software Licenses: 
2024-03-28 21:24:58,473 [INFO] AnalyticsPlugin:255 - Accepted CMSIS Pack Licenses: 
2024-03-28 21:24:58,473 [INFO] AnalyticsPlugin:257 - Accepted Firmware Licenses: 
2024-03-28 21:24:58,474 [INFO] PluginManage:359 - Loaded plugin analytics (category:tool,tabindex:-1)
2024-03-28 21:24:58,475 [INFO] PluginManage:310 - Check plugin cadmodel
2024-03-28 21:24:58,494 [INFO] CADModel:105 - Init CAD model plugin
2024-03-28 21:24:58,494 [INFO] PluginManage:359 - Loaded plugin cadmodel (category:power,tabindex:5)
2024-03-28 21:24:58,495 [INFO] PluginManage:310 - Check plugin clock
2024-03-28 21:24:58,502 [INFO] PluginManage:359 - Loaded plugin clock (category:base,tabindex:2)
2024-03-28 21:24:58,502 [INFO] PluginManage:310 - Check plugin ddr
2024-03-28 21:24:58,504 [INFO] PluginManage:359 - Loaded plugin ddr (category:tool,tabindex:6)
2024-03-28 21:24:58,504 [INFO] PluginManage:310 - Check plugin filemanager
2024-03-28 21:24:58,600 [INFO] PluginManage:359 - Loaded plugin filemanager (category:base,tabindex:10)
2024-03-28 21:24:58,600 [INFO] PluginManage:310 - Check plugin ipmanager
2024-03-28 21:24:58,604 [INFO] PluginManage:359 - Loaded plugin ipmanager (category:base,tabindex:5)
2024-03-28 21:24:58,604 [INFO] PluginManage:310 - Check plugin lpbam
2024-03-28 21:24:58,610 [INFO] PluginManage:359 - Loaded plugin lpbam (category:base,tabindex:0)
2024-03-28 21:24:58,611 [INFO] PluginManage:310 - Check plugin memorymap
2024-03-28 21:24:58,618 [INFO] PluginManage:359 - Loaded plugin memorymap (category:base,tabindex:4)
2024-03-28 21:24:58,618 [INFO] PluginManage:310 - Check plugin pinoutandconfiguration
2024-03-28 21:24:58,624 [INFO] PluginManage:359 - Loaded plugin pinoutandconfiguration (category:base,tabindex:1)
2024-03-28 21:24:58,624 [INFO] PluginManage:310 - Check plugin pinoutconfig
2024-03-28 21:24:58,680 [WARN] SupportedApi:132 - Cannot load RTOS API schema: s4s-elt-must-match.1: The content of 'definitions' must match (annotation?, (simpleType | complexType)?, (unique | key | keyref)*)). A problem was found starting at: attribute.
2024-03-28 21:24:58,766 [INFO] PluginManage:359 - Loaded plugin pinoutconfig (category:base,tabindex:0)
2024-03-28 21:24:58,766 [INFO] PluginManage:310 - Check plugin power
2024-03-28 21:24:58,773 [INFO] PluginManage:359 - Loaded plugin power (category:power,tabindex:4)
2024-03-28 21:24:58,773 [INFO] PluginManage:310 - Check plugin projectmanager
2024-03-28 21:24:58,784 [INFO] PluginManage:359 - Loaded plugin projectmanager (category:projectmanager,tabindex:3)
2024-03-28 21:24:58,784 [INFO] PluginManage:310 - Check plugin thirdparty
2024-03-28 21:24:58,869 [INFO] PluginManage:359 - Loaded plugin thirdparty (category:base,tabindex:-1)
2024-03-28 21:24:58,869 [INFO] PluginManage:310 - Check plugin tools
2024-03-28 21:24:58,869 [WARN] IntegrityCheckThread:84 - waiting for thirdparty lock release [integrity check]
2024-03-28 21:24:58,869 [INFO] IntegrityCheckThread:86 - entering critical section [integrity check]
2024-03-28 21:24:58,870 [INFO] ThirdPartyUpdaterWithRetryManager:70 - Updater plugin not ready yet. [1/15]
2024-03-28 21:24:58,871 [INFO] PluginManage:359 - Loaded plugin tools (category:base,tabindex:7)
2024-03-28 21:24:58,871 [INFO] PluginManage:310 - Check plugin tutovideos
2024-03-28 21:24:58,983 [INFO] PluginManage:359 - Loaded plugin tutovideos (category:base,tabindex:-1)
2024-03-28 21:24:58,983 [INFO] PluginManage:310 - Check plugin updater
2024-03-28 21:24:58,992 [INFO] PluginManage:359 - Loaded plugin updater (category:base,tabindex:12)
2024-03-28 21:24:58,992 [INFO] PluginManage:310 - Check plugin userauth
2024-03-28 21:24:58,996 [INFO] UserAuth:114 - Init User Auth plugin
2024-03-28 21:24:58,996 [INFO] PluginManage:359 - Loaded plugin userauth (category:base,tabindex:14)
2024-03-28 21:24:58,996 [INFO] PluginManage:283 - PluginManage : Loaded plugins [17]
2024-03-28 21:24:59,117 [INFO] PinOutPanel:1499 - setPackage(No Configuration,No Configuration)
2024-03-28 21:24:59,156 [INFO] CADModel:165 - CPN selected for project level
2024-03-28 21:24:59,156 [INFO] CADModel:114 - Register for checkConnection events
2024-03-28 21:24:59,163 [INFO] IPUIPlugin:80 - create IPUIPlugin
2024-03-28 21:24:59,163 [INFO] PluginManager:220 - loadIPPluginJar : add dfsdm
2024-03-28 21:24:59,165 [INFO] IPUIPlugin:80 - create IPUIPlugin
2024-03-28 21:24:59,165 [INFO] PluginManager:220 - loadIPPluginJar : add openamp
2024-03-28 21:24:59,168 [INFO] IPUIPlugin:80 - create IPUIPlugin
2024-03-28 21:24:59,168 [INFO] PluginManager:220 - loadIPPluginJar : add sai
2024-03-28 21:24:59,169 [INFO] IPUIPlugin:80 - create IPUIPlugin
2024-03-28 21:24:59,169 [INFO] PluginManager:220 - loadIPPluginJar : add genericplugin
2024-03-28 21:24:59,171 [INFO] IPUIPlugin:80 - create IPUIPlugin
2024-03-28 21:24:59,171 [INFO] PluginManager:220 - loadIPPluginJar : add i2c
2024-03-28 21:24:59,171 [INFO] IPUIPlugin:80 - create IPUIPlugin
2024-03-28 21:24:59,171 [INFO] PluginManager:220 - loadIPPluginJar : add comp
2024-03-28 21:24:59,174 [INFO] IPUIPlugin:80 - create IPUIPlugin
2024-03-28 21:24:59,174 [INFO] PluginManager:220 - loadIPPluginJar : add gpio
2024-03-28 21:24:59,178 [INFO] IPUIPlugin:80 - create IPUIPlugin
2024-03-28 21:24:59,180 [INFO] PluginManager:220 - loadIPPluginJar : add plateformsettings
2024-03-28 21:24:59,180 [INFO] IPUIPlugin:80 - create IPUIPlugin
2024-03-28 21:24:59,181 [INFO] PluginManager:220 - loadIPPluginJar : add quadspi
2024-03-28 21:24:59,182 [INFO] IPUIPlugin:80 - create IPUIPlugin
2024-03-28 21:24:59,182 [INFO] PluginManager:220 - loadIPPluginJar : add i2s
2024-03-28 21:24:59,183 [INFO] IPUIPlugin:80 - create IPUIPlugin
2024-03-28 21:24:59,183 [INFO] PluginManager:220 - loadIPPluginJar : add usbx
2024-03-28 21:24:59,184 [INFO] IPUIPlugin:80 - create IPUIPlugin
2024-03-28 21:24:59,184 [INFO] PluginManager:220 - loadIPPluginJar : add tim
2024-03-28 21:24:59,185 [INFO] IPUIPlugin:80 - create IPUIPlugin
2024-03-28 21:24:59,186 [INFO] PluginManager:220 - loadIPPluginJar : add hash
2024-03-28 21:24:59,187 [INFO] IPUIPlugin:80 - create IPUIPlugin
2024-03-28 21:24:59,187 [INFO] PluginManager:220 - loadIPPluginJar : add pdm2pcm
2024-03-28 21:24:59,188 [INFO] IPUIPlugin:80 - create IPUIPlugin
2024-03-28 21:24:59,188 [INFO] PluginManager:220 - loadIPPluginJar : add ts
2024-03-28 21:24:59,189 [INFO] IPUIPlugin:80 - create IPUIPlugin
2024-03-28 21:24:59,189 [INFO] PluginManager:220 - loadIPPluginJar : add tsc
2024-03-28 21:24:59,190 [INFO] IPUIPlugin:80 - create IPUIPlugin
2024-03-28 21:24:59,190 [INFO] PluginManager:220 - loadIPPluginJar : add aes
2024-03-28 21:24:59,193 [INFO] IPUIPlugin:80 - create IPUIPlugin
2024-03-28 21:24:59,194 [INFO] PluginManager:220 - loadIPPluginJar : add resmgrutility
2024-03-28 21:24:59,196 [INFO] IPUIPlugin:80 - create IPUIPlugin
2024-03-28 21:24:59,197 [INFO] PluginManager:220 - loadIPPluginJar : add stm32_wpan
2024-03-28 21:24:59,197 [INFO] IPUIPlugin:80 - create IPUIPlugin
2024-03-28 21:24:59,198 [INFO] PluginManager:220 - loadIPPluginJar : add tracer_emb
2024-03-28 21:24:59,200 [INFO] IPUIPlugin:80 - create IPUIPlugin
2024-03-28 21:24:59,200 [INFO] PluginManager:220 - loadIPPluginJar : add nvic
2024-03-28 21:24:59,201 [INFO] IPUIPlugin:80 - create IPUIPlugin
2024-03-28 21:24:59,201 [INFO] PluginManager:220 - loadIPPluginJar : add ltdc
2024-03-28 21:24:59,202 [INFO] IPUIPlugin:80 - create IPUIPlugin
2024-03-28 21:24:59,202 [INFO] PluginManager:220 - loadIPPluginJar : add fatfs
2024-03-28 21:24:59,203 [INFO] IPUIPlugin:80 - create IPUIPlugin
2024-03-28 21:24:59,203 [INFO] PluginManager:220 - loadIPPluginJar : add touchsensing
2024-03-28 21:24:59,207 [INFO] IPUIPlugin:80 - create IPUIPlugin
2024-03-28 21:24:59,208 [INFO] PluginManager:220 - loadIPPluginJar : add freertos
2024-03-28 21:24:59,212 [INFO] IPUIPlugin:80 - create IPUIPlugin
2024-03-28 21:24:59,212 [INFO] PluginManager:220 - loadIPPluginJar : add adc
2024-03-28 21:24:59,213 [INFO] IPUIPlugin:80 - create IPUIPlugin
2024-03-28 21:24:59,214 [INFO] PluginManager:220 - loadIPPluginJar : add usart
2024-03-28 21:24:59,215 [INFO] IPUIPlugin:80 - create IPUIPlugin
2024-03-28 21:24:59,215 [INFO] PluginManager:220 - loadIPPluginJar : add lorawan
2024-03-28 21:24:59,218 [INFO] IPUIPlugin:80 - create IPUIPlugin
2024-03-28 21:24:59,218 [INFO] PluginManager:220 - loadIPPluginJar : add fmc
2024-03-28 21:24:59,220 [INFO] IPUIPlugin:80 - create IPUIPlugin
2024-03-28 21:24:59,220 [INFO] PluginManager:220 - loadIPPluginJar : add opamp
2024-03-28 21:24:59,221 [INFO] IPUIPlugin:80 - create IPUIPlugin
2024-03-28 21:24:59,221 [INFO] PluginManager:220 - loadIPPluginJar : add can
2024-03-28 21:24:59,222 [INFO] IPUIPlugin:80 - create IPUIPlugin
2024-03-28 21:24:59,222 [INFO] PluginManager:220 - loadIPPluginJar : add dma3
2024-03-28 21:24:59,224 [INFO] IPUIPlugin:80 - create IPUIPlugin
2024-03-28 21:24:59,224 [INFO] PluginManager:220 - loadIPPluginJar : add i3c
2024-03-28 21:24:59,225 [INFO] IPUIPlugin:80 - create IPUIPlugin
2024-03-28 21:24:59,225 [INFO] PluginManager:220 - loadIPPluginJar : add ucpd
2024-03-28 21:24:59,226 [INFO] IPUIPlugin:80 - create IPUIPlugin
2024-03-28 21:24:59,227 [INFO] PluginManager:220 - loadIPPluginJar : add cryp
2024-03-28 21:24:59,228 [INFO] IPUIPlugin:80 - create IPUIPlugin
2024-03-28 21:24:59,228 [INFO] PluginManager:220 - loadIPPluginJar : add spi
2024-03-28 21:24:59,229 [INFO] IPUIPlugin:80 - create IPUIPlugin
2024-03-28 21:24:59,229 [INFO] PluginManager:220 - loadIPPluginJar : add gfxmmu
2024-03-28 21:24:59,235 [INFO] IPUIPlugin:80 - create IPUIPlugin
2024-03-28 21:24:59,235 [INFO] PluginManager:220 - loadIPPluginJar : add mdma
2024-03-28 21:24:59,239 [INFO] IPUIPlugin:80 - create IPUIPlugin
2024-03-28 21:24:59,240 [INFO] PluginManager:220 - loadIPPluginJar : add dma
2024-03-28 21:24:59,242 [INFO] IPUIPlugin:80 - create IPUIPlugin
2024-03-28 21:24:59,242 [INFO] PluginManager:220 - loadIPPluginJar : add gtzc
2024-03-28 21:24:59,244 [INFO] IPUIPlugin:80 - create IPUIPlugin
2024-03-28 21:24:59,244 [INFO] PluginManager:220 - loadIPPluginJar : add ipddr
2024-03-28 21:24:59,248 [INFO] IPUIPlugin:80 - create IPUIPlugin
2024-03-28 21:24:59,248 [INFO] PluginManager:220 - loadIPPluginJar : add gic
2024-03-28 21:24:59,252 [INFO] IPUIPlugin:80 - create IPUIPlugin
2024-03-28 21:24:59,253 [INFO] PluginManager:220 - loadIPPluginJar : add linkedlist
2024-03-28 21:24:59,349 [INFO] CADModel:165 - CPN selected for project level
2024-03-28 21:24:59,349 [INFO] CADModel:114 - Register for checkConnection events
2024-03-28 21:24:59,349 [FATAL] Updater:308 - Updater called before beeing initialized
2024-03-28 21:24:59,349 [ERROR] CADModel:125 - Updater not yet initialized, retry later 
2024-03-28 21:24:59,431 [INFO] CADModel:165 - CPN selected for project level
2024-03-28 21:24:59,431 [INFO] CADModel:114 - Register for checkConnection events
2024-03-28 21:24:59,431 [FATAL] Updater:308 - Updater called before beeing initialized
2024-03-28 21:24:59,431 [ERROR] CADModel:125 - Updater not yet initialized, retry later 
2024-03-28 21:24:59,433 [FATAL] Updater:308 - Updater called before beeing initialized
2024-03-28 21:24:59,480 [FATAL] Updater:308 - Updater called before beeing initialized
2024-03-28 21:24:59,483 [INFO] DbMcusAds:53 - JSON generation date=Wed Nov 29 16:22:27 IST 2023 (1701255147349)
2024-03-28 21:24:59,483 [FATAL] Updater:308 - Updater called before beeing initialized
2024-03-28 21:24:59,508 [WARN] DetailPanel:346 - Failed to get advertising image, set to default
2024-03-28 21:24:59,589 [FATAL] Updater:308 - Updater called before beeing initialized
2024-03-28 21:24:59,591 [FATAL] Updater:308 - Updater called before beeing initialized
2024-03-28 21:24:59,591 [FATAL] Updater:308 - Updater called before beeing initialized
2024-03-28 21:24:59,591 [WARN] DetailPanel:346 - Failed to get advertising image, set to default
2024-03-28 21:24:59,591 [FATAL] Updater:308 - Updater called before beeing initialized
2024-03-28 21:24:59,611 [ERROR] Updater:1120 - MainUpdater not yet initialized. External WinMGr cannot be set.
2024-03-28 21:24:59,612 [INFO] Updater:1056 - Updater Version found : 6.10.0
2024-03-28 21:24:59,626 [INFO] ApplicationProperties:184 - Using Application install path: /home/ritik/st/stm32cubeide_1.14.0/plugins/com.st.stm32cube.common.mx_6.10.0.202311202037
2024-03-28 21:24:59,882 [INFO] MainUpdater:2873 - connection check result : 10
2024-03-28 21:24:59,883 [INFO] MainUpdater:290 - Updater Check For Update Now.
2024-03-28 21:24:59,883 [INFO] MicroXplorer:498 - Change Database Version : DB.6.0.100
2024-03-28 21:24:59,892 [INFO] McuFinderGlobals:63 - Set McuFinder mode to 2 (CubeIDE integrated)
2024-03-28 21:24:59,893 [INFO] UserAuth:180 - activating auth plugin
2024-03-28 21:24:59,895 [INFO] UserAuth:404 - Internet connection configuration mode: 1
2024-03-28 21:24:59,907 [INFO] JxBrowserEngine:152 - Initiate JxBrowser Engine with user profile folder
2024-03-28 21:25:00,031 [INFO] CheckServerUpdateThread:120 - End of CheckServer Thread
2024-03-28 21:25:00,552 [INFO] WebApp:161 - Instantiating new browser for Auth
2024-03-28 21:25:01,151 [INFO] WebApp:780 - Register for checkConnection events
2024-03-28 21:25:01,152 [INFO] WebApp:414 - Apply proxy settings
2024-03-28 21:25:01,153 [INFO] WebApp:499 - Chromium requires no authentication
2024-03-28 21:25:01,163 [INFO] WebApp:442 - Direct internet connection detected
2024-03-28 21:25:01,243 [INFO] WebApp:192 - Starting web application
2024-03-28 21:25:01,243 [INFO] WebApp:544 - Web application path used /home/ritik/st/stm32cubeide_1.14.0/plugins/com.st.stm32cube.common.mx_6.10.0.202311202037/db/plugins/mcufinder/reactClient1/index.html
2024-03-28 21:25:01,955 [WARN] PackLoader:240 - Cannot read IP mode file for STMicroelectronics.X-CUBE-SMBUS.2.1.0
2024-03-28 21:25:01,958 [WARN] PackLoader:240 - Cannot read IP mode file for STMicroelectronics.X-CUBE-TOUCHGFX.4.23.0
2024-03-28 21:25:01,975 [WARN] PackLoader:240 - Cannot read IP mode file for STMicroelectronics.X-CUBE-AZRTOS-F7.1.1.0
2024-03-28 21:25:01,987 [WARN] PackLoader:240 - Cannot read IP mode file for STMicroelectronics.FP-SNS-MOTENV1.4.3.2
2024-03-28 21:25:01,991 [WARN] PackLoader:240 - Cannot read IP mode file for STMicroelectronics.FP-SNS-FLIGHT1.5.0.2
2024-03-28 21:25:01,996 [WARN] PackLoader:240 - Cannot read IP mode file for STMicroelectronics.X-CUBE-DISPLAY.3.0.0
2024-03-28 21:25:02,003 [WARN] PackLoader:240 - Cannot read IP mode file for STMicroelectronics.X-CUBE-BLE1.7.0.0
2024-03-28 21:25:02,006 [WARN] PackLoader:240 - Cannot read IP mode file for emotas.I-CUBE-CANOPEN.1.3.0
2024-03-28 21:25:02,012 [WARN] PackLoader:240 - Cannot read IP mode file for STMicroelectronics.X-CUBE-BLEMGR.3.1.0
2024-03-28 21:25:02,017 [WARN] PackLoader:240 - Cannot read IP mode file for STMicroelectronics.FP-SNS-SMARTAG2.1.2.0
2024-03-28 21:25:02,023 [INFO] LogOutputStream:77 - [STDOUT_REDIRECT] 1 : Invalid condition id : UX_CORESTACK_Condition cause : null
2024-03-28 21:25:02,024 [INFO] LogOutputStream:77 - [STDOUT_REDIRECT] 1 : Invalid condition id : UX_CORESTACK_Condition cause : null
2024-03-28 21:25:02,024 [INFO] LogOutputStream:77 - [STDOUT_REDIRECT] 1 : Invalid condition id : UX_CORESTACK_Condition cause : null
2024-03-28 21:25:02,024 [INFO] LogOutputStream:77 - [STDOUT_REDIRECT] 1 : Invalid condition id : UX_CORESTACK_Condition cause : null
2024-03-28 21:25:02,024 [INFO] LogOutputStream:77 - [STDOUT_REDIRECT] 1 : Invalid condition id : UX_CORESTACK_Condition cause : null
2024-03-28 21:25:02,026 [WARN] PackLoader:240 - Cannot read IP mode file for STMicroelectronics.X-CUBE-AZRTOS-WL.2.0.0
2024-03-28 21:25:02,032 [WARN] PackLoader:240 - Cannot read IP mode file for WES.I-CUBE-Cesium.1.3.0
2024-03-28 21:25:02,035 [WARN] PackLoader:240 - Cannot read IP mode file for STMicroelectronics.X-CUBE-BLE2.3.3.0
2024-03-28 21:25:02,039 [WARN] PackLoader:240 - Cannot read IP mode file for STMicroelectronics.X-CUBE-ALGOBUILD.1.3.0
2024-03-28 21:25:02,048 [WARN] PackLoader:240 - Cannot read IP mode file for STMicroelectronics.X-CUBE-AZRTOS-G0.1.1.0
2024-03-28 21:25:02,053 [WARN] PackLoader:240 - Cannot read IP mode file for STMicroelectronics.X-CUBE-NFC4.3.0.0
2024-03-28 21:25:02,058 [WARN] PackLoader:240 - Cannot read IP mode file for STMicroelectronics.X-CUBE-BLEMGR.3.0.0
2024-03-28 21:25:02,061 [WARN] PackLoader:240 - Cannot read IP mode file for STMicroelectronics.FP-ATR-SIGFOX1.3.2.0
2024-03-28 21:25:02,064 [WARN] PackLoader:240 - Cannot read IP mode file for STMicroelectronics.X-CUBE-EEPRMA1.5.1.0
2024-03-28 21:25:02,084 [WARN] PackLoader:240 - Cannot read IP mode file for SEGGER.I-CUBE-embOS.1.3.1
2024-03-28 21:25:02,110 [WARN] PackLoader:240 - Cannot read IP mode file for STMicroelectronics.X-CUBE-GNSS1.6.0.0
2024-03-28 21:25:02,119 [WARN] PackLoader:240 - Cannot read IP mode file for STMicroelectronics.X-CUBE-AZRTOS-F4.1.1.0
2024-03-28 21:25:02,123 [WARN] PackLoader:240 - Cannot read IP mode file for wolfSSL.I-CUBE-wolfSSL.5.6.6
2024-03-28 21:25:02,131 [WARN] PackLoader:240 - Cannot read IP mode file for STMicroelectronics.X-CUBE-AZRTOS-L5.2.0.0
2024-03-28 21:25:02,140 [WARN] PackLoader:240 - Cannot read IP mode file for STMicroelectronics.X-CUBE-EEPRMA1.4.2.0
2024-03-28 21:25:02,145 [WARN] PackLoader:240 - Cannot read IP mode file for STMicroelectronics.X-CUBE-NFC6.3.1.0
2024-03-28 21:25:02,149 [WARN] PackLoader:240 - Cannot read IP mode file for ITTIA_DB.I-CUBE-ITTIADB.8.8.0
2024-03-28 21:25:02,151 [WARN] PackLoader:240 - Cannot read IP mode file for STMicroelectronics.X-CUBE-NFC7.1.0.1
2024-03-28 21:25:02,155 [WARN] PackLoader:240 - Cannot read IP mode file for STMicroelectronics.X-CUBE-NFC6.3.0.0
2024-03-28 21:25:02,158 [WARN] PackLoader:240 - Cannot read IP mode file for STMicroelectronics.X-CUBE-AI.8.1.0
2024-03-28 21:25:02,167 [WARN] ConditionMgr:438 - getConditionDescription Invalid condition id : LAN8742 Phy interface Condition cause : null
2024-03-28 21:25:02,167 [WARN] PackLoader:240 - Cannot read IP mode file for STMicroelectronics.X-CUBE-AZRTOS-L4.2.0.0
2024-03-28 21:25:02,168 [WARN] ConditionMgr:1039 - genDependencies : Invalid condition id : LAN8742 Phy interface Condition cause : null
2024-03-28 21:25:02,168 [WARN] ConditionMgr:1039 - genDependencies : Invalid condition id : LAN8742 Phy interface Condition cause : null
2024-03-28 21:25:02,168 [WARN] ConditionMgr:1039 - genDependencies : Invalid condition id : LAN8742 Phy interface Condition cause : null
2024-03-28 21:25:02,172 [WARN] PackLoader:240 - Cannot read IP mode file for STMicroelectronics.X-CUBE-SFXS2LP1.4.0.0
2024-03-28 21:25:02,179 [WARN] ConditionMgr:438 - getConditionDescription Invalid condition id : UX DEVICE CLASS RTOS Condition cause : null
2024-03-28 21:25:02,179 [WARN] ConditionMgr:438 - getConditionDescription Invalid condition id : UX DEVICE CLASS RTOS Condition cause : null
2024-03-28 21:25:02,181 [WARN] PackLoader:240 - Cannot read IP mode file for STMicroelectronics.X-CUBE-AZRTOS-WB.2.0.0
2024-03-28 21:25:02,181 [WARN] ConditionMgr:1039 - genDependencies : Invalid condition id : UX DEVICE CLASS RTOS Condition cause : null
2024-03-28 21:25:02,181 [WARN] ConditionMgr:1039 - genDependencies : Invalid condition id : UX DEVICE CLASS RTOS Condition cause : null
2024-03-28 21:25:02,181 [WARN] ConditionMgr:1039 - genDependencies : Invalid condition id : UX DEVICE CLASS RTOS Condition cause : null
2024-03-28 21:25:02,182 [WARN] ConditionMgr:1039 - genDependencies : Invalid condition id : UX DEVICE CLASS RTOS Condition cause : null
2024-03-28 21:25:02,182 [WARN] ConditionMgr:1039 - genDependencies : Invalid condition id : UX DEVICE CLASS RTOS Condition cause : null
2024-03-28 21:25:02,187 [WARN] PackLoader:240 - Cannot read IP mode file for STMicroelectronics.X-CUBE-SUBG2.5.0.0
2024-03-28 21:25:02,198 [WARN] PackLoader:240 - Cannot read IP mode file for STMicroelectronics.X-CUBE-AZRTOS-G4.2.0.0
2024-03-28 21:25:02,204 [WARN] PackLoader:240 - Cannot read IP mode file for Infineon.AIROC-Wi-Fi-Bluetooth-STM32.1.5.1
2024-03-28 21:25:02,208 [WARN] PackLoader:240 - Cannot read IP mode file for STMicroelectronics.FP-SNS-MOTENVWB1.1.3.1
2024-03-28 21:25:02,211 [WARN] PackLoader:240 - Cannot read IP mode file for STMicroelectronics.X-CUBE-ISPU.2.0.0
2024-03-28 21:25:02,231 [WARN] PackLoader:240 - Cannot read IP mode file for STMicroelectronics.X-CUBE-MEMS1.10.0.0
2024-03-28 21:25:02,311 [WARN] PackLoader:240 - Cannot read IP mode file for STMicroelectronics.X-CUBE-FREERTOS.1.1.0
2024-03-28 21:25:02,314 [WARN] PackLoader:240 - Cannot read IP mode file for portGmbH.I-Cube-SoM-uGOAL.1.1.0
2024-03-28 21:25:02,316 [WARN] PackLoader:240 - Cannot read IP mode file for STMicroelectronics.X-CUBE-ALS.1.0.1
2024-03-28 21:25:02,318 [WARN] PackLoader:240 - Cannot read IP mode file for STMicroelectronics.FP-ATR-ASTRA1.2.0.0
2024-03-28 21:25:02,324 [WARN] PackLoader:240 - Cannot read IP mode file for STMicroelectronics.X-CUBE-TOF1.3.4.0
2024-03-28 21:25:02,336 [WARN] PackLoader:240 - Cannot read IP mode file for STMicroelectronics.X-CUBE-TOF1.3.4.1
2024-03-28 21:25:02,354 [WARN] PackLoader:240 - Cannot read IP mode file for STMicroelectronics.X-CUBE-AZRTOS-H7.3.2.0
2024-03-28 21:25:02,357 [INFO] ThirdParty:978 - Integrity check success = true
2024-03-28 21:25:02,357 [INFO] IntegrityCheckThread:100 - exiting critical section [integrity check]
2024-03-28 21:25:02,357 [INFO] IntegrityCheckThread:103 - End integrity checks thread
2024-03-28 21:25:21,658 [ERROR] LogOutputStream:75 - [STDERR_REDIRECT] SLF4J: Failed to load class "org.slf4j.impl.StaticLoggerBinder".
2024-03-28 21:25:21,659 [ERROR] LogOutputStream:75 - [STDERR_REDIRECT] SLF4J: Defaulting to no-operation (NOP) logger implementation
2024-03-28 21:25:21,659 [ERROR] LogOutputStream:75 - [STDERR_REDIRECT] SLF4J: See http://www.slf4j.org/codes.html#StaticLoggerBinder for further details.
