2024-03-29 00:28:25,043 [INFO] Activator:176 - 


2024-03-29 00:28:25,046 [INFO] Activator:177 - !SESSION log4j initialized
2024-03-29 00:28:28,797 [INFO] LogOutputStream:77 - [STDOUT_REDIRECT] 
2024-03-29 00:28:29,550 [INFO] ApplicationProperties:184 - Using Application install path: /home/ritik/st/stm32cubeide_1.14.0/plugins/com.st.stm32cube.common.mx_6.10.0.202311202037
2024-03-29 00:28:29,563 [INFO] DbMcusXml:78 - Set database path to: /home/ritik/st/stm32cubeide_1.14.0/plugins/com.st.stm32cube.common.mx_6.10.0.202311202037//db//mcu/
2024-03-29 00:28:29,564 [INFO] ApiDb:274 - Set plugin database path to: /home/ritik/st/stm32cubeide_1.14.0/plugins/com.st.stm32cube.common.mx_6.10.0.202311202037//db//plugins/boardmanager/
2024-03-29 00:28:29,564 [WARN] ApiDb:259 - Overriding images path with different value:  => /home/ritik/st/stm32cubeide_1.14.0/plugins/com.st.stm32cube.common.mx_6.10.0.202311202037//db//plugins/mcufinder/images/
2024-03-29 00:28:29,569 [INFO] ApiDb:250 - Set database path to: /home/ritik/.stmcufinder/plugins/mcufinder//mcu/
2024-03-29 00:28:29,570 [INFO] DbMcusAds:125 - Set database path to: /home/ritik/.stmcufinder/plugins/mcufinder//mcu/
2024-03-29 00:28:29,572 [INFO] CrossReferenceDbSqlite:203 - Set database path to: /home/ritik/.stmcufinder/plugins/mcufinder//mcu/cs/
2024-03-29 00:28:29,660 [INFO] RulesReader:64 - Compatibility file has been processed (297 Rules)
2024-03-29 00:28:29,702 [INFO] DbMcusXml:78 - Set database path to: /home/ritik/st/stm32cubeide_1.14.0/plugins/com.st.stm32cube.common.mx_6.10.0.202311202037//db//mcu/
2024-03-29 00:28:29,702 [INFO] ApiDb:274 - Set plugin database path to: /home/ritik/st/stm32cubeide_1.14.0/plugins/com.st.stm32cube.common.mx_6.10.0.202311202037//db//plugins/boardmanager/
2024-03-29 00:28:29,702 [INFO] ApiDb:261 - Set plugin images path to: /home/ritik/st/stm32cubeide_1.14.0/plugins/com.st.stm32cube.common.mx_6.10.0.202311202037//db//plugins/mcufinder/images/
2024-03-29 00:28:29,703 [WARN] DbFile:41 - Overriding database path with different value: /home/ritik/.stmcufinder/plugins/mcufinder/ => /home/ritik/.stmcufinder/plugins/mcufinder
2024-03-29 00:28:29,703 [INFO] ApiDb:250 - Set database path to: /home/ritik/.stmcufinder/plugins/mcufinder//mcu/
2024-03-29 00:28:29,703 [WARN] DbFile:41 - Overriding database path with different value: /home/ritik/.stmcufinder/plugins/mcufinder/ => /home/ritik/.stmcufinder/plugins/mcufinder
2024-03-29 00:28:29,703 [INFO] DbMcusAds:125 - Set database path to: /home/ritik/.stmcufinder/plugins/mcufinder//mcu/
2024-03-29 00:28:29,703 [WARN] DbFile:41 - Overriding database path with different value: /home/ritik/.stmcufinder/plugins/mcufinder/ => /home/ritik/.stmcufinder/plugins/mcufinder
2024-03-29 00:28:29,703 [WARN] DbFile:41 - Overriding database path with different value: /home/ritik/.stmcufinder/plugins/mcufinder/ => /home/ritik/.stmcufinder/plugins/mcufinder
2024-03-29 00:28:29,703 [INFO] CrossReferenceDbSqlite:203 - Set database path to: /home/ritik/.stmcufinder/plugins/mcufinder//mcu/cs/
2024-03-29 00:28:29,752 [INFO] MainPanel:264 - HeapMemory: 268435456
2024-03-29 00:28:29,814 [INFO] DbMcusXml:78 - Set database path to: /home/ritik/st/stm32cubeide_1.14.0/plugins/com.st.stm32cube.common.mx_6.10.0.202311202037//db//mcu/
2024-03-29 00:28:29,814 [INFO] ApiDb:274 - Set plugin database path to: /home/ritik/st/stm32cubeide_1.14.0/plugins/com.st.stm32cube.common.mx_6.10.0.202311202037//db//plugins/boardmanager/
2024-03-29 00:28:29,814 [INFO] ApiDb:261 - Set plugin images path to: /home/ritik/st/stm32cubeide_1.14.0/plugins/com.st.stm32cube.common.mx_6.10.0.202311202037//db//plugins/mcufinder/images/
2024-03-29 00:28:29,814 [WARN] DbFile:41 - Overriding database path with different value: /home/ritik/.stmcufinder/plugins/mcufinder/ => /home/ritik/.stmcufinder/plugins/mcufinder
2024-03-29 00:28:29,814 [INFO] ApiDb:250 - Set database path to: /home/ritik/.stmcufinder/plugins/mcufinder//mcu/
2024-03-29 00:28:29,814 [WARN] DbFile:41 - Overriding database path with different value: /home/ritik/.stmcufinder/plugins/mcufinder/ => /home/ritik/.stmcufinder/plugins/mcufinder
2024-03-29 00:28:29,814 [INFO] DbMcusAds:125 - Set database path to: /home/ritik/.stmcufinder/plugins/mcufinder//mcu/
2024-03-29 00:28:29,814 [WARN] DbFile:41 - Overriding database path with different value: /home/ritik/.stmcufinder/plugins/mcufinder/ => /home/ritik/.stmcufinder/plugins/mcufinder
2024-03-29 00:28:29,814 [WARN] DbFile:41 - Overriding database path with different value: /home/ritik/.stmcufinder/plugins/mcufinder/ => /home/ritik/.stmcufinder/plugins/mcufinder
2024-03-29 00:28:29,814 [INFO] CrossReferenceDbSqlite:203 - Set database path to: /home/ritik/.stmcufinder/plugins/mcufinder//mcu/cs/
2024-03-29 00:28:29,826 [INFO] ApplicationProperties:184 - Using Application install path: /home/ritik/st/stm32cubeide_1.14.0/plugins/com.st.stm32cube.common.mx_6.10.0.202311202037
2024-03-29 00:28:29,827 [INFO] PluginManage:196 - Search for loadable plugins [exclusion list=, ]
2024-03-29 00:28:29,828 [INFO] PluginManage:310 - Check plugin analytics
2024-03-29 00:28:29,939 [INFO] AnalyticsPlugin:253 - Accepted Software Licenses: 
2024-03-29 00:28:29,939 [INFO] AnalyticsPlugin:255 - Accepted CMSIS Pack Licenses: 
2024-03-29 00:28:29,939 [INFO] AnalyticsPlugin:257 - Accepted Firmware Licenses: 
2024-03-29 00:28:29,941 [INFO] PluginManage:359 - Loaded plugin analytics (category:tool,tabindex:-1)
2024-03-29 00:28:29,942 [INFO] PluginManage:310 - Check plugin cadmodel
2024-03-29 00:28:29,963 [INFO] CADModel:105 - Init CAD model plugin
2024-03-29 00:28:29,963 [INFO] PluginManage:359 - Loaded plugin cadmodel (category:power,tabindex:5)
2024-03-29 00:28:29,963 [INFO] PluginManage:310 - Check plugin clock
2024-03-29 00:28:29,971 [INFO] PluginManage:359 - Loaded plugin clock (category:base,tabindex:2)
2024-03-29 00:28:29,971 [INFO] PluginManage:310 - Check plugin ddr
2024-03-29 00:28:29,972 [INFO] PluginManage:359 - Loaded plugin ddr (category:tool,tabindex:6)
2024-03-29 00:28:29,973 [INFO] PluginManage:310 - Check plugin filemanager
2024-03-29 00:28:30,079 [INFO] PluginManage:359 - Loaded plugin filemanager (category:base,tabindex:10)
2024-03-29 00:28:30,080 [INFO] PluginManage:310 - Check plugin ipmanager
2024-03-29 00:28:30,085 [INFO] PluginManage:359 - Loaded plugin ipmanager (category:base,tabindex:5)
2024-03-29 00:28:30,085 [INFO] PluginManage:310 - Check plugin lpbam
2024-03-29 00:28:30,092 [INFO] PluginManage:359 - Loaded plugin lpbam (category:base,tabindex:0)
2024-03-29 00:28:30,092 [INFO] PluginManage:310 - Check plugin memorymap
2024-03-29 00:28:30,101 [INFO] PluginManage:359 - Loaded plugin memorymap (category:base,tabindex:4)
2024-03-29 00:28:30,101 [INFO] PluginManage:310 - Check plugin pinoutandconfiguration
2024-03-29 00:28:30,107 [INFO] PluginManage:359 - Loaded plugin pinoutandconfiguration (category:base,tabindex:1)
2024-03-29 00:28:30,108 [INFO] PluginManage:310 - Check plugin pinoutconfig
2024-03-29 00:28:30,168 [WARN] SupportedApi:132 - Cannot load RTOS API schema: s4s-elt-must-match.1: The content of 'definitions' must match (annotation?, (simpleType | complexType)?, (unique | key | keyref)*)). A problem was found starting at: attribute.
2024-03-29 00:28:30,254 [INFO] PluginManage:359 - Loaded plugin pinoutconfig (category:base,tabindex:0)
2024-03-29 00:28:30,254 [INFO] PluginManage:310 - Check plugin power
2024-03-29 00:28:30,261 [INFO] PluginManage:359 - Loaded plugin power (category:power,tabindex:4)
2024-03-29 00:28:30,261 [INFO] PluginManage:310 - Check plugin projectmanager
2024-03-29 00:28:30,271 [INFO] PluginManage:359 - Loaded plugin projectmanager (category:projectmanager,tabindex:3)
2024-03-29 00:28:30,271 [INFO] PluginManage:310 - Check plugin thirdparty
2024-03-29 00:28:30,346 [INFO] PluginManage:359 - Loaded plugin thirdparty (category:base,tabindex:-1)
2024-03-29 00:28:30,346 [INFO] PluginManage:310 - Check plugin tools
2024-03-29 00:28:30,346 [WARN] IntegrityCheckThread:84 - waiting for thirdparty lock release [integrity check]
2024-03-29 00:28:30,346 [INFO] IntegrityCheckThread:86 - entering critical section [integrity check]
2024-03-29 00:28:30,346 [INFO] ThirdPartyUpdaterWithRetryManager:70 - Updater plugin not ready yet. [1/15]
2024-03-29 00:28:30,347 [INFO] PluginManage:359 - Loaded plugin tools (category:base,tabindex:7)
2024-03-29 00:28:30,347 [INFO] PluginManage:310 - Check plugin tutovideos
2024-03-29 00:28:30,455 [INFO] PluginManage:359 - Loaded plugin tutovideos (category:base,tabindex:-1)
2024-03-29 00:28:30,455 [INFO] PluginManage:310 - Check plugin updater
2024-03-29 00:28:30,463 [INFO] PluginManage:359 - Loaded plugin updater (category:base,tabindex:12)
2024-03-29 00:28:30,463 [INFO] PluginManage:310 - Check plugin userauth
2024-03-29 00:28:30,467 [INFO] UserAuth:114 - Init User Auth plugin
2024-03-29 00:28:30,467 [INFO] PluginManage:359 - Loaded plugin userauth (category:base,tabindex:14)
2024-03-29 00:28:30,467 [INFO] PluginManage:283 - PluginManage : Loaded plugins [17]
2024-03-29 00:28:30,577 [INFO] PinOutPanel:1499 - setPackage(No Configuration,No Configuration)
2024-03-29 00:28:30,616 [INFO] CADModel:165 - CPN selected for project level
2024-03-29 00:28:30,616 [INFO] CADModel:114 - Register for checkConnection events
2024-03-29 00:28:30,623 [INFO] IPUIPlugin:80 - create IPUIPlugin
2024-03-29 00:28:30,623 [INFO] PluginManager:220 - loadIPPluginJar : add dfsdm
2024-03-29 00:28:30,624 [INFO] IPUIPlugin:80 - create IPUIPlugin
2024-03-29 00:28:30,624 [INFO] PluginManager:220 - loadIPPluginJar : add openamp
2024-03-29 00:28:30,627 [INFO] IPUIPlugin:80 - create IPUIPlugin
2024-03-29 00:28:30,627 [INFO] PluginManager:220 - loadIPPluginJar : add sai
2024-03-29 00:28:30,628 [INFO] IPUIPlugin:80 - create IPUIPlugin
2024-03-29 00:28:30,628 [INFO] PluginManager:220 - loadIPPluginJar : add genericplugin
2024-03-29 00:28:30,629 [INFO] IPUIPlugin:80 - create IPUIPlugin
2024-03-29 00:28:30,629 [INFO] PluginManager:220 - loadIPPluginJar : add i2c
2024-03-29 00:28:30,630 [INFO] IPUIPlugin:80 - create IPUIPlugin
2024-03-29 00:28:30,630 [INFO] PluginManager:220 - loadIPPluginJar : add comp
2024-03-29 00:28:30,633 [INFO] IPUIPlugin:80 - create IPUIPlugin
2024-03-29 00:28:30,633 [INFO] PluginManager:220 - loadIPPluginJar : add gpio
2024-03-29 00:28:30,637 [INFO] IPUIPlugin:80 - create IPUIPlugin
2024-03-29 00:28:30,638 [INFO] PluginManager:220 - loadIPPluginJar : add plateformsettings
2024-03-29 00:28:30,639 [INFO] IPUIPlugin:80 - create IPUIPlugin
2024-03-29 00:28:30,639 [INFO] PluginManager:220 - loadIPPluginJar : add quadspi
2024-03-29 00:28:30,640 [INFO] IPUIPlugin:80 - create IPUIPlugin
2024-03-29 00:28:30,640 [INFO] PluginManager:220 - loadIPPluginJar : add i2s
2024-03-29 00:28:30,642 [INFO] IPUIPlugin:80 - create IPUIPlugin
2024-03-29 00:28:30,642 [INFO] PluginManager:220 - loadIPPluginJar : add usbx
2024-03-29 00:28:30,643 [INFO] IPUIPlugin:80 - create IPUIPlugin
2024-03-29 00:28:30,643 [INFO] PluginManager:220 - loadIPPluginJar : add tim
2024-03-29 00:28:30,644 [INFO] IPUIPlugin:80 - create IPUIPlugin
2024-03-29 00:28:30,644 [INFO] PluginManager:220 - loadIPPluginJar : add hash
2024-03-29 00:28:30,645 [INFO] IPUIPlugin:80 - create IPUIPlugin
2024-03-29 00:28:30,645 [INFO] PluginManager:220 - loadIPPluginJar : add pdm2pcm
2024-03-29 00:28:30,646 [INFO] IPUIPlugin:80 - create IPUIPlugin
2024-03-29 00:28:30,646 [INFO] PluginManager:220 - loadIPPluginJar : add ts
2024-03-29 00:28:30,647 [INFO] IPUIPlugin:80 - create IPUIPlugin
2024-03-29 00:28:30,647 [INFO] PluginManager:220 - loadIPPluginJar : add tsc
2024-03-29 00:28:30,648 [INFO] IPUIPlugin:80 - create IPUIPlugin
2024-03-29 00:28:30,648 [INFO] PluginManager:220 - loadIPPluginJar : add aes
2024-03-29 00:28:30,651 [INFO] IPUIPlugin:80 - create IPUIPlugin
2024-03-29 00:28:30,651 [INFO] PluginManager:220 - loadIPPluginJar : add resmgrutility
2024-03-29 00:28:30,654 [INFO] IPUIPlugin:80 - create IPUIPlugin
2024-03-29 00:28:30,654 [INFO] PluginManager:220 - loadIPPluginJar : add stm32_wpan
2024-03-29 00:28:30,655 [INFO] IPUIPlugin:80 - create IPUIPlugin
2024-03-29 00:28:30,655 [INFO] PluginManager:220 - loadIPPluginJar : add tracer_emb
2024-03-29 00:28:30,657 [INFO] IPUIPlugin:80 - create IPUIPlugin
2024-03-29 00:28:30,657 [INFO] PluginManager:220 - loadIPPluginJar : add nvic
2024-03-29 00:28:30,658 [INFO] IPUIPlugin:80 - create IPUIPlugin
2024-03-29 00:28:30,658 [INFO] PluginManager:220 - loadIPPluginJar : add ltdc
2024-03-29 00:28:30,659 [INFO] IPUIPlugin:80 - create IPUIPlugin
2024-03-29 00:28:30,659 [INFO] PluginManager:220 - loadIPPluginJar : add fatfs
2024-03-29 00:28:30,661 [INFO] IPUIPlugin:80 - create IPUIPlugin
2024-03-29 00:28:30,661 [INFO] PluginManager:220 - loadIPPluginJar : add touchsensing
2024-03-29 00:28:30,665 [INFO] IPUIPlugin:80 - create IPUIPlugin
2024-03-29 00:28:30,666 [INFO] PluginManager:220 - loadIPPluginJar : add freertos
2024-03-29 00:28:30,670 [INFO] IPUIPlugin:80 - create IPUIPlugin
2024-03-29 00:28:30,670 [INFO] PluginManager:220 - loadIPPluginJar : add adc
2024-03-29 00:28:30,671 [INFO] IPUIPlugin:80 - create IPUIPlugin
2024-03-29 00:28:30,671 [INFO] PluginManager:220 - loadIPPluginJar : add usart
2024-03-29 00:28:30,673 [INFO] IPUIPlugin:80 - create IPUIPlugin
2024-03-29 00:28:30,673 [INFO] PluginManager:220 - loadIPPluginJar : add lorawan
2024-03-29 00:28:30,675 [INFO] IPUIPlugin:80 - create IPUIPlugin
2024-03-29 00:28:30,675 [INFO] PluginManager:220 - loadIPPluginJar : add fmc
2024-03-29 00:28:30,677 [INFO] IPUIPlugin:80 - create IPUIPlugin
2024-03-29 00:28:30,677 [INFO] PluginManager:220 - loadIPPluginJar : add opamp
2024-03-29 00:28:30,678 [INFO] IPUIPlugin:80 - create IPUIPlugin
2024-03-29 00:28:30,678 [INFO] PluginManager:220 - loadIPPluginJar : add can
2024-03-29 00:28:30,679 [INFO] IPUIPlugin:80 - create IPUIPlugin
2024-03-29 00:28:30,679 [INFO] PluginManager:220 - loadIPPluginJar : add dma3
2024-03-29 00:28:30,680 [INFO] IPUIPlugin:80 - create IPUIPlugin
2024-03-29 00:28:30,680 [INFO] PluginManager:220 - loadIPPluginJar : add i3c
2024-03-29 00:28:30,681 [INFO] IPUIPlugin:80 - create IPUIPlugin
2024-03-29 00:28:30,681 [INFO] PluginManager:220 - loadIPPluginJar : add ucpd
2024-03-29 00:28:30,683 [INFO] IPUIPlugin:80 - create IPUIPlugin
2024-03-29 00:28:30,683 [INFO] PluginManager:220 - loadIPPluginJar : add cryp
2024-03-29 00:28:30,684 [INFO] IPUIPlugin:80 - create IPUIPlugin
2024-03-29 00:28:30,684 [INFO] PluginManager:220 - loadIPPluginJar : add spi
2024-03-29 00:28:30,685 [INFO] IPUIPlugin:80 - create IPUIPlugin
2024-03-29 00:28:30,685 [INFO] PluginManager:220 - loadIPPluginJar : add gfxmmu
2024-03-29 00:28:30,690 [INFO] IPUIPlugin:80 - create IPUIPlugin
2024-03-29 00:28:30,690 [INFO] PluginManager:220 - loadIPPluginJar : add mdma
2024-03-29 00:28:30,694 [INFO] IPUIPlugin:80 - create IPUIPlugin
2024-03-29 00:28:30,694 [INFO] PluginManager:220 - loadIPPluginJar : add dma
2024-03-29 00:28:30,695 [INFO] IPUIPlugin:80 - create IPUIPlugin
2024-03-29 00:28:30,695 [INFO] PluginManager:220 - loadIPPluginJar : add gtzc
2024-03-29 00:28:30,697 [INFO] IPUIPlugin:80 - create IPUIPlugin
2024-03-29 00:28:30,698 [INFO] PluginManager:220 - loadIPPluginJar : add ipddr
2024-03-29 00:28:30,701 [INFO] IPUIPlugin:80 - create IPUIPlugin
2024-03-29 00:28:30,701 [INFO] PluginManager:220 - loadIPPluginJar : add gic
2024-03-29 00:28:30,705 [INFO] IPUIPlugin:80 - create IPUIPlugin
2024-03-29 00:28:30,706 [INFO] PluginManager:220 - loadIPPluginJar : add linkedlist
2024-03-29 00:28:30,805 [INFO] CADModel:165 - CPN selected for project level
2024-03-29 00:28:30,805 [INFO] CADModel:114 - Register for checkConnection events
2024-03-29 00:28:30,806 [FATAL] Updater:308 - Updater called before beeing initialized
2024-03-29 00:28:30,806 [ERROR] CADModel:125 - Updater not yet initialized, retry later 
2024-03-29 00:28:30,890 [INFO] CADModel:165 - CPN selected for project level
2024-03-29 00:28:30,891 [INFO] CADModel:114 - Register for checkConnection events
2024-03-29 00:28:30,891 [FATAL] Updater:308 - Updater called before beeing initialized
2024-03-29 00:28:30,891 [ERROR] CADModel:125 - Updater not yet initialized, retry later 
2024-03-29 00:28:30,895 [FATAL] Updater:308 - Updater called before beeing initialized
2024-03-29 00:28:30,939 [FATAL] Updater:308 - Updater called before beeing initialized
2024-03-29 00:28:30,943 [INFO] DbMcusAds:53 - JSON generation date=Wed Nov 29 16:22:27 IST 2023 (1701255147349)
2024-03-29 00:28:30,943 [FATAL] Updater:308 - Updater called before beeing initialized
2024-03-29 00:28:30,967 [WARN] DetailPanel:346 - Failed to get advertising image, set to default
2024-03-29 00:28:31,047 [FATAL] Updater:308 - Updater called before beeing initialized
2024-03-29 00:28:31,048 [FATAL] Updater:308 - Updater called before beeing initialized
2024-03-29 00:28:31,048 [FATAL] Updater:308 - Updater called before beeing initialized
2024-03-29 00:28:31,048 [WARN] DetailPanel:346 - Failed to get advertising image, set to default
2024-03-29 00:28:31,049 [FATAL] Updater:308 - Updater called before beeing initialized
2024-03-29 00:28:31,068 [ERROR] Updater:1120 - MainUpdater not yet initialized. External WinMGr cannot be set.
2024-03-29 00:28:31,069 [INFO] Updater:1056 - Updater Version found : 6.10.0
2024-03-29 00:28:31,081 [INFO] ApplicationProperties:184 - Using Application install path: /home/ritik/st/stm32cubeide_1.14.0/plugins/com.st.stm32cube.common.mx_6.10.0.202311202037
2024-03-29 00:28:31,302 [INFO] MainUpdater:2873 - connection check result : 10
2024-03-29 00:28:31,303 [INFO] MainUpdater:290 - Updater Check For Update Now.
2024-03-29 00:28:31,303 [INFO] MicroXplorer:498 - Change Database Version : DB.6.0.100
2024-03-29 00:28:31,312 [INFO] McuFinderGlobals:63 - Set McuFinder mode to 2 (CubeIDE integrated)
2024-03-29 00:28:31,312 [INFO] UserAuth:180 - activating auth plugin
2024-03-29 00:28:31,315 [INFO] UserAuth:404 - Internet connection configuration mode: 1
2024-03-29 00:28:31,325 [INFO] JxBrowserEngine:152 - Initiate JxBrowser Engine with user profile folder
2024-03-29 00:28:31,453 [INFO] CheckServerUpdateThread:120 - End of CheckServer Thread
2024-03-29 00:28:31,944 [INFO] WebApp:161 - Instantiating new browser for Auth
2024-03-29 00:28:32,564 [INFO] WebApp:780 - Register for checkConnection events
2024-03-29 00:28:32,564 [INFO] WebApp:414 - Apply proxy settings
2024-03-29 00:28:32,565 [INFO] WebApp:499 - Chromium requires no authentication
2024-03-29 00:28:32,573 [INFO] WebApp:442 - Direct internet connection detected
2024-03-29 00:28:32,654 [INFO] WebApp:192 - Starting web application
2024-03-29 00:28:32,655 [INFO] WebApp:544 - Web application path used /home/ritik/st/stm32cubeide_1.14.0/plugins/com.st.stm32cube.common.mx_6.10.0.202311202037/db/plugins/mcufinder/reactClient1/index.html
2024-03-29 00:28:33,440 [WARN] PackLoader:240 - Cannot read IP mode file for STMicroelectronics.X-CUBE-SMBUS.2.1.0
2024-03-29 00:28:33,444 [WARN] PackLoader:240 - Cannot read IP mode file for STMicroelectronics.X-CUBE-TOUCHGFX.4.23.0
2024-03-29 00:28:33,462 [WARN] PackLoader:240 - Cannot read IP mode file for STMicroelectronics.X-CUBE-AZRTOS-F7.1.1.0
2024-03-29 00:28:33,469 [WARN] PackLoader:240 - Cannot read IP mode file for STMicroelectronics.FP-SNS-MOTENV1.4.3.2
2024-03-29 00:28:33,473 [WARN] PackLoader:240 - Cannot read IP mode file for STMicroelectronics.FP-SNS-FLIGHT1.5.0.2
2024-03-29 00:28:33,478 [WARN] PackLoader:240 - Cannot read IP mode file for STMicroelectronics.X-CUBE-DISPLAY.3.0.0
2024-03-29 00:28:33,486 [WARN] PackLoader:240 - Cannot read IP mode file for STMicroelectronics.X-CUBE-BLE1.7.0.0
2024-03-29 00:28:33,489 [WARN] PackLoader:240 - Cannot read IP mode file for emotas.I-CUBE-CANOPEN.1.3.0
2024-03-29 00:28:33,496 [WARN] PackLoader:240 - Cannot read IP mode file for STMicroelectronics.X-CUBE-BLEMGR.3.1.0
2024-03-29 00:28:33,501 [WARN] PackLoader:240 - Cannot read IP mode file for STMicroelectronics.FP-SNS-SMARTAG2.1.2.0
2024-03-29 00:28:33,508 [INFO] LogOutputStream:77 - [STDOUT_REDIRECT] 1 : Invalid condition id : UX_CORESTACK_Condition cause : null
2024-03-29 00:28:33,509 [INFO] LogOutputStream:77 - [STDOUT_REDIRECT] 1 : Invalid condition id : UX_CORESTACK_Condition cause : null
2024-03-29 00:28:33,509 [INFO] LogOutputStream:77 - [STDOUT_REDIRECT] 1 : Invalid condition id : UX_CORESTACK_Condition cause : null
2024-03-29 00:28:33,509 [INFO] LogOutputStream:77 - [STDOUT_REDIRECT] 1 : Invalid condition id : UX_CORESTACK_Condition cause : null
2024-03-29 00:28:33,509 [INFO] LogOutputStream:77 - [STDOUT_REDIRECT] 1 : Invalid condition id : UX_CORESTACK_Condition cause : null
2024-03-29 00:28:33,511 [WARN] PackLoader:240 - Cannot read IP mode file for STMicroelectronics.X-CUBE-AZRTOS-WL.2.0.0
2024-03-29 00:28:33,518 [WARN] PackLoader:240 - Cannot read IP mode file for WES.I-CUBE-Cesium.1.3.0
2024-03-29 00:28:33,522 [WARN] PackLoader:240 - Cannot read IP mode file for STMicroelectronics.X-CUBE-BLE2.3.3.0
2024-03-29 00:28:33,526 [WARN] PackLoader:240 - Cannot read IP mode file for STMicroelectronics.X-CUBE-ALGOBUILD.1.3.0
2024-03-29 00:28:33,537 [WARN] PackLoader:240 - Cannot read IP mode file for STMicroelectronics.X-CUBE-AZRTOS-G0.1.1.0
2024-03-29 00:28:33,542 [WARN] PackLoader:240 - Cannot read IP mode file for STMicroelectronics.X-CUBE-NFC4.3.0.0
2024-03-29 00:28:33,547 [WARN] PackLoader:240 - Cannot read IP mode file for STMicroelectronics.X-CUBE-BLEMGR.3.0.0
2024-03-29 00:28:33,550 [WARN] PackLoader:240 - Cannot read IP mode file for STMicroelectronics.FP-ATR-SIGFOX1.3.2.0
2024-03-29 00:28:33,553 [WARN] PackLoader:240 - Cannot read IP mode file for STMicroelectronics.X-CUBE-EEPRMA1.5.1.0
2024-03-29 00:28:33,572 [WARN] PackLoader:240 - Cannot read IP mode file for SEGGER.I-CUBE-embOS.1.3.1
2024-03-29 00:28:33,595 [WARN] PackLoader:240 - Cannot read IP mode file for STMicroelectronics.X-CUBE-GNSS1.6.0.0
2024-03-29 00:28:33,608 [WARN] PackLoader:240 - Cannot read IP mode file for STMicroelectronics.X-CUBE-AZRTOS-F4.1.1.0
2024-03-29 00:28:33,613 [WARN] PackLoader:240 - Cannot read IP mode file for wolfSSL.I-CUBE-wolfSSL.5.6.6
2024-03-29 00:28:33,623 [WARN] PackLoader:240 - Cannot read IP mode file for STMicroelectronics.X-CUBE-AZRTOS-L5.2.0.0
2024-03-29 00:28:33,627 [WARN] PackLoader:240 - Cannot read IP mode file for STMicroelectronics.X-CUBE-EEPRMA1.4.2.0
2024-03-29 00:28:33,630 [WARN] PackLoader:240 - Cannot read IP mode file for STMicroelectronics.X-CUBE-NFC6.3.1.0
2024-03-29 00:28:33,634 [WARN] PackLoader:240 - Cannot read IP mode file for ITTIA_DB.I-CUBE-ITTIADB.8.8.0
2024-03-29 00:28:33,637 [WARN] PackLoader:240 - Cannot read IP mode file for STMicroelectronics.X-CUBE-NFC7.1.0.1
2024-03-29 00:28:33,640 [WARN] PackLoader:240 - Cannot read IP mode file for STMicroelectronics.X-CUBE-NFC6.3.0.0
2024-03-29 00:28:33,643 [WARN] PackLoader:240 - Cannot read IP mode file for STMicroelectronics.X-CUBE-AI.8.1.0
2024-03-29 00:28:33,652 [WARN] ConditionMgr:438 - getConditionDescription Invalid condition id : LAN8742 Phy interface Condition cause : null
2024-03-29 00:28:33,652 [WARN] PackLoader:240 - Cannot read IP mode file for STMicroelectronics.X-CUBE-AZRTOS-L4.2.0.0
2024-03-29 00:28:33,653 [WARN] ConditionMgr:1039 - genDependencies : Invalid condition id : LAN8742 Phy interface Condition cause : null
2024-03-29 00:28:33,653 [WARN] ConditionMgr:1039 - genDependencies : Invalid condition id : LAN8742 Phy interface Condition cause : null
2024-03-29 00:28:33,653 [WARN] ConditionMgr:1039 - genDependencies : Invalid condition id : LAN8742 Phy interface Condition cause : null
2024-03-29 00:28:33,657 [WARN] PackLoader:240 - Cannot read IP mode file for STMicroelectronics.X-CUBE-SFXS2LP1.4.0.0
2024-03-29 00:28:33,664 [WARN] ConditionMgr:438 - getConditionDescription Invalid condition id : UX DEVICE CLASS RTOS Condition cause : null
2024-03-29 00:28:33,664 [WARN] ConditionMgr:438 - getConditionDescription Invalid condition id : UX DEVICE CLASS RTOS Condition cause : null
2024-03-29 00:28:33,665 [WARN] PackLoader:240 - Cannot read IP mode file for STMicroelectronics.X-CUBE-AZRTOS-WB.2.0.0
2024-03-29 00:28:33,665 [WARN] ConditionMgr:1039 - genDependencies : Invalid condition id : UX DEVICE CLASS RTOS Condition cause : null
2024-03-29 00:28:33,665 [WARN] ConditionMgr:1039 - genDependencies : Invalid condition id : UX DEVICE CLASS RTOS Condition cause : null
2024-03-29 00:28:33,666 [WARN] ConditionMgr:1039 - genDependencies : Invalid condition id : UX DEVICE CLASS RTOS Condition cause : null
2024-03-29 00:28:33,666 [WARN] ConditionMgr:1039 - genDependencies : Invalid condition id : UX DEVICE CLASS RTOS Condition cause : null
2024-03-29 00:28:33,666 [WARN] ConditionMgr:1039 - genDependencies : Invalid condition id : UX DEVICE CLASS RTOS Condition cause : null
2024-03-29 00:28:33,671 [WARN] PackLoader:240 - Cannot read IP mode file for STMicroelectronics.X-CUBE-SUBG2.5.0.0
2024-03-29 00:28:33,681 [WARN] PackLoader:240 - Cannot read IP mode file for STMicroelectronics.X-CUBE-AZRTOS-G4.2.0.0
2024-03-29 00:28:33,687 [WARN] PackLoader:240 - Cannot read IP mode file for Infineon.AIROC-Wi-Fi-Bluetooth-STM32.1.5.1
2024-03-29 00:28:33,691 [WARN] PackLoader:240 - Cannot read IP mode file for STMicroelectronics.FP-SNS-MOTENVWB1.1.3.1
2024-03-29 00:28:33,693 [WARN] PackLoader:240 - Cannot read IP mode file for STMicroelectronics.X-CUBE-ISPU.2.0.0
2024-03-29 00:28:33,712 [WARN] PackLoader:240 - Cannot read IP mode file for STMicroelectronics.X-CUBE-MEMS1.10.0.0
2024-03-29 00:28:33,798 [WARN] PackLoader:240 - Cannot read IP mode file for STMicroelectronics.X-CUBE-FREERTOS.1.1.0
2024-03-29 00:28:33,802 [WARN] PackLoader:240 - Cannot read IP mode file for portGmbH.I-Cube-SoM-uGOAL.1.1.0
2024-03-29 00:28:33,804 [WARN] PackLoader:240 - Cannot read IP mode file for STMicroelectronics.X-CUBE-ALS.1.0.1
2024-03-29 00:28:33,807 [WARN] PackLoader:240 - Cannot read IP mode file for STMicroelectronics.FP-ATR-ASTRA1.2.0.0
2024-03-29 00:28:33,814 [WARN] PackLoader:240 - Cannot read IP mode file for STMicroelectronics.X-CUBE-TOF1.3.4.0
2024-03-29 00:28:33,830 [WARN] PackLoader:240 - Cannot read IP mode file for STMicroelectronics.X-CUBE-TOF1.3.4.1
2024-03-29 00:28:33,849 [WARN] PackLoader:240 - Cannot read IP mode file for STMicroelectronics.X-CUBE-AZRTOS-H7.3.2.0
2024-03-29 00:28:33,851 [INFO] ThirdParty:978 - Integrity check success = true
2024-03-29 00:28:33,851 [INFO] IntegrityCheckThread:100 - exiting critical section [integrity check]
2024-03-29 00:28:33,851 [INFO] IntegrityCheckThread:103 - End integrity checks thread
2024-03-29 00:28:53,099 [ERROR] LogOutputStream:75 - [STDERR_REDIRECT] SLF4J: Failed to load class "org.slf4j.impl.StaticLoggerBinder".
2024-03-29 00:28:53,100 [ERROR] LogOutputStream:75 - [STDERR_REDIRECT] SLF4J: Defaulting to no-operation (NOP) logger implementation
2024-03-29 00:28:53,100 [ERROR] LogOutputStream:75 - [STDERR_REDIRECT] SLF4J: See http://www.slf4j.org/codes.html#StaticLoggerBinder for further details.
2024-03-29 00:53:15,430 [ERROR] LogOutputStream:75 - [STDERR_REDIRECT] 
