2024-02-21 19:06:43,714 [INFO] Activator:176 - 


2024-02-21 19:06:43,718 [INFO] Activator:177 - !SESSION log4j initialized
2024-02-21 19:06:59,911 [INFO] LogOutputStream:77 - [STDOUT_REDIRECT] 
2024-02-21 19:07:10,371 [INFO] ApplicationProperties:184 - Using Application install path: /home/ritik/st/stm32cubeide_1.14.0/plugins/com.st.stm32cube.common.mx_6.10.0.202311202037
2024-02-21 19:07:10,385 [INFO] DbMcusXml:78 - Set database path to: /home/ritik/st/stm32cubeide_1.14.0/plugins/com.st.stm32cube.common.mx_6.10.0.202311202037//db//mcu/
2024-02-21 19:07:10,385 [INFO] ApiDb:274 - Set plugin database path to: /home/ritik/st/stm32cubeide_1.14.0/plugins/com.st.stm32cube.common.mx_6.10.0.202311202037//db//plugins/boardmanager/
2024-02-21 19:07:10,386 [WARN] ApiDb:259 - Overriding images path with different value:  => /home/ritik/st/stm32cubeide_1.14.0/plugins/com.st.stm32cube.common.mx_6.10.0.202311202037//db//plugins/mcufinder/images/
2024-02-21 19:07:10,391 [INFO] ApiDb:250 - Set database path to: /home/ritik/.stmcufinder/plugins/mcufinder//mcu/
2024-02-21 19:07:10,392 [INFO] DbMcusAds:125 - Set database path to: /home/ritik/.stmcufinder/plugins/mcufinder//mcu/
2024-02-21 19:07:10,394 [INFO] CrossReferenceDbSqlite:203 - Set database path to: /home/ritik/.stmcufinder/plugins/mcufinder//mcu/cs/
2024-02-21 19:07:10,468 [INFO] RulesReader:64 - Compatibility file has been processed (297 Rules)
2024-02-21 19:07:10,509 [INFO] DbMcusXml:78 - Set database path to: /home/ritik/st/stm32cubeide_1.14.0/plugins/com.st.stm32cube.common.mx_6.10.0.202311202037//db//mcu/
2024-02-21 19:07:10,509 [INFO] ApiDb:274 - Set plugin database path to: /home/ritik/st/stm32cubeide_1.14.0/plugins/com.st.stm32cube.common.mx_6.10.0.202311202037//db//plugins/boardmanager/
2024-02-21 19:07:10,510 [INFO] ApiDb:261 - Set plugin images path to: /home/ritik/st/stm32cubeide_1.14.0/plugins/com.st.stm32cube.common.mx_6.10.0.202311202037//db//plugins/mcufinder/images/
2024-02-21 19:07:10,510 [WARN] DbFile:41 - Overriding database path with different value: /home/ritik/.stmcufinder/plugins/mcufinder/ => /home/ritik/.stmcufinder/plugins/mcufinder
2024-02-21 19:07:10,510 [INFO] ApiDb:250 - Set database path to: /home/ritik/.stmcufinder/plugins/mcufinder//mcu/
2024-02-21 19:07:10,510 [WARN] DbFile:41 - Overriding database path with different value: /home/ritik/.stmcufinder/plugins/mcufinder/ => /home/ritik/.stmcufinder/plugins/mcufinder
2024-02-21 19:07:10,510 [INFO] DbMcusAds:125 - Set database path to: /home/ritik/.stmcufinder/plugins/mcufinder//mcu/
2024-02-21 19:07:10,510 [WARN] DbFile:41 - Overriding database path with different value: /home/ritik/.stmcufinder/plugins/mcufinder/ => /home/ritik/.stmcufinder/plugins/mcufinder
2024-02-21 19:07:10,510 [WARN] DbFile:41 - Overriding database path with different value: /home/ritik/.stmcufinder/plugins/mcufinder/ => /home/ritik/.stmcufinder/plugins/mcufinder
2024-02-21 19:07:10,510 [INFO] CrossReferenceDbSqlite:203 - Set database path to: /home/ritik/.stmcufinder/plugins/mcufinder//mcu/cs/
2024-02-21 19:07:10,556 [INFO] MainPanel:264 - HeapMemory: 268435456
2024-02-21 19:07:10,628 [INFO] DbMcusXml:78 - Set database path to: /home/ritik/st/stm32cubeide_1.14.0/plugins/com.st.stm32cube.common.mx_6.10.0.202311202037//db//mcu/
2024-02-21 19:07:10,628 [INFO] ApiDb:274 - Set plugin database path to: /home/ritik/st/stm32cubeide_1.14.0/plugins/com.st.stm32cube.common.mx_6.10.0.202311202037//db//plugins/boardmanager/
2024-02-21 19:07:10,628 [INFO] ApiDb:261 - Set plugin images path to: /home/ritik/st/stm32cubeide_1.14.0/plugins/com.st.stm32cube.common.mx_6.10.0.202311202037//db//plugins/mcufinder/images/
2024-02-21 19:07:10,629 [WARN] DbFile:41 - Overriding database path with different value: /home/ritik/.stmcufinder/plugins/mcufinder/ => /home/ritik/.stmcufinder/plugins/mcufinder
2024-02-21 19:07:10,629 [INFO] ApiDb:250 - Set database path to: /home/ritik/.stmcufinder/plugins/mcufinder//mcu/
2024-02-21 19:07:10,629 [WARN] DbFile:41 - Overriding database path with different value: /home/ritik/.stmcufinder/plugins/mcufinder/ => /home/ritik/.stmcufinder/plugins/mcufinder
2024-02-21 19:07:10,629 [INFO] DbMcusAds:125 - Set database path to: /home/ritik/.stmcufinder/plugins/mcufinder//mcu/
2024-02-21 19:07:10,629 [WARN] DbFile:41 - Overriding database path with different value: /home/ritik/.stmcufinder/plugins/mcufinder/ => /home/ritik/.stmcufinder/plugins/mcufinder
2024-02-21 19:07:10,629 [WARN] DbFile:41 - Overriding database path with different value: /home/ritik/.stmcufinder/plugins/mcufinder/ => /home/ritik/.stmcufinder/plugins/mcufinder
2024-02-21 19:07:10,629 [INFO] CrossReferenceDbSqlite:203 - Set database path to: /home/ritik/.stmcufinder/plugins/mcufinder//mcu/cs/
2024-02-21 19:07:10,644 [INFO] ApplicationProperties:184 - Using Application install path: /home/ritik/st/stm32cubeide_1.14.0/plugins/com.st.stm32cube.common.mx_6.10.0.202311202037
2024-02-21 19:07:10,645 [INFO] PluginManage:196 - Search for loadable plugins [exclusion list=, ]
2024-02-21 19:07:10,645 [INFO] PluginManage:310 - Check plugin analytics
2024-02-21 19:07:10,770 [INFO] AnalyticsPlugin:253 - Accepted Software Licenses: 
2024-02-21 19:07:10,770 [INFO] AnalyticsPlugin:255 - Accepted CMSIS Pack Licenses: 
2024-02-21 19:07:10,771 [INFO] AnalyticsPlugin:257 - Accepted Firmware Licenses: 
2024-02-21 19:07:10,772 [INFO] PluginManage:359 - Loaded plugin analytics (category:tool,tabindex:-1)
2024-02-21 19:07:10,773 [INFO] PluginManage:310 - Check plugin cadmodel
2024-02-21 19:07:10,793 [INFO] CADModel:105 - Init CAD model plugin
2024-02-21 19:07:10,793 [INFO] PluginManage:359 - Loaded plugin cadmodel (category:power,tabindex:5)
2024-02-21 19:07:10,793 [INFO] PluginManage:310 - Check plugin clock
2024-02-21 19:07:10,801 [INFO] PluginManage:359 - Loaded plugin clock (category:base,tabindex:2)
2024-02-21 19:07:10,801 [INFO] PluginManage:310 - Check plugin ddr
2024-02-21 19:07:10,803 [INFO] PluginManage:359 - Loaded plugin ddr (category:tool,tabindex:6)
2024-02-21 19:07:10,803 [INFO] PluginManage:310 - Check plugin filemanager
2024-02-21 19:07:10,901 [INFO] PluginManage:359 - Loaded plugin filemanager (category:base,tabindex:10)
2024-02-21 19:07:10,901 [INFO] PluginManage:310 - Check plugin ipmanager
2024-02-21 19:07:10,905 [INFO] PluginManage:359 - Loaded plugin ipmanager (category:base,tabindex:5)
2024-02-21 19:07:10,905 [INFO] PluginManage:310 - Check plugin lpbam
2024-02-21 19:07:10,911 [INFO] PluginManage:359 - Loaded plugin lpbam (category:base,tabindex:0)
2024-02-21 19:07:10,911 [INFO] PluginManage:310 - Check plugin memorymap
2024-02-21 19:07:10,918 [INFO] PluginManage:359 - Loaded plugin memorymap (category:base,tabindex:4)
2024-02-21 19:07:10,918 [INFO] PluginManage:310 - Check plugin pinoutandconfiguration
2024-02-21 19:07:10,923 [INFO] PluginManage:359 - Loaded plugin pinoutandconfiguration (category:base,tabindex:1)
2024-02-21 19:07:10,924 [INFO] PluginManage:310 - Check plugin pinoutconfig
2024-02-21 19:07:10,977 [WARN] SupportedApi:132 - Cannot load RTOS API schema: s4s-elt-must-match.1: The content of 'definitions' must match (annotation?, (simpleType | complexType)?, (unique | key | keyref)*)). A problem was found starting at: attribute.
2024-02-21 19:07:11,070 [INFO] PluginManage:359 - Loaded plugin pinoutconfig (category:base,tabindex:0)
2024-02-21 19:07:11,070 [INFO] PluginManage:310 - Check plugin power
2024-02-21 19:07:11,075 [INFO] PluginManage:359 - Loaded plugin power (category:power,tabindex:4)
2024-02-21 19:07:11,076 [INFO] PluginManage:310 - Check plugin projectmanager
2024-02-21 19:07:11,085 [INFO] PluginManage:359 - Loaded plugin projectmanager (category:projectmanager,tabindex:3)
2024-02-21 19:07:11,085 [INFO] PluginManage:310 - Check plugin thirdparty
2024-02-21 19:07:11,151 [INFO] PluginManage:359 - Loaded plugin thirdparty (category:base,tabindex:-1)
2024-02-21 19:07:11,151 [WARN] IntegrityCheckThread:84 - waiting for thirdparty lock release [integrity check]
2024-02-21 19:07:11,151 [INFO] PluginManage:310 - Check plugin tools
2024-02-21 19:07:11,151 [INFO] IntegrityCheckThread:86 - entering critical section [integrity check]
2024-02-21 19:07:11,152 [INFO] ThirdPartyUpdaterWithRetryManager:70 - Updater plugin not ready yet. [1/15]
2024-02-21 19:07:11,153 [INFO] PluginManage:359 - Loaded plugin tools (category:base,tabindex:7)
2024-02-21 19:07:11,153 [INFO] PluginManage:310 - Check plugin tutovideos
2024-02-21 19:07:11,269 [INFO] PluginManage:359 - Loaded plugin tutovideos (category:base,tabindex:-1)
2024-02-21 19:07:11,269 [INFO] PluginManage:310 - Check plugin updater
2024-02-21 19:07:11,277 [INFO] PluginManage:359 - Loaded plugin updater (category:base,tabindex:12)
2024-02-21 19:07:11,277 [INFO] PluginManage:310 - Check plugin userauth
2024-02-21 19:07:11,280 [INFO] UserAuth:114 - Init User Auth plugin
2024-02-21 19:07:11,281 [INFO] PluginManage:359 - Loaded plugin userauth (category:base,tabindex:14)
2024-02-21 19:07:11,281 [INFO] PluginManage:283 - PluginManage : Loaded plugins [17]
2024-02-21 19:07:11,390 [INFO] PinOutPanel:1499 - setPackage(No Configuration,No Configuration)
2024-02-21 19:07:11,426 [INFO] CADModel:165 - CPN selected for project level
2024-02-21 19:07:11,426 [INFO] CADModel:114 - Register for checkConnection events
2024-02-21 19:07:11,432 [INFO] IPUIPlugin:80 - create IPUIPlugin
2024-02-21 19:07:11,432 [INFO] PluginManager:220 - loadIPPluginJar : add dfsdm
2024-02-21 19:07:11,434 [INFO] IPUIPlugin:80 - create IPUIPlugin
2024-02-21 19:07:11,434 [INFO] PluginManager:220 - loadIPPluginJar : add openamp
2024-02-21 19:07:11,437 [INFO] IPUIPlugin:80 - create IPUIPlugin
2024-02-21 19:07:11,437 [INFO] PluginManager:220 - loadIPPluginJar : add sai
2024-02-21 19:07:11,438 [INFO] IPUIPlugin:80 - create IPUIPlugin
2024-02-21 19:07:11,438 [INFO] PluginManager:220 - loadIPPluginJar : add genericplugin
2024-02-21 19:07:11,439 [INFO] IPUIPlugin:80 - create IPUIPlugin
2024-02-21 19:07:11,439 [INFO] PluginManager:220 - loadIPPluginJar : add i2c
2024-02-21 19:07:11,440 [INFO] IPUIPlugin:80 - create IPUIPlugin
2024-02-21 19:07:11,440 [INFO] PluginManager:220 - loadIPPluginJar : add comp
2024-02-21 19:07:11,442 [INFO] IPUIPlugin:80 - create IPUIPlugin
2024-02-21 19:07:11,443 [INFO] PluginManager:220 - loadIPPluginJar : add gpio
2024-02-21 19:07:11,446 [INFO] IPUIPlugin:80 - create IPUIPlugin
2024-02-21 19:07:11,448 [INFO] PluginManager:220 - loadIPPluginJar : add plateformsettings
2024-02-21 19:07:11,449 [INFO] IPUIPlugin:80 - create IPUIPlugin
2024-02-21 19:07:11,449 [INFO] PluginManager:220 - loadIPPluginJar : add quadspi
2024-02-21 19:07:11,450 [INFO] IPUIPlugin:80 - create IPUIPlugin
2024-02-21 19:07:11,450 [INFO] PluginManager:220 - loadIPPluginJar : add i2s
2024-02-21 19:07:11,451 [INFO] IPUIPlugin:80 - create IPUIPlugin
2024-02-21 19:07:11,451 [INFO] PluginManager:220 - loadIPPluginJar : add usbx
2024-02-21 19:07:11,452 [INFO] IPUIPlugin:80 - create IPUIPlugin
2024-02-21 19:07:11,452 [INFO] PluginManager:220 - loadIPPluginJar : add tim
2024-02-21 19:07:11,453 [INFO] IPUIPlugin:80 - create IPUIPlugin
2024-02-21 19:07:11,453 [INFO] PluginManager:220 - loadIPPluginJar : add hash
2024-02-21 19:07:11,455 [INFO] IPUIPlugin:80 - create IPUIPlugin
2024-02-21 19:07:11,455 [INFO] PluginManager:220 - loadIPPluginJar : add pdm2pcm
2024-02-21 19:07:11,456 [INFO] IPUIPlugin:80 - create IPUIPlugin
2024-02-21 19:07:11,456 [INFO] PluginManager:220 - loadIPPluginJar : add ts
2024-02-21 19:07:11,456 [INFO] IPUIPlugin:80 - create IPUIPlugin
2024-02-21 19:07:11,456 [INFO] PluginManager:220 - loadIPPluginJar : add tsc
2024-02-21 19:07:11,458 [INFO] IPUIPlugin:80 - create IPUIPlugin
2024-02-21 19:07:11,458 [INFO] PluginManager:220 - loadIPPluginJar : add aes
2024-02-21 19:07:11,461 [INFO] IPUIPlugin:80 - create IPUIPlugin
2024-02-21 19:07:11,461 [INFO] PluginManager:220 - loadIPPluginJar : add resmgrutility
2024-02-21 19:07:11,463 [INFO] IPUIPlugin:80 - create IPUIPlugin
2024-02-21 19:07:11,463 [INFO] PluginManager:220 - loadIPPluginJar : add stm32_wpan
2024-02-21 19:07:11,464 [INFO] IPUIPlugin:80 - create IPUIPlugin
2024-02-21 19:07:11,464 [INFO] PluginManager:220 - loadIPPluginJar : add tracer_emb
2024-02-21 19:07:11,466 [INFO] IPUIPlugin:80 - create IPUIPlugin
2024-02-21 19:07:11,466 [INFO] PluginManager:220 - loadIPPluginJar : add nvic
2024-02-21 19:07:11,467 [INFO] IPUIPlugin:80 - create IPUIPlugin
2024-02-21 19:07:11,467 [INFO] PluginManager:220 - loadIPPluginJar : add ltdc
2024-02-21 19:07:11,468 [INFO] IPUIPlugin:80 - create IPUIPlugin
2024-02-21 19:07:11,468 [INFO] PluginManager:220 - loadIPPluginJar : add fatfs
2024-02-21 19:07:11,469 [INFO] IPUIPlugin:80 - create IPUIPlugin
2024-02-21 19:07:11,470 [INFO] PluginManager:220 - loadIPPluginJar : add touchsensing
2024-02-21 19:07:11,473 [INFO] IPUIPlugin:80 - create IPUIPlugin
2024-02-21 19:07:11,473 [INFO] PluginManager:220 - loadIPPluginJar : add freertos
2024-02-21 19:07:11,477 [INFO] IPUIPlugin:80 - create IPUIPlugin
2024-02-21 19:07:11,477 [INFO] PluginManager:220 - loadIPPluginJar : add adc
2024-02-21 19:07:11,479 [INFO] IPUIPlugin:80 - create IPUIPlugin
2024-02-21 19:07:11,479 [INFO] PluginManager:220 - loadIPPluginJar : add usart
2024-02-21 19:07:11,480 [INFO] IPUIPlugin:80 - create IPUIPlugin
2024-02-21 19:07:11,480 [INFO] PluginManager:220 - loadIPPluginJar : add lorawan
2024-02-21 19:07:11,482 [INFO] IPUIPlugin:80 - create IPUIPlugin
2024-02-21 19:07:11,482 [INFO] PluginManager:220 - loadIPPluginJar : add fmc
2024-02-21 19:07:11,483 [INFO] IPUIPlugin:80 - create IPUIPlugin
2024-02-21 19:07:11,483 [INFO] PluginManager:220 - loadIPPluginJar : add opamp
2024-02-21 19:07:11,484 [INFO] IPUIPlugin:80 - create IPUIPlugin
2024-02-21 19:07:11,484 [INFO] PluginManager:220 - loadIPPluginJar : add can
2024-02-21 19:07:11,486 [INFO] IPUIPlugin:80 - create IPUIPlugin
2024-02-21 19:07:11,486 [INFO] PluginManager:220 - loadIPPluginJar : add dma3
2024-02-21 19:07:11,487 [INFO] IPUIPlugin:80 - create IPUIPlugin
2024-02-21 19:07:11,487 [INFO] PluginManager:220 - loadIPPluginJar : add i3c
2024-02-21 19:07:11,488 [INFO] IPUIPlugin:80 - create IPUIPlugin
2024-02-21 19:07:11,488 [INFO] PluginManager:220 - loadIPPluginJar : add ucpd
2024-02-21 19:07:11,489 [INFO] IPUIPlugin:80 - create IPUIPlugin
2024-02-21 19:07:11,489 [INFO] PluginManager:220 - loadIPPluginJar : add cryp
2024-02-21 19:07:11,490 [INFO] IPUIPlugin:80 - create IPUIPlugin
2024-02-21 19:07:11,490 [INFO] PluginManager:220 - loadIPPluginJar : add spi
2024-02-21 19:07:11,491 [INFO] IPUIPlugin:80 - create IPUIPlugin
2024-02-21 19:07:11,491 [INFO] PluginManager:220 - loadIPPluginJar : add gfxmmu
2024-02-21 19:07:11,495 [INFO] IPUIPlugin:80 - create IPUIPlugin
2024-02-21 19:07:11,495 [INFO] PluginManager:220 - loadIPPluginJar : add mdma
2024-02-21 19:07:11,499 [INFO] IPUIPlugin:80 - create IPUIPlugin
2024-02-21 19:07:11,499 [INFO] PluginManager:220 - loadIPPluginJar : add dma
2024-02-21 19:07:11,500 [INFO] IPUIPlugin:80 - create IPUIPlugin
2024-02-21 19:07:11,500 [INFO] PluginManager:220 - loadIPPluginJar : add gtzc
2024-02-21 19:07:11,502 [INFO] IPUIPlugin:80 - create IPUIPlugin
2024-02-21 19:07:11,502 [INFO] PluginManager:220 - loadIPPluginJar : add ipddr
2024-02-21 19:07:11,505 [INFO] IPUIPlugin:80 - create IPUIPlugin
2024-02-21 19:07:11,505 [INFO] PluginManager:220 - loadIPPluginJar : add gic
2024-02-21 19:07:11,509 [INFO] IPUIPlugin:80 - create IPUIPlugin
2024-02-21 19:07:11,509 [INFO] PluginManager:220 - loadIPPluginJar : add linkedlist
2024-02-21 19:07:11,601 [INFO] CADModel:165 - CPN selected for project level
2024-02-21 19:07:11,602 [INFO] CADModel:114 - Register for checkConnection events
2024-02-21 19:07:11,602 [FATAL] Updater:308 - Updater called before beeing initialized
2024-02-21 19:07:11,602 [ERROR] CADModel:125 - Updater not yet initialized, retry later 
2024-02-21 19:07:11,685 [INFO] CADModel:165 - CPN selected for project level
2024-02-21 19:07:11,685 [INFO] CADModel:114 - Register for checkConnection events
2024-02-21 19:07:11,685 [FATAL] Updater:308 - Updater called before beeing initialized
2024-02-21 19:07:11,685 [ERROR] CADModel:125 - Updater not yet initialized, retry later 
2024-02-21 19:07:11,688 [FATAL] Updater:308 - Updater called before beeing initialized
2024-02-21 19:07:11,734 [FATAL] Updater:308 - Updater called before beeing initialized
2024-02-21 19:07:11,736 [INFO] DbMcusAds:53 - JSON generation date=Wed Nov 29 16:22:27 IST 2023 (1701255147349)
2024-02-21 19:07:11,736 [FATAL] Updater:308 - Updater called before beeing initialized
2024-02-21 19:07:11,761 [WARN] DetailPanel:346 - Failed to get advertising image, set to default
2024-02-21 19:07:11,847 [FATAL] Updater:308 - Updater called before beeing initialized
2024-02-21 19:07:11,848 [FATAL] Updater:308 - Updater called before beeing initialized
2024-02-21 19:07:11,848 [FATAL] Updater:308 - Updater called before beeing initialized
2024-02-21 19:07:11,849 [WARN] DetailPanel:346 - Failed to get advertising image, set to default
2024-02-21 19:07:11,849 [FATAL] Updater:308 - Updater called before beeing initialized
2024-02-21 19:07:11,874 [ERROR] Updater:1120 - MainUpdater not yet initialized. External WinMGr cannot be set.
2024-02-21 19:07:11,877 [INFO] Updater:1056 - Updater Version found : 6.10.0
2024-02-21 19:07:11,891 [INFO] ApplicationProperties:184 - Using Application install path: /home/ritik/st/stm32cubeide_1.14.0/plugins/com.st.stm32cube.common.mx_6.10.0.202311202037
2024-02-21 19:07:12,999 [INFO] MainUpdater:2873 - connection check result : 10
2024-02-21 19:07:12,999 [INFO] MainUpdater:290 - Updater Check For Update Now.
2024-02-21 19:07:12,999 [INFO] MicroXplorer:498 - Change Database Version : DB.6.0.100
2024-02-21 19:07:13,002 [INFO] McuFinderGlobals:63 - Set McuFinder mode to 2 (CubeIDE integrated)
2024-02-21 19:07:13,003 [INFO] UserAuth:180 - activating auth plugin
2024-02-21 19:07:13,004 [INFO] UserAuth:404 - Internet connection configuration mode: 1
2024-02-21 19:07:13,014 [INFO] JxBrowserEngine:152 - Initiate JxBrowser Engine with user profile folder
2024-02-21 19:07:13,147 [INFO] CheckServerUpdateThread:120 - End of CheckServer Thread
2024-02-21 19:07:13,649 [INFO] WebApp:161 - Instantiating new browser for Auth
2024-02-21 19:07:14,226 [WARN] PackLoader:240 - Cannot read IP mode file for STMicroelectronics.X-CUBE-SMBUS.2.1.0
2024-02-21 19:07:14,231 [WARN] PackLoader:240 - Cannot read IP mode file for STMicroelectronics.X-CUBE-TOUCHGFX.4.23.0
2024-02-21 19:07:14,252 [WARN] PackLoader:240 - Cannot read IP mode file for STMicroelectronics.X-CUBE-AZRTOS-F7.1.1.0
2024-02-21 19:07:14,259 [WARN] PackLoader:240 - Cannot read IP mode file for STMicroelectronics.FP-SNS-MOTENV1.4.3.2
2024-02-21 19:07:14,263 [WARN] PackLoader:240 - Cannot read IP mode file for STMicroelectronics.FP-SNS-FLIGHT1.5.0.2
2024-02-21 19:07:14,268 [WARN] PackLoader:240 - Cannot read IP mode file for STMicroelectronics.X-CUBE-DISPLAY.3.0.0
2024-02-21 19:07:14,276 [WARN] PackLoader:240 - Cannot read IP mode file for STMicroelectronics.X-CUBE-BLE1.7.0.0
2024-02-21 19:07:14,279 [WARN] PackLoader:240 - Cannot read IP mode file for emotas.I-CUBE-CANOPEN.1.3.0
2024-02-21 19:07:14,282 [WARN] PackLoader:240 - Cannot read IP mode file for STMicroelectronics.FP-SNS-SMARTAG2.1.2.0
2024-02-21 19:07:14,286 [INFO] WebApp:780 - Register for checkConnection events
2024-02-21 19:07:14,286 [INFO] WebApp:414 - Apply proxy settings
2024-02-21 19:07:14,286 [INFO] WebApp:499 - Chromium requires no authentication
2024-02-21 19:07:14,289 [INFO] LogOutputStream:77 - [STDOUT_REDIRECT] 1 : Invalid condition id : UX_CORESTACK_Condition cause : null
2024-02-21 19:07:14,289 [INFO] LogOutputStream:77 - [STDOUT_REDIRECT] 1 : Invalid condition id : UX_CORESTACK_Condition cause : null
2024-02-21 19:07:14,289 [INFO] LogOutputStream:77 - [STDOUT_REDIRECT] 1 : Invalid condition id : UX_CORESTACK_Condition cause : null
2024-02-21 19:07:14,290 [INFO] LogOutputStream:77 - [STDOUT_REDIRECT] 1 : Invalid condition id : UX_CORESTACK_Condition cause : null
2024-02-21 19:07:14,290 [INFO] LogOutputStream:77 - [STDOUT_REDIRECT] 1 : Invalid condition id : UX_CORESTACK_Condition cause : null
2024-02-21 19:07:14,292 [WARN] PackLoader:240 - Cannot read IP mode file for STMicroelectronics.X-CUBE-AZRTOS-WL.2.0.0
2024-02-21 19:07:14,292 [INFO] WebApp:442 - Direct internet connection detected
2024-02-21 19:07:14,297 [WARN] PackLoader:240 - Cannot read IP mode file for STMicroelectronics.X-CUBE-BLE2.3.3.0
2024-02-21 19:07:14,302 [WARN] PackLoader:240 - Cannot read IP mode file for STMicroelectronics.X-CUBE-ALGOBUILD.1.3.0
2024-02-21 19:07:14,319 [WARN] PackLoader:240 - Cannot read IP mode file for STMicroelectronics.X-CUBE-AZRTOS-G0.1.1.0
2024-02-21 19:07:14,324 [WARN] PackLoader:240 - Cannot read IP mode file for STMicroelectronics.X-CUBE-NFC4.3.0.0
2024-02-21 19:07:14,330 [WARN] PackLoader:240 - Cannot read IP mode file for STMicroelectronics.X-CUBE-BLEMGR.3.0.0
2024-02-21 19:07:14,334 [WARN] PackLoader:240 - Cannot read IP mode file for STMicroelectronics.FP-ATR-SIGFOX1.3.2.0
2024-02-21 19:07:14,337 [WARN] PackLoader:240 - Cannot read IP mode file for STMicroelectronics.X-CUBE-EEPRMA1.5.1.0
2024-02-21 19:07:14,342 [WARN] PackLoader:240 - Cannot read IP mode file for STMicroelectronics.X-CUBE-GNSS1.6.0.0
2024-02-21 19:07:14,351 [WARN] PackLoader:240 - Cannot read IP mode file for STMicroelectronics.X-CUBE-AZRTOS-F4.1.1.0
2024-02-21 19:07:14,363 [WARN] PackLoader:240 - Cannot read IP mode file for STMicroelectronics.X-CUBE-AZRTOS-L5.2.0.0
2024-02-21 19:07:14,368 [WARN] PackLoader:240 - Cannot read IP mode file for STMicroelectronics.X-CUBE-EEPRMA1.4.2.0
2024-02-21 19:07:14,371 [WARN] PackLoader:240 - Cannot read IP mode file for ITTIA_DB.I-CUBE-ITTIADB.8.8.0
2024-02-21 19:07:14,373 [WARN] PackLoader:240 - Cannot read IP mode file for STMicroelectronics.X-CUBE-NFC7.1.0.1
2024-02-21 19:07:14,377 [WARN] PackLoader:240 - Cannot read IP mode file for STMicroelectronics.X-CUBE-NFC6.3.0.0
2024-02-21 19:07:14,380 [WARN] PackLoader:240 - Cannot read IP mode file for STMicroelectronics.X-CUBE-AI.8.1.0
2024-02-21 19:07:14,389 [WARN] ConditionMgr:438 - getConditionDescription Invalid condition id : LAN8742 Phy interface Condition cause : null
2024-02-21 19:07:14,389 [WARN] PackLoader:240 - Cannot read IP mode file for STMicroelectronics.X-CUBE-AZRTOS-L4.2.0.0
2024-02-21 19:07:14,390 [WARN] ConditionMgr:1039 - genDependencies : Invalid condition id : LAN8742 Phy interface Condition cause : null
2024-02-21 19:07:14,390 [WARN] ConditionMgr:1039 - genDependencies : Invalid condition id : LAN8742 Phy interface Condition cause : null
2024-02-21 19:07:14,391 [WARN] ConditionMgr:1039 - genDependencies : Invalid condition id : LAN8742 Phy interface Condition cause : null
2024-02-21 19:07:14,395 [WARN] PackLoader:240 - Cannot read IP mode file for STMicroelectronics.X-CUBE-SFXS2LP1.4.0.0
2024-02-21 19:07:14,402 [WARN] ConditionMgr:438 - getConditionDescription Invalid condition id : UX DEVICE CLASS RTOS Condition cause : null
2024-02-21 19:07:14,402 [WARN] ConditionMgr:438 - getConditionDescription Invalid condition id : UX DEVICE CLASS RTOS Condition cause : null
2024-02-21 19:07:14,403 [WARN] PackLoader:240 - Cannot read IP mode file for STMicroelectronics.X-CUBE-AZRTOS-WB.2.0.0
2024-02-21 19:07:14,404 [WARN] ConditionMgr:1039 - genDependencies : Invalid condition id : UX DEVICE CLASS RTOS Condition cause : null
2024-02-21 19:07:14,404 [WARN] ConditionMgr:1039 - genDependencies : Invalid condition id : UX DEVICE CLASS RTOS Condition cause : null
2024-02-21 19:07:14,404 [WARN] ConditionMgr:1039 - genDependencies : Invalid condition id : UX DEVICE CLASS RTOS Condition cause : null
2024-02-21 19:07:14,404 [WARN] ConditionMgr:1039 - genDependencies : Invalid condition id : UX DEVICE CLASS RTOS Condition cause : null
2024-02-21 19:07:14,404 [WARN] ConditionMgr:1039 - genDependencies : Invalid condition id : UX DEVICE CLASS RTOS Condition cause : null
2024-02-21 19:07:14,409 [WARN] PackLoader:240 - Cannot read IP mode file for STMicroelectronics.X-CUBE-SUBG2.5.0.0
2024-02-21 19:07:14,420 [WARN] PackLoader:240 - Cannot read IP mode file for STMicroelectronics.X-CUBE-AZRTOS-G4.2.0.0
2024-02-21 19:07:14,428 [WARN] PackLoader:240 - Cannot read IP mode file for Infineon.AIROC-Wi-Fi-Bluetooth-STM32.1.5.1
2024-02-21 19:07:14,429 [INFO] WebApp:192 - Starting web application
2024-02-21 19:07:14,429 [INFO] WebApp:544 - Web application path used /home/ritik/st/stm32cubeide_1.14.0/plugins/com.st.stm32cube.common.mx_6.10.0.202311202037/db/plugins/mcufinder/reactClient1/index.html
2024-02-21 19:07:14,435 [WARN] PackLoader:240 - Cannot read IP mode file for STMicroelectronics.FP-SNS-MOTENVWB1.1.3.1
2024-02-21 19:07:14,438 [WARN] PackLoader:240 - Cannot read IP mode file for STMicroelectronics.X-CUBE-ISPU.2.0.0
2024-02-21 19:07:14,472 [WARN] PackLoader:240 - Cannot read IP mode file for STMicroelectronics.X-CUBE-MEMS1.10.0.0
2024-02-21 19:07:14,569 [WARN] PackLoader:240 - Cannot read IP mode file for STMicroelectronics.X-CUBE-FREERTOS.1.1.0
2024-02-21 19:07:14,573 [WARN] PackLoader:240 - Cannot read IP mode file for STMicroelectronics.X-CUBE-ALS.1.0.1
2024-02-21 19:07:14,575 [WARN] PackLoader:240 - Cannot read IP mode file for STMicroelectronics.FP-ATR-ASTRA1.2.0.0
2024-02-21 19:07:14,580 [WARN] PackLoader:240 - Cannot read IP mode file for STMicroelectronics.X-CUBE-TOF1.3.4.0
2024-02-21 19:07:14,598 [WARN] PackLoader:240 - Cannot read IP mode file for STMicroelectronics.X-CUBE-AZRTOS-H7.3.2.0
2024-02-21 19:07:14,600 [INFO] ThirdParty:978 - Integrity check success = true
2024-02-21 19:07:14,600 [INFO] IntegrityCheckThread:100 - exiting critical section [integrity check]
2024-02-21 19:07:14,600 [INFO] IntegrityCheckThread:103 - End integrity checks thread
2024-02-21 19:07:34,919 [ERROR] LogOutputStream:75 - [STDERR_REDIRECT] SLF4J: Failed to load class "org.slf4j.impl.StaticLoggerBinder".
2024-02-21 19:07:34,920 [ERROR] LogOutputStream:75 - [STDERR_REDIRECT] SLF4J: Defaulting to no-operation (NOP) logger implementation
2024-02-21 19:07:34,920 [ERROR] LogOutputStream:75 - [STDERR_REDIRECT] SLF4J: See http://www.slf4j.org/codes.html#StaticLoggerBinder for further details.
2024-02-21 20:58:43,941 [ERROR] LogOutputStream:75 - [STDERR_REDIRECT] 
