2024-01-27 01:41:38,937 [INFO] Activator:176 - 


2024-01-27 01:41:38,941 [INFO] Activator:177 - !SESSION log4j initialized
2024-01-27 01:41:48,004 [INFO] LogOutputStream:77 - [STDOUT_REDIRECT] 
2024-01-27 01:41:48,589 [INFO] ApplicationProperties:184 - Using Application install path: /home/ritik/st/stm32cubeide_1.14.0/plugins/com.st.stm32cube.common.mx_6.10.0.202311202037
2024-01-27 01:41:48,600 [INFO] DbMcusXml:78 - Set database path to: /home/ritik/st/stm32cubeide_1.14.0/plugins/com.st.stm32cube.common.mx_6.10.0.202311202037//db//mcu/
2024-01-27 01:41:48,600 [INFO] ApiDb:274 - Set plugin database path to: /home/ritik/st/stm32cubeide_1.14.0/plugins/com.st.stm32cube.common.mx_6.10.0.202311202037//db//plugins/boardmanager/
2024-01-27 01:41:48,600 [WARN] ApiDb:259 - Overriding images path with different value:  => /home/ritik/st/stm32cubeide_1.14.0/plugins/com.st.stm32cube.common.mx_6.10.0.202311202037//db//plugins/mcufinder/images/
2024-01-27 01:41:48,605 [INFO] ApiDb:250 - Set database path to: /home/ritik/.stmcufinder/plugins/mcufinder//mcu/
2024-01-27 01:41:48,606 [INFO] DbMcusAds:125 - Set database path to: /home/ritik/.stmcufinder/plugins/mcufinder//mcu/
2024-01-27 01:41:48,607 [INFO] CrossReferenceDbSqlite:203 - Set database path to: /home/ritik/.stmcufinder/plugins/mcufinder//mcu/cs/
2024-01-27 01:41:48,684 [INFO] RulesReader:64 - Compatibility file has been processed (297 Rules)
2024-01-27 01:41:48,726 [INFO] DbMcusXml:78 - Set database path to: /home/ritik/st/stm32cubeide_1.14.0/plugins/com.st.stm32cube.common.mx_6.10.0.202311202037//db//mcu/
2024-01-27 01:41:48,726 [INFO] ApiDb:274 - Set plugin database path to: /home/ritik/st/stm32cubeide_1.14.0/plugins/com.st.stm32cube.common.mx_6.10.0.202311202037//db//plugins/boardmanager/
2024-01-27 01:41:48,727 [INFO] ApiDb:261 - Set plugin images path to: /home/ritik/st/stm32cubeide_1.14.0/plugins/com.st.stm32cube.common.mx_6.10.0.202311202037//db//plugins/mcufinder/images/
2024-01-27 01:41:48,727 [WARN] DbFile:41 - Overriding database path with different value: /home/ritik/.stmcufinder/plugins/mcufinder/ => /home/ritik/.stmcufinder/plugins/mcufinder
2024-01-27 01:41:48,727 [INFO] ApiDb:250 - Set database path to: /home/ritik/.stmcufinder/plugins/mcufinder//mcu/
2024-01-27 01:41:48,727 [WARN] DbFile:41 - Overriding database path with different value: /home/ritik/.stmcufinder/plugins/mcufinder/ => /home/ritik/.stmcufinder/plugins/mcufinder
2024-01-27 01:41:48,727 [INFO] DbMcusAds:125 - Set database path to: /home/ritik/.stmcufinder/plugins/mcufinder//mcu/
2024-01-27 01:41:48,727 [WARN] DbFile:41 - Overriding database path with different value: /home/ritik/.stmcufinder/plugins/mcufinder/ => /home/ritik/.stmcufinder/plugins/mcufinder
2024-01-27 01:41:48,727 [WARN] DbFile:41 - Overriding database path with different value: /home/ritik/.stmcufinder/plugins/mcufinder/ => /home/ritik/.stmcufinder/plugins/mcufinder
2024-01-27 01:41:48,727 [INFO] CrossReferenceDbSqlite:203 - Set database path to: /home/ritik/.stmcufinder/plugins/mcufinder//mcu/cs/
2024-01-27 01:41:48,778 [INFO] MainPanel:264 - HeapMemory: 268435456
2024-01-27 01:41:48,846 [INFO] DbMcusXml:78 - Set database path to: /home/ritik/st/stm32cubeide_1.14.0/plugins/com.st.stm32cube.common.mx_6.10.0.202311202037//db//mcu/
2024-01-27 01:41:48,846 [INFO] ApiDb:274 - Set plugin database path to: /home/ritik/st/stm32cubeide_1.14.0/plugins/com.st.stm32cube.common.mx_6.10.0.202311202037//db//plugins/boardmanager/
2024-01-27 01:41:48,846 [INFO] ApiDb:261 - Set plugin images path to: /home/ritik/st/stm32cubeide_1.14.0/plugins/com.st.stm32cube.common.mx_6.10.0.202311202037//db//plugins/mcufinder/images/
2024-01-27 01:41:48,846 [WARN] DbFile:41 - Overriding database path with different value: /home/ritik/.stmcufinder/plugins/mcufinder/ => /home/ritik/.stmcufinder/plugins/mcufinder
2024-01-27 01:41:48,846 [INFO] ApiDb:250 - Set database path to: /home/ritik/.stmcufinder/plugins/mcufinder//mcu/
2024-01-27 01:41:48,846 [WARN] DbFile:41 - Overriding database path with different value: /home/ritik/.stmcufinder/plugins/mcufinder/ => /home/ritik/.stmcufinder/plugins/mcufinder
2024-01-27 01:41:48,846 [INFO] DbMcusAds:125 - Set database path to: /home/ritik/.stmcufinder/plugins/mcufinder//mcu/
2024-01-27 01:41:48,846 [WARN] DbFile:41 - Overriding database path with different value: /home/ritik/.stmcufinder/plugins/mcufinder/ => /home/ritik/.stmcufinder/plugins/mcufinder
2024-01-27 01:41:48,847 [WARN] DbFile:41 - Overriding database path with different value: /home/ritik/.stmcufinder/plugins/mcufinder/ => /home/ritik/.stmcufinder/plugins/mcufinder
2024-01-27 01:41:48,847 [INFO] CrossReferenceDbSqlite:203 - Set database path to: /home/ritik/.stmcufinder/plugins/mcufinder//mcu/cs/
2024-01-27 01:41:48,861 [INFO] ApplicationProperties:184 - Using Application install path: /home/ritik/st/stm32cubeide_1.14.0/plugins/com.st.stm32cube.common.mx_6.10.0.202311202037
2024-01-27 01:41:48,862 [INFO] PluginManage:196 - Search for loadable plugins [exclusion list=, ]
2024-01-27 01:41:48,863 [INFO] PluginManage:310 - Check plugin analytics
2024-01-27 01:41:48,992 [INFO] AnalyticsPlugin:253 - Accepted Software Licenses: 
2024-01-27 01:41:48,992 [INFO] AnalyticsPlugin:255 - Accepted CMSIS Pack Licenses: 
2024-01-27 01:41:48,992 [INFO] AnalyticsPlugin:257 - Accepted Firmware Licenses: 
2024-01-27 01:41:48,994 [INFO] PluginManage:359 - Loaded plugin analytics (category:tool,tabindex:-1)
2024-01-27 01:41:48,994 [INFO] PluginManage:310 - Check plugin cadmodel
2024-01-27 01:41:49,063 [INFO] CADModel:105 - Init CAD model plugin
2024-01-27 01:41:49,063 [INFO] PluginManage:359 - Loaded plugin cadmodel (category:power,tabindex:5)
2024-01-27 01:41:49,064 [INFO] PluginManage:310 - Check plugin clock
2024-01-27 01:41:49,072 [INFO] PluginManage:359 - Loaded plugin clock (category:base,tabindex:2)
2024-01-27 01:41:49,073 [INFO] PluginManage:310 - Check plugin ddr
2024-01-27 01:41:49,074 [INFO] PluginManage:359 - Loaded plugin ddr (category:tool,tabindex:6)
2024-01-27 01:41:49,074 [INFO] PluginManage:310 - Check plugin filemanager
2024-01-27 01:41:49,183 [INFO] PluginManage:359 - Loaded plugin filemanager (category:base,tabindex:10)
2024-01-27 01:41:49,183 [INFO] PluginManage:310 - Check plugin ipmanager
2024-01-27 01:41:49,187 [INFO] PluginManage:359 - Loaded plugin ipmanager (category:base,tabindex:5)
2024-01-27 01:41:49,187 [INFO] PluginManage:310 - Check plugin lpbam
2024-01-27 01:41:49,195 [INFO] PluginManage:359 - Loaded plugin lpbam (category:base,tabindex:0)
2024-01-27 01:41:49,196 [INFO] PluginManage:310 - Check plugin memorymap
2024-01-27 01:41:49,205 [INFO] PluginManage:359 - Loaded plugin memorymap (category:base,tabindex:4)
2024-01-27 01:41:49,205 [INFO] PluginManage:310 - Check plugin pinoutandconfiguration
2024-01-27 01:41:49,211 [INFO] PluginManage:359 - Loaded plugin pinoutandconfiguration (category:base,tabindex:1)
2024-01-27 01:41:49,211 [INFO] PluginManage:310 - Check plugin pinoutconfig
2024-01-27 01:41:49,270 [WARN] SupportedApi:132 - Cannot load RTOS API schema: s4s-elt-must-match.1: The content of 'definitions' must match (annotation?, (simpleType | complexType)?, (unique | key | keyref)*)). A problem was found starting at: attribute.
2024-01-27 01:41:49,355 [INFO] PluginManage:359 - Loaded plugin pinoutconfig (category:base,tabindex:0)
2024-01-27 01:41:49,355 [INFO] PluginManage:310 - Check plugin power
2024-01-27 01:41:49,361 [INFO] PluginManage:359 - Loaded plugin power (category:power,tabindex:4)
2024-01-27 01:41:49,361 [INFO] PluginManage:310 - Check plugin projectmanager
2024-01-27 01:41:49,371 [INFO] PluginManage:359 - Loaded plugin projectmanager (category:projectmanager,tabindex:3)
2024-01-27 01:41:49,372 [INFO] PluginManage:310 - Check plugin thirdparty
2024-01-27 01:41:49,440 [INFO] PluginManage:359 - Loaded plugin thirdparty (category:base,tabindex:-1)
2024-01-27 01:41:49,440 [INFO] PluginManage:310 - Check plugin tools
2024-01-27 01:41:49,440 [WARN] IntegrityCheckThread:84 - waiting for thirdparty lock release [integrity check]
2024-01-27 01:41:49,440 [INFO] IntegrityCheckThread:86 - entering critical section [integrity check]
2024-01-27 01:41:49,440 [INFO] ThirdPartyUpdaterWithRetryManager:70 - Updater plugin not ready yet. [1/15]
2024-01-27 01:41:49,441 [INFO] PluginManage:359 - Loaded plugin tools (category:base,tabindex:7)
2024-01-27 01:41:49,441 [INFO] PluginManage:310 - Check plugin tutovideos
2024-01-27 01:41:49,554 [INFO] PluginManage:359 - Loaded plugin tutovideos (category:base,tabindex:-1)
2024-01-27 01:41:49,555 [INFO] PluginManage:310 - Check plugin updater
2024-01-27 01:41:49,563 [INFO] PluginManage:359 - Loaded plugin updater (category:base,tabindex:12)
2024-01-27 01:41:49,563 [INFO] PluginManage:310 - Check plugin userauth
2024-01-27 01:41:49,567 [INFO] UserAuth:114 - Init User Auth plugin
2024-01-27 01:41:49,567 [INFO] PluginManage:359 - Loaded plugin userauth (category:base,tabindex:14)
2024-01-27 01:41:49,567 [INFO] PluginManage:283 - PluginManage : Loaded plugins [17]
2024-01-27 01:41:49,689 [INFO] PinOutPanel:1499 - setPackage(No Configuration,No Configuration)
2024-01-27 01:41:49,730 [INFO] CADModel:165 - CPN selected for project level
2024-01-27 01:41:49,730 [INFO] CADModel:114 - Register for checkConnection events
2024-01-27 01:41:49,737 [INFO] IPUIPlugin:80 - create IPUIPlugin
2024-01-27 01:41:49,737 [INFO] PluginManager:220 - loadIPPluginJar : add dfsdm
2024-01-27 01:41:49,739 [INFO] IPUIPlugin:80 - create IPUIPlugin
2024-01-27 01:41:49,739 [INFO] PluginManager:220 - loadIPPluginJar : add openamp
2024-01-27 01:41:49,742 [INFO] IPUIPlugin:80 - create IPUIPlugin
2024-01-27 01:41:49,742 [INFO] PluginManager:220 - loadIPPluginJar : add sai
2024-01-27 01:41:49,743 [INFO] IPUIPlugin:80 - create IPUIPlugin
2024-01-27 01:41:49,743 [INFO] PluginManager:220 - loadIPPluginJar : add genericplugin
2024-01-27 01:41:49,745 [INFO] IPUIPlugin:80 - create IPUIPlugin
2024-01-27 01:41:49,745 [INFO] PluginManager:220 - loadIPPluginJar : add i2c
2024-01-27 01:41:49,746 [INFO] IPUIPlugin:80 - create IPUIPlugin
2024-01-27 01:41:49,746 [INFO] PluginManager:220 - loadIPPluginJar : add comp
2024-01-27 01:41:49,749 [INFO] IPUIPlugin:80 - create IPUIPlugin
2024-01-27 01:41:49,749 [INFO] PluginManager:220 - loadIPPluginJar : add gpio
2024-01-27 01:41:49,754 [INFO] IPUIPlugin:80 - create IPUIPlugin
2024-01-27 01:41:49,755 [INFO] PluginManager:220 - loadIPPluginJar : add plateformsettings
2024-01-27 01:41:49,756 [INFO] IPUIPlugin:80 - create IPUIPlugin
2024-01-27 01:41:49,756 [INFO] PluginManager:220 - loadIPPluginJar : add quadspi
2024-01-27 01:41:49,757 [INFO] IPUIPlugin:80 - create IPUIPlugin
2024-01-27 01:41:49,757 [INFO] PluginManager:220 - loadIPPluginJar : add i2s
2024-01-27 01:41:49,759 [INFO] IPUIPlugin:80 - create IPUIPlugin
2024-01-27 01:41:49,759 [INFO] PluginManager:220 - loadIPPluginJar : add usbx
2024-01-27 01:41:49,760 [INFO] IPUIPlugin:80 - create IPUIPlugin
2024-01-27 01:41:49,760 [INFO] PluginManager:220 - loadIPPluginJar : add tim
2024-01-27 01:41:49,761 [INFO] IPUIPlugin:80 - create IPUIPlugin
2024-01-27 01:41:49,761 [INFO] PluginManager:220 - loadIPPluginJar : add hash
2024-01-27 01:41:49,763 [INFO] IPUIPlugin:80 - create IPUIPlugin
2024-01-27 01:41:49,763 [INFO] PluginManager:220 - loadIPPluginJar : add pdm2pcm
2024-01-27 01:41:49,764 [INFO] IPUIPlugin:80 - create IPUIPlugin
2024-01-27 01:41:49,764 [INFO] PluginManager:220 - loadIPPluginJar : add ts
2024-01-27 01:41:49,764 [INFO] IPUIPlugin:80 - create IPUIPlugin
2024-01-27 01:41:49,765 [INFO] PluginManager:220 - loadIPPluginJar : add tsc
2024-01-27 01:41:49,766 [INFO] IPUIPlugin:80 - create IPUIPlugin
2024-01-27 01:41:49,766 [INFO] PluginManager:220 - loadIPPluginJar : add aes
2024-01-27 01:41:49,769 [INFO] IPUIPlugin:80 - create IPUIPlugin
2024-01-27 01:41:49,769 [INFO] PluginManager:220 - loadIPPluginJar : add resmgrutility
2024-01-27 01:41:49,772 [INFO] IPUIPlugin:80 - create IPUIPlugin
2024-01-27 01:41:49,772 [INFO] PluginManager:220 - loadIPPluginJar : add stm32_wpan
2024-01-27 01:41:49,773 [INFO] IPUIPlugin:80 - create IPUIPlugin
2024-01-27 01:41:49,773 [INFO] PluginManager:220 - loadIPPluginJar : add tracer_emb
2024-01-27 01:41:49,775 [INFO] IPUIPlugin:80 - create IPUIPlugin
2024-01-27 01:41:49,775 [INFO] PluginManager:220 - loadIPPluginJar : add nvic
2024-01-27 01:41:49,776 [INFO] IPUIPlugin:80 - create IPUIPlugin
2024-01-27 01:41:49,776 [INFO] PluginManager:220 - loadIPPluginJar : add ltdc
2024-01-27 01:41:49,777 [INFO] IPUIPlugin:80 - create IPUIPlugin
2024-01-27 01:41:49,777 [INFO] PluginManager:220 - loadIPPluginJar : add fatfs
2024-01-27 01:41:49,778 [INFO] IPUIPlugin:80 - create IPUIPlugin
2024-01-27 01:41:49,778 [INFO] PluginManager:220 - loadIPPluginJar : add touchsensing
2024-01-27 01:41:49,782 [INFO] IPUIPlugin:80 - create IPUIPlugin
2024-01-27 01:41:49,782 [INFO] PluginManager:220 - loadIPPluginJar : add freertos
2024-01-27 01:41:49,787 [INFO] IPUIPlugin:80 - create IPUIPlugin
2024-01-27 01:41:49,787 [INFO] PluginManager:220 - loadIPPluginJar : add adc
2024-01-27 01:41:49,788 [INFO] IPUIPlugin:80 - create IPUIPlugin
2024-01-27 01:41:49,788 [INFO] PluginManager:220 - loadIPPluginJar : add usart
2024-01-27 01:41:49,789 [INFO] IPUIPlugin:80 - create IPUIPlugin
2024-01-27 01:41:49,789 [INFO] PluginManager:220 - loadIPPluginJar : add lorawan
2024-01-27 01:41:49,791 [INFO] IPUIPlugin:80 - create IPUIPlugin
2024-01-27 01:41:49,792 [INFO] PluginManager:220 - loadIPPluginJar : add fmc
2024-01-27 01:41:49,793 [INFO] IPUIPlugin:80 - create IPUIPlugin
2024-01-27 01:41:49,793 [INFO] PluginManager:220 - loadIPPluginJar : add opamp
2024-01-27 01:41:49,794 [INFO] IPUIPlugin:80 - create IPUIPlugin
2024-01-27 01:41:49,794 [INFO] PluginManager:220 - loadIPPluginJar : add can
2024-01-27 01:41:49,795 [INFO] IPUIPlugin:80 - create IPUIPlugin
2024-01-27 01:41:49,795 [INFO] PluginManager:220 - loadIPPluginJar : add dma3
2024-01-27 01:41:49,797 [INFO] IPUIPlugin:80 - create IPUIPlugin
2024-01-27 01:41:49,797 [INFO] PluginManager:220 - loadIPPluginJar : add i3c
2024-01-27 01:41:49,798 [INFO] IPUIPlugin:80 - create IPUIPlugin
2024-01-27 01:41:49,798 [INFO] PluginManager:220 - loadIPPluginJar : add ucpd
2024-01-27 01:41:49,799 [INFO] IPUIPlugin:80 - create IPUIPlugin
2024-01-27 01:41:49,799 [INFO] PluginManager:220 - loadIPPluginJar : add cryp
2024-01-27 01:41:49,800 [INFO] IPUIPlugin:80 - create IPUIPlugin
2024-01-27 01:41:49,800 [INFO] PluginManager:220 - loadIPPluginJar : add spi
2024-01-27 01:41:49,801 [INFO] IPUIPlugin:80 - create IPUIPlugin
2024-01-27 01:41:49,801 [INFO] PluginManager:220 - loadIPPluginJar : add gfxmmu
2024-01-27 01:41:49,805 [INFO] IPUIPlugin:80 - create IPUIPlugin
2024-01-27 01:41:49,805 [INFO] PluginManager:220 - loadIPPluginJar : add mdma
2024-01-27 01:41:49,808 [INFO] IPUIPlugin:80 - create IPUIPlugin
2024-01-27 01:41:49,809 [INFO] PluginManager:220 - loadIPPluginJar : add dma
2024-01-27 01:41:49,810 [INFO] IPUIPlugin:80 - create IPUIPlugin
2024-01-27 01:41:49,810 [INFO] PluginManager:220 - loadIPPluginJar : add gtzc
2024-01-27 01:41:49,812 [INFO] IPUIPlugin:80 - create IPUIPlugin
2024-01-27 01:41:49,812 [INFO] PluginManager:220 - loadIPPluginJar : add ipddr
2024-01-27 01:41:49,815 [INFO] IPUIPlugin:80 - create IPUIPlugin
2024-01-27 01:41:49,815 [INFO] PluginManager:220 - loadIPPluginJar : add gic
2024-01-27 01:41:49,819 [INFO] IPUIPlugin:80 - create IPUIPlugin
2024-01-27 01:41:49,819 [INFO] PluginManager:220 - loadIPPluginJar : add linkedlist
2024-01-27 01:41:49,911 [INFO] CADModel:165 - CPN selected for project level
2024-01-27 01:41:49,911 [INFO] CADModel:114 - Register for checkConnection events
2024-01-27 01:41:49,911 [FATAL] Updater:308 - Updater called before beeing initialized
2024-01-27 01:41:49,911 [ERROR] CADModel:125 - Updater not yet initialized, retry later 
2024-01-27 01:41:50,044 [INFO] CADModel:165 - CPN selected for project level
2024-01-27 01:41:50,044 [INFO] CADModel:114 - Register for checkConnection events
2024-01-27 01:41:50,044 [FATAL] Updater:308 - Updater called before beeing initialized
2024-01-27 01:41:50,044 [ERROR] CADModel:125 - Updater not yet initialized, retry later 
2024-01-27 01:41:50,047 [FATAL] Updater:308 - Updater called before beeing initialized
2024-01-27 01:41:50,145 [FATAL] Updater:308 - Updater called before beeing initialized
2024-01-27 01:41:50,149 [INFO] DbMcusAds:53 - JSON generation date=Wed Nov 29 16:22:27 IST 2023 (1701255147200)
2024-01-27 01:41:50,149 [FATAL] Updater:308 - Updater called before beeing initialized
2024-01-27 01:41:50,181 [WARN] DetailPanel:346 - Failed to get advertising image, set to default
2024-01-27 01:41:50,257 [FATAL] Updater:308 - Updater called before beeing initialized
2024-01-27 01:41:50,258 [FATAL] Updater:308 - Updater called before beeing initialized
2024-01-27 01:41:50,259 [FATAL] Updater:308 - Updater called before beeing initialized
2024-01-27 01:41:50,259 [WARN] DetailPanel:346 - Failed to get advertising image, set to default
2024-01-27 01:41:50,260 [FATAL] Updater:308 - Updater called before beeing initialized
2024-01-27 01:41:50,286 [ERROR] Updater:1120 - MainUpdater not yet initialized. External WinMGr cannot be set.
2024-01-27 01:41:50,287 [INFO] Updater:1056 - Updater Version found : 6.10.0
2024-01-27 01:41:50,307 [INFO] ApplicationProperties:184 - Using Application install path: /home/ritik/st/stm32cubeide_1.14.0/plugins/com.st.stm32cube.common.mx_6.10.0.202311202037
2024-01-27 01:41:51,529 [INFO] MainUpdater:2873 - connection check result : 10
2024-01-27 01:41:51,529 [INFO] MainUpdater:290 - Updater Check For Update Now.
2024-01-27 01:41:51,529 [INFO] MicroXplorer:498 - Change Database Version : DB.6.0.100
2024-01-27 01:41:51,540 [INFO] McuFinderGlobals:63 - Set McuFinder mode to 2 (CubeIDE integrated)
2024-01-27 01:41:51,540 [INFO] UserAuth:180 - activating auth plugin
2024-01-27 01:41:51,543 [INFO] UserAuth:404 - Internet connection configuration mode: 1
2024-01-27 01:41:51,556 [INFO] JxBrowserEngine:152 - Initiate JxBrowser Engine with user profile folder
2024-01-27 01:41:51,683 [INFO] CheckServerUpdateThread:120 - End of CheckServer Thread
2024-01-27 01:41:52,206 [INFO] WebApp:161 - Instantiating new browser for Auth
2024-01-27 01:41:52,534 [WARN] PackLoader:240 - Cannot read IP mode file for STMicroelectronics.X-CUBE-SMBUS.2.1.0
2024-01-27 01:41:52,541 [WARN] PackLoader:240 - Cannot read IP mode file for STMicroelectronics.X-CUBE-TOUCHGFX.4.23.0
2024-01-27 01:41:52,568 [WARN] PackLoader:240 - Cannot read IP mode file for STMicroelectronics.X-CUBE-AZRTOS-F7.1.1.0
2024-01-27 01:41:52,578 [WARN] PackLoader:240 - Cannot read IP mode file for STMicroelectronics.FP-SNS-MOTENV1.4.3.2
2024-01-27 01:41:52,585 [WARN] PackLoader:240 - Cannot read IP mode file for STMicroelectronics.FP-SNS-FLIGHT1.5.0.2
2024-01-27 01:41:52,592 [WARN] PackLoader:240 - Cannot read IP mode file for STMicroelectronics.X-CUBE-DISPLAY.3.0.0
2024-01-27 01:41:52,602 [WARN] PackLoader:240 - Cannot read IP mode file for STMicroelectronics.X-CUBE-BLE1.7.0.0
2024-01-27 01:41:52,607 [WARN] PackLoader:240 - Cannot read IP mode file for emotas.I-CUBE-CANOPEN.1.3.0
2024-01-27 01:41:52,611 [WARN] PackLoader:240 - Cannot read IP mode file for STMicroelectronics.FP-SNS-SMARTAG2.1.2.0
2024-01-27 01:41:52,620 [INFO] LogOutputStream:77 - [STDOUT_REDIRECT] 1 : Invalid condition id : UX_CORESTACK_Condition cause : null
2024-01-27 01:41:52,620 [INFO] LogOutputStream:77 - [STDOUT_REDIRECT] 1 : Invalid condition id : UX_CORESTACK_Condition cause : null
2024-01-27 01:41:52,620 [INFO] LogOutputStream:77 - [STDOUT_REDIRECT] 1 : Invalid condition id : UX_CORESTACK_Condition cause : null
2024-01-27 01:41:52,620 [INFO] LogOutputStream:77 - [STDOUT_REDIRECT] 1 : Invalid condition id : UX_CORESTACK_Condition cause : null
2024-01-27 01:41:52,621 [INFO] LogOutputStream:77 - [STDOUT_REDIRECT] 1 : Invalid condition id : UX_CORESTACK_Condition cause : null
2024-01-27 01:41:52,624 [WARN] PackLoader:240 - Cannot read IP mode file for STMicroelectronics.X-CUBE-AZRTOS-WL.2.0.0
2024-01-27 01:41:52,629 [WARN] PackLoader:240 - Cannot read IP mode file for STMicroelectronics.X-CUBE-BLE2.3.3.0
2024-01-27 01:41:52,635 [WARN] PackLoader:240 - Cannot read IP mode file for STMicroelectronics.X-CUBE-ALGOBUILD.1.3.0
2024-01-27 01:41:52,658 [WARN] PackLoader:240 - Cannot read IP mode file for STMicroelectronics.X-CUBE-AZRTOS-G0.1.1.0
2024-01-27 01:41:52,666 [WARN] PackLoader:240 - Cannot read IP mode file for STMicroelectronics.X-CUBE-NFC4.3.0.0
2024-01-27 01:41:52,677 [WARN] PackLoader:240 - Cannot read IP mode file for STMicroelectronics.X-CUBE-BLEMGR.3.0.0
2024-01-27 01:41:52,683 [WARN] PackLoader:240 - Cannot read IP mode file for STMicroelectronics.FP-ATR-SIGFOX1.3.2.0
2024-01-27 01:41:52,688 [INFO] WebApp:780 - Register for checkConnection events
2024-01-27 01:41:52,688 [INFO] WebApp:414 - Apply proxy settings
2024-01-27 01:41:52,688 [INFO] WebApp:499 - Chromium requires no authentication
2024-01-27 01:41:52,689 [WARN] PackLoader:240 - Cannot read IP mode file for STMicroelectronics.X-CUBE-EEPRMA1.5.1.0
2024-01-27 01:41:52,694 [INFO] WebApp:442 - Direct internet connection detected
2024-01-27 01:41:52,695 [WARN] PackLoader:240 - Cannot read IP mode file for STMicroelectronics.X-CUBE-GNSS1.6.0.0
2024-01-27 01:41:52,714 [WARN] PackLoader:240 - Cannot read IP mode file for STMicroelectronics.X-CUBE-AZRTOS-F4.1.1.0
2024-01-27 01:41:52,733 [WARN] PackLoader:240 - Cannot read IP mode file for STMicroelectronics.X-CUBE-AZRTOS-L5.2.0.0
2024-01-27 01:41:52,742 [WARN] PackLoader:240 - Cannot read IP mode file for STMicroelectronics.X-CUBE-EEPRMA1.4.2.0
2024-01-27 01:41:52,746 [WARN] PackLoader:240 - Cannot read IP mode file for ITTIA_DB.I-CUBE-ITTIADB.8.8.0
2024-01-27 01:41:52,751 [WARN] PackLoader:240 - Cannot read IP mode file for STMicroelectronics.X-CUBE-NFC7.1.0.1
2024-01-27 01:41:52,756 [WARN] PackLoader:240 - Cannot read IP mode file for STMicroelectronics.X-CUBE-NFC6.3.0.0
2024-01-27 01:41:52,760 [WARN] PackLoader:240 - Cannot read IP mode file for STMicroelectronics.X-CUBE-AI.8.1.0
2024-01-27 01:41:52,772 [WARN] ConditionMgr:438 - getConditionDescription Invalid condition id : LAN8742 Phy interface Condition cause : null
2024-01-27 01:41:52,773 [WARN] PackLoader:240 - Cannot read IP mode file for STMicroelectronics.X-CUBE-AZRTOS-L4.2.0.0
2024-01-27 01:41:52,774 [WARN] ConditionMgr:1039 - genDependencies : Invalid condition id : LAN8742 Phy interface Condition cause : null
2024-01-27 01:41:52,774 [WARN] ConditionMgr:1039 - genDependencies : Invalid condition id : LAN8742 Phy interface Condition cause : null
2024-01-27 01:41:52,774 [WARN] ConditionMgr:1039 - genDependencies : Invalid condition id : LAN8742 Phy interface Condition cause : null
2024-01-27 01:41:52,779 [WARN] PackLoader:240 - Cannot read IP mode file for STMicroelectronics.X-CUBE-SFXS2LP1.4.0.0
2024-01-27 01:41:52,790 [WARN] ConditionMgr:438 - getConditionDescription Invalid condition id : UX DEVICE CLASS RTOS Condition cause : null
2024-01-27 01:41:52,790 [WARN] ConditionMgr:438 - getConditionDescription Invalid condition id : UX DEVICE CLASS RTOS Condition cause : null
2024-01-27 01:41:52,791 [WARN] PackLoader:240 - Cannot read IP mode file for STMicroelectronics.X-CUBE-AZRTOS-WB.2.0.0
2024-01-27 01:41:52,792 [WARN] ConditionMgr:1039 - genDependencies : Invalid condition id : UX DEVICE CLASS RTOS Condition cause : null
2024-01-27 01:41:52,792 [WARN] ConditionMgr:1039 - genDependencies : Invalid condition id : UX DEVICE CLASS RTOS Condition cause : null
2024-01-27 01:41:52,792 [WARN] ConditionMgr:1039 - genDependencies : Invalid condition id : UX DEVICE CLASS RTOS Condition cause : null
2024-01-27 01:41:52,793 [WARN] ConditionMgr:1039 - genDependencies : Invalid condition id : UX DEVICE CLASS RTOS Condition cause : null
2024-01-27 01:41:52,793 [WARN] ConditionMgr:1039 - genDependencies : Invalid condition id : UX DEVICE CLASS RTOS Condition cause : null
2024-01-27 01:41:52,801 [WARN] PackLoader:240 - Cannot read IP mode file for STMicroelectronics.X-CUBE-SUBG2.5.0.0
2024-01-27 01:41:52,820 [WARN] PackLoader:240 - Cannot read IP mode file for STMicroelectronics.X-CUBE-AZRTOS-G4.2.0.0
2024-01-27 01:41:52,830 [WARN] PackLoader:240 - Cannot read IP mode file for Infineon.AIROC-Wi-Fi-Bluetooth-STM32.1.5.1
2024-01-27 01:41:52,837 [WARN] PackLoader:240 - Cannot read IP mode file for STMicroelectronics.FP-SNS-MOTENVWB1.1.3.1
2024-01-27 01:41:52,841 [WARN] PackLoader:240 - Cannot read IP mode file for STMicroelectronics.X-CUBE-ISPU.2.0.0
2024-01-27 01:41:52,849 [INFO] WebApp:192 - Starting web application
2024-01-27 01:41:52,850 [INFO] WebApp:544 - Web application path used /home/ritik/st/stm32cubeide_1.14.0/plugins/com.st.stm32cube.common.mx_6.10.0.202311202037/db/plugins/mcufinder/reactClient1/index.html
2024-01-27 01:41:52,883 [WARN] PackLoader:240 - Cannot read IP mode file for STMicroelectronics.X-CUBE-MEMS1.10.0.0
2024-01-27 01:41:53,017 [WARN] PackLoader:240 - Cannot read IP mode file for STMicroelectronics.X-CUBE-FREERTOS.1.1.0
2024-01-27 01:41:53,020 [WARN] PackLoader:240 - Cannot read IP mode file for STMicroelectronics.X-CUBE-ALS.1.0.1
2024-01-27 01:41:53,023 [WARN] PackLoader:240 - Cannot read IP mode file for STMicroelectronics.FP-ATR-ASTRA1.2.0.0
2024-01-27 01:41:53,031 [WARN] PackLoader:240 - Cannot read IP mode file for STMicroelectronics.X-CUBE-TOF1.3.4.0
2024-01-27 01:41:53,060 [WARN] PackLoader:240 - Cannot read IP mode file for STMicroelectronics.X-CUBE-AZRTOS-H7.3.2.0
2024-01-27 01:41:53,064 [INFO] ThirdParty:978 - Integrity check success = true
2024-01-27 01:41:53,064 [INFO] IntegrityCheckThread:100 - exiting critical section [integrity check]
2024-01-27 01:41:53,064 [INFO] IntegrityCheckThread:103 - End integrity checks thread
2024-01-27 01:42:13,366 [ERROR] LogOutputStream:75 - [STDERR_REDIRECT] SLF4J: Failed to load class "org.slf4j.impl.StaticLoggerBinder".
2024-01-27 01:42:13,367 [ERROR] LogOutputStream:75 - [STDERR_REDIRECT] SLF4J: Defaulting to no-operation (NOP) logger implementation
2024-01-27 01:42:13,367 [ERROR] LogOutputStream:75 - [STDERR_REDIRECT] SLF4J: See http://www.slf4j.org/codes.html#StaticLoggerBinder for further details.
2024-01-27 01:42:58,295 [ERROR] LogOutputStream:75 - [STDERR_REDIRECT] 
2024-01-27 01:43:02,100 [INFO] Activator:176 - 


2024-01-27 01:43:02,101 [INFO] Activator:177 - !SESSION log4j initialized
2024-01-27 01:43:04,097 [ERROR] LogOutputStream:75 - [STDERR_REDIRECT] SLF4J: Failed to load class "org.slf4j.impl.StaticLoggerBinder".
2024-01-27 01:43:04,098 [ERROR] LogOutputStream:75 - [STDERR_REDIRECT] SLF4J: Defaulting to no-operation (NOP) logger implementation
2024-01-27 01:43:04,098 [ERROR] LogOutputStream:75 - [STDERR_REDIRECT] SLF4J: See http://www.slf4j.org/codes.html#StaticLoggerBinder for further details.
2024-01-27 01:43:05,537 [INFO] LogOutputStream:77 - [STDOUT_REDIRECT] 
2024-01-27 01:43:06,456 [INFO] ApplicationProperties:184 - Using Application install path: /home/ritik/st/stm32cubeide_1.14.0/plugins/com.st.stm32cube.common.mx_6.10.0.202311202037
2024-01-27 01:43:06,468 [INFO] DbMcusXml:78 - Set database path to: /home/ritik/st/stm32cubeide_1.14.0/plugins/com.st.stm32cube.common.mx_6.10.0.202311202037//db//mcu/
2024-01-27 01:43:06,468 [INFO] ApiDb:274 - Set plugin database path to: /home/ritik/st/stm32cubeide_1.14.0/plugins/com.st.stm32cube.common.mx_6.10.0.202311202037//db//plugins/boardmanager/
2024-01-27 01:43:06,469 [WARN] ApiDb:259 - Overriding images path with different value:  => /home/ritik/st/stm32cubeide_1.14.0/plugins/com.st.stm32cube.common.mx_6.10.0.202311202037//db//plugins/mcufinder/images/
2024-01-27 01:43:06,471 [INFO] ApiDb:250 - Set database path to: /home/ritik/.stmcufinder/plugins/mcufinder//mcu/
2024-01-27 01:43:06,472 [INFO] DbMcusAds:125 - Set database path to: /home/ritik/.stmcufinder/plugins/mcufinder//mcu/
2024-01-27 01:43:06,473 [INFO] CrossReferenceDbSqlite:203 - Set database path to: /home/ritik/.stmcufinder/plugins/mcufinder//mcu/cs/
2024-01-27 01:43:06,557 [INFO] RulesReader:64 - Compatibility file has been processed (297 Rules)
2024-01-27 01:43:06,597 [INFO] DbMcusXml:78 - Set database path to: /home/ritik/st/stm32cubeide_1.14.0/plugins/com.st.stm32cube.common.mx_6.10.0.202311202037//db//mcu/
2024-01-27 01:43:06,597 [INFO] ApiDb:274 - Set plugin database path to: /home/ritik/st/stm32cubeide_1.14.0/plugins/com.st.stm32cube.common.mx_6.10.0.202311202037//db//plugins/boardmanager/
2024-01-27 01:43:06,598 [INFO] ApiDb:261 - Set plugin images path to: /home/ritik/st/stm32cubeide_1.14.0/plugins/com.st.stm32cube.common.mx_6.10.0.202311202037//db//plugins/mcufinder/images/
2024-01-27 01:43:06,598 [WARN] DbFile:41 - Overriding database path with different value: /home/ritik/.stmcufinder/plugins/mcufinder/ => /home/ritik/.stmcufinder/plugins/mcufinder
2024-01-27 01:43:06,598 [INFO] ApiDb:250 - Set database path to: /home/ritik/.stmcufinder/plugins/mcufinder//mcu/
2024-01-27 01:43:06,598 [WARN] DbFile:41 - Overriding database path with different value: /home/ritik/.stmcufinder/plugins/mcufinder/ => /home/ritik/.stmcufinder/plugins/mcufinder
2024-01-27 01:43:06,598 [INFO] DbMcusAds:125 - Set database path to: /home/ritik/.stmcufinder/plugins/mcufinder//mcu/
2024-01-27 01:43:06,598 [WARN] DbFile:41 - Overriding database path with different value: /home/ritik/.stmcufinder/plugins/mcufinder/ => /home/ritik/.stmcufinder/plugins/mcufinder
2024-01-27 01:43:06,598 [WARN] DbFile:41 - Overriding database path with different value: /home/ritik/.stmcufinder/plugins/mcufinder/ => /home/ritik/.stmcufinder/plugins/mcufinder
2024-01-27 01:43:06,598 [INFO] CrossReferenceDbSqlite:203 - Set database path to: /home/ritik/.stmcufinder/plugins/mcufinder//mcu/cs/
2024-01-27 01:43:06,642 [INFO] MainPanel:264 - HeapMemory: 268435456
2024-01-27 01:43:06,692 [INFO] DbMcusXml:78 - Set database path to: /home/ritik/st/stm32cubeide_1.14.0/plugins/com.st.stm32cube.common.mx_6.10.0.202311202037//db//mcu/
2024-01-27 01:43:06,692 [INFO] ApiDb:274 - Set plugin database path to: /home/ritik/st/stm32cubeide_1.14.0/plugins/com.st.stm32cube.common.mx_6.10.0.202311202037//db//plugins/boardmanager/
2024-01-27 01:43:06,692 [INFO] ApiDb:261 - Set plugin images path to: /home/ritik/st/stm32cubeide_1.14.0/plugins/com.st.stm32cube.common.mx_6.10.0.202311202037//db//plugins/mcufinder/images/
2024-01-27 01:43:06,692 [WARN] DbFile:41 - Overriding database path with different value: /home/ritik/.stmcufinder/plugins/mcufinder/ => /home/ritik/.stmcufinder/plugins/mcufinder
2024-01-27 01:43:06,692 [INFO] ApiDb:250 - Set database path to: /home/ritik/.stmcufinder/plugins/mcufinder//mcu/
2024-01-27 01:43:06,692 [WARN] DbFile:41 - Overriding database path with different value: /home/ritik/.stmcufinder/plugins/mcufinder/ => /home/ritik/.stmcufinder/plugins/mcufinder
2024-01-27 01:43:06,692 [INFO] DbMcusAds:125 - Set database path to: /home/ritik/.stmcufinder/plugins/mcufinder//mcu/
2024-01-27 01:43:06,692 [WARN] DbFile:41 - Overriding database path with different value: /home/ritik/.stmcufinder/plugins/mcufinder/ => /home/ritik/.stmcufinder/plugins/mcufinder
2024-01-27 01:43:06,692 [WARN] DbFile:41 - Overriding database path with different value: /home/ritik/.stmcufinder/plugins/mcufinder/ => /home/ritik/.stmcufinder/plugins/mcufinder
2024-01-27 01:43:06,692 [INFO] CrossReferenceDbSqlite:203 - Set database path to: /home/ritik/.stmcufinder/plugins/mcufinder//mcu/cs/
2024-01-27 01:43:06,703 [INFO] ApplicationProperties:184 - Using Application install path: /home/ritik/st/stm32cubeide_1.14.0/plugins/com.st.stm32cube.common.mx_6.10.0.202311202037
2024-01-27 01:43:06,704 [INFO] PluginManage:196 - Search for loadable plugins [exclusion list=, ]
2024-01-27 01:43:06,705 [INFO] PluginManage:310 - Check plugin analytics
2024-01-27 01:43:06,832 [INFO] AnalyticsPlugin:253 - Accepted Software Licenses: 
2024-01-27 01:43:06,832 [INFO] AnalyticsPlugin:255 - Accepted CMSIS Pack Licenses: 
2024-01-27 01:43:06,832 [INFO] AnalyticsPlugin:257 - Accepted Firmware Licenses: 
2024-01-27 01:43:06,835 [INFO] PluginManage:359 - Loaded plugin analytics (category:tool,tabindex:-1)
2024-01-27 01:43:06,835 [INFO] PluginManage:310 - Check plugin cadmodel
2024-01-27 01:43:06,853 [INFO] CADModel:105 - Init CAD model plugin
2024-01-27 01:43:06,853 [INFO] PluginManage:359 - Loaded plugin cadmodel (category:power,tabindex:5)
2024-01-27 01:43:06,853 [INFO] PluginManage:310 - Check plugin clock
2024-01-27 01:43:06,860 [INFO] PluginManage:359 - Loaded plugin clock (category:base,tabindex:2)
2024-01-27 01:43:06,861 [INFO] PluginManage:310 - Check plugin ddr
2024-01-27 01:43:06,862 [INFO] PluginManage:359 - Loaded plugin ddr (category:tool,tabindex:6)
2024-01-27 01:43:06,862 [INFO] PluginManage:310 - Check plugin filemanager
2024-01-27 01:43:06,983 [INFO] PluginManage:359 - Loaded plugin filemanager (category:base,tabindex:10)
2024-01-27 01:43:06,983 [INFO] PluginManage:310 - Check plugin ipmanager
2024-01-27 01:43:06,987 [INFO] PluginManage:359 - Loaded plugin ipmanager (category:base,tabindex:5)
2024-01-27 01:43:06,987 [INFO] PluginManage:310 - Check plugin lpbam
2024-01-27 01:43:06,993 [INFO] PluginManage:359 - Loaded plugin lpbam (category:base,tabindex:0)
2024-01-27 01:43:06,993 [INFO] PluginManage:310 - Check plugin memorymap
2024-01-27 01:43:07,000 [INFO] PluginManage:359 - Loaded plugin memorymap (category:base,tabindex:4)
2024-01-27 01:43:07,000 [INFO] PluginManage:310 - Check plugin pinoutandconfiguration
2024-01-27 01:43:07,004 [INFO] PluginManage:359 - Loaded plugin pinoutandconfiguration (category:base,tabindex:1)
2024-01-27 01:43:07,004 [INFO] PluginManage:310 - Check plugin pinoutconfig
2024-01-27 01:43:07,057 [WARN] SupportedApi:132 - Cannot load RTOS API schema: s4s-elt-must-match.1: The content of 'definitions' must match (annotation?, (simpleType | complexType)?, (unique | key | keyref)*)). A problem was found starting at: attribute.
2024-01-27 01:43:07,149 [INFO] PluginManage:359 - Loaded plugin pinoutconfig (category:base,tabindex:0)
2024-01-27 01:43:07,149 [INFO] PluginManage:310 - Check plugin power
2024-01-27 01:43:07,156 [INFO] PluginManage:359 - Loaded plugin power (category:power,tabindex:4)
2024-01-27 01:43:07,156 [INFO] PluginManage:310 - Check plugin projectmanager
2024-01-27 01:43:07,167 [INFO] PluginManage:359 - Loaded plugin projectmanager (category:projectmanager,tabindex:3)
2024-01-27 01:43:07,168 [INFO] PluginManage:310 - Check plugin thirdparty
2024-01-27 01:43:07,243 [INFO] PluginManage:359 - Loaded plugin thirdparty (category:base,tabindex:-1)
2024-01-27 01:43:07,243 [WARN] IntegrityCheckThread:84 - waiting for thirdparty lock release [integrity check]
2024-01-27 01:43:07,243 [INFO] PluginManage:310 - Check plugin tools
2024-01-27 01:43:07,243 [INFO] IntegrityCheckThread:86 - entering critical section [integrity check]
2024-01-27 01:43:07,244 [INFO] ThirdPartyUpdaterWithRetryManager:70 - Updater plugin not ready yet. [1/15]
2024-01-27 01:43:07,245 [INFO] PluginManage:359 - Loaded plugin tools (category:base,tabindex:7)
2024-01-27 01:43:07,245 [INFO] PluginManage:310 - Check plugin tutovideos
2024-01-27 01:43:07,351 [INFO] PluginManage:359 - Loaded plugin tutovideos (category:base,tabindex:-1)
2024-01-27 01:43:07,351 [INFO] PluginManage:310 - Check plugin updater
2024-01-27 01:43:07,357 [INFO] PluginManage:359 - Loaded plugin updater (category:base,tabindex:12)
2024-01-27 01:43:07,357 [INFO] PluginManage:310 - Check plugin userauth
2024-01-27 01:43:07,361 [INFO] UserAuth:114 - Init User Auth plugin
2024-01-27 01:43:07,361 [INFO] PluginManage:359 - Loaded plugin userauth (category:base,tabindex:14)
2024-01-27 01:43:07,361 [INFO] PluginManage:283 - PluginManage : Loaded plugins [17]
2024-01-27 01:43:07,474 [INFO] PinOutPanel:1499 - setPackage(No Configuration,No Configuration)
2024-01-27 01:43:07,517 [INFO] CADModel:165 - CPN selected for project level
2024-01-27 01:43:07,517 [INFO] CADModel:114 - Register for checkConnection events
2024-01-27 01:43:07,524 [INFO] IPUIPlugin:80 - create IPUIPlugin
2024-01-27 01:43:07,524 [INFO] PluginManager:220 - loadIPPluginJar : add dfsdm
2024-01-27 01:43:07,526 [INFO] IPUIPlugin:80 - create IPUIPlugin
2024-01-27 01:43:07,526 [INFO] PluginManager:220 - loadIPPluginJar : add openamp
2024-01-27 01:43:07,530 [INFO] IPUIPlugin:80 - create IPUIPlugin
2024-01-27 01:43:07,530 [INFO] PluginManager:220 - loadIPPluginJar : add sai
2024-01-27 01:43:07,531 [INFO] IPUIPlugin:80 - create IPUIPlugin
2024-01-27 01:43:07,531 [INFO] PluginManager:220 - loadIPPluginJar : add genericplugin
2024-01-27 01:43:07,532 [INFO] IPUIPlugin:80 - create IPUIPlugin
2024-01-27 01:43:07,532 [INFO] PluginManager:220 - loadIPPluginJar : add i2c
2024-01-27 01:43:07,533 [INFO] IPUIPlugin:80 - create IPUIPlugin
2024-01-27 01:43:07,533 [INFO] PluginManager:220 - loadIPPluginJar : add comp
2024-01-27 01:43:07,535 [INFO] IPUIPlugin:80 - create IPUIPlugin
2024-01-27 01:43:07,535 [INFO] PluginManager:220 - loadIPPluginJar : add gpio
2024-01-27 01:43:07,538 [INFO] IPUIPlugin:80 - create IPUIPlugin
2024-01-27 01:43:07,540 [INFO] PluginManager:220 - loadIPPluginJar : add plateformsettings
2024-01-27 01:43:07,540 [INFO] IPUIPlugin:80 - create IPUIPlugin
2024-01-27 01:43:07,540 [INFO] PluginManager:220 - loadIPPluginJar : add quadspi
2024-01-27 01:43:07,542 [INFO] IPUIPlugin:80 - create IPUIPlugin
2024-01-27 01:43:07,542 [INFO] PluginManager:220 - loadIPPluginJar : add i2s
2024-01-27 01:43:07,543 [INFO] IPUIPlugin:80 - create IPUIPlugin
2024-01-27 01:43:07,543 [INFO] PluginManager:220 - loadIPPluginJar : add usbx
2024-01-27 01:43:07,544 [INFO] IPUIPlugin:80 - create IPUIPlugin
2024-01-27 01:43:07,544 [INFO] PluginManager:220 - loadIPPluginJar : add tim
2024-01-27 01:43:07,545 [INFO] IPUIPlugin:80 - create IPUIPlugin
2024-01-27 01:43:07,545 [INFO] PluginManager:220 - loadIPPluginJar : add hash
2024-01-27 01:43:07,546 [INFO] IPUIPlugin:80 - create IPUIPlugin
2024-01-27 01:43:07,546 [INFO] PluginManager:220 - loadIPPluginJar : add pdm2pcm
2024-01-27 01:43:07,547 [INFO] IPUIPlugin:80 - create IPUIPlugin
2024-01-27 01:43:07,547 [INFO] PluginManager:220 - loadIPPluginJar : add ts
2024-01-27 01:43:07,548 [INFO] IPUIPlugin:80 - create IPUIPlugin
2024-01-27 01:43:07,548 [INFO] PluginManager:220 - loadIPPluginJar : add tsc
2024-01-27 01:43:07,549 [INFO] IPUIPlugin:80 - create IPUIPlugin
2024-01-27 01:43:07,549 [INFO] PluginManager:220 - loadIPPluginJar : add aes
2024-01-27 01:43:07,551 [INFO] IPUIPlugin:80 - create IPUIPlugin
2024-01-27 01:43:07,551 [INFO] PluginManager:220 - loadIPPluginJar : add resmgrutility
2024-01-27 01:43:07,554 [INFO] IPUIPlugin:80 - create IPUIPlugin
2024-01-27 01:43:07,554 [INFO] PluginManager:220 - loadIPPluginJar : add stm32_wpan
2024-01-27 01:43:07,554 [INFO] IPUIPlugin:80 - create IPUIPlugin
2024-01-27 01:43:07,555 [INFO] PluginManager:220 - loadIPPluginJar : add tracer_emb
2024-01-27 01:43:07,556 [INFO] IPUIPlugin:80 - create IPUIPlugin
2024-01-27 01:43:07,556 [INFO] PluginManager:220 - loadIPPluginJar : add nvic
2024-01-27 01:43:07,557 [INFO] IPUIPlugin:80 - create IPUIPlugin
2024-01-27 01:43:07,557 [INFO] PluginManager:220 - loadIPPluginJar : add ltdc
2024-01-27 01:43:07,557 [INFO] IPUIPlugin:80 - create IPUIPlugin
2024-01-27 01:43:07,557 [INFO] PluginManager:220 - loadIPPluginJar : add fatfs
2024-01-27 01:43:07,558 [INFO] IPUIPlugin:80 - create IPUIPlugin
2024-01-27 01:43:07,559 [INFO] PluginManager:220 - loadIPPluginJar : add touchsensing
2024-01-27 01:43:07,561 [INFO] IPUIPlugin:80 - create IPUIPlugin
2024-01-27 01:43:07,562 [INFO] PluginManager:220 - loadIPPluginJar : add freertos
2024-01-27 01:43:07,565 [INFO] IPUIPlugin:80 - create IPUIPlugin
2024-01-27 01:43:07,565 [INFO] PluginManager:220 - loadIPPluginJar : add adc
2024-01-27 01:43:07,566 [INFO] IPUIPlugin:80 - create IPUIPlugin
2024-01-27 01:43:07,566 [INFO] PluginManager:220 - loadIPPluginJar : add usart
2024-01-27 01:43:07,567 [INFO] IPUIPlugin:80 - create IPUIPlugin
2024-01-27 01:43:07,567 [INFO] PluginManager:220 - loadIPPluginJar : add lorawan
2024-01-27 01:43:07,569 [INFO] IPUIPlugin:80 - create IPUIPlugin
2024-01-27 01:43:07,569 [INFO] PluginManager:220 - loadIPPluginJar : add fmc
2024-01-27 01:43:07,570 [INFO] IPUIPlugin:80 - create IPUIPlugin
2024-01-27 01:43:07,570 [INFO] PluginManager:220 - loadIPPluginJar : add opamp
2024-01-27 01:43:07,571 [INFO] IPUIPlugin:80 - create IPUIPlugin
2024-01-27 01:43:07,571 [INFO] PluginManager:220 - loadIPPluginJar : add can
2024-01-27 01:43:07,572 [INFO] IPUIPlugin:80 - create IPUIPlugin
2024-01-27 01:43:07,572 [INFO] PluginManager:220 - loadIPPluginJar : add dma3
2024-01-27 01:43:07,573 [INFO] IPUIPlugin:80 - create IPUIPlugin
2024-01-27 01:43:07,574 [INFO] PluginManager:220 - loadIPPluginJar : add i3c
2024-01-27 01:43:07,574 [INFO] IPUIPlugin:80 - create IPUIPlugin
2024-01-27 01:43:07,574 [INFO] PluginManager:220 - loadIPPluginJar : add ucpd
2024-01-27 01:43:07,575 [INFO] IPUIPlugin:80 - create IPUIPlugin
2024-01-27 01:43:07,575 [INFO] PluginManager:220 - loadIPPluginJar : add cryp
2024-01-27 01:43:07,576 [INFO] IPUIPlugin:80 - create IPUIPlugin
2024-01-27 01:43:07,576 [INFO] PluginManager:220 - loadIPPluginJar : add spi
2024-01-27 01:43:07,577 [INFO] IPUIPlugin:80 - create IPUIPlugin
2024-01-27 01:43:07,577 [INFO] PluginManager:220 - loadIPPluginJar : add gfxmmu
2024-01-27 01:43:07,580 [INFO] IPUIPlugin:80 - create IPUIPlugin
2024-01-27 01:43:07,581 [INFO] PluginManager:220 - loadIPPluginJar : add mdma
2024-01-27 01:43:07,584 [INFO] IPUIPlugin:80 - create IPUIPlugin
2024-01-27 01:43:07,584 [INFO] PluginManager:220 - loadIPPluginJar : add dma
2024-01-27 01:43:07,585 [INFO] IPUIPlugin:80 - create IPUIPlugin
2024-01-27 01:43:07,585 [INFO] PluginManager:220 - loadIPPluginJar : add gtzc
2024-01-27 01:43:07,587 [INFO] IPUIPlugin:80 - create IPUIPlugin
2024-01-27 01:43:07,587 [INFO] PluginManager:220 - loadIPPluginJar : add ipddr
2024-01-27 01:43:07,589 [INFO] IPUIPlugin:80 - create IPUIPlugin
2024-01-27 01:43:07,589 [INFO] PluginManager:220 - loadIPPluginJar : add gic
2024-01-27 01:43:07,593 [INFO] IPUIPlugin:80 - create IPUIPlugin
2024-01-27 01:43:07,593 [INFO] PluginManager:220 - loadIPPluginJar : add linkedlist
2024-01-27 01:43:07,685 [INFO] CADModel:165 - CPN selected for project level
2024-01-27 01:43:07,685 [INFO] CADModel:114 - Register for checkConnection events
2024-01-27 01:43:07,685 [FATAL] Updater:308 - Updater called before beeing initialized
2024-01-27 01:43:07,685 [ERROR] CADModel:125 - Updater not yet initialized, retry later 
2024-01-27 01:43:07,764 [INFO] CADModel:165 - CPN selected for project level
2024-01-27 01:43:07,764 [INFO] CADModel:114 - Register for checkConnection events
2024-01-27 01:43:07,764 [FATAL] Updater:308 - Updater called before beeing initialized
2024-01-27 01:43:07,764 [ERROR] CADModel:125 - Updater not yet initialized, retry later 
2024-01-27 01:43:07,766 [FATAL] Updater:308 - Updater called before beeing initialized
2024-01-27 01:43:07,826 [FATAL] Updater:308 - Updater called before beeing initialized
2024-01-27 01:43:07,830 [INFO] DbMcusAds:53 - JSON generation date=Wed Nov 29 16:22:27 IST 2023 (1701255147200)
2024-01-27 01:43:07,830 [FATAL] Updater:308 - Updater called before beeing initialized
2024-01-27 01:43:07,855 [WARN] DetailPanel:346 - Failed to get advertising image, set to default
2024-01-27 01:43:07,924 [FATAL] Updater:308 - Updater called before beeing initialized
2024-01-27 01:43:07,926 [FATAL] Updater:308 - Updater called before beeing initialized
2024-01-27 01:43:07,926 [FATAL] Updater:308 - Updater called before beeing initialized
2024-01-27 01:43:07,926 [WARN] DetailPanel:346 - Failed to get advertising image, set to default
2024-01-27 01:43:07,926 [FATAL] Updater:308 - Updater called before beeing initialized
2024-01-27 01:43:07,949 [ERROR] Updater:1120 - MainUpdater not yet initialized. External WinMGr cannot be set.
2024-01-27 01:43:07,950 [INFO] Updater:1056 - Updater Version found : 6.10.0
2024-01-27 01:43:07,962 [INFO] ApplicationProperties:184 - Using Application install path: /home/ritik/st/stm32cubeide_1.14.0/plugins/com.st.stm32cube.common.mx_6.10.0.202311202037
2024-01-27 01:43:08,316 [INFO] MainUpdater:2873 - connection check result : 10
2024-01-27 01:43:08,317 [INFO] MainUpdater:290 - Updater Check For Update Now.
2024-01-27 01:43:08,317 [INFO] MicroXplorer:498 - Change Database Version : DB.6.0.100
2024-01-27 01:43:08,321 [INFO] McuFinderGlobals:63 - Set McuFinder mode to 2 (CubeIDE integrated)
2024-01-27 01:43:08,321 [INFO] UserAuth:180 - activating auth plugin
2024-01-27 01:43:08,324 [INFO] UserAuth:404 - Internet connection configuration mode: 1
2024-01-27 01:43:08,332 [INFO] JxBrowserEngine:152 - Initiate JxBrowser Engine with user profile folder
2024-01-27 01:43:08,481 [INFO] CheckServerUpdateThread:120 - End of CheckServer Thread
2024-01-27 01:43:08,767 [INFO] WebApp:161 - Instantiating new browser for Auth
2024-01-27 01:43:09,101 [INFO] WebApp:780 - Register for checkConnection events
2024-01-27 01:43:09,101 [INFO] WebApp:414 - Apply proxy settings
2024-01-27 01:43:09,101 [INFO] WebApp:499 - Chromium requires no authentication
2024-01-27 01:43:09,107 [INFO] WebApp:442 - Direct internet connection detected
2024-01-27 01:43:09,195 [INFO] WebApp:192 - Starting web application
2024-01-27 01:43:09,195 [INFO] WebApp:544 - Web application path used /home/ritik/st/stm32cubeide_1.14.0/plugins/com.st.stm32cube.common.mx_6.10.0.202311202037/db/plugins/mcufinder/reactClient1/index.html
2024-01-27 01:43:10,319 [WARN] PackLoader:240 - Cannot read IP mode file for STMicroelectronics.X-CUBE-SMBUS.2.1.0
2024-01-27 01:43:10,323 [WARN] PackLoader:240 - Cannot read IP mode file for STMicroelectronics.X-CUBE-TOUCHGFX.4.23.0
2024-01-27 01:43:10,344 [WARN] PackLoader:240 - Cannot read IP mode file for STMicroelectronics.X-CUBE-AZRTOS-F7.1.1.0
2024-01-27 01:43:10,353 [WARN] PackLoader:240 - Cannot read IP mode file for STMicroelectronics.FP-SNS-MOTENV1.4.3.2
2024-01-27 01:43:10,358 [WARN] PackLoader:240 - Cannot read IP mode file for STMicroelectronics.FP-SNS-FLIGHT1.5.0.2
2024-01-27 01:43:10,364 [WARN] PackLoader:240 - Cannot read IP mode file for STMicroelectronics.X-CUBE-DISPLAY.3.0.0
2024-01-27 01:43:10,372 [WARN] PackLoader:240 - Cannot read IP mode file for STMicroelectronics.X-CUBE-BLE1.7.0.0
2024-01-27 01:43:10,376 [WARN] PackLoader:240 - Cannot read IP mode file for emotas.I-CUBE-CANOPEN.1.3.0
2024-01-27 01:43:10,379 [WARN] PackLoader:240 - Cannot read IP mode file for STMicroelectronics.FP-SNS-SMARTAG2.1.2.0
2024-01-27 01:43:10,394 [INFO] LogOutputStream:77 - [STDOUT_REDIRECT] 1 : Invalid condition id : UX_CORESTACK_Condition cause : null
2024-01-27 01:43:10,394 [INFO] LogOutputStream:77 - [STDOUT_REDIRECT] 1 : Invalid condition id : UX_CORESTACK_Condition cause : null
2024-01-27 01:43:10,394 [INFO] LogOutputStream:77 - [STDOUT_REDIRECT] 1 : Invalid condition id : UX_CORESTACK_Condition cause : null
2024-01-27 01:43:10,395 [INFO] LogOutputStream:77 - [STDOUT_REDIRECT] 1 : Invalid condition id : UX_CORESTACK_Condition cause : null
2024-01-27 01:43:10,395 [INFO] LogOutputStream:77 - [STDOUT_REDIRECT] 1 : Invalid condition id : UX_CORESTACK_Condition cause : null
2024-01-27 01:43:10,397 [WARN] PackLoader:240 - Cannot read IP mode file for STMicroelectronics.X-CUBE-AZRTOS-WL.2.0.0
2024-01-27 01:43:10,401 [WARN] PackLoader:240 - Cannot read IP mode file for STMicroelectronics.X-CUBE-BLE2.3.3.0
2024-01-27 01:43:10,409 [WARN] PackLoader:240 - Cannot read IP mode file for STMicroelectronics.X-CUBE-ALGOBUILD.1.3.0
2024-01-27 01:43:10,421 [WARN] PackLoader:240 - Cannot read IP mode file for STMicroelectronics.X-CUBE-AZRTOS-G0.1.1.0
2024-01-27 01:43:10,426 [WARN] PackLoader:240 - Cannot read IP mode file for STMicroelectronics.X-CUBE-NFC4.3.0.0
2024-01-27 01:43:10,432 [WARN] PackLoader:240 - Cannot read IP mode file for STMicroelectronics.X-CUBE-BLEMGR.3.0.0
2024-01-27 01:43:10,437 [WARN] PackLoader:240 - Cannot read IP mode file for STMicroelectronics.FP-ATR-SIGFOX1.3.2.0
2024-01-27 01:43:10,440 [WARN] PackLoader:240 - Cannot read IP mode file for STMicroelectronics.X-CUBE-EEPRMA1.5.1.0
2024-01-27 01:43:10,444 [WARN] PackLoader:240 - Cannot read IP mode file for STMicroelectronics.X-CUBE-GNSS1.6.0.0
2024-01-27 01:43:10,453 [WARN] PackLoader:240 - Cannot read IP mode file for STMicroelectronics.X-CUBE-AZRTOS-F4.1.1.0
2024-01-27 01:43:10,465 [WARN] PackLoader:240 - Cannot read IP mode file for STMicroelectronics.X-CUBE-AZRTOS-L5.2.0.0
2024-01-27 01:43:10,469 [WARN] PackLoader:240 - Cannot read IP mode file for STMicroelectronics.X-CUBE-EEPRMA1.4.2.0
2024-01-27 01:43:10,471 [WARN] PackLoader:240 - Cannot read IP mode file for ITTIA_DB.I-CUBE-ITTIADB.8.8.0
2024-01-27 01:43:10,474 [WARN] PackLoader:240 - Cannot read IP mode file for STMicroelectronics.X-CUBE-NFC7.1.0.1
2024-01-27 01:43:10,477 [WARN] PackLoader:240 - Cannot read IP mode file for STMicroelectronics.X-CUBE-NFC6.3.0.0
2024-01-27 01:43:10,480 [WARN] PackLoader:240 - Cannot read IP mode file for STMicroelectronics.X-CUBE-AI.8.1.0
2024-01-27 01:43:10,489 [WARN] ConditionMgr:438 - getConditionDescription Invalid condition id : LAN8742 Phy interface Condition cause : null
2024-01-27 01:43:10,489 [WARN] PackLoader:240 - Cannot read IP mode file for STMicroelectronics.X-CUBE-AZRTOS-L4.2.0.0
2024-01-27 01:43:10,490 [WARN] ConditionMgr:1039 - genDependencies : Invalid condition id : LAN8742 Phy interface Condition cause : null
2024-01-27 01:43:10,490 [WARN] ConditionMgr:1039 - genDependencies : Invalid condition id : LAN8742 Phy interface Condition cause : null
2024-01-27 01:43:10,490 [WARN] ConditionMgr:1039 - genDependencies : Invalid condition id : LAN8742 Phy interface Condition cause : null
2024-01-27 01:43:10,495 [WARN] PackLoader:240 - Cannot read IP mode file for STMicroelectronics.X-CUBE-SFXS2LP1.4.0.0
2024-01-27 01:43:10,501 [WARN] ConditionMgr:438 - getConditionDescription Invalid condition id : UX DEVICE CLASS RTOS Condition cause : null
2024-01-27 01:43:10,502 [WARN] ConditionMgr:438 - getConditionDescription Invalid condition id : UX DEVICE CLASS RTOS Condition cause : null
2024-01-27 01:43:10,503 [WARN] PackLoader:240 - Cannot read IP mode file for STMicroelectronics.X-CUBE-AZRTOS-WB.2.0.0
2024-01-27 01:43:10,503 [WARN] ConditionMgr:1039 - genDependencies : Invalid condition id : UX DEVICE CLASS RTOS Condition cause : null
2024-01-27 01:43:10,503 [WARN] ConditionMgr:1039 - genDependencies : Invalid condition id : UX DEVICE CLASS RTOS Condition cause : null
2024-01-27 01:43:10,503 [WARN] ConditionMgr:1039 - genDependencies : Invalid condition id : UX DEVICE CLASS RTOS Condition cause : null
2024-01-27 01:43:10,503 [WARN] ConditionMgr:1039 - genDependencies : Invalid condition id : UX DEVICE CLASS RTOS Condition cause : null
2024-01-27 01:43:10,503 [WARN] ConditionMgr:1039 - genDependencies : Invalid condition id : UX DEVICE CLASS RTOS Condition cause : null
2024-01-27 01:43:10,509 [WARN] PackLoader:240 - Cannot read IP mode file for STMicroelectronics.X-CUBE-SUBG2.5.0.0
2024-01-27 01:43:10,519 [WARN] PackLoader:240 - Cannot read IP mode file for STMicroelectronics.X-CUBE-AZRTOS-G4.2.0.0
2024-01-27 01:43:10,526 [WARN] PackLoader:240 - Cannot read IP mode file for Infineon.AIROC-Wi-Fi-Bluetooth-STM32.1.5.1
2024-01-27 01:43:10,530 [WARN] PackLoader:240 - Cannot read IP mode file for STMicroelectronics.FP-SNS-MOTENVWB1.1.3.1
2024-01-27 01:43:10,532 [WARN] PackLoader:240 - Cannot read IP mode file for STMicroelectronics.X-CUBE-ISPU.2.0.0
2024-01-27 01:43:10,564 [WARN] PackLoader:240 - Cannot read IP mode file for STMicroelectronics.X-CUBE-MEMS1.10.0.0
2024-01-27 01:43:10,675 [WARN] PackLoader:240 - Cannot read IP mode file for STMicroelectronics.X-CUBE-FREERTOS.1.1.0
2024-01-27 01:43:10,678 [WARN] PackLoader:240 - Cannot read IP mode file for STMicroelectronics.X-CUBE-ALS.1.0.1
2024-01-27 01:43:10,681 [WARN] PackLoader:240 - Cannot read IP mode file for STMicroelectronics.FP-ATR-ASTRA1.2.0.0
2024-01-27 01:43:10,688 [WARN] PackLoader:240 - Cannot read IP mode file for STMicroelectronics.X-CUBE-TOF1.3.4.0
2024-01-27 01:43:10,706 [WARN] PackLoader:240 - Cannot read IP mode file for STMicroelectronics.X-CUBE-AZRTOS-H7.3.2.0
2024-01-27 01:43:10,708 [INFO] ThirdParty:978 - Integrity check success = true
2024-01-27 01:43:10,708 [INFO] IntegrityCheckThread:100 - exiting critical section [integrity check]
2024-01-27 01:43:10,708 [INFO] IntegrityCheckThread:103 - End integrity checks thread
2024-01-27 01:44:31,534 [ERROR] LogOutputStream:75 - [STDERR_REDIRECT] 
2024-01-27 01:44:35,319 [INFO] Activator:176 - 


2024-01-27 01:44:35,320 [INFO] Activator:177 - !SESSION log4j initialized
2024-01-27 01:44:37,252 [ERROR] LogOutputStream:75 - [STDERR_REDIRECT] SLF4J: Failed to load class "org.slf4j.impl.StaticLoggerBinder".
2024-01-27 01:44:37,252 [ERROR] LogOutputStream:75 - [STDERR_REDIRECT] SLF4J: Defaulting to no-operation (NOP) logger implementation
2024-01-27 01:44:37,253 [ERROR] LogOutputStream:75 - [STDERR_REDIRECT] SLF4J: See http://www.slf4j.org/codes.html#StaticLoggerBinder for further details.
2024-01-27 01:44:44,220 [INFO] LogOutputStream:77 - [STDOUT_REDIRECT] 
2024-01-27 01:44:44,645 [INFO] ApplicationProperties:184 - Using Application install path: /home/ritik/st/stm32cubeide_1.14.0/plugins/com.st.stm32cube.common.mx_6.10.0.202311202037
2024-01-27 01:44:44,660 [INFO] DbMcusXml:78 - Set database path to: /home/ritik/st/stm32cubeide_1.14.0/plugins/com.st.stm32cube.common.mx_6.10.0.202311202037//db//mcu/
2024-01-27 01:44:44,660 [INFO] ApiDb:274 - Set plugin database path to: /home/ritik/st/stm32cubeide_1.14.0/plugins/com.st.stm32cube.common.mx_6.10.0.202311202037//db//plugins/boardmanager/
2024-01-27 01:44:44,660 [WARN] ApiDb:259 - Overriding images path with different value:  => /home/ritik/st/stm32cubeide_1.14.0/plugins/com.st.stm32cube.common.mx_6.10.0.202311202037//db//plugins/mcufinder/images/
2024-01-27 01:44:44,664 [INFO] ApiDb:250 - Set database path to: /home/ritik/.stmcufinder/plugins/mcufinder//mcu/
2024-01-27 01:44:44,665 [INFO] DbMcusAds:125 - Set database path to: /home/ritik/.stmcufinder/plugins/mcufinder//mcu/
2024-01-27 01:44:44,666 [INFO] CrossReferenceDbSqlite:203 - Set database path to: /home/ritik/.stmcufinder/plugins/mcufinder//mcu/cs/
2024-01-27 01:44:44,766 [INFO] RulesReader:64 - Compatibility file has been processed (297 Rules)
2024-01-27 01:44:44,813 [INFO] DbMcusXml:78 - Set database path to: /home/ritik/st/stm32cubeide_1.14.0/plugins/com.st.stm32cube.common.mx_6.10.0.202311202037//db//mcu/
2024-01-27 01:44:44,813 [INFO] ApiDb:274 - Set plugin database path to: /home/ritik/st/stm32cubeide_1.14.0/plugins/com.st.stm32cube.common.mx_6.10.0.202311202037//db//plugins/boardmanager/
2024-01-27 01:44:44,814 [INFO] ApiDb:261 - Set plugin images path to: /home/ritik/st/stm32cubeide_1.14.0/plugins/com.st.stm32cube.common.mx_6.10.0.202311202037//db//plugins/mcufinder/images/
2024-01-27 01:44:44,814 [WARN] DbFile:41 - Overriding database path with different value: /home/ritik/.stmcufinder/plugins/mcufinder/ => /home/ritik/.stmcufinder/plugins/mcufinder
2024-01-27 01:44:44,814 [INFO] ApiDb:250 - Set database path to: /home/ritik/.stmcufinder/plugins/mcufinder//mcu/
2024-01-27 01:44:44,814 [WARN] DbFile:41 - Overriding database path with different value: /home/ritik/.stmcufinder/plugins/mcufinder/ => /home/ritik/.stmcufinder/plugins/mcufinder
2024-01-27 01:44:44,814 [INFO] DbMcusAds:125 - Set database path to: /home/ritik/.stmcufinder/plugins/mcufinder//mcu/
2024-01-27 01:44:44,814 [WARN] DbFile:41 - Overriding database path with different value: /home/ritik/.stmcufinder/plugins/mcufinder/ => /home/ritik/.stmcufinder/plugins/mcufinder
2024-01-27 01:44:44,814 [WARN] DbFile:41 - Overriding database path with different value: /home/ritik/.stmcufinder/plugins/mcufinder/ => /home/ritik/.stmcufinder/plugins/mcufinder
2024-01-27 01:44:44,815 [INFO] CrossReferenceDbSqlite:203 - Set database path to: /home/ritik/.stmcufinder/plugins/mcufinder//mcu/cs/
2024-01-27 01:44:44,880 [INFO] MainPanel:264 - HeapMemory: 268435456
2024-01-27 01:44:44,940 [INFO] DbMcusXml:78 - Set database path to: /home/ritik/st/stm32cubeide_1.14.0/plugins/com.st.stm32cube.common.mx_6.10.0.202311202037//db//mcu/
2024-01-27 01:44:44,941 [INFO] ApiDb:274 - Set plugin database path to: /home/ritik/st/stm32cubeide_1.14.0/plugins/com.st.stm32cube.common.mx_6.10.0.202311202037//db//plugins/boardmanager/
2024-01-27 01:44:44,941 [INFO] ApiDb:261 - Set plugin images path to: /home/ritik/st/stm32cubeide_1.14.0/plugins/com.st.stm32cube.common.mx_6.10.0.202311202037//db//plugins/mcufinder/images/
2024-01-27 01:44:44,941 [WARN] DbFile:41 - Overriding database path with different value: /home/ritik/.stmcufinder/plugins/mcufinder/ => /home/ritik/.stmcufinder/plugins/mcufinder
2024-01-27 01:44:44,941 [INFO] ApiDb:250 - Set database path to: /home/ritik/.stmcufinder/plugins/mcufinder//mcu/
2024-01-27 01:44:44,941 [WARN] DbFile:41 - Overriding database path with different value: /home/ritik/.stmcufinder/plugins/mcufinder/ => /home/ritik/.stmcufinder/plugins/mcufinder
2024-01-27 01:44:44,941 [INFO] DbMcusAds:125 - Set database path to: /home/ritik/.stmcufinder/plugins/mcufinder//mcu/
2024-01-27 01:44:44,941 [WARN] DbFile:41 - Overriding database path with different value: /home/ritik/.stmcufinder/plugins/mcufinder/ => /home/ritik/.stmcufinder/plugins/mcufinder
2024-01-27 01:44:44,941 [WARN] DbFile:41 - Overriding database path with different value: /home/ritik/.stmcufinder/plugins/mcufinder/ => /home/ritik/.stmcufinder/plugins/mcufinder
2024-01-27 01:44:44,941 [INFO] CrossReferenceDbSqlite:203 - Set database path to: /home/ritik/.stmcufinder/plugins/mcufinder//mcu/cs/
2024-01-27 01:44:44,955 [INFO] ApplicationProperties:184 - Using Application install path: /home/ritik/st/stm32cubeide_1.14.0/plugins/com.st.stm32cube.common.mx_6.10.0.202311202037
2024-01-27 01:44:44,957 [INFO] PluginManage:196 - Search for loadable plugins [exclusion list=, ]
2024-01-27 01:44:44,958 [INFO] PluginManage:310 - Check plugin analytics
2024-01-27 01:44:45,087 [INFO] AnalyticsPlugin:253 - Accepted Software Licenses: 
2024-01-27 01:44:45,087 [INFO] AnalyticsPlugin:255 - Accepted CMSIS Pack Licenses: 
2024-01-27 01:44:45,087 [INFO] AnalyticsPlugin:257 - Accepted Firmware Licenses: 
2024-01-27 01:44:45,090 [INFO] PluginManage:359 - Loaded plugin analytics (category:tool,tabindex:-1)
2024-01-27 01:44:45,090 [INFO] PluginManage:310 - Check plugin cadmodel
2024-01-27 01:44:45,108 [INFO] CADModel:105 - Init CAD model plugin
2024-01-27 01:44:45,108 [INFO] PluginManage:359 - Loaded plugin cadmodel (category:power,tabindex:5)
2024-01-27 01:44:45,108 [INFO] PluginManage:310 - Check plugin clock
2024-01-27 01:44:45,115 [INFO] PluginManage:359 - Loaded plugin clock (category:base,tabindex:2)
2024-01-27 01:44:45,116 [INFO] PluginManage:310 - Check plugin ddr
2024-01-27 01:44:45,117 [INFO] PluginManage:359 - Loaded plugin ddr (category:tool,tabindex:6)
2024-01-27 01:44:45,117 [INFO] PluginManage:310 - Check plugin filemanager
2024-01-27 01:44:45,228 [INFO] PluginManage:359 - Loaded plugin filemanager (category:base,tabindex:10)
2024-01-27 01:44:45,228 [INFO] PluginManage:310 - Check plugin ipmanager
2024-01-27 01:44:45,232 [INFO] PluginManage:359 - Loaded plugin ipmanager (category:base,tabindex:5)
2024-01-27 01:44:45,233 [INFO] PluginManage:310 - Check plugin lpbam
2024-01-27 01:44:45,240 [INFO] PluginManage:359 - Loaded plugin lpbam (category:base,tabindex:0)
2024-01-27 01:44:45,240 [INFO] PluginManage:310 - Check plugin memorymap
2024-01-27 01:44:45,248 [INFO] PluginManage:359 - Loaded plugin memorymap (category:base,tabindex:4)
2024-01-27 01:44:45,249 [INFO] PluginManage:310 - Check plugin pinoutandconfiguration
2024-01-27 01:44:45,254 [INFO] PluginManage:359 - Loaded plugin pinoutandconfiguration (category:base,tabindex:1)
2024-01-27 01:44:45,254 [INFO] PluginManage:310 - Check plugin pinoutconfig
2024-01-27 01:44:45,314 [WARN] SupportedApi:132 - Cannot load RTOS API schema: s4s-elt-must-match.1: The content of 'definitions' must match (annotation?, (simpleType | complexType)?, (unique | key | keyref)*)). A problem was found starting at: attribute.
2024-01-27 01:44:45,393 [INFO] PluginManage:359 - Loaded plugin pinoutconfig (category:base,tabindex:0)
2024-01-27 01:44:45,393 [INFO] PluginManage:310 - Check plugin power
2024-01-27 01:44:45,398 [INFO] PluginManage:359 - Loaded plugin power (category:power,tabindex:4)
2024-01-27 01:44:45,398 [INFO] PluginManage:310 - Check plugin projectmanager
2024-01-27 01:44:45,409 [INFO] PluginManage:359 - Loaded plugin projectmanager (category:projectmanager,tabindex:3)
2024-01-27 01:44:45,409 [INFO] PluginManage:310 - Check plugin thirdparty
2024-01-27 01:44:45,480 [INFO] PluginManage:359 - Loaded plugin thirdparty (category:base,tabindex:-1)
2024-01-27 01:44:45,480 [INFO] PluginManage:310 - Check plugin tools
2024-01-27 01:44:45,480 [WARN] IntegrityCheckThread:84 - waiting for thirdparty lock release [integrity check]
2024-01-27 01:44:45,480 [INFO] IntegrityCheckThread:86 - entering critical section [integrity check]
2024-01-27 01:44:45,481 [INFO] ThirdPartyUpdaterWithRetryManager:70 - Updater plugin not ready yet. [1/15]
2024-01-27 01:44:45,482 [INFO] PluginManage:359 - Loaded plugin tools (category:base,tabindex:7)
2024-01-27 01:44:45,482 [INFO] PluginManage:310 - Check plugin tutovideos
2024-01-27 01:44:45,612 [INFO] PluginManage:359 - Loaded plugin tutovideos (category:base,tabindex:-1)
2024-01-27 01:44:45,612 [INFO] PluginManage:310 - Check plugin updater
2024-01-27 01:44:45,619 [INFO] PluginManage:359 - Loaded plugin updater (category:base,tabindex:12)
2024-01-27 01:44:45,619 [INFO] PluginManage:310 - Check plugin userauth
2024-01-27 01:44:45,622 [INFO] UserAuth:114 - Init User Auth plugin
2024-01-27 01:44:45,622 [INFO] PluginManage:359 - Loaded plugin userauth (category:base,tabindex:14)
2024-01-27 01:44:45,623 [INFO] PluginManage:283 - PluginManage : Loaded plugins [17]
2024-01-27 01:44:45,771 [INFO] PinOutPanel:1499 - setPackage(No Configuration,No Configuration)
2024-01-27 01:44:45,815 [INFO] CADModel:165 - CPN selected for project level
2024-01-27 01:44:45,815 [INFO] CADModel:114 - Register for checkConnection events
2024-01-27 01:44:45,821 [INFO] IPUIPlugin:80 - create IPUIPlugin
2024-01-27 01:44:45,822 [INFO] PluginManager:220 - loadIPPluginJar : add dfsdm
2024-01-27 01:44:45,824 [INFO] IPUIPlugin:80 - create IPUIPlugin
2024-01-27 01:44:45,824 [INFO] PluginManager:220 - loadIPPluginJar : add openamp
2024-01-27 01:44:45,827 [INFO] IPUIPlugin:80 - create IPUIPlugin
2024-01-27 01:44:45,827 [INFO] PluginManager:220 - loadIPPluginJar : add sai
2024-01-27 01:44:45,828 [INFO] IPUIPlugin:80 - create IPUIPlugin
2024-01-27 01:44:45,828 [INFO] PluginManager:220 - loadIPPluginJar : add genericplugin
2024-01-27 01:44:45,829 [INFO] IPUIPlugin:80 - create IPUIPlugin
2024-01-27 01:44:45,829 [INFO] PluginManager:220 - loadIPPluginJar : add i2c
2024-01-27 01:44:45,830 [INFO] IPUIPlugin:80 - create IPUIPlugin
2024-01-27 01:44:45,830 [INFO] PluginManager:220 - loadIPPluginJar : add comp
2024-01-27 01:44:45,832 [INFO] IPUIPlugin:80 - create IPUIPlugin
2024-01-27 01:44:45,832 [INFO] PluginManager:220 - loadIPPluginJar : add gpio
2024-01-27 01:44:45,836 [INFO] IPUIPlugin:80 - create IPUIPlugin
2024-01-27 01:44:45,837 [INFO] PluginManager:220 - loadIPPluginJar : add plateformsettings
2024-01-27 01:44:45,838 [INFO] IPUIPlugin:80 - create IPUIPlugin
2024-01-27 01:44:45,838 [INFO] PluginManager:220 - loadIPPluginJar : add quadspi
2024-01-27 01:44:45,839 [INFO] IPUIPlugin:80 - create IPUIPlugin
2024-01-27 01:44:45,839 [INFO] PluginManager:220 - loadIPPluginJar : add i2s
2024-01-27 01:44:45,840 [INFO] IPUIPlugin:80 - create IPUIPlugin
2024-01-27 01:44:45,841 [INFO] PluginManager:220 - loadIPPluginJar : add usbx
2024-01-27 01:44:45,841 [INFO] IPUIPlugin:80 - create IPUIPlugin
2024-01-27 01:44:45,841 [INFO] PluginManager:220 - loadIPPluginJar : add tim
2024-01-27 01:44:45,842 [INFO] IPUIPlugin:80 - create IPUIPlugin
2024-01-27 01:44:45,842 [INFO] PluginManager:220 - loadIPPluginJar : add hash
2024-01-27 01:44:45,844 [INFO] IPUIPlugin:80 - create IPUIPlugin
2024-01-27 01:44:45,844 [INFO] PluginManager:220 - loadIPPluginJar : add pdm2pcm
2024-01-27 01:44:45,845 [INFO] IPUIPlugin:80 - create IPUIPlugin
2024-01-27 01:44:45,845 [INFO] PluginManager:220 - loadIPPluginJar : add ts
2024-01-27 01:44:45,845 [INFO] IPUIPlugin:80 - create IPUIPlugin
2024-01-27 01:44:45,845 [INFO] PluginManager:220 - loadIPPluginJar : add tsc
2024-01-27 01:44:45,846 [INFO] IPUIPlugin:80 - create IPUIPlugin
2024-01-27 01:44:45,846 [INFO] PluginManager:220 - loadIPPluginJar : add aes
2024-01-27 01:44:45,849 [INFO] IPUIPlugin:80 - create IPUIPlugin
2024-01-27 01:44:45,849 [INFO] PluginManager:220 - loadIPPluginJar : add resmgrutility
2024-01-27 01:44:45,851 [INFO] IPUIPlugin:80 - create IPUIPlugin
2024-01-27 01:44:45,852 [INFO] PluginManager:220 - loadIPPluginJar : add stm32_wpan
2024-01-27 01:44:45,852 [INFO] IPUIPlugin:80 - create IPUIPlugin
2024-01-27 01:44:45,852 [INFO] PluginManager:220 - loadIPPluginJar : add tracer_emb
2024-01-27 01:44:45,854 [INFO] IPUIPlugin:80 - create IPUIPlugin
2024-01-27 01:44:45,854 [INFO] PluginManager:220 - loadIPPluginJar : add nvic
2024-01-27 01:44:45,854 [INFO] IPUIPlugin:80 - create IPUIPlugin
2024-01-27 01:44:45,855 [INFO] PluginManager:220 - loadIPPluginJar : add ltdc
2024-01-27 01:44:45,855 [INFO] IPUIPlugin:80 - create IPUIPlugin
2024-01-27 01:44:45,855 [INFO] PluginManager:220 - loadIPPluginJar : add fatfs
2024-01-27 01:44:45,857 [INFO] IPUIPlugin:80 - create IPUIPlugin
2024-01-27 01:44:45,858 [INFO] PluginManager:220 - loadIPPluginJar : add touchsensing
2024-01-27 01:44:45,861 [INFO] IPUIPlugin:80 - create IPUIPlugin
2024-01-27 01:44:45,861 [INFO] PluginManager:220 - loadIPPluginJar : add freertos
2024-01-27 01:44:45,866 [INFO] IPUIPlugin:80 - create IPUIPlugin
2024-01-27 01:44:45,866 [INFO] PluginManager:220 - loadIPPluginJar : add adc
2024-01-27 01:44:45,867 [INFO] IPUIPlugin:80 - create IPUIPlugin
2024-01-27 01:44:45,867 [INFO] PluginManager:220 - loadIPPluginJar : add usart
2024-01-27 01:44:45,868 [INFO] IPUIPlugin:80 - create IPUIPlugin
2024-01-27 01:44:45,868 [INFO] PluginManager:220 - loadIPPluginJar : add lorawan
2024-01-27 01:44:45,870 [INFO] IPUIPlugin:80 - create IPUIPlugin
2024-01-27 01:44:45,870 [INFO] PluginManager:220 - loadIPPluginJar : add fmc
2024-01-27 01:44:45,871 [INFO] IPUIPlugin:80 - create IPUIPlugin
2024-01-27 01:44:45,871 [INFO] PluginManager:220 - loadIPPluginJar : add opamp
2024-01-27 01:44:45,872 [INFO] IPUIPlugin:80 - create IPUIPlugin
2024-01-27 01:44:45,872 [INFO] PluginManager:220 - loadIPPluginJar : add can
2024-01-27 01:44:45,873 [INFO] IPUIPlugin:80 - create IPUIPlugin
2024-01-27 01:44:45,873 [INFO] PluginManager:220 - loadIPPluginJar : add dma3
2024-01-27 01:44:45,874 [INFO] IPUIPlugin:80 - create IPUIPlugin
2024-01-27 01:44:45,874 [INFO] PluginManager:220 - loadIPPluginJar : add i3c
2024-01-27 01:44:45,875 [INFO] IPUIPlugin:80 - create IPUIPlugin
2024-01-27 01:44:45,875 [INFO] PluginManager:220 - loadIPPluginJar : add ucpd
2024-01-27 01:44:45,876 [INFO] IPUIPlugin:80 - create IPUIPlugin
2024-01-27 01:44:45,876 [INFO] PluginManager:220 - loadIPPluginJar : add cryp
2024-01-27 01:44:45,877 [INFO] IPUIPlugin:80 - create IPUIPlugin
2024-01-27 01:44:45,877 [INFO] PluginManager:220 - loadIPPluginJar : add spi
2024-01-27 01:44:45,878 [INFO] IPUIPlugin:80 - create IPUIPlugin
2024-01-27 01:44:45,878 [INFO] PluginManager:220 - loadIPPluginJar : add gfxmmu
2024-01-27 01:44:45,881 [INFO] IPUIPlugin:80 - create IPUIPlugin
2024-01-27 01:44:45,881 [INFO] PluginManager:220 - loadIPPluginJar : add mdma
2024-01-27 01:44:45,885 [INFO] IPUIPlugin:80 - create IPUIPlugin
2024-01-27 01:44:45,885 [INFO] PluginManager:220 - loadIPPluginJar : add dma
2024-01-27 01:44:45,886 [INFO] IPUIPlugin:80 - create IPUIPlugin
2024-01-27 01:44:45,886 [INFO] PluginManager:220 - loadIPPluginJar : add gtzc
2024-01-27 01:44:45,888 [INFO] IPUIPlugin:80 - create IPUIPlugin
2024-01-27 01:44:45,888 [INFO] PluginManager:220 - loadIPPluginJar : add ipddr
2024-01-27 01:44:45,891 [INFO] IPUIPlugin:80 - create IPUIPlugin
2024-01-27 01:44:45,891 [INFO] PluginManager:220 - loadIPPluginJar : add gic
2024-01-27 01:44:45,895 [INFO] IPUIPlugin:80 - create IPUIPlugin
2024-01-27 01:44:45,895 [INFO] PluginManager:220 - loadIPPluginJar : add linkedlist
2024-01-27 01:44:46,021 [INFO] CADModel:165 - CPN selected for project level
2024-01-27 01:44:46,021 [INFO] CADModel:114 - Register for checkConnection events
2024-01-27 01:44:46,021 [FATAL] Updater:308 - Updater called before beeing initialized
2024-01-27 01:44:46,022 [ERROR] CADModel:125 - Updater not yet initialized, retry later 
2024-01-27 01:44:46,105 [INFO] CADModel:165 - CPN selected for project level
2024-01-27 01:44:46,105 [INFO] CADModel:114 - Register for checkConnection events
2024-01-27 01:44:46,105 [FATAL] Updater:308 - Updater called before beeing initialized
2024-01-27 01:44:46,105 [ERROR] CADModel:125 - Updater not yet initialized, retry later 
2024-01-27 01:44:46,107 [FATAL] Updater:308 - Updater called before beeing initialized
2024-01-27 01:44:46,153 [FATAL] Updater:308 - Updater called before beeing initialized
2024-01-27 01:44:46,156 [INFO] DbMcusAds:53 - JSON generation date=Wed Nov 29 16:22:27 IST 2023 (1701255147200)
2024-01-27 01:44:46,156 [FATAL] Updater:308 - Updater called before beeing initialized
2024-01-27 01:44:46,179 [WARN] DetailPanel:346 - Failed to get advertising image, set to default
2024-01-27 01:44:46,252 [FATAL] Updater:308 - Updater called before beeing initialized
2024-01-27 01:44:46,253 [FATAL] Updater:308 - Updater called before beeing initialized
2024-01-27 01:44:46,253 [FATAL] Updater:308 - Updater called before beeing initialized
2024-01-27 01:44:46,253 [WARN] DetailPanel:346 - Failed to get advertising image, set to default
2024-01-27 01:44:46,254 [FATAL] Updater:308 - Updater called before beeing initialized
2024-01-27 01:44:46,273 [ERROR] Updater:1120 - MainUpdater not yet initialized. External WinMGr cannot be set.
2024-01-27 01:44:46,274 [INFO] Updater:1056 - Updater Version found : 6.10.0
2024-01-27 01:44:46,286 [INFO] ApplicationProperties:184 - Using Application install path: /home/ritik/st/stm32cubeide_1.14.0/plugins/com.st.stm32cube.common.mx_6.10.0.202311202037
2024-01-27 01:44:47,353 [INFO] MainUpdater:2873 - connection check result : 10
2024-01-27 01:44:47,353 [INFO] MainUpdater:290 - Updater Check For Update Now.
2024-01-27 01:44:47,353 [INFO] MicroXplorer:498 - Change Database Version : DB.6.0.100
2024-01-27 01:44:47,357 [INFO] McuFinderGlobals:63 - Set McuFinder mode to 2 (CubeIDE integrated)
2024-01-27 01:44:47,357 [INFO] UserAuth:180 - activating auth plugin
2024-01-27 01:44:47,359 [INFO] UserAuth:404 - Internet connection configuration mode: 1
2024-01-27 01:44:47,366 [INFO] JxBrowserEngine:152 - Initiate JxBrowser Engine with user profile folder
2024-01-27 01:44:47,505 [INFO] CheckServerUpdateThread:120 - End of CheckServer Thread
2024-01-27 01:44:47,780 [INFO] WebApp:161 - Instantiating new browser for Auth
2024-01-27 01:44:48,099 [INFO] WebApp:780 - Register for checkConnection events
2024-01-27 01:44:48,099 [INFO] WebApp:414 - Apply proxy settings
2024-01-27 01:44:48,099 [INFO] WebApp:499 - Chromium requires no authentication
2024-01-27 01:44:48,103 [INFO] WebApp:442 - Direct internet connection detected
2024-01-27 01:44:48,193 [INFO] WebApp:192 - Starting web application
2024-01-27 01:44:48,193 [INFO] WebApp:544 - Web application path used /home/ritik/st/stm32cubeide_1.14.0/plugins/com.st.stm32cube.common.mx_6.10.0.202311202037/db/plugins/mcufinder/reactClient1/index.html
2024-01-27 01:44:48,545 [WARN] PackLoader:240 - Cannot read IP mode file for STMicroelectronics.X-CUBE-SMBUS.2.1.0
2024-01-27 01:44:48,549 [WARN] PackLoader:240 - Cannot read IP mode file for STMicroelectronics.X-CUBE-TOUCHGFX.4.23.0
2024-01-27 01:44:48,567 [WARN] PackLoader:240 - Cannot read IP mode file for STMicroelectronics.X-CUBE-AZRTOS-F7.1.1.0
2024-01-27 01:44:48,573 [WARN] PackLoader:240 - Cannot read IP mode file for STMicroelectronics.FP-SNS-MOTENV1.4.3.2
2024-01-27 01:44:48,577 [WARN] PackLoader:240 - Cannot read IP mode file for STMicroelectronics.FP-SNS-FLIGHT1.5.0.2
2024-01-27 01:44:48,582 [WARN] PackLoader:240 - Cannot read IP mode file for STMicroelectronics.X-CUBE-DISPLAY.3.0.0
2024-01-27 01:44:48,591 [WARN] PackLoader:240 - Cannot read IP mode file for STMicroelectronics.X-CUBE-BLE1.7.0.0
2024-01-27 01:44:48,593 [WARN] PackLoader:240 - Cannot read IP mode file for emotas.I-CUBE-CANOPEN.1.3.0
2024-01-27 01:44:48,596 [WARN] PackLoader:240 - Cannot read IP mode file for STMicroelectronics.FP-SNS-SMARTAG2.1.2.0
2024-01-27 01:44:48,602 [INFO] LogOutputStream:77 - [STDOUT_REDIRECT] 1 : Invalid condition id : UX_CORESTACK_Condition cause : null
2024-01-27 01:44:48,602 [INFO] LogOutputStream:77 - [STDOUT_REDIRECT] 1 : Invalid condition id : UX_CORESTACK_Condition cause : null
2024-01-27 01:44:48,602 [INFO] LogOutputStream:77 - [STDOUT_REDIRECT] 1 : Invalid condition id : UX_CORESTACK_Condition cause : null
2024-01-27 01:44:48,603 [INFO] LogOutputStream:77 - [STDOUT_REDIRECT] 1 : Invalid condition id : UX_CORESTACK_Condition cause : null
2024-01-27 01:44:48,603 [INFO] LogOutputStream:77 - [STDOUT_REDIRECT] 1 : Invalid condition id : UX_CORESTACK_Condition cause : null
2024-01-27 01:44:48,606 [WARN] PackLoader:240 - Cannot read IP mode file for STMicroelectronics.X-CUBE-AZRTOS-WL.2.0.0
2024-01-27 01:44:48,610 [WARN] PackLoader:240 - Cannot read IP mode file for STMicroelectronics.X-CUBE-BLE2.3.3.0
2024-01-27 01:44:48,613 [WARN] PackLoader:240 - Cannot read IP mode file for STMicroelectronics.X-CUBE-ALGOBUILD.1.3.0
2024-01-27 01:44:48,625 [WARN] PackLoader:240 - Cannot read IP mode file for STMicroelectronics.X-CUBE-AZRTOS-G0.1.1.0
2024-01-27 01:44:48,630 [WARN] PackLoader:240 - Cannot read IP mode file for STMicroelectronics.X-CUBE-NFC4.3.0.0
2024-01-27 01:44:48,636 [WARN] PackLoader:240 - Cannot read IP mode file for STMicroelectronics.X-CUBE-BLEMGR.3.0.0
2024-01-27 01:44:48,639 [WARN] PackLoader:240 - Cannot read IP mode file for STMicroelectronics.FP-ATR-SIGFOX1.3.2.0
2024-01-27 01:44:48,643 [WARN] PackLoader:240 - Cannot read IP mode file for STMicroelectronics.X-CUBE-EEPRMA1.5.1.0
2024-01-27 01:44:48,647 [WARN] PackLoader:240 - Cannot read IP mode file for STMicroelectronics.X-CUBE-GNSS1.6.0.0
2024-01-27 01:44:48,657 [WARN] PackLoader:240 - Cannot read IP mode file for STMicroelectronics.X-CUBE-AZRTOS-F4.1.1.0
2024-01-27 01:44:48,669 [WARN] PackLoader:240 - Cannot read IP mode file for STMicroelectronics.X-CUBE-AZRTOS-L5.2.0.0
2024-01-27 01:44:48,674 [WARN] PackLoader:240 - Cannot read IP mode file for STMicroelectronics.X-CUBE-EEPRMA1.4.2.0
2024-01-27 01:44:48,678 [WARN] PackLoader:240 - Cannot read IP mode file for ITTIA_DB.I-CUBE-ITTIADB.8.8.0
2024-01-27 01:44:48,681 [WARN] PackLoader:240 - Cannot read IP mode file for STMicroelectronics.X-CUBE-NFC7.1.0.1
2024-01-27 01:44:48,685 [WARN] PackLoader:240 - Cannot read IP mode file for STMicroelectronics.X-CUBE-NFC6.3.0.0
2024-01-27 01:44:48,695 [WARN] PackLoader:240 - Cannot read IP mode file for STMicroelectronics.X-CUBE-AI.8.1.0
2024-01-27 01:44:48,710 [WARN] ConditionMgr:438 - getConditionDescription Invalid condition id : LAN8742 Phy interface Condition cause : null
2024-01-27 01:44:48,711 [WARN] PackLoader:240 - Cannot read IP mode file for STMicroelectronics.X-CUBE-AZRTOS-L4.2.0.0
2024-01-27 01:44:48,712 [WARN] ConditionMgr:1039 - genDependencies : Invalid condition id : LAN8742 Phy interface Condition cause : null
2024-01-27 01:44:48,712 [WARN] ConditionMgr:1039 - genDependencies : Invalid condition id : LAN8742 Phy interface Condition cause : null
2024-01-27 01:44:48,713 [WARN] ConditionMgr:1039 - genDependencies : Invalid condition id : LAN8742 Phy interface Condition cause : null
2024-01-27 01:44:48,718 [WARN] PackLoader:240 - Cannot read IP mode file for STMicroelectronics.X-CUBE-SFXS2LP1.4.0.0
2024-01-27 01:44:48,729 [WARN] ConditionMgr:438 - getConditionDescription Invalid condition id : UX DEVICE CLASS RTOS Condition cause : null
2024-01-27 01:44:48,729 [WARN] ConditionMgr:438 - getConditionDescription Invalid condition id : UX DEVICE CLASS RTOS Condition cause : null
2024-01-27 01:44:48,731 [WARN] PackLoader:240 - Cannot read IP mode file for STMicroelectronics.X-CUBE-AZRTOS-WB.2.0.0
2024-01-27 01:44:48,731 [WARN] ConditionMgr:1039 - genDependencies : Invalid condition id : UX DEVICE CLASS RTOS Condition cause : null
2024-01-27 01:44:48,731 [WARN] ConditionMgr:1039 - genDependencies : Invalid condition id : UX DEVICE CLASS RTOS Condition cause : null
2024-01-27 01:44:48,732 [WARN] ConditionMgr:1039 - genDependencies : Invalid condition id : UX DEVICE CLASS RTOS Condition cause : null
2024-01-27 01:44:48,732 [WARN] ConditionMgr:1039 - genDependencies : Invalid condition id : UX DEVICE CLASS RTOS Condition cause : null
2024-01-27 01:44:48,732 [WARN] ConditionMgr:1039 - genDependencies : Invalid condition id : UX DEVICE CLASS RTOS Condition cause : null
2024-01-27 01:44:48,740 [WARN] PackLoader:240 - Cannot read IP mode file for STMicroelectronics.X-CUBE-SUBG2.5.0.0
2024-01-27 01:44:48,756 [WARN] PackLoader:240 - Cannot read IP mode file for STMicroelectronics.X-CUBE-AZRTOS-G4.2.0.0
2024-01-27 01:44:48,767 [WARN] PackLoader:240 - Cannot read IP mode file for Infineon.AIROC-Wi-Fi-Bluetooth-STM32.1.5.1
2024-01-27 01:44:48,775 [WARN] PackLoader:240 - Cannot read IP mode file for STMicroelectronics.FP-SNS-MOTENVWB1.1.3.1
2024-01-27 01:44:48,778 [WARN] PackLoader:240 - Cannot read IP mode file for STMicroelectronics.X-CUBE-ISPU.2.0.0
2024-01-27 01:44:48,800 [WARN] PackLoader:240 - Cannot read IP mode file for STMicroelectronics.X-CUBE-MEMS1.10.0.0
2024-01-27 01:44:48,882 [WARN] PackLoader:240 - Cannot read IP mode file for STMicroelectronics.X-CUBE-FREERTOS.1.1.0
2024-01-27 01:44:48,884 [WARN] PackLoader:240 - Cannot read IP mode file for STMicroelectronics.X-CUBE-ALS.1.0.1
2024-01-27 01:44:48,886 [WARN] PackLoader:240 - Cannot read IP mode file for STMicroelectronics.FP-ATR-ASTRA1.2.0.0
2024-01-27 01:44:48,892 [WARN] PackLoader:240 - Cannot read IP mode file for STMicroelectronics.X-CUBE-TOF1.3.4.0
2024-01-27 01:44:48,908 [WARN] PackLoader:240 - Cannot read IP mode file for STMicroelectronics.X-CUBE-AZRTOS-H7.3.2.0
2024-01-27 01:44:48,911 [INFO] ThirdParty:978 - Integrity check success = true
2024-01-27 01:44:48,911 [INFO] IntegrityCheckThread:100 - exiting critical section [integrity check]
2024-01-27 01:44:48,911 [INFO] IntegrityCheckThread:103 - End integrity checks thread
2024-01-27 04:05:17,146 [ERROR] LogOutputStream:75 - [STDERR_REDIRECT] 
