2024-03-04 09:41:28,049 [INFO] Activator:176 - 


2024-03-04 09:41:28,053 [INFO] Activator:177 - !SESSION log4j initialized
2024-03-04 09:41:31,225 [INFO] LogOutputStream:77 - [STDOUT_REDIRECT] 
2024-03-04 09:41:31,627 [INFO] ApplicationProperties:184 - Using Application install path: /home/ritik/st/stm32cubeide_1.14.0/plugins/com.st.stm32cube.common.mx_6.10.0.202311202037
2024-03-04 09:41:31,638 [INFO] DbMcusXml:78 - Set database path to: /home/ritik/st/stm32cubeide_1.14.0/plugins/com.st.stm32cube.common.mx_6.10.0.202311202037//db//mcu/
2024-03-04 09:41:31,639 [INFO] ApiDb:274 - Set plugin database path to: /home/ritik/st/stm32cubeide_1.14.0/plugins/com.st.stm32cube.common.mx_6.10.0.202311202037//db//plugins/boardmanager/
2024-03-04 09:41:31,639 [WARN] ApiDb:259 - Overriding images path with different value:  => /home/ritik/st/stm32cubeide_1.14.0/plugins/com.st.stm32cube.common.mx_6.10.0.202311202037//db//plugins/mcufinder/images/
2024-03-04 09:41:31,644 [INFO] ApiDb:250 - Set database path to: /home/ritik/.stmcufinder/plugins/mcufinder//mcu/
2024-03-04 09:41:31,645 [INFO] DbMcusAds:125 - Set database path to: /home/ritik/.stmcufinder/plugins/mcufinder//mcu/
2024-03-04 09:41:31,646 [INFO] CrossReferenceDbSqlite:203 - Set database path to: /home/ritik/.stmcufinder/plugins/mcufinder//mcu/cs/
2024-03-04 09:41:31,731 [INFO] RulesReader:64 - Compatibility file has been processed (297 Rules)
2024-03-04 09:41:31,773 [INFO] DbMcusXml:78 - Set database path to: /home/ritik/st/stm32cubeide_1.14.0/plugins/com.st.stm32cube.common.mx_6.10.0.202311202037//db//mcu/
2024-03-04 09:41:31,773 [INFO] ApiDb:274 - Set plugin database path to: /home/ritik/st/stm32cubeide_1.14.0/plugins/com.st.stm32cube.common.mx_6.10.0.202311202037//db//plugins/boardmanager/
2024-03-04 09:41:31,773 [INFO] ApiDb:261 - Set plugin images path to: /home/ritik/st/stm32cubeide_1.14.0/plugins/com.st.stm32cube.common.mx_6.10.0.202311202037//db//plugins/mcufinder/images/
2024-03-04 09:41:31,773 [WARN] DbFile:41 - Overriding database path with different value: /home/ritik/.stmcufinder/plugins/mcufinder/ => /home/ritik/.stmcufinder/plugins/mcufinder
2024-03-04 09:41:31,773 [INFO] ApiDb:250 - Set database path to: /home/ritik/.stmcufinder/plugins/mcufinder//mcu/
2024-03-04 09:41:31,773 [WARN] DbFile:41 - Overriding database path with different value: /home/ritik/.stmcufinder/plugins/mcufinder/ => /home/ritik/.stmcufinder/plugins/mcufinder
2024-03-04 09:41:31,773 [INFO] DbMcusAds:125 - Set database path to: /home/ritik/.stmcufinder/plugins/mcufinder//mcu/
2024-03-04 09:41:31,773 [WARN] DbFile:41 - Overriding database path with different value: /home/ritik/.stmcufinder/plugins/mcufinder/ => /home/ritik/.stmcufinder/plugins/mcufinder
2024-03-04 09:41:31,774 [WARN] DbFile:41 - Overriding database path with different value: /home/ritik/.stmcufinder/plugins/mcufinder/ => /home/ritik/.stmcufinder/plugins/mcufinder
2024-03-04 09:41:31,774 [INFO] CrossReferenceDbSqlite:203 - Set database path to: /home/ritik/.stmcufinder/plugins/mcufinder//mcu/cs/
2024-03-04 09:41:31,819 [INFO] MainPanel:264 - HeapMemory: 268435456
2024-03-04 09:41:31,879 [INFO] DbMcusXml:78 - Set database path to: /home/ritik/st/stm32cubeide_1.14.0/plugins/com.st.stm32cube.common.mx_6.10.0.202311202037//db//mcu/
2024-03-04 09:41:31,879 [INFO] ApiDb:274 - Set plugin database path to: /home/ritik/st/stm32cubeide_1.14.0/plugins/com.st.stm32cube.common.mx_6.10.0.202311202037//db//plugins/boardmanager/
2024-03-04 09:41:31,879 [INFO] ApiDb:261 - Set plugin images path to: /home/ritik/st/stm32cubeide_1.14.0/plugins/com.st.stm32cube.common.mx_6.10.0.202311202037//db//plugins/mcufinder/images/
2024-03-04 09:41:31,879 [WARN] DbFile:41 - Overriding database path with different value: /home/ritik/.stmcufinder/plugins/mcufinder/ => /home/ritik/.stmcufinder/plugins/mcufinder
2024-03-04 09:41:31,880 [INFO] ApiDb:250 - Set database path to: /home/ritik/.stmcufinder/plugins/mcufinder//mcu/
2024-03-04 09:41:31,880 [WARN] DbFile:41 - Overriding database path with different value: /home/ritik/.stmcufinder/plugins/mcufinder/ => /home/ritik/.stmcufinder/plugins/mcufinder
2024-03-04 09:41:31,880 [INFO] DbMcusAds:125 - Set database path to: /home/ritik/.stmcufinder/plugins/mcufinder//mcu/
2024-03-04 09:41:31,880 [WARN] DbFile:41 - Overriding database path with different value: /home/ritik/.stmcufinder/plugins/mcufinder/ => /home/ritik/.stmcufinder/plugins/mcufinder
2024-03-04 09:41:31,880 [WARN] DbFile:41 - Overriding database path with different value: /home/ritik/.stmcufinder/plugins/mcufinder/ => /home/ritik/.stmcufinder/plugins/mcufinder
2024-03-04 09:41:31,880 [INFO] CrossReferenceDbSqlite:203 - Set database path to: /home/ritik/.stmcufinder/plugins/mcufinder//mcu/cs/
2024-03-04 09:41:31,893 [INFO] ApplicationProperties:184 - Using Application install path: /home/ritik/st/stm32cubeide_1.14.0/plugins/com.st.stm32cube.common.mx_6.10.0.202311202037
2024-03-04 09:41:31,894 [INFO] PluginManage:196 - Search for loadable plugins [exclusion list=, ]
2024-03-04 09:41:31,895 [INFO] PluginManage:310 - Check plugin analytics
2024-03-04 09:41:32,007 [INFO] AnalyticsPlugin:253 - Accepted Software Licenses: 
2024-03-04 09:41:32,007 [INFO] AnalyticsPlugin:255 - Accepted CMSIS Pack Licenses: 
2024-03-04 09:41:32,007 [INFO] AnalyticsPlugin:257 - Accepted Firmware Licenses: 
2024-03-04 09:41:32,009 [INFO] PluginManage:359 - Loaded plugin analytics (category:tool,tabindex:-1)
2024-03-04 09:41:32,009 [INFO] PluginManage:310 - Check plugin cadmodel
2024-03-04 09:41:32,029 [INFO] CADModel:105 - Init CAD model plugin
2024-03-04 09:41:32,029 [INFO] PluginManage:359 - Loaded plugin cadmodel (category:power,tabindex:5)
2024-03-04 09:41:32,029 [INFO] PluginManage:310 - Check plugin clock
2024-03-04 09:41:32,036 [INFO] PluginManage:359 - Loaded plugin clock (category:base,tabindex:2)
2024-03-04 09:41:32,037 [INFO] PluginManage:310 - Check plugin ddr
2024-03-04 09:41:32,039 [INFO] PluginManage:359 - Loaded plugin ddr (category:tool,tabindex:6)
2024-03-04 09:41:32,039 [INFO] PluginManage:310 - Check plugin filemanager
2024-03-04 09:41:32,143 [INFO] PluginManage:359 - Loaded plugin filemanager (category:base,tabindex:10)
2024-03-04 09:41:32,143 [INFO] PluginManage:310 - Check plugin ipmanager
2024-03-04 09:41:32,147 [INFO] PluginManage:359 - Loaded plugin ipmanager (category:base,tabindex:5)
2024-03-04 09:41:32,147 [INFO] PluginManage:310 - Check plugin lpbam
2024-03-04 09:41:32,155 [INFO] PluginManage:359 - Loaded plugin lpbam (category:base,tabindex:0)
2024-03-04 09:41:32,155 [INFO] PluginManage:310 - Check plugin memorymap
2024-03-04 09:41:32,162 [INFO] PluginManage:359 - Loaded plugin memorymap (category:base,tabindex:4)
2024-03-04 09:41:32,163 [INFO] PluginManage:310 - Check plugin pinoutandconfiguration
2024-03-04 09:41:32,168 [INFO] PluginManage:359 - Loaded plugin pinoutandconfiguration (category:base,tabindex:1)
2024-03-04 09:41:32,168 [INFO] PluginManage:310 - Check plugin pinoutconfig
2024-03-04 09:41:32,222 [WARN] SupportedApi:132 - Cannot load RTOS API schema: s4s-elt-must-match.1: The content of 'definitions' must match (annotation?, (simpleType | complexType)?, (unique | key | keyref)*)). A problem was found starting at: attribute.
2024-03-04 09:41:32,304 [INFO] PluginManage:359 - Loaded plugin pinoutconfig (category:base,tabindex:0)
2024-03-04 09:41:32,304 [INFO] PluginManage:310 - Check plugin power
2024-03-04 09:41:32,310 [INFO] PluginManage:359 - Loaded plugin power (category:power,tabindex:4)
2024-03-04 09:41:32,310 [INFO] PluginManage:310 - Check plugin projectmanager
2024-03-04 09:41:32,322 [INFO] PluginManage:359 - Loaded plugin projectmanager (category:projectmanager,tabindex:3)
2024-03-04 09:41:32,323 [INFO] PluginManage:310 - Check plugin thirdparty
2024-03-04 09:41:32,390 [INFO] PluginManage:359 - Loaded plugin thirdparty (category:base,tabindex:-1)
2024-03-04 09:41:32,390 [WARN] IntegrityCheckThread:84 - waiting for thirdparty lock release [integrity check]
2024-03-04 09:41:32,390 [INFO] PluginManage:310 - Check plugin tools
2024-03-04 09:41:32,390 [INFO] IntegrityCheckThread:86 - entering critical section [integrity check]
2024-03-04 09:41:32,390 [INFO] ThirdPartyUpdaterWithRetryManager:70 - Updater plugin not ready yet. [1/15]
2024-03-04 09:41:32,391 [INFO] PluginManage:359 - Loaded plugin tools (category:base,tabindex:7)
2024-03-04 09:41:32,392 [INFO] PluginManage:310 - Check plugin tutovideos
2024-03-04 09:41:32,498 [INFO] PluginManage:359 - Loaded plugin tutovideos (category:base,tabindex:-1)
2024-03-04 09:41:32,498 [INFO] PluginManage:310 - Check plugin updater
2024-03-04 09:41:32,506 [INFO] PluginManage:359 - Loaded plugin updater (category:base,tabindex:12)
2024-03-04 09:41:32,506 [INFO] PluginManage:310 - Check plugin userauth
2024-03-04 09:41:32,511 [INFO] UserAuth:114 - Init User Auth plugin
2024-03-04 09:41:32,511 [INFO] PluginManage:359 - Loaded plugin userauth (category:base,tabindex:14)
2024-03-04 09:41:32,512 [INFO] PluginManage:283 - PluginManage : Loaded plugins [17]
2024-03-04 09:41:32,623 [INFO] PinOutPanel:1499 - setPackage(No Configuration,No Configuration)
2024-03-04 09:41:32,670 [INFO] CADModel:165 - CPN selected for project level
2024-03-04 09:41:32,670 [INFO] CADModel:114 - Register for checkConnection events
2024-03-04 09:41:32,677 [INFO] IPUIPlugin:80 - create IPUIPlugin
2024-03-04 09:41:32,677 [INFO] PluginManager:220 - loadIPPluginJar : add dfsdm
2024-03-04 09:41:32,679 [INFO] IPUIPlugin:80 - create IPUIPlugin
2024-03-04 09:41:32,679 [INFO] PluginManager:220 - loadIPPluginJar : add openamp
2024-03-04 09:41:32,682 [INFO] IPUIPlugin:80 - create IPUIPlugin
2024-03-04 09:41:32,682 [INFO] PluginManager:220 - loadIPPluginJar : add sai
2024-03-04 09:41:32,683 [INFO] IPUIPlugin:80 - create IPUIPlugin
2024-03-04 09:41:32,683 [INFO] PluginManager:220 - loadIPPluginJar : add genericplugin
2024-03-04 09:41:32,684 [INFO] IPUIPlugin:80 - create IPUIPlugin
2024-03-04 09:41:32,684 [INFO] PluginManager:220 - loadIPPluginJar : add i2c
2024-03-04 09:41:32,685 [INFO] IPUIPlugin:80 - create IPUIPlugin
2024-03-04 09:41:32,685 [INFO] PluginManager:220 - loadIPPluginJar : add comp
2024-03-04 09:41:32,688 [INFO] IPUIPlugin:80 - create IPUIPlugin
2024-03-04 09:41:32,688 [INFO] PluginManager:220 - loadIPPluginJar : add gpio
2024-03-04 09:41:32,692 [INFO] IPUIPlugin:80 - create IPUIPlugin
2024-03-04 09:41:32,693 [INFO] PluginManager:220 - loadIPPluginJar : add plateformsettings
2024-03-04 09:41:32,694 [INFO] IPUIPlugin:80 - create IPUIPlugin
2024-03-04 09:41:32,694 [INFO] PluginManager:220 - loadIPPluginJar : add quadspi
2024-03-04 09:41:32,696 [INFO] IPUIPlugin:80 - create IPUIPlugin
2024-03-04 09:41:32,696 [INFO] PluginManager:220 - loadIPPluginJar : add i2s
2024-03-04 09:41:32,697 [INFO] IPUIPlugin:80 - create IPUIPlugin
2024-03-04 09:41:32,697 [INFO] PluginManager:220 - loadIPPluginJar : add usbx
2024-03-04 09:41:32,698 [INFO] IPUIPlugin:80 - create IPUIPlugin
2024-03-04 09:41:32,698 [INFO] PluginManager:220 - loadIPPluginJar : add tim
2024-03-04 09:41:32,699 [INFO] IPUIPlugin:80 - create IPUIPlugin
2024-03-04 09:41:32,699 [INFO] PluginManager:220 - loadIPPluginJar : add hash
2024-03-04 09:41:32,701 [INFO] IPUIPlugin:80 - create IPUIPlugin
2024-03-04 09:41:32,701 [INFO] PluginManager:220 - loadIPPluginJar : add pdm2pcm
2024-03-04 09:41:32,702 [INFO] IPUIPlugin:80 - create IPUIPlugin
2024-03-04 09:41:32,702 [INFO] PluginManager:220 - loadIPPluginJar : add ts
2024-03-04 09:41:32,702 [INFO] IPUIPlugin:80 - create IPUIPlugin
2024-03-04 09:41:32,703 [INFO] PluginManager:220 - loadIPPluginJar : add tsc
2024-03-04 09:41:32,704 [INFO] IPUIPlugin:80 - create IPUIPlugin
2024-03-04 09:41:32,704 [INFO] PluginManager:220 - loadIPPluginJar : add aes
2024-03-04 09:41:32,707 [INFO] IPUIPlugin:80 - create IPUIPlugin
2024-03-04 09:41:32,707 [INFO] PluginManager:220 - loadIPPluginJar : add resmgrutility
2024-03-04 09:41:32,710 [INFO] IPUIPlugin:80 - create IPUIPlugin
2024-03-04 09:41:32,710 [INFO] PluginManager:220 - loadIPPluginJar : add stm32_wpan
2024-03-04 09:41:32,711 [INFO] IPUIPlugin:80 - create IPUIPlugin
2024-03-04 09:41:32,711 [INFO] PluginManager:220 - loadIPPluginJar : add tracer_emb
2024-03-04 09:41:32,714 [INFO] IPUIPlugin:80 - create IPUIPlugin
2024-03-04 09:41:32,714 [INFO] PluginManager:220 - loadIPPluginJar : add nvic
2024-03-04 09:41:32,715 [INFO] IPUIPlugin:80 - create IPUIPlugin
2024-03-04 09:41:32,715 [INFO] PluginManager:220 - loadIPPluginJar : add ltdc
2024-03-04 09:41:32,716 [INFO] IPUIPlugin:80 - create IPUIPlugin
2024-03-04 09:41:32,716 [INFO] PluginManager:220 - loadIPPluginJar : add fatfs
2024-03-04 09:41:32,717 [INFO] IPUIPlugin:80 - create IPUIPlugin
2024-03-04 09:41:32,717 [INFO] PluginManager:220 - loadIPPluginJar : add touchsensing
2024-03-04 09:41:32,722 [INFO] IPUIPlugin:80 - create IPUIPlugin
2024-03-04 09:41:32,722 [INFO] PluginManager:220 - loadIPPluginJar : add freertos
2024-03-04 09:41:32,726 [INFO] IPUIPlugin:80 - create IPUIPlugin
2024-03-04 09:41:32,727 [INFO] PluginManager:220 - loadIPPluginJar : add adc
2024-03-04 09:41:32,728 [INFO] IPUIPlugin:80 - create IPUIPlugin
2024-03-04 09:41:32,728 [INFO] PluginManager:220 - loadIPPluginJar : add usart
2024-03-04 09:41:32,729 [INFO] IPUIPlugin:80 - create IPUIPlugin
2024-03-04 09:41:32,729 [INFO] PluginManager:220 - loadIPPluginJar : add lorawan
2024-03-04 09:41:32,732 [INFO] IPUIPlugin:80 - create IPUIPlugin
2024-03-04 09:41:32,732 [INFO] PluginManager:220 - loadIPPluginJar : add fmc
2024-03-04 09:41:32,734 [INFO] IPUIPlugin:80 - create IPUIPlugin
2024-03-04 09:41:32,734 [INFO] PluginManager:220 - loadIPPluginJar : add opamp
2024-03-04 09:41:32,735 [INFO] IPUIPlugin:80 - create IPUIPlugin
2024-03-04 09:41:32,735 [INFO] PluginManager:220 - loadIPPluginJar : add can
2024-03-04 09:41:32,736 [INFO] IPUIPlugin:80 - create IPUIPlugin
2024-03-04 09:41:32,736 [INFO] PluginManager:220 - loadIPPluginJar : add dma3
2024-03-04 09:41:32,738 [INFO] IPUIPlugin:80 - create IPUIPlugin
2024-03-04 09:41:32,738 [INFO] PluginManager:220 - loadIPPluginJar : add i3c
2024-03-04 09:41:32,739 [INFO] IPUIPlugin:80 - create IPUIPlugin
2024-03-04 09:41:32,739 [INFO] PluginManager:220 - loadIPPluginJar : add ucpd
2024-03-04 09:41:32,740 [INFO] IPUIPlugin:80 - create IPUIPlugin
2024-03-04 09:41:32,740 [INFO] PluginManager:220 - loadIPPluginJar : add cryp
2024-03-04 09:41:32,741 [INFO] IPUIPlugin:80 - create IPUIPlugin
2024-03-04 09:41:32,741 [INFO] PluginManager:220 - loadIPPluginJar : add spi
2024-03-04 09:41:32,742 [INFO] IPUIPlugin:80 - create IPUIPlugin
2024-03-04 09:41:32,743 [INFO] PluginManager:220 - loadIPPluginJar : add gfxmmu
2024-03-04 09:41:32,747 [INFO] IPUIPlugin:80 - create IPUIPlugin
2024-03-04 09:41:32,747 [INFO] PluginManager:220 - loadIPPluginJar : add mdma
2024-03-04 09:41:32,751 [INFO] IPUIPlugin:80 - create IPUIPlugin
2024-03-04 09:41:32,751 [INFO] PluginManager:220 - loadIPPluginJar : add dma
2024-03-04 09:41:32,755 [INFO] IPUIPlugin:80 - create IPUIPlugin
2024-03-04 09:41:32,755 [INFO] PluginManager:220 - loadIPPluginJar : add gtzc
2024-03-04 09:41:32,756 [INFO] IPUIPlugin:80 - create IPUIPlugin
2024-03-04 09:41:32,757 [INFO] PluginManager:220 - loadIPPluginJar : add ipddr
2024-03-04 09:41:32,760 [INFO] IPUIPlugin:80 - create IPUIPlugin
2024-03-04 09:41:32,760 [INFO] PluginManager:220 - loadIPPluginJar : add gic
2024-03-04 09:41:32,764 [INFO] IPUIPlugin:80 - create IPUIPlugin
2024-03-04 09:41:32,764 [INFO] PluginManager:220 - loadIPPluginJar : add linkedlist
2024-03-04 09:41:32,857 [INFO] CADModel:165 - CPN selected for project level
2024-03-04 09:41:32,858 [INFO] CADModel:114 - Register for checkConnection events
2024-03-04 09:41:32,858 [FATAL] Updater:308 - Updater called before beeing initialized
2024-03-04 09:41:32,858 [ERROR] CADModel:125 - Updater not yet initialized, retry later 
2024-03-04 09:41:32,942 [INFO] CADModel:165 - CPN selected for project level
2024-03-04 09:41:32,942 [INFO] CADModel:114 - Register for checkConnection events
2024-03-04 09:41:32,942 [FATAL] Updater:308 - Updater called before beeing initialized
2024-03-04 09:41:32,943 [ERROR] CADModel:125 - Updater not yet initialized, retry later 
2024-03-04 09:41:32,944 [FATAL] Updater:308 - Updater called before beeing initialized
2024-03-04 09:41:32,989 [FATAL] Updater:308 - Updater called before beeing initialized
2024-03-04 09:41:32,992 [INFO] DbMcusAds:53 - JSON generation date=Wed Nov 29 16:22:27 IST 2023 (1701255147349)
2024-03-04 09:41:32,992 [FATAL] Updater:308 - Updater called before beeing initialized
2024-03-04 09:41:33,017 [WARN] DetailPanel:346 - Failed to get advertising image, set to default
2024-03-04 09:41:33,093 [FATAL] Updater:308 - Updater called before beeing initialized
2024-03-04 09:41:33,094 [FATAL] Updater:308 - Updater called before beeing initialized
2024-03-04 09:41:33,095 [FATAL] Updater:308 - Updater called before beeing initialized
2024-03-04 09:41:33,095 [WARN] DetailPanel:346 - Failed to get advertising image, set to default
2024-03-04 09:41:33,095 [FATAL] Updater:308 - Updater called before beeing initialized
2024-03-04 09:41:33,124 [ERROR] Updater:1120 - MainUpdater not yet initialized. External WinMGr cannot be set.
2024-03-04 09:41:33,125 [INFO] Updater:1056 - Updater Version found : 6.10.0
2024-03-04 09:41:33,142 [INFO] ApplicationProperties:184 - Using Application install path: /home/ritik/st/stm32cubeide_1.14.0/plugins/com.st.stm32cube.common.mx_6.10.0.202311202037
2024-03-04 09:41:33,628 [INFO] MainUpdater:2873 - connection check result : 10
2024-03-04 09:41:33,628 [INFO] MainUpdater:290 - Updater Check For Update Now.
2024-03-04 09:41:33,628 [INFO] MicroXplorer:498 - Change Database Version : DB.6.0.100
2024-03-04 09:41:33,631 [INFO] McuFinderGlobals:63 - Set McuFinder mode to 2 (CubeIDE integrated)
2024-03-04 09:41:33,631 [INFO] UserAuth:180 - activating auth plugin
2024-03-04 09:41:33,633 [INFO] UserAuth:404 - Internet connection configuration mode: 1
2024-03-04 09:41:33,643 [INFO] JxBrowserEngine:152 - Initiate JxBrowser Engine with user profile folder
2024-03-04 09:41:33,773 [INFO] CheckServerUpdateThread:120 - End of CheckServer Thread
2024-03-04 09:41:34,227 [INFO] WebApp:161 - Instantiating new browser for Auth
2024-03-04 09:41:34,855 [INFO] WebApp:780 - Register for checkConnection events
2024-03-04 09:41:34,856 [INFO] WebApp:414 - Apply proxy settings
2024-03-04 09:41:34,856 [INFO] WebApp:499 - Chromium requires no authentication
2024-03-04 09:41:34,861 [INFO] WebApp:442 - Direct internet connection detected
2024-03-04 09:41:34,943 [INFO] WebApp:192 - Starting web application
2024-03-04 09:41:34,943 [INFO] WebApp:544 - Web application path used /home/ritik/st/stm32cubeide_1.14.0/plugins/com.st.stm32cube.common.mx_6.10.0.202311202037/db/plugins/mcufinder/reactClient1/index.html
2024-03-04 09:41:35,512 [WARN] PackLoader:240 - Cannot read IP mode file for STMicroelectronics.X-CUBE-SMBUS.2.1.0
2024-03-04 09:41:35,519 [WARN] PackLoader:240 - Cannot read IP mode file for STMicroelectronics.X-CUBE-TOUCHGFX.4.23.0
2024-03-04 09:41:35,565 [WARN] PackLoader:240 - Cannot read IP mode file for STMicroelectronics.X-CUBE-AZRTOS-F7.1.1.0
2024-03-04 09:41:35,576 [WARN] PackLoader:240 - Cannot read IP mode file for STMicroelectronics.FP-SNS-MOTENV1.4.3.2
2024-03-04 09:41:35,583 [WARN] PackLoader:240 - Cannot read IP mode file for STMicroelectronics.FP-SNS-FLIGHT1.5.0.2
2024-03-04 09:41:35,592 [WARN] PackLoader:240 - Cannot read IP mode file for STMicroelectronics.X-CUBE-DISPLAY.3.0.0
2024-03-04 09:41:35,604 [WARN] PackLoader:240 - Cannot read IP mode file for STMicroelectronics.X-CUBE-BLE1.7.0.0
2024-03-04 09:41:35,609 [WARN] PackLoader:240 - Cannot read IP mode file for emotas.I-CUBE-CANOPEN.1.3.0
2024-03-04 09:41:35,620 [WARN] PackLoader:240 - Cannot read IP mode file for STMicroelectronics.X-CUBE-BLEMGR.3.1.0
2024-03-04 09:41:35,625 [WARN] PackLoader:240 - Cannot read IP mode file for STMicroelectronics.FP-SNS-SMARTAG2.1.2.0
2024-03-04 09:41:35,633 [INFO] LogOutputStream:77 - [STDOUT_REDIRECT] 1 : Invalid condition id : UX_CORESTACK_Condition cause : null
2024-03-04 09:41:35,633 [INFO] LogOutputStream:77 - [STDOUT_REDIRECT] 1 : Invalid condition id : UX_CORESTACK_Condition cause : null
2024-03-04 09:41:35,634 [INFO] LogOutputStream:77 - [STDOUT_REDIRECT] 1 : Invalid condition id : UX_CORESTACK_Condition cause : null
2024-03-04 09:41:35,634 [INFO] LogOutputStream:77 - [STDOUT_REDIRECT] 1 : Invalid condition id : UX_CORESTACK_Condition cause : null
2024-03-04 09:41:35,634 [INFO] LogOutputStream:77 - [STDOUT_REDIRECT] 1 : Invalid condition id : UX_CORESTACK_Condition cause : null
2024-03-04 09:41:35,636 [WARN] PackLoader:240 - Cannot read IP mode file for STMicroelectronics.X-CUBE-AZRTOS-WL.2.0.0
2024-03-04 09:41:35,644 [WARN] PackLoader:240 - Cannot read IP mode file for WES.I-CUBE-Cesium.1.3.0
2024-03-04 09:41:35,648 [WARN] PackLoader:240 - Cannot read IP mode file for STMicroelectronics.X-CUBE-BLE2.3.3.0
2024-03-04 09:41:35,653 [WARN] PackLoader:240 - Cannot read IP mode file for STMicroelectronics.X-CUBE-ALGOBUILD.1.3.0
2024-03-04 09:41:35,669 [WARN] PackLoader:240 - Cannot read IP mode file for STMicroelectronics.X-CUBE-AZRTOS-G0.1.1.0
2024-03-04 09:41:35,675 [WARN] PackLoader:240 - Cannot read IP mode file for STMicroelectronics.X-CUBE-NFC4.3.0.0
2024-03-04 09:41:35,684 [WARN] PackLoader:240 - Cannot read IP mode file for STMicroelectronics.X-CUBE-BLEMGR.3.0.0
2024-03-04 09:41:35,690 [WARN] PackLoader:240 - Cannot read IP mode file for STMicroelectronics.FP-ATR-SIGFOX1.3.2.0
2024-03-04 09:41:35,694 [WARN] PackLoader:240 - Cannot read IP mode file for STMicroelectronics.X-CUBE-EEPRMA1.5.1.0
2024-03-04 09:41:35,728 [WARN] PackLoader:240 - Cannot read IP mode file for SEGGER.I-CUBE-embOS.1.3.1
2024-03-04 09:41:35,769 [WARN] PackLoader:240 - Cannot read IP mode file for STMicroelectronics.X-CUBE-GNSS1.6.0.0
2024-03-04 09:41:35,781 [WARN] PackLoader:240 - Cannot read IP mode file for STMicroelectronics.X-CUBE-AZRTOS-F4.1.1.0
2024-03-04 09:41:35,785 [WARN] PackLoader:240 - Cannot read IP mode file for wolfSSL.I-CUBE-wolfSSL.5.6.6
2024-03-04 09:41:35,795 [WARN] PackLoader:240 - Cannot read IP mode file for STMicroelectronics.X-CUBE-AZRTOS-L5.2.0.0
2024-03-04 09:41:35,800 [WARN] PackLoader:240 - Cannot read IP mode file for STMicroelectronics.X-CUBE-EEPRMA1.4.2.0
2024-03-04 09:41:35,804 [WARN] PackLoader:240 - Cannot read IP mode file for ITTIA_DB.I-CUBE-ITTIADB.8.8.0
2024-03-04 09:41:35,807 [WARN] PackLoader:240 - Cannot read IP mode file for STMicroelectronics.X-CUBE-NFC7.1.0.1
2024-03-04 09:41:35,812 [WARN] PackLoader:240 - Cannot read IP mode file for STMicroelectronics.X-CUBE-NFC6.3.0.0
2024-03-04 09:41:35,815 [WARN] PackLoader:240 - Cannot read IP mode file for STMicroelectronics.X-CUBE-AI.8.1.0
2024-03-04 09:41:35,825 [WARN] ConditionMgr:438 - getConditionDescription Invalid condition id : LAN8742 Phy interface Condition cause : null
2024-03-04 09:41:35,826 [WARN] PackLoader:240 - Cannot read IP mode file for STMicroelectronics.X-CUBE-AZRTOS-L4.2.0.0
2024-03-04 09:41:35,827 [WARN] ConditionMgr:1039 - genDependencies : Invalid condition id : LAN8742 Phy interface Condition cause : null
2024-03-04 09:41:35,827 [WARN] ConditionMgr:1039 - genDependencies : Invalid condition id : LAN8742 Phy interface Condition cause : null
2024-03-04 09:41:35,828 [WARN] ConditionMgr:1039 - genDependencies : Invalid condition id : LAN8742 Phy interface Condition cause : null
2024-03-04 09:41:35,832 [WARN] PackLoader:240 - Cannot read IP mode file for STMicroelectronics.X-CUBE-SFXS2LP1.4.0.0
2024-03-04 09:41:35,839 [WARN] ConditionMgr:438 - getConditionDescription Invalid condition id : UX DEVICE CLASS RTOS Condition cause : null
2024-03-04 09:41:35,839 [WARN] ConditionMgr:438 - getConditionDescription Invalid condition id : UX DEVICE CLASS RTOS Condition cause : null
2024-03-04 09:41:35,840 [WARN] PackLoader:240 - Cannot read IP mode file for STMicroelectronics.X-CUBE-AZRTOS-WB.2.0.0
2024-03-04 09:41:35,841 [WARN] ConditionMgr:1039 - genDependencies : Invalid condition id : UX DEVICE CLASS RTOS Condition cause : null
2024-03-04 09:41:35,841 [WARN] ConditionMgr:1039 - genDependencies : Invalid condition id : UX DEVICE CLASS RTOS Condition cause : null
2024-03-04 09:41:35,841 [WARN] ConditionMgr:1039 - genDependencies : Invalid condition id : UX DEVICE CLASS RTOS Condition cause : null
2024-03-04 09:41:35,841 [WARN] ConditionMgr:1039 - genDependencies : Invalid condition id : UX DEVICE CLASS RTOS Condition cause : null
2024-03-04 09:41:35,841 [WARN] ConditionMgr:1039 - genDependencies : Invalid condition id : UX DEVICE CLASS RTOS Condition cause : null
2024-03-04 09:41:35,847 [WARN] PackLoader:240 - Cannot read IP mode file for STMicroelectronics.X-CUBE-SUBG2.5.0.0
2024-03-04 09:41:35,858 [WARN] PackLoader:240 - Cannot read IP mode file for STMicroelectronics.X-CUBE-AZRTOS-G4.2.0.0
2024-03-04 09:41:35,866 [WARN] PackLoader:240 - Cannot read IP mode file for Infineon.AIROC-Wi-Fi-Bluetooth-STM32.1.5.1
2024-03-04 09:41:35,871 [WARN] PackLoader:240 - Cannot read IP mode file for STMicroelectronics.FP-SNS-MOTENVWB1.1.3.1
2024-03-04 09:41:35,874 [WARN] PackLoader:240 - Cannot read IP mode file for STMicroelectronics.X-CUBE-ISPU.2.0.0
2024-03-04 09:41:35,906 [WARN] PackLoader:240 - Cannot read IP mode file for STMicroelectronics.X-CUBE-MEMS1.10.0.0
2024-03-04 09:41:35,999 [WARN] PackLoader:240 - Cannot read IP mode file for STMicroelectronics.X-CUBE-FREERTOS.1.1.0
2024-03-04 09:41:36,002 [WARN] PackLoader:240 - Cannot read IP mode file for portGmbH.I-Cube-SoM-uGOAL.1.1.0
2024-03-04 09:41:36,005 [WARN] PackLoader:240 - Cannot read IP mode file for STMicroelectronics.X-CUBE-ALS.1.0.1
2024-03-04 09:41:36,007 [WARN] PackLoader:240 - Cannot read IP mode file for STMicroelectronics.FP-ATR-ASTRA1.2.0.0
2024-03-04 09:41:36,014 [WARN] PackLoader:240 - Cannot read IP mode file for STMicroelectronics.X-CUBE-TOF1.3.4.0
2024-03-04 09:41:36,037 [WARN] PackLoader:240 - Cannot read IP mode file for STMicroelectronics.X-CUBE-AZRTOS-H7.3.2.0
2024-03-04 09:41:36,040 [INFO] ThirdParty:978 - Integrity check success = true
2024-03-04 09:41:36,041 [INFO] IntegrityCheckThread:100 - exiting critical section [integrity check]
2024-03-04 09:41:36,041 [INFO] IntegrityCheckThread:103 - End integrity checks thread
2024-03-04 09:41:55,416 [ERROR] LogOutputStream:75 - [STDERR_REDIRECT] SLF4J: Failed to load class "org.slf4j.impl.StaticLoggerBinder".
2024-03-04 09:41:55,416 [ERROR] LogOutputStream:75 - [STDERR_REDIRECT] SLF4J: Defaulting to no-operation (NOP) logger implementation
2024-03-04 09:41:55,417 [ERROR] LogOutputStream:75 - [STDERR_REDIRECT] SLF4J: See http://www.slf4j.org/codes.html#StaticLoggerBinder for further details.
2024-03-04 13:39:09,449 [ERROR] ConfigurationRetriever:142 - IOException on connection: sw-center.st.com
2024-03-04 13:39:09,450 [ERROR] ConfigurationRetriever:142 - IOException on connection: sw-center.st.com
2024-03-04 13:39:09,451 [ERROR] ConfigurationRetriever:142 - IOException on connection: sw-center.st.com
2024-03-04 13:39:09,854 [ERROR] LogOutputStream:75 - [STDERR_REDIRECT] 
2024-03-04 17:46:50,389 [INFO] Activator:176 - 


2024-03-04 17:46:50,390 [INFO] Activator:177 - !SESSION log4j initialized
2024-03-04 17:47:00,260 [INFO] LogOutputStream:77 - [STDOUT_REDIRECT] 
2024-03-04 17:47:10,587 [INFO] ApplicationProperties:184 - Using Application install path: /home/ritik/st/stm32cubeide_1.14.0/plugins/com.st.stm32cube.common.mx_6.10.0.202311202037
2024-03-04 17:47:10,599 [INFO] DbMcusXml:78 - Set database path to: /home/ritik/st/stm32cubeide_1.14.0/plugins/com.st.stm32cube.common.mx_6.10.0.202311202037//db//mcu/
2024-03-04 17:47:10,599 [INFO] ApiDb:274 - Set plugin database path to: /home/ritik/st/stm32cubeide_1.14.0/plugins/com.st.stm32cube.common.mx_6.10.0.202311202037//db//plugins/boardmanager/
2024-03-04 17:47:10,599 [WARN] ApiDb:259 - Overriding images path with different value:  => /home/ritik/st/stm32cubeide_1.14.0/plugins/com.st.stm32cube.common.mx_6.10.0.202311202037//db//plugins/mcufinder/images/
2024-03-04 17:47:10,604 [INFO] ApiDb:250 - Set database path to: /home/ritik/.stmcufinder/plugins/mcufinder//mcu/
2024-03-04 17:47:10,605 [INFO] DbMcusAds:125 - Set database path to: /home/ritik/.stmcufinder/plugins/mcufinder//mcu/
2024-03-04 17:47:10,607 [INFO] CrossReferenceDbSqlite:203 - Set database path to: /home/ritik/.stmcufinder/plugins/mcufinder//mcu/cs/
2024-03-04 17:47:10,679 [INFO] RulesReader:64 - Compatibility file has been processed (297 Rules)
2024-03-04 17:47:10,719 [INFO] DbMcusXml:78 - Set database path to: /home/ritik/st/stm32cubeide_1.14.0/plugins/com.st.stm32cube.common.mx_6.10.0.202311202037//db//mcu/
2024-03-04 17:47:10,719 [INFO] ApiDb:274 - Set plugin database path to: /home/ritik/st/stm32cubeide_1.14.0/plugins/com.st.stm32cube.common.mx_6.10.0.202311202037//db//plugins/boardmanager/
2024-03-04 17:47:10,719 [INFO] ApiDb:261 - Set plugin images path to: /home/ritik/st/stm32cubeide_1.14.0/plugins/com.st.stm32cube.common.mx_6.10.0.202311202037//db//plugins/mcufinder/images/
2024-03-04 17:47:10,719 [WARN] DbFile:41 - Overriding database path with different value: /home/ritik/.stmcufinder/plugins/mcufinder/ => /home/ritik/.stmcufinder/plugins/mcufinder
2024-03-04 17:47:10,719 [INFO] ApiDb:250 - Set database path to: /home/ritik/.stmcufinder/plugins/mcufinder//mcu/
2024-03-04 17:47:10,719 [WARN] DbFile:41 - Overriding database path with different value: /home/ritik/.stmcufinder/plugins/mcufinder/ => /home/ritik/.stmcufinder/plugins/mcufinder
2024-03-04 17:47:10,720 [INFO] DbMcusAds:125 - Set database path to: /home/ritik/.stmcufinder/plugins/mcufinder//mcu/
2024-03-04 17:47:10,720 [WARN] DbFile:41 - Overriding database path with different value: /home/ritik/.stmcufinder/plugins/mcufinder/ => /home/ritik/.stmcufinder/plugins/mcufinder
2024-03-04 17:47:10,720 [WARN] DbFile:41 - Overriding database path with different value: /home/ritik/.stmcufinder/plugins/mcufinder/ => /home/ritik/.stmcufinder/plugins/mcufinder
2024-03-04 17:47:10,720 [INFO] CrossReferenceDbSqlite:203 - Set database path to: /home/ritik/.stmcufinder/plugins/mcufinder//mcu/cs/
2024-03-04 17:47:10,767 [INFO] MainPanel:264 - HeapMemory: 268435456
2024-03-04 17:47:10,824 [INFO] DbMcusXml:78 - Set database path to: /home/ritik/st/stm32cubeide_1.14.0/plugins/com.st.stm32cube.common.mx_6.10.0.202311202037//db//mcu/
2024-03-04 17:47:10,824 [INFO] ApiDb:274 - Set plugin database path to: /home/ritik/st/stm32cubeide_1.14.0/plugins/com.st.stm32cube.common.mx_6.10.0.202311202037//db//plugins/boardmanager/
2024-03-04 17:47:10,824 [INFO] ApiDb:261 - Set plugin images path to: /home/ritik/st/stm32cubeide_1.14.0/plugins/com.st.stm32cube.common.mx_6.10.0.202311202037//db//plugins/mcufinder/images/
2024-03-04 17:47:10,824 [WARN] DbFile:41 - Overriding database path with different value: /home/ritik/.stmcufinder/plugins/mcufinder/ => /home/ritik/.stmcufinder/plugins/mcufinder
2024-03-04 17:47:10,825 [INFO] ApiDb:250 - Set database path to: /home/ritik/.stmcufinder/plugins/mcufinder//mcu/
2024-03-04 17:47:10,825 [WARN] DbFile:41 - Overriding database path with different value: /home/ritik/.stmcufinder/plugins/mcufinder/ => /home/ritik/.stmcufinder/plugins/mcufinder
2024-03-04 17:47:10,825 [INFO] DbMcusAds:125 - Set database path to: /home/ritik/.stmcufinder/plugins/mcufinder//mcu/
2024-03-04 17:47:10,825 [WARN] DbFile:41 - Overriding database path with different value: /home/ritik/.stmcufinder/plugins/mcufinder/ => /home/ritik/.stmcufinder/plugins/mcufinder
2024-03-04 17:47:10,825 [WARN] DbFile:41 - Overriding database path with different value: /home/ritik/.stmcufinder/plugins/mcufinder/ => /home/ritik/.stmcufinder/plugins/mcufinder
2024-03-04 17:47:10,825 [INFO] CrossReferenceDbSqlite:203 - Set database path to: /home/ritik/.stmcufinder/plugins/mcufinder//mcu/cs/
2024-03-04 17:47:10,835 [INFO] ApplicationProperties:184 - Using Application install path: /home/ritik/st/stm32cubeide_1.14.0/plugins/com.st.stm32cube.common.mx_6.10.0.202311202037
2024-03-04 17:47:10,836 [INFO] PluginManage:196 - Search for loadable plugins [exclusion list=, ]
2024-03-04 17:47:10,837 [INFO] PluginManage:310 - Check plugin analytics
2024-03-04 17:47:10,948 [INFO] AnalyticsPlugin:253 - Accepted Software Licenses: 
2024-03-04 17:47:10,948 [INFO] AnalyticsPlugin:255 - Accepted CMSIS Pack Licenses: 
2024-03-04 17:47:10,948 [INFO] AnalyticsPlugin:257 - Accepted Firmware Licenses: 
2024-03-04 17:47:10,950 [INFO] PluginManage:359 - Loaded plugin analytics (category:tool,tabindex:-1)
2024-03-04 17:47:10,950 [INFO] PluginManage:310 - Check plugin cadmodel
2024-03-04 17:47:10,969 [INFO] CADModel:105 - Init CAD model plugin
2024-03-04 17:47:10,969 [INFO] PluginManage:359 - Loaded plugin cadmodel (category:power,tabindex:5)
2024-03-04 17:47:10,969 [INFO] PluginManage:310 - Check plugin clock
2024-03-04 17:47:10,976 [INFO] PluginManage:359 - Loaded plugin clock (category:base,tabindex:2)
2024-03-04 17:47:10,976 [INFO] PluginManage:310 - Check plugin ddr
2024-03-04 17:47:10,978 [INFO] PluginManage:359 - Loaded plugin ddr (category:tool,tabindex:6)
2024-03-04 17:47:10,978 [INFO] PluginManage:310 - Check plugin filemanager
2024-03-04 17:47:11,077 [INFO] PluginManage:359 - Loaded plugin filemanager (category:base,tabindex:10)
2024-03-04 17:47:11,077 [INFO] PluginManage:310 - Check plugin ipmanager
2024-03-04 17:47:11,081 [INFO] PluginManage:359 - Loaded plugin ipmanager (category:base,tabindex:5)
2024-03-04 17:47:11,081 [INFO] PluginManage:310 - Check plugin lpbam
2024-03-04 17:47:11,088 [INFO] PluginManage:359 - Loaded plugin lpbam (category:base,tabindex:0)
2024-03-04 17:47:11,088 [INFO] PluginManage:310 - Check plugin memorymap
2024-03-04 17:47:11,095 [INFO] PluginManage:359 - Loaded plugin memorymap (category:base,tabindex:4)
2024-03-04 17:47:11,096 [INFO] PluginManage:310 - Check plugin pinoutandconfiguration
2024-03-04 17:47:11,102 [INFO] PluginManage:359 - Loaded plugin pinoutandconfiguration (category:base,tabindex:1)
2024-03-04 17:47:11,102 [INFO] PluginManage:310 - Check plugin pinoutconfig
2024-03-04 17:47:11,156 [WARN] SupportedApi:132 - Cannot load RTOS API schema: s4s-elt-must-match.1: The content of 'definitions' must match (annotation?, (simpleType | complexType)?, (unique | key | keyref)*)). A problem was found starting at: attribute.
2024-03-04 17:47:11,238 [INFO] PluginManage:359 - Loaded plugin pinoutconfig (category:base,tabindex:0)
2024-03-04 17:47:11,238 [INFO] PluginManage:310 - Check plugin power
2024-03-04 17:47:11,244 [INFO] PluginManage:359 - Loaded plugin power (category:power,tabindex:4)
2024-03-04 17:47:11,244 [INFO] PluginManage:310 - Check plugin projectmanager
2024-03-04 17:47:11,254 [INFO] PluginManage:359 - Loaded plugin projectmanager (category:projectmanager,tabindex:3)
2024-03-04 17:47:11,254 [INFO] PluginManage:310 - Check plugin thirdparty
2024-03-04 17:47:11,321 [INFO] PluginManage:359 - Loaded plugin thirdparty (category:base,tabindex:-1)
2024-03-04 17:47:11,321 [INFO] PluginManage:310 - Check plugin tools
2024-03-04 17:47:11,321 [WARN] IntegrityCheckThread:84 - waiting for thirdparty lock release [integrity check]
2024-03-04 17:47:11,321 [INFO] IntegrityCheckThread:86 - entering critical section [integrity check]
2024-03-04 17:47:11,322 [INFO] ThirdPartyUpdaterWithRetryManager:70 - Updater plugin not ready yet. [1/15]
2024-03-04 17:47:11,323 [INFO] PluginManage:359 - Loaded plugin tools (category:base,tabindex:7)
2024-03-04 17:47:11,323 [INFO] PluginManage:310 - Check plugin tutovideos
2024-03-04 17:47:11,425 [INFO] PluginManage:359 - Loaded plugin tutovideos (category:base,tabindex:-1)
2024-03-04 17:47:11,425 [INFO] PluginManage:310 - Check plugin updater
2024-03-04 17:47:11,433 [INFO] PluginManage:359 - Loaded plugin updater (category:base,tabindex:12)
2024-03-04 17:47:11,433 [INFO] PluginManage:310 - Check plugin userauth
2024-03-04 17:47:11,437 [INFO] UserAuth:114 - Init User Auth plugin
2024-03-04 17:47:11,437 [INFO] PluginManage:359 - Loaded plugin userauth (category:base,tabindex:14)
2024-03-04 17:47:11,437 [INFO] PluginManage:283 - PluginManage : Loaded plugins [17]
2024-03-04 17:47:11,552 [INFO] PinOutPanel:1499 - setPackage(No Configuration,No Configuration)
2024-03-04 17:47:11,590 [INFO] CADModel:165 - CPN selected for project level
2024-03-04 17:47:11,590 [INFO] CADModel:114 - Register for checkConnection events
2024-03-04 17:47:11,597 [INFO] IPUIPlugin:80 - create IPUIPlugin
2024-03-04 17:47:11,597 [INFO] PluginManager:220 - loadIPPluginJar : add dfsdm
2024-03-04 17:47:11,599 [INFO] IPUIPlugin:80 - create IPUIPlugin
2024-03-04 17:47:11,599 [INFO] PluginManager:220 - loadIPPluginJar : add openamp
2024-03-04 17:47:11,602 [INFO] IPUIPlugin:80 - create IPUIPlugin
2024-03-04 17:47:11,602 [INFO] PluginManager:220 - loadIPPluginJar : add sai
2024-03-04 17:47:11,602 [INFO] IPUIPlugin:80 - create IPUIPlugin
2024-03-04 17:47:11,602 [INFO] PluginManager:220 - loadIPPluginJar : add genericplugin
2024-03-04 17:47:11,604 [INFO] IPUIPlugin:80 - create IPUIPlugin
2024-03-04 17:47:11,604 [INFO] PluginManager:220 - loadIPPluginJar : add i2c
2024-03-04 17:47:11,604 [INFO] IPUIPlugin:80 - create IPUIPlugin
2024-03-04 17:47:11,604 [INFO] PluginManager:220 - loadIPPluginJar : add comp
2024-03-04 17:47:11,607 [INFO] IPUIPlugin:80 - create IPUIPlugin
2024-03-04 17:47:11,607 [INFO] PluginManager:220 - loadIPPluginJar : add gpio
2024-03-04 17:47:11,611 [INFO] IPUIPlugin:80 - create IPUIPlugin
2024-03-04 17:47:11,612 [INFO] PluginManager:220 - loadIPPluginJar : add plateformsettings
2024-03-04 17:47:11,613 [INFO] IPUIPlugin:80 - create IPUIPlugin
2024-03-04 17:47:11,613 [INFO] PluginManager:220 - loadIPPluginJar : add quadspi
2024-03-04 17:47:11,614 [INFO] IPUIPlugin:80 - create IPUIPlugin
2024-03-04 17:47:11,614 [INFO] PluginManager:220 - loadIPPluginJar : add i2s
2024-03-04 17:47:11,615 [INFO] IPUIPlugin:80 - create IPUIPlugin
2024-03-04 17:47:11,615 [INFO] PluginManager:220 - loadIPPluginJar : add usbx
2024-03-04 17:47:11,616 [INFO] IPUIPlugin:80 - create IPUIPlugin
2024-03-04 17:47:11,616 [INFO] PluginManager:220 - loadIPPluginJar : add tim
2024-03-04 17:47:11,617 [INFO] IPUIPlugin:80 - create IPUIPlugin
2024-03-04 17:47:11,617 [INFO] PluginManager:220 - loadIPPluginJar : add hash
2024-03-04 17:47:11,619 [INFO] IPUIPlugin:80 - create IPUIPlugin
2024-03-04 17:47:11,619 [INFO] PluginManager:220 - loadIPPluginJar : add pdm2pcm
2024-03-04 17:47:11,620 [INFO] IPUIPlugin:80 - create IPUIPlugin
2024-03-04 17:47:11,620 [INFO] PluginManager:220 - loadIPPluginJar : add ts
2024-03-04 17:47:11,620 [INFO] IPUIPlugin:80 - create IPUIPlugin
2024-03-04 17:47:11,620 [INFO] PluginManager:220 - loadIPPluginJar : add tsc
2024-03-04 17:47:11,621 [INFO] IPUIPlugin:80 - create IPUIPlugin
2024-03-04 17:47:11,622 [INFO] PluginManager:220 - loadIPPluginJar : add aes
2024-03-04 17:47:11,625 [INFO] IPUIPlugin:80 - create IPUIPlugin
2024-03-04 17:47:11,625 [INFO] PluginManager:220 - loadIPPluginJar : add resmgrutility
2024-03-04 17:47:11,627 [INFO] IPUIPlugin:80 - create IPUIPlugin
2024-03-04 17:47:11,628 [INFO] PluginManager:220 - loadIPPluginJar : add stm32_wpan
2024-03-04 17:47:11,628 [INFO] IPUIPlugin:80 - create IPUIPlugin
2024-03-04 17:47:11,628 [INFO] PluginManager:220 - loadIPPluginJar : add tracer_emb
2024-03-04 17:47:11,631 [INFO] IPUIPlugin:80 - create IPUIPlugin
2024-03-04 17:47:11,631 [INFO] PluginManager:220 - loadIPPluginJar : add nvic
2024-03-04 17:47:11,631 [INFO] IPUIPlugin:80 - create IPUIPlugin
2024-03-04 17:47:11,631 [INFO] PluginManager:220 - loadIPPluginJar : add ltdc
2024-03-04 17:47:11,632 [INFO] IPUIPlugin:80 - create IPUIPlugin
2024-03-04 17:47:11,632 [INFO] PluginManager:220 - loadIPPluginJar : add fatfs
2024-03-04 17:47:11,634 [INFO] IPUIPlugin:80 - create IPUIPlugin
2024-03-04 17:47:11,634 [INFO] PluginManager:220 - loadIPPluginJar : add touchsensing
2024-03-04 17:47:11,637 [INFO] IPUIPlugin:80 - create IPUIPlugin
2024-03-04 17:47:11,638 [INFO] PluginManager:220 - loadIPPluginJar : add freertos
2024-03-04 17:47:11,641 [INFO] IPUIPlugin:80 - create IPUIPlugin
2024-03-04 17:47:11,642 [INFO] PluginManager:220 - loadIPPluginJar : add adc
2024-03-04 17:47:11,643 [INFO] IPUIPlugin:80 - create IPUIPlugin
2024-03-04 17:47:11,643 [INFO] PluginManager:220 - loadIPPluginJar : add usart
2024-03-04 17:47:11,644 [INFO] IPUIPlugin:80 - create IPUIPlugin
2024-03-04 17:47:11,644 [INFO] PluginManager:220 - loadIPPluginJar : add lorawan
2024-03-04 17:47:11,647 [INFO] IPUIPlugin:80 - create IPUIPlugin
2024-03-04 17:47:11,647 [INFO] PluginManager:220 - loadIPPluginJar : add fmc
2024-03-04 17:47:11,648 [INFO] IPUIPlugin:80 - create IPUIPlugin
2024-03-04 17:47:11,648 [INFO] PluginManager:220 - loadIPPluginJar : add opamp
2024-03-04 17:47:11,649 [INFO] IPUIPlugin:80 - create IPUIPlugin
2024-03-04 17:47:11,649 [INFO] PluginManager:220 - loadIPPluginJar : add can
2024-03-04 17:47:11,650 [INFO] IPUIPlugin:80 - create IPUIPlugin
2024-03-04 17:47:11,651 [INFO] PluginManager:220 - loadIPPluginJar : add dma3
2024-03-04 17:47:11,652 [INFO] IPUIPlugin:80 - create IPUIPlugin
2024-03-04 17:47:11,652 [INFO] PluginManager:220 - loadIPPluginJar : add i3c
2024-03-04 17:47:11,653 [INFO] IPUIPlugin:80 - create IPUIPlugin
2024-03-04 17:47:11,653 [INFO] PluginManager:220 - loadIPPluginJar : add ucpd
2024-03-04 17:47:11,654 [INFO] IPUIPlugin:80 - create IPUIPlugin
2024-03-04 17:47:11,654 [INFO] PluginManager:220 - loadIPPluginJar : add cryp
2024-03-04 17:47:11,655 [INFO] IPUIPlugin:80 - create IPUIPlugin
2024-03-04 17:47:11,655 [INFO] PluginManager:220 - loadIPPluginJar : add spi
2024-03-04 17:47:11,656 [INFO] IPUIPlugin:80 - create IPUIPlugin
2024-03-04 17:47:11,656 [INFO] PluginManager:220 - loadIPPluginJar : add gfxmmu
2024-03-04 17:47:11,660 [INFO] IPUIPlugin:80 - create IPUIPlugin
2024-03-04 17:47:11,661 [INFO] PluginManager:220 - loadIPPluginJar : add mdma
2024-03-04 17:47:11,664 [INFO] IPUIPlugin:80 - create IPUIPlugin
2024-03-04 17:47:11,664 [INFO] PluginManager:220 - loadIPPluginJar : add dma
2024-03-04 17:47:11,665 [INFO] IPUIPlugin:80 - create IPUIPlugin
2024-03-04 17:47:11,666 [INFO] PluginManager:220 - loadIPPluginJar : add gtzc
2024-03-04 17:47:11,667 [INFO] IPUIPlugin:80 - create IPUIPlugin
2024-03-04 17:47:11,667 [INFO] PluginManager:220 - loadIPPluginJar : add ipddr
2024-03-04 17:47:11,670 [INFO] IPUIPlugin:80 - create IPUIPlugin
2024-03-04 17:47:11,670 [INFO] PluginManager:220 - loadIPPluginJar : add gic
2024-03-04 17:47:11,674 [INFO] IPUIPlugin:80 - create IPUIPlugin
2024-03-04 17:47:11,674 [INFO] PluginManager:220 - loadIPPluginJar : add linkedlist
2024-03-04 17:47:11,767 [INFO] CADModel:165 - CPN selected for project level
2024-03-04 17:47:11,767 [INFO] CADModel:114 - Register for checkConnection events
2024-03-04 17:47:11,767 [FATAL] Updater:308 - Updater called before beeing initialized
2024-03-04 17:47:11,767 [ERROR] CADModel:125 - Updater not yet initialized, retry later 
2024-03-04 17:47:11,846 [INFO] CADModel:165 - CPN selected for project level
2024-03-04 17:47:11,846 [INFO] CADModel:114 - Register for checkConnection events
2024-03-04 17:47:11,846 [FATAL] Updater:308 - Updater called before beeing initialized
2024-03-04 17:47:11,846 [ERROR] CADModel:125 - Updater not yet initialized, retry later 
2024-03-04 17:47:11,848 [FATAL] Updater:308 - Updater called before beeing initialized
2024-03-04 17:47:11,893 [FATAL] Updater:308 - Updater called before beeing initialized
2024-03-04 17:47:11,896 [INFO] DbMcusAds:53 - JSON generation date=Wed Nov 29 16:22:27 IST 2023 (1701255147349)
2024-03-04 17:47:11,896 [FATAL] Updater:308 - Updater called before beeing initialized
2024-03-04 17:47:11,919 [WARN] DetailPanel:346 - Failed to get advertising image, set to default
2024-03-04 17:47:11,988 [FATAL] Updater:308 - Updater called before beeing initialized
2024-03-04 17:47:11,989 [FATAL] Updater:308 - Updater called before beeing initialized
2024-03-04 17:47:11,989 [FATAL] Updater:308 - Updater called before beeing initialized
2024-03-04 17:47:11,989 [WARN] DetailPanel:346 - Failed to get advertising image, set to default
2024-03-04 17:47:11,990 [FATAL] Updater:308 - Updater called before beeing initialized
2024-03-04 17:47:12,017 [ERROR] Updater:1120 - MainUpdater not yet initialized. External WinMGr cannot be set.
2024-03-04 17:47:12,018 [INFO] Updater:1056 - Updater Version found : 6.10.0
2024-03-04 17:47:12,038 [INFO] ApplicationProperties:184 - Using Application install path: /home/ritik/st/stm32cubeide_1.14.0/plugins/com.st.stm32cube.common.mx_6.10.0.202311202037
2024-03-04 17:47:13,046 [INFO] MainUpdater:2873 - connection check result : 10
2024-03-04 17:47:13,046 [INFO] MainUpdater:290 - Updater Check For Update Now.
2024-03-04 17:47:13,046 [INFO] MicroXplorer:498 - Change Database Version : DB.6.0.100
2024-03-04 17:47:13,049 [INFO] McuFinderGlobals:63 - Set McuFinder mode to 2 (CubeIDE integrated)
2024-03-04 17:47:13,049 [INFO] UserAuth:180 - activating auth plugin
2024-03-04 17:47:13,051 [INFO] UserAuth:404 - Internet connection configuration mode: 1
2024-03-04 17:47:13,062 [INFO] JxBrowserEngine:152 - Initiate JxBrowser Engine with user profile folder
2024-03-04 17:47:13,190 [INFO] CheckServerUpdateThread:120 - End of CheckServer Thread
2024-03-04 17:47:13,690 [INFO] WebApp:161 - Instantiating new browser for Auth
2024-03-04 17:47:14,246 [INFO] WebApp:780 - Register for checkConnection events
2024-03-04 17:47:14,246 [INFO] WebApp:414 - Apply proxy settings
2024-03-04 17:47:14,247 [INFO] WebApp:499 - Chromium requires no authentication
2024-03-04 17:47:14,252 [INFO] WebApp:442 - Direct internet connection detected
2024-03-04 17:47:14,354 [INFO] WebApp:192 - Starting web application
2024-03-04 17:47:14,355 [INFO] WebApp:544 - Web application path used /home/ritik/st/stm32cubeide_1.14.0/plugins/com.st.stm32cube.common.mx_6.10.0.202311202037/db/plugins/mcufinder/reactClient1/index.html
2024-03-04 17:47:14,430 [WARN] PackLoader:240 - Cannot read IP mode file for STMicroelectronics.X-CUBE-SMBUS.2.1.0
2024-03-04 17:47:14,437 [WARN] PackLoader:240 - Cannot read IP mode file for STMicroelectronics.X-CUBE-TOUCHGFX.4.23.0
2024-03-04 17:47:14,459 [WARN] PackLoader:240 - Cannot read IP mode file for STMicroelectronics.X-CUBE-AZRTOS-F7.1.1.0
2024-03-04 17:47:14,467 [WARN] PackLoader:240 - Cannot read IP mode file for STMicroelectronics.FP-SNS-MOTENV1.4.3.2
2024-03-04 17:47:14,482 [WARN] PackLoader:240 - Cannot read IP mode file for STMicroelectronics.FP-SNS-FLIGHT1.5.0.2
2024-03-04 17:47:14,490 [WARN] PackLoader:240 - Cannot read IP mode file for STMicroelectronics.X-CUBE-DISPLAY.3.0.0
2024-03-04 17:47:14,503 [WARN] PackLoader:240 - Cannot read IP mode file for STMicroelectronics.X-CUBE-BLE1.7.0.0
2024-03-04 17:47:14,508 [WARN] PackLoader:240 - Cannot read IP mode file for emotas.I-CUBE-CANOPEN.1.3.0
2024-03-04 17:47:14,523 [WARN] PackLoader:240 - Cannot read IP mode file for STMicroelectronics.X-CUBE-BLEMGR.3.1.0
2024-03-04 17:47:14,528 [WARN] PackLoader:240 - Cannot read IP mode file for STMicroelectronics.FP-SNS-SMARTAG2.1.2.0
2024-03-04 17:47:14,538 [INFO] LogOutputStream:77 - [STDOUT_REDIRECT] 1 : Invalid condition id : UX_CORESTACK_Condition cause : null
2024-03-04 17:47:14,539 [INFO] LogOutputStream:77 - [STDOUT_REDIRECT] 1 : Invalid condition id : UX_CORESTACK_Condition cause : null
2024-03-04 17:47:14,539 [INFO] LogOutputStream:77 - [STDOUT_REDIRECT] 1 : Invalid condition id : UX_CORESTACK_Condition cause : null
2024-03-04 17:47:14,539 [INFO] LogOutputStream:77 - [STDOUT_REDIRECT] 1 : Invalid condition id : UX_CORESTACK_Condition cause : null
2024-03-04 17:47:14,539 [INFO] LogOutputStream:77 - [STDOUT_REDIRECT] 1 : Invalid condition id : UX_CORESTACK_Condition cause : null
2024-03-04 17:47:14,542 [WARN] PackLoader:240 - Cannot read IP mode file for STMicroelectronics.X-CUBE-AZRTOS-WL.2.0.0
2024-03-04 17:47:14,547 [WARN] PackLoader:240 - Cannot read IP mode file for WES.I-CUBE-Cesium.1.3.0
2024-03-04 17:47:14,550 [WARN] PackLoader:240 - Cannot read IP mode file for STMicroelectronics.X-CUBE-BLE2.3.3.0
2024-03-04 17:47:14,554 [WARN] PackLoader:240 - Cannot read IP mode file for STMicroelectronics.X-CUBE-ALGOBUILD.1.3.0
2024-03-04 17:47:14,564 [WARN] PackLoader:240 - Cannot read IP mode file for STMicroelectronics.X-CUBE-AZRTOS-G0.1.1.0
2024-03-04 17:47:14,569 [WARN] PackLoader:240 - Cannot read IP mode file for STMicroelectronics.X-CUBE-NFC4.3.0.0
2024-03-04 17:47:14,575 [WARN] PackLoader:240 - Cannot read IP mode file for STMicroelectronics.X-CUBE-BLEMGR.3.0.0
2024-03-04 17:47:14,578 [WARN] PackLoader:240 - Cannot read IP mode file for STMicroelectronics.FP-ATR-SIGFOX1.3.2.0
2024-03-04 17:47:14,581 [WARN] PackLoader:240 - Cannot read IP mode file for STMicroelectronics.X-CUBE-EEPRMA1.5.1.0
2024-03-04 17:47:14,601 [WARN] PackLoader:240 - Cannot read IP mode file for SEGGER.I-CUBE-embOS.1.3.1
2024-03-04 17:47:14,624 [WARN] PackLoader:240 - Cannot read IP mode file for STMicroelectronics.X-CUBE-GNSS1.6.0.0
2024-03-04 17:47:14,633 [WARN] PackLoader:240 - Cannot read IP mode file for STMicroelectronics.X-CUBE-AZRTOS-F4.1.1.0
2024-03-04 17:47:14,637 [WARN] PackLoader:240 - Cannot read IP mode file for wolfSSL.I-CUBE-wolfSSL.5.6.6
2024-03-04 17:47:14,650 [WARN] PackLoader:240 - Cannot read IP mode file for STMicroelectronics.X-CUBE-AZRTOS-L5.2.0.0
2024-03-04 17:47:14,654 [WARN] PackLoader:240 - Cannot read IP mode file for STMicroelectronics.X-CUBE-EEPRMA1.4.2.0
2024-03-04 17:47:14,657 [WARN] PackLoader:240 - Cannot read IP mode file for ITTIA_DB.I-CUBE-ITTIADB.8.8.0
2024-03-04 17:47:14,660 [WARN] PackLoader:240 - Cannot read IP mode file for STMicroelectronics.X-CUBE-NFC7.1.0.1
2024-03-04 17:47:14,664 [WARN] PackLoader:240 - Cannot read IP mode file for STMicroelectronics.X-CUBE-NFC6.3.0.0
2024-03-04 17:47:14,670 [WARN] PackLoader:240 - Cannot read IP mode file for STMicroelectronics.X-CUBE-AI.8.1.0
2024-03-04 17:47:14,678 [WARN] ConditionMgr:438 - getConditionDescription Invalid condition id : LAN8742 Phy interface Condition cause : null
2024-03-04 17:47:14,678 [WARN] PackLoader:240 - Cannot read IP mode file for STMicroelectronics.X-CUBE-AZRTOS-L4.2.0.0
2024-03-04 17:47:14,679 [WARN] ConditionMgr:1039 - genDependencies : Invalid condition id : LAN8742 Phy interface Condition cause : null
2024-03-04 17:47:14,680 [WARN] ConditionMgr:1039 - genDependencies : Invalid condition id : LAN8742 Phy interface Condition cause : null
2024-03-04 17:47:14,680 [WARN] ConditionMgr:1039 - genDependencies : Invalid condition id : LAN8742 Phy interface Condition cause : null
2024-03-04 17:47:14,684 [WARN] PackLoader:240 - Cannot read IP mode file for STMicroelectronics.X-CUBE-SFXS2LP1.4.0.0
2024-03-04 17:47:14,691 [WARN] ConditionMgr:438 - getConditionDescription Invalid condition id : UX DEVICE CLASS RTOS Condition cause : null
2024-03-04 17:47:14,691 [WARN] ConditionMgr:438 - getConditionDescription Invalid condition id : UX DEVICE CLASS RTOS Condition cause : null
2024-03-04 17:47:14,692 [WARN] PackLoader:240 - Cannot read IP mode file for STMicroelectronics.X-CUBE-AZRTOS-WB.2.0.0
2024-03-04 17:47:14,693 [WARN] ConditionMgr:1039 - genDependencies : Invalid condition id : UX DEVICE CLASS RTOS Condition cause : null
2024-03-04 17:47:14,693 [WARN] ConditionMgr:1039 - genDependencies : Invalid condition id : UX DEVICE CLASS RTOS Condition cause : null
2024-03-04 17:47:14,693 [WARN] ConditionMgr:1039 - genDependencies : Invalid condition id : UX DEVICE CLASS RTOS Condition cause : null
2024-03-04 17:47:14,693 [WARN] ConditionMgr:1039 - genDependencies : Invalid condition id : UX DEVICE CLASS RTOS Condition cause : null
2024-03-04 17:47:14,693 [WARN] ConditionMgr:1039 - genDependencies : Invalid condition id : UX DEVICE CLASS RTOS Condition cause : null
2024-03-04 17:47:14,699 [WARN] PackLoader:240 - Cannot read IP mode file for STMicroelectronics.X-CUBE-SUBG2.5.0.0
2024-03-04 17:47:14,710 [WARN] PackLoader:240 - Cannot read IP mode file for STMicroelectronics.X-CUBE-AZRTOS-G4.2.0.0
2024-03-04 17:47:14,717 [WARN] PackLoader:240 - Cannot read IP mode file for Infineon.AIROC-Wi-Fi-Bluetooth-STM32.1.5.1
2024-03-04 17:47:14,725 [WARN] PackLoader:240 - Cannot read IP mode file for STMicroelectronics.FP-SNS-MOTENVWB1.1.3.1
2024-03-04 17:47:14,728 [WARN] PackLoader:240 - Cannot read IP mode file for STMicroelectronics.X-CUBE-ISPU.2.0.0
2024-03-04 17:47:14,757 [WARN] PackLoader:240 - Cannot read IP mode file for STMicroelectronics.X-CUBE-MEMS1.10.0.0
2024-03-04 17:47:14,846 [WARN] PackLoader:240 - Cannot read IP mode file for STMicroelectronics.X-CUBE-FREERTOS.1.1.0
2024-03-04 17:47:14,849 [WARN] PackLoader:240 - Cannot read IP mode file for portGmbH.I-Cube-SoM-uGOAL.1.1.0
2024-03-04 17:47:14,852 [WARN] PackLoader:240 - Cannot read IP mode file for STMicroelectronics.X-CUBE-ALS.1.0.1
2024-03-04 17:47:14,854 [WARN] PackLoader:240 - Cannot read IP mode file for STMicroelectronics.FP-ATR-ASTRA1.2.0.0
2024-03-04 17:47:14,859 [WARN] PackLoader:240 - Cannot read IP mode file for STMicroelectronics.X-CUBE-TOF1.3.4.0
2024-03-04 17:47:14,874 [WARN] PackLoader:240 - Cannot read IP mode file for STMicroelectronics.X-CUBE-AZRTOS-H7.3.2.0
2024-03-04 17:47:14,876 [INFO] ThirdParty:978 - Integrity check success = true
2024-03-04 17:47:14,877 [INFO] IntegrityCheckThread:100 - exiting critical section [integrity check]
2024-03-04 17:47:14,877 [INFO] IntegrityCheckThread:103 - End integrity checks thread
2024-03-04 17:47:34,870 [ERROR] LogOutputStream:75 - [STDERR_REDIRECT] SLF4J: Failed to load class "org.slf4j.impl.StaticLoggerBinder".
2024-03-04 17:47:34,871 [ERROR] LogOutputStream:75 - [STDERR_REDIRECT] SLF4J: Defaulting to no-operation (NOP) logger implementation
2024-03-04 17:47:34,871 [ERROR] LogOutputStream:75 - [STDERR_REDIRECT] SLF4J: See http://www.slf4j.org/codes.html#StaticLoggerBinder for further details.
2024-03-04 19:49:01,184 [ERROR] ConfigurationRetriever:142 - IOException on connection: Connect timed out
2024-03-04 20:06:29,785 [ERROR] ConfigurationRetriever:142 - IOException on connection: Connect timed out
