2024-03-19 22:30:20,697 [INFO] Activator:176 - 


2024-03-19 22:30:20,701 [INFO] Activator:177 - !SESSION log4j initialized
2024-03-19 22:30:28,562 [INFO] LogOutputStream:77 - [STDOUT_REDIRECT] 
2024-03-19 22:30:30,345 [INFO] ApplicationProperties:184 - Using Application install path: /home/ritik/st/stm32cubeide_1.14.0/plugins/com.st.stm32cube.common.mx_6.10.0.202311202037
2024-03-19 22:30:30,365 [INFO] DbMcusXml:78 - Set database path to: /home/ritik/st/stm32cubeide_1.14.0/plugins/com.st.stm32cube.common.mx_6.10.0.202311202037//db//mcu/
2024-03-19 22:30:30,366 [INFO] ApiDb:274 - Set plugin database path to: /home/ritik/st/stm32cubeide_1.14.0/plugins/com.st.stm32cube.common.mx_6.10.0.202311202037//db//plugins/boardmanager/
2024-03-19 22:30:30,366 [WARN] ApiDb:259 - Overriding images path with different value:  => /home/ritik/st/stm32cubeide_1.14.0/plugins/com.st.stm32cube.common.mx_6.10.0.202311202037//db//plugins/mcufinder/images/
2024-03-19 22:30:30,373 [INFO] ApiDb:250 - Set database path to: /home/ritik/.stmcufinder/plugins/mcufinder//mcu/
2024-03-19 22:30:30,375 [INFO] DbMcusAds:125 - Set database path to: /home/ritik/.stmcufinder/plugins/mcufinder//mcu/
2024-03-19 22:30:30,377 [INFO] CrossReferenceDbSqlite:203 - Set database path to: /home/ritik/.stmcufinder/plugins/mcufinder//mcu/cs/
2024-03-19 22:30:30,479 [INFO] RulesReader:64 - Compatibility file has been processed (297 Rules)
2024-03-19 22:30:30,527 [INFO] DbMcusXml:78 - Set database path to: /home/ritik/st/stm32cubeide_1.14.0/plugins/com.st.stm32cube.common.mx_6.10.0.202311202037//db//mcu/
2024-03-19 22:30:30,527 [INFO] ApiDb:274 - Set plugin database path to: /home/ritik/st/stm32cubeide_1.14.0/plugins/com.st.stm32cube.common.mx_6.10.0.202311202037//db//plugins/boardmanager/
2024-03-19 22:30:30,528 [INFO] ApiDb:261 - Set plugin images path to: /home/ritik/st/stm32cubeide_1.14.0/plugins/com.st.stm32cube.common.mx_6.10.0.202311202037//db//plugins/mcufinder/images/
2024-03-19 22:30:30,528 [WARN] DbFile:41 - Overriding database path with different value: /home/ritik/.stmcufinder/plugins/mcufinder/ => /home/ritik/.stmcufinder/plugins/mcufinder
2024-03-19 22:30:30,528 [INFO] ApiDb:250 - Set database path to: /home/ritik/.stmcufinder/plugins/mcufinder//mcu/
2024-03-19 22:30:30,528 [WARN] DbFile:41 - Overriding database path with different value: /home/ritik/.stmcufinder/plugins/mcufinder/ => /home/ritik/.stmcufinder/plugins/mcufinder
2024-03-19 22:30:30,528 [INFO] DbMcusAds:125 - Set database path to: /home/ritik/.stmcufinder/plugins/mcufinder//mcu/
2024-03-19 22:30:30,528 [WARN] DbFile:41 - Overriding database path with different value: /home/ritik/.stmcufinder/plugins/mcufinder/ => /home/ritik/.stmcufinder/plugins/mcufinder
2024-03-19 22:30:30,528 [WARN] DbFile:41 - Overriding database path with different value: /home/ritik/.stmcufinder/plugins/mcufinder/ => /home/ritik/.stmcufinder/plugins/mcufinder
2024-03-19 22:30:30,528 [INFO] CrossReferenceDbSqlite:203 - Set database path to: /home/ritik/.stmcufinder/plugins/mcufinder//mcu/cs/
2024-03-19 22:30:30,585 [INFO] MainPanel:264 - HeapMemory: 268435456
2024-03-19 22:30:30,657 [INFO] DbMcusXml:78 - Set database path to: /home/ritik/st/stm32cubeide_1.14.0/plugins/com.st.stm32cube.common.mx_6.10.0.202311202037//db//mcu/
2024-03-19 22:30:30,657 [INFO] ApiDb:274 - Set plugin database path to: /home/ritik/st/stm32cubeide_1.14.0/plugins/com.st.stm32cube.common.mx_6.10.0.202311202037//db//plugins/boardmanager/
2024-03-19 22:30:30,657 [INFO] ApiDb:261 - Set plugin images path to: /home/ritik/st/stm32cubeide_1.14.0/plugins/com.st.stm32cube.common.mx_6.10.0.202311202037//db//plugins/mcufinder/images/
2024-03-19 22:30:30,657 [WARN] DbFile:41 - Overriding database path with different value: /home/ritik/.stmcufinder/plugins/mcufinder/ => /home/ritik/.stmcufinder/plugins/mcufinder
2024-03-19 22:30:30,657 [INFO] ApiDb:250 - Set database path to: /home/ritik/.stmcufinder/plugins/mcufinder//mcu/
2024-03-19 22:30:30,657 [WARN] DbFile:41 - Overriding database path with different value: /home/ritik/.stmcufinder/plugins/mcufinder/ => /home/ritik/.stmcufinder/plugins/mcufinder
2024-03-19 22:30:30,657 [INFO] DbMcusAds:125 - Set database path to: /home/ritik/.stmcufinder/plugins/mcufinder//mcu/
2024-03-19 22:30:30,658 [WARN] DbFile:41 - Overriding database path with different value: /home/ritik/.stmcufinder/plugins/mcufinder/ => /home/ritik/.stmcufinder/plugins/mcufinder
2024-03-19 22:30:30,658 [WARN] DbFile:41 - Overriding database path with different value: /home/ritik/.stmcufinder/plugins/mcufinder/ => /home/ritik/.stmcufinder/plugins/mcufinder
2024-03-19 22:30:30,658 [INFO] CrossReferenceDbSqlite:203 - Set database path to: /home/ritik/.stmcufinder/plugins/mcufinder//mcu/cs/
2024-03-19 22:30:30,671 [INFO] ApplicationProperties:184 - Using Application install path: /home/ritik/st/stm32cubeide_1.14.0/plugins/com.st.stm32cube.common.mx_6.10.0.202311202037
2024-03-19 22:30:30,673 [INFO] PluginManage:196 - Search for loadable plugins [exclusion list=, ]
2024-03-19 22:30:30,674 [INFO] PluginManage:310 - Check plugin analytics
2024-03-19 22:30:30,804 [INFO] AnalyticsPlugin:253 - Accepted Software Licenses: 
2024-03-19 22:30:30,804 [INFO] AnalyticsPlugin:255 - Accepted CMSIS Pack Licenses: 
2024-03-19 22:30:30,804 [INFO] AnalyticsPlugin:257 - Accepted Firmware Licenses: 
2024-03-19 22:30:30,806 [INFO] PluginManage:359 - Loaded plugin analytics (category:tool,tabindex:-1)
2024-03-19 22:30:30,806 [INFO] PluginManage:310 - Check plugin cadmodel
2024-03-19 22:30:30,856 [INFO] CADModel:105 - Init CAD model plugin
2024-03-19 22:30:30,856 [INFO] PluginManage:359 - Loaded plugin cadmodel (category:power,tabindex:5)
2024-03-19 22:30:30,856 [INFO] PluginManage:310 - Check plugin clock
2024-03-19 22:30:30,864 [INFO] PluginManage:359 - Loaded plugin clock (category:base,tabindex:2)
2024-03-19 22:30:30,864 [INFO] PluginManage:310 - Check plugin ddr
2024-03-19 22:30:30,865 [INFO] PluginManage:359 - Loaded plugin ddr (category:tool,tabindex:6)
2024-03-19 22:30:30,866 [INFO] PluginManage:310 - Check plugin filemanager
2024-03-19 22:30:30,990 [INFO] PluginManage:359 - Loaded plugin filemanager (category:base,tabindex:10)
2024-03-19 22:30:30,990 [INFO] PluginManage:310 - Check plugin ipmanager
2024-03-19 22:30:30,995 [INFO] PluginManage:359 - Loaded plugin ipmanager (category:base,tabindex:5)
2024-03-19 22:30:30,996 [INFO] PluginManage:310 - Check plugin lpbam
2024-03-19 22:30:31,007 [INFO] PluginManage:359 - Loaded plugin lpbam (category:base,tabindex:0)
2024-03-19 22:30:31,007 [INFO] PluginManage:310 - Check plugin memorymap
2024-03-19 22:30:31,019 [INFO] PluginManage:359 - Loaded plugin memorymap (category:base,tabindex:4)
2024-03-19 22:30:31,019 [INFO] PluginManage:310 - Check plugin pinoutandconfiguration
2024-03-19 22:30:31,027 [INFO] PluginManage:359 - Loaded plugin pinoutandconfiguration (category:base,tabindex:1)
2024-03-19 22:30:31,027 [INFO] PluginManage:310 - Check plugin pinoutconfig
2024-03-19 22:30:31,105 [WARN] SupportedApi:132 - Cannot load RTOS API schema: s4s-elt-must-match.1: The content of 'definitions' must match (annotation?, (simpleType | complexType)?, (unique | key | keyref)*)). A problem was found starting at: attribute.
2024-03-19 22:30:31,208 [INFO] PluginManage:359 - Loaded plugin pinoutconfig (category:base,tabindex:0)
2024-03-19 22:30:31,208 [INFO] PluginManage:310 - Check plugin power
2024-03-19 22:30:31,215 [INFO] PluginManage:359 - Loaded plugin power (category:power,tabindex:4)
2024-03-19 22:30:31,215 [INFO] PluginManage:310 - Check plugin projectmanager
2024-03-19 22:30:31,227 [INFO] PluginManage:359 - Loaded plugin projectmanager (category:projectmanager,tabindex:3)
2024-03-19 22:30:31,227 [INFO] PluginManage:310 - Check plugin thirdparty
2024-03-19 22:30:31,307 [INFO] PluginManage:359 - Loaded plugin thirdparty (category:base,tabindex:-1)
2024-03-19 22:30:31,307 [WARN] IntegrityCheckThread:84 - waiting for thirdparty lock release [integrity check]
2024-03-19 22:30:31,307 [INFO] PluginManage:310 - Check plugin tools
2024-03-19 22:30:31,307 [INFO] IntegrityCheckThread:86 - entering critical section [integrity check]
2024-03-19 22:30:31,307 [INFO] ThirdPartyUpdaterWithRetryManager:70 - Updater plugin not ready yet. [1/15]
2024-03-19 22:30:31,308 [INFO] PluginManage:359 - Loaded plugin tools (category:base,tabindex:7)
2024-03-19 22:30:31,309 [INFO] PluginManage:310 - Check plugin tutovideos
2024-03-19 22:30:31,427 [INFO] PluginManage:359 - Loaded plugin tutovideos (category:base,tabindex:-1)
2024-03-19 22:30:31,428 [INFO] PluginManage:310 - Check plugin updater
2024-03-19 22:30:31,435 [INFO] PluginManage:359 - Loaded plugin updater (category:base,tabindex:12)
2024-03-19 22:30:31,436 [INFO] PluginManage:310 - Check plugin userauth
2024-03-19 22:30:31,439 [INFO] UserAuth:114 - Init User Auth plugin
2024-03-19 22:30:31,439 [INFO] PluginManage:359 - Loaded plugin userauth (category:base,tabindex:14)
2024-03-19 22:30:31,440 [INFO] PluginManage:283 - PluginManage : Loaded plugins [17]
2024-03-19 22:30:31,560 [INFO] PinOutPanel:1499 - setPackage(No Configuration,No Configuration)
2024-03-19 22:30:31,599 [INFO] CADModel:165 - CPN selected for project level
2024-03-19 22:30:31,600 [INFO] CADModel:114 - Register for checkConnection events
2024-03-19 22:30:31,607 [INFO] IPUIPlugin:80 - create IPUIPlugin
2024-03-19 22:30:31,607 [INFO] PluginManager:220 - loadIPPluginJar : add dfsdm
2024-03-19 22:30:31,608 [INFO] IPUIPlugin:80 - create IPUIPlugin
2024-03-19 22:30:31,608 [INFO] PluginManager:220 - loadIPPluginJar : add openamp
2024-03-19 22:30:31,612 [INFO] IPUIPlugin:80 - create IPUIPlugin
2024-03-19 22:30:31,612 [INFO] PluginManager:220 - loadIPPluginJar : add sai
2024-03-19 22:30:31,613 [INFO] IPUIPlugin:80 - create IPUIPlugin
2024-03-19 22:30:31,613 [INFO] PluginManager:220 - loadIPPluginJar : add genericplugin
2024-03-19 22:30:31,614 [INFO] IPUIPlugin:80 - create IPUIPlugin
2024-03-19 22:30:31,614 [INFO] PluginManager:220 - loadIPPluginJar : add i2c
2024-03-19 22:30:31,615 [INFO] IPUIPlugin:80 - create IPUIPlugin
2024-03-19 22:30:31,615 [INFO] PluginManager:220 - loadIPPluginJar : add comp
2024-03-19 22:30:31,618 [INFO] IPUIPlugin:80 - create IPUIPlugin
2024-03-19 22:30:31,618 [INFO] PluginManager:220 - loadIPPluginJar : add gpio
2024-03-19 22:30:31,622 [INFO] IPUIPlugin:80 - create IPUIPlugin
2024-03-19 22:30:31,624 [INFO] PluginManager:220 - loadIPPluginJar : add plateformsettings
2024-03-19 22:30:31,624 [INFO] IPUIPlugin:80 - create IPUIPlugin
2024-03-19 22:30:31,624 [INFO] PluginManager:220 - loadIPPluginJar : add quadspi
2024-03-19 22:30:31,625 [INFO] IPUIPlugin:80 - create IPUIPlugin
2024-03-19 22:30:31,626 [INFO] PluginManager:220 - loadIPPluginJar : add i2s
2024-03-19 22:30:31,627 [INFO] IPUIPlugin:80 - create IPUIPlugin
2024-03-19 22:30:31,627 [INFO] PluginManager:220 - loadIPPluginJar : add usbx
2024-03-19 22:30:31,628 [INFO] IPUIPlugin:80 - create IPUIPlugin
2024-03-19 22:30:31,628 [INFO] PluginManager:220 - loadIPPluginJar : add tim
2024-03-19 22:30:31,629 [INFO] IPUIPlugin:80 - create IPUIPlugin
2024-03-19 22:30:31,629 [INFO] PluginManager:220 - loadIPPluginJar : add hash
2024-03-19 22:30:31,631 [INFO] IPUIPlugin:80 - create IPUIPlugin
2024-03-19 22:30:31,631 [INFO] PluginManager:220 - loadIPPluginJar : add pdm2pcm
2024-03-19 22:30:31,632 [INFO] IPUIPlugin:80 - create IPUIPlugin
2024-03-19 22:30:31,632 [INFO] PluginManager:220 - loadIPPluginJar : add ts
2024-03-19 22:30:31,632 [INFO] IPUIPlugin:80 - create IPUIPlugin
2024-03-19 22:30:31,632 [INFO] PluginManager:220 - loadIPPluginJar : add tsc
2024-03-19 22:30:31,634 [INFO] IPUIPlugin:80 - create IPUIPlugin
2024-03-19 22:30:31,634 [INFO] PluginManager:220 - loadIPPluginJar : add aes
2024-03-19 22:30:31,637 [INFO] IPUIPlugin:80 - create IPUIPlugin
2024-03-19 22:30:31,637 [INFO] PluginManager:220 - loadIPPluginJar : add resmgrutility
2024-03-19 22:30:31,640 [INFO] IPUIPlugin:80 - create IPUIPlugin
2024-03-19 22:30:31,640 [INFO] PluginManager:220 - loadIPPluginJar : add stm32_wpan
2024-03-19 22:30:31,641 [INFO] IPUIPlugin:80 - create IPUIPlugin
2024-03-19 22:30:31,641 [INFO] PluginManager:220 - loadIPPluginJar : add tracer_emb
2024-03-19 22:30:31,644 [INFO] IPUIPlugin:80 - create IPUIPlugin
2024-03-19 22:30:31,644 [INFO] PluginManager:220 - loadIPPluginJar : add nvic
2024-03-19 22:30:31,645 [INFO] IPUIPlugin:80 - create IPUIPlugin
2024-03-19 22:30:31,645 [INFO] PluginManager:220 - loadIPPluginJar : add ltdc
2024-03-19 22:30:31,646 [INFO] IPUIPlugin:80 - create IPUIPlugin
2024-03-19 22:30:31,646 [INFO] PluginManager:220 - loadIPPluginJar : add fatfs
2024-03-19 22:30:31,647 [INFO] IPUIPlugin:80 - create IPUIPlugin
2024-03-19 22:30:31,648 [INFO] PluginManager:220 - loadIPPluginJar : add touchsensing
2024-03-19 22:30:31,652 [INFO] IPUIPlugin:80 - create IPUIPlugin
2024-03-19 22:30:31,652 [INFO] PluginManager:220 - loadIPPluginJar : add freertos
2024-03-19 22:30:31,657 [INFO] IPUIPlugin:80 - create IPUIPlugin
2024-03-19 22:30:31,657 [INFO] PluginManager:220 - loadIPPluginJar : add adc
2024-03-19 22:30:31,658 [INFO] IPUIPlugin:80 - create IPUIPlugin
2024-03-19 22:30:31,659 [INFO] PluginManager:220 - loadIPPluginJar : add usart
2024-03-19 22:30:31,660 [INFO] IPUIPlugin:80 - create IPUIPlugin
2024-03-19 22:30:31,660 [INFO] PluginManager:220 - loadIPPluginJar : add lorawan
2024-03-19 22:30:31,663 [INFO] IPUIPlugin:80 - create IPUIPlugin
2024-03-19 22:30:31,663 [INFO] PluginManager:220 - loadIPPluginJar : add fmc
2024-03-19 22:30:31,664 [INFO] IPUIPlugin:80 - create IPUIPlugin
2024-03-19 22:30:31,664 [INFO] PluginManager:220 - loadIPPluginJar : add opamp
2024-03-19 22:30:31,666 [INFO] IPUIPlugin:80 - create IPUIPlugin
2024-03-19 22:30:31,666 [INFO] PluginManager:220 - loadIPPluginJar : add can
2024-03-19 22:30:31,667 [INFO] IPUIPlugin:80 - create IPUIPlugin
2024-03-19 22:30:31,667 [INFO] PluginManager:220 - loadIPPluginJar : add dma3
2024-03-19 22:30:31,668 [INFO] IPUIPlugin:80 - create IPUIPlugin
2024-03-19 22:30:31,668 [INFO] PluginManager:220 - loadIPPluginJar : add i3c
2024-03-19 22:30:31,669 [INFO] IPUIPlugin:80 - create IPUIPlugin
2024-03-19 22:30:31,669 [INFO] PluginManager:220 - loadIPPluginJar : add ucpd
2024-03-19 22:30:31,671 [INFO] IPUIPlugin:80 - create IPUIPlugin
2024-03-19 22:30:31,671 [INFO] PluginManager:220 - loadIPPluginJar : add cryp
2024-03-19 22:30:31,672 [INFO] IPUIPlugin:80 - create IPUIPlugin
2024-03-19 22:30:31,672 [INFO] PluginManager:220 - loadIPPluginJar : add spi
2024-03-19 22:30:31,673 [INFO] IPUIPlugin:80 - create IPUIPlugin
2024-03-19 22:30:31,673 [INFO] PluginManager:220 - loadIPPluginJar : add gfxmmu
2024-03-19 22:30:31,678 [INFO] IPUIPlugin:80 - create IPUIPlugin
2024-03-19 22:30:31,679 [INFO] PluginManager:220 - loadIPPluginJar : add mdma
2024-03-19 22:30:31,683 [INFO] IPUIPlugin:80 - create IPUIPlugin
2024-03-19 22:30:31,683 [INFO] PluginManager:220 - loadIPPluginJar : add dma
2024-03-19 22:30:31,685 [INFO] IPUIPlugin:80 - create IPUIPlugin
2024-03-19 22:30:31,685 [INFO] PluginManager:220 - loadIPPluginJar : add gtzc
2024-03-19 22:30:31,687 [INFO] IPUIPlugin:80 - create IPUIPlugin
2024-03-19 22:30:31,687 [INFO] PluginManager:220 - loadIPPluginJar : add ipddr
2024-03-19 22:30:31,691 [INFO] IPUIPlugin:80 - create IPUIPlugin
2024-03-19 22:30:31,691 [INFO] PluginManager:220 - loadIPPluginJar : add gic
2024-03-19 22:30:31,697 [INFO] IPUIPlugin:80 - create IPUIPlugin
2024-03-19 22:30:31,697 [INFO] PluginManager:220 - loadIPPluginJar : add linkedlist
2024-03-19 22:30:31,795 [INFO] CADModel:165 - CPN selected for project level
2024-03-19 22:30:31,796 [INFO] CADModel:114 - Register for checkConnection events
2024-03-19 22:30:31,796 [FATAL] Updater:308 - Updater called before beeing initialized
2024-03-19 22:30:31,797 [ERROR] CADModel:125 - Updater not yet initialized, retry later 
2024-03-19 22:30:31,882 [INFO] CADModel:165 - CPN selected for project level
2024-03-19 22:30:31,882 [INFO] CADModel:114 - Register for checkConnection events
2024-03-19 22:30:31,882 [FATAL] Updater:308 - Updater called before beeing initialized
2024-03-19 22:30:31,882 [ERROR] CADModel:125 - Updater not yet initialized, retry later 
2024-03-19 22:30:31,884 [FATAL] Updater:308 - Updater called before beeing initialized
2024-03-19 22:30:31,945 [FATAL] Updater:308 - Updater called before beeing initialized
2024-03-19 22:30:31,950 [INFO] DbMcusAds:53 - JSON generation date=Wed Nov 29 16:22:27 IST 2023 (1701255147349)
2024-03-19 22:30:31,950 [FATAL] Updater:308 - Updater called before beeing initialized
2024-03-19 22:30:31,977 [WARN] DetailPanel:346 - Failed to get advertising image, set to default
2024-03-19 22:30:32,047 [FATAL] Updater:308 - Updater called before beeing initialized
2024-03-19 22:30:32,048 [FATAL] Updater:308 - Updater called before beeing initialized
2024-03-19 22:30:32,048 [FATAL] Updater:308 - Updater called before beeing initialized
2024-03-19 22:30:32,049 [WARN] DetailPanel:346 - Failed to get advertising image, set to default
2024-03-19 22:30:32,049 [FATAL] Updater:308 - Updater called before beeing initialized
2024-03-19 22:30:32,069 [ERROR] Updater:1120 - MainUpdater not yet initialized. External WinMGr cannot be set.
2024-03-19 22:30:32,070 [INFO] Updater:1056 - Updater Version found : 6.10.0
2024-03-19 22:30:32,084 [INFO] ApplicationProperties:184 - Using Application install path: /home/ritik/st/stm32cubeide_1.14.0/plugins/com.st.stm32cube.common.mx_6.10.0.202311202037
2024-03-19 22:30:33,261 [INFO] MainUpdater:2873 - connection check result : 10
2024-03-19 22:30:33,261 [INFO] MainUpdater:3567 - Updater definition file requires update
2024-03-19 22:30:33,262 [INFO] MainUpdater:290 - Updater Check For Update Now.
2024-03-19 22:30:33,262 [INFO] MicroXplorer:498 - Change Database Version : DB.6.0.100
2024-03-19 22:30:33,272 [INFO] McuFinderGlobals:63 - Set McuFinder mode to 2 (CubeIDE integrated)
2024-03-19 22:30:33,272 [INFO] UserAuth:180 - activating auth plugin
2024-03-19 22:30:33,278 [INFO] UserAuth:404 - Internet connection configuration mode: 1
2024-03-19 22:30:33,288 [INFO] JxBrowserEngine:152 - Initiate JxBrowser Engine with user profile folder
2024-03-19 22:30:33,878 [INFO] WebApp:161 - Instantiating new browser for Auth
2024-03-19 22:30:33,903 [INFO] ServerAccessManage:473 - Download File updaters.zip
2024-03-19 22:30:34,308 [WARN] MainUpdater:1194 - Updater busy. Cannot search thirdparties
2024-03-19 22:30:34,308 [INFO] ThirdPartyUpdaterWithRetryManager:96 - Updater plugin is busy. [1/15]
2024-03-19 22:30:34,514 [INFO] WebApp:780 - Register for checkConnection events
2024-03-19 22:30:34,514 [INFO] WebApp:414 - Apply proxy settings
2024-03-19 22:30:34,514 [INFO] WebApp:499 - Chromium requires no authentication
2024-03-19 22:30:34,520 [INFO] WebApp:442 - Direct internet connection detected
2024-03-19 22:30:34,610 [INFO] WebApp:192 - Starting web application
2024-03-19 22:30:34,611 [INFO] WebApp:544 - Web application path used /home/ritik/st/stm32cubeide_1.14.0/plugins/com.st.stm32cube.common.mx_6.10.0.202311202037/db/plugins/mcufinder/reactClient1/index.html
2024-03-19 22:30:34,873 [INFO] FileExtend:240 - Unzip File : updaters.zip
2024-03-19 22:30:34,873 [INFO] FileExtend:255 - Standard Zip Deflate
2024-03-19 22:30:35,278 [INFO] ServerAccessManage:473 - Download File PacksControlFlags.xml
2024-03-19 22:30:35,564 [INFO] ServerAccessManage:473 - Download File cubemx.pidx
2024-03-19 22:30:36,274 [INFO] ServerAccessManage:473 - Download File STMicroelectronics.X-CUBE-NFC6.pdsc
2024-03-19 22:30:37,309 [WARN] MainUpdater:1194 - Updater busy. Cannot search thirdparties
2024-03-19 22:30:37,309 [INFO] ThirdPartyUpdaterWithRetryManager:96 - Updater plugin is busy. [2/15]
2024-03-19 22:30:37,576 [WARN] PackLoader:240 - Cannot read IP mode file for STMicroelectronics.X-CUBE-NFC6.3.1.0
2024-03-19 22:30:37,581 [INFO] PopulateThirdPartyThread:66 - Ending populate Thread
2024-03-19 22:30:37,582 [INFO] ThirdParty:1030 - CMSIS Pack Vendor :STMicroelectronics X-CUBE-NFC6 3.1.0
2024-03-19 22:30:37,582 [INFO] LoadServerUpdatesThread:375 - End of LoadServerUpdate Thread
2024-03-19 22:30:37,687 [INFO] CheckServerUpdateThread:120 - End of CheckServer Thread
2024-03-19 22:30:40,395 [WARN] PackLoader:240 - Cannot read IP mode file for STMicroelectronics.X-CUBE-SMBUS.2.1.0
2024-03-19 22:30:40,398 [WARN] PackLoader:240 - Cannot read IP mode file for STMicroelectronics.X-CUBE-TOUCHGFX.4.23.0
2024-03-19 22:30:40,412 [WARN] PackLoader:240 - Cannot read IP mode file for STMicroelectronics.X-CUBE-AZRTOS-F7.1.1.0
2024-03-19 22:30:40,419 [WARN] PackLoader:240 - Cannot read IP mode file for STMicroelectronics.FP-SNS-MOTENV1.4.3.2
2024-03-19 22:30:40,424 [WARN] PackLoader:240 - Cannot read IP mode file for STMicroelectronics.FP-SNS-FLIGHT1.5.0.2
2024-03-19 22:30:40,430 [WARN] PackLoader:240 - Cannot read IP mode file for STMicroelectronics.X-CUBE-DISPLAY.3.0.0
2024-03-19 22:30:40,437 [WARN] PackLoader:240 - Cannot read IP mode file for STMicroelectronics.X-CUBE-BLE1.7.0.0
2024-03-19 22:30:40,441 [WARN] PackLoader:240 - Cannot read IP mode file for emotas.I-CUBE-CANOPEN.1.3.0
2024-03-19 22:30:40,449 [WARN] PackLoader:240 - Cannot read IP mode file for STMicroelectronics.X-CUBE-BLEMGR.3.1.0
2024-03-19 22:30:40,455 [WARN] PackLoader:240 - Cannot read IP mode file for STMicroelectronics.FP-SNS-SMARTAG2.1.2.0
2024-03-19 22:30:40,461 [INFO] LogOutputStream:77 - [STDOUT_REDIRECT] 1 : Invalid condition id : UX_CORESTACK_Condition cause : null
2024-03-19 22:30:40,462 [INFO] LogOutputStream:77 - [STDOUT_REDIRECT] 1 : Invalid condition id : UX_CORESTACK_Condition cause : null
2024-03-19 22:30:40,462 [INFO] LogOutputStream:77 - [STDOUT_REDIRECT] 1 : Invalid condition id : UX_CORESTACK_Condition cause : null
2024-03-19 22:30:40,462 [INFO] LogOutputStream:77 - [STDOUT_REDIRECT] 1 : Invalid condition id : UX_CORESTACK_Condition cause : null
2024-03-19 22:30:40,463 [INFO] LogOutputStream:77 - [STDOUT_REDIRECT] 1 : Invalid condition id : UX_CORESTACK_Condition cause : null
2024-03-19 22:30:40,465 [WARN] PackLoader:240 - Cannot read IP mode file for STMicroelectronics.X-CUBE-AZRTOS-WL.2.0.0
2024-03-19 22:30:40,471 [WARN] PackLoader:240 - Cannot read IP mode file for WES.I-CUBE-Cesium.1.3.0
2024-03-19 22:30:40,474 [WARN] PackLoader:240 - Cannot read IP mode file for STMicroelectronics.X-CUBE-BLE2.3.3.0
2024-03-19 22:30:40,478 [WARN] PackLoader:240 - Cannot read IP mode file for STMicroelectronics.X-CUBE-ALGOBUILD.1.3.0
2024-03-19 22:30:40,486 [WARN] PackLoader:240 - Cannot read IP mode file for STMicroelectronics.X-CUBE-AZRTOS-G0.1.1.0
2024-03-19 22:30:40,491 [WARN] PackLoader:240 - Cannot read IP mode file for STMicroelectronics.X-CUBE-NFC4.3.0.0
2024-03-19 22:30:40,497 [WARN] PackLoader:240 - Cannot read IP mode file for STMicroelectronics.X-CUBE-BLEMGR.3.0.0
2024-03-19 22:30:40,500 [WARN] PackLoader:240 - Cannot read IP mode file for STMicroelectronics.FP-ATR-SIGFOX1.3.2.0
2024-03-19 22:30:40,503 [WARN] PackLoader:240 - Cannot read IP mode file for STMicroelectronics.X-CUBE-EEPRMA1.5.1.0
2024-03-19 22:30:40,523 [WARN] PackLoader:240 - Cannot read IP mode file for SEGGER.I-CUBE-embOS.1.3.1
2024-03-19 22:30:40,547 [WARN] PackLoader:240 - Cannot read IP mode file for STMicroelectronics.X-CUBE-GNSS1.6.0.0
2024-03-19 22:30:40,555 [WARN] PackLoader:240 - Cannot read IP mode file for STMicroelectronics.X-CUBE-AZRTOS-F4.1.1.0
2024-03-19 22:30:40,559 [WARN] PackLoader:240 - Cannot read IP mode file for wolfSSL.I-CUBE-wolfSSL.5.6.6
2024-03-19 22:30:40,567 [WARN] PackLoader:240 - Cannot read IP mode file for STMicroelectronics.X-CUBE-AZRTOS-L5.2.0.0
2024-03-19 22:30:40,572 [WARN] PackLoader:240 - Cannot read IP mode file for STMicroelectronics.X-CUBE-EEPRMA1.4.2.0
2024-03-19 22:30:40,576 [WARN] PackLoader:240 - Cannot read IP mode file for STMicroelectronics.X-CUBE-NFC6.3.1.0
2024-03-19 22:30:40,580 [WARN] PackLoader:240 - Cannot read IP mode file for ITTIA_DB.I-CUBE-ITTIADB.8.8.0
2024-03-19 22:30:40,583 [WARN] PackLoader:240 - Cannot read IP mode file for STMicroelectronics.X-CUBE-NFC7.1.0.1
2024-03-19 22:30:40,587 [WARN] PackLoader:240 - Cannot read IP mode file for STMicroelectronics.X-CUBE-NFC6.3.0.0
2024-03-19 22:30:40,590 [WARN] PackLoader:240 - Cannot read IP mode file for STMicroelectronics.X-CUBE-AI.8.1.0
2024-03-19 22:30:40,598 [WARN] ConditionMgr:438 - getConditionDescription Invalid condition id : LAN8742 Phy interface Condition cause : null
2024-03-19 22:30:40,598 [WARN] PackLoader:240 - Cannot read IP mode file for STMicroelectronics.X-CUBE-AZRTOS-L4.2.0.0
2024-03-19 22:30:40,599 [WARN] ConditionMgr:1039 - genDependencies : Invalid condition id : LAN8742 Phy interface Condition cause : null
2024-03-19 22:30:40,599 [WARN] ConditionMgr:1039 - genDependencies : Invalid condition id : LAN8742 Phy interface Condition cause : null
2024-03-19 22:30:40,600 [WARN] ConditionMgr:1039 - genDependencies : Invalid condition id : LAN8742 Phy interface Condition cause : null
2024-03-19 22:30:40,603 [WARN] PackLoader:240 - Cannot read IP mode file for STMicroelectronics.X-CUBE-SFXS2LP1.4.0.0
2024-03-19 22:30:40,609 [WARN] ConditionMgr:438 - getConditionDescription Invalid condition id : UX DEVICE CLASS RTOS Condition cause : null
2024-03-19 22:30:40,610 [WARN] ConditionMgr:438 - getConditionDescription Invalid condition id : UX DEVICE CLASS RTOS Condition cause : null
2024-03-19 22:30:40,611 [WARN] PackLoader:240 - Cannot read IP mode file for STMicroelectronics.X-CUBE-AZRTOS-WB.2.0.0
2024-03-19 22:30:40,611 [WARN] ConditionMgr:1039 - genDependencies : Invalid condition id : UX DEVICE CLASS RTOS Condition cause : null
2024-03-19 22:30:40,611 [WARN] ConditionMgr:1039 - genDependencies : Invalid condition id : UX DEVICE CLASS RTOS Condition cause : null
2024-03-19 22:30:40,611 [WARN] ConditionMgr:1039 - genDependencies : Invalid condition id : UX DEVICE CLASS RTOS Condition cause : null
2024-03-19 22:30:40,612 [WARN] ConditionMgr:1039 - genDependencies : Invalid condition id : UX DEVICE CLASS RTOS Condition cause : null
2024-03-19 22:30:40,612 [WARN] ConditionMgr:1039 - genDependencies : Invalid condition id : UX DEVICE CLASS RTOS Condition cause : null
2024-03-19 22:30:40,617 [WARN] PackLoader:240 - Cannot read IP mode file for STMicroelectronics.X-CUBE-SUBG2.5.0.0
2024-03-19 22:30:40,630 [WARN] PackLoader:240 - Cannot read IP mode file for STMicroelectronics.X-CUBE-AZRTOS-G4.2.0.0
2024-03-19 22:30:40,637 [WARN] PackLoader:240 - Cannot read IP mode file for Infineon.AIROC-Wi-Fi-Bluetooth-STM32.1.5.1
2024-03-19 22:30:40,642 [WARN] PackLoader:240 - Cannot read IP mode file for STMicroelectronics.FP-SNS-MOTENVWB1.1.3.1
2024-03-19 22:30:40,645 [WARN] PackLoader:240 - Cannot read IP mode file for STMicroelectronics.X-CUBE-ISPU.2.0.0
2024-03-19 22:30:40,664 [WARN] PackLoader:240 - Cannot read IP mode file for STMicroelectronics.X-CUBE-MEMS1.10.0.0
2024-03-19 22:30:40,741 [WARN] PackLoader:240 - Cannot read IP mode file for STMicroelectronics.X-CUBE-FREERTOS.1.1.0
2024-03-19 22:30:40,744 [WARN] PackLoader:240 - Cannot read IP mode file for portGmbH.I-Cube-SoM-uGOAL.1.1.0
2024-03-19 22:30:40,747 [WARN] PackLoader:240 - Cannot read IP mode file for STMicroelectronics.X-CUBE-ALS.1.0.1
2024-03-19 22:30:40,749 [WARN] PackLoader:240 - Cannot read IP mode file for STMicroelectronics.FP-ATR-ASTRA1.2.0.0
2024-03-19 22:30:40,755 [WARN] PackLoader:240 - Cannot read IP mode file for STMicroelectronics.X-CUBE-TOF1.3.4.0
2024-03-19 22:30:40,768 [WARN] PackLoader:240 - Cannot read IP mode file for STMicroelectronics.X-CUBE-TOF1.3.4.1
2024-03-19 22:30:40,797 [WARN] PackLoader:240 - Cannot read IP mode file for STMicroelectronics.X-CUBE-AZRTOS-H7.3.2.0
2024-03-19 22:30:40,801 [INFO] ThirdParty:978 - Integrity check success = true
2024-03-19 22:30:40,801 [INFO] IntegrityCheckThread:100 - exiting critical section [integrity check]
2024-03-19 22:30:40,801 [INFO] IntegrityCheckThread:103 - End integrity checks thread
2024-03-19 22:30:55,015 [ERROR] LogOutputStream:75 - [STDERR_REDIRECT] SLF4J: Failed to load class "org.slf4j.impl.StaticLoggerBinder".
2024-03-19 22:30:55,016 [ERROR] LogOutputStream:75 - [STDERR_REDIRECT] SLF4J: Defaulting to no-operation (NOP) logger implementation
2024-03-19 22:30:55,016 [ERROR] LogOutputStream:75 - [STDERR_REDIRECT] SLF4J: See http://www.slf4j.org/codes.html#StaticLoggerBinder for further details.
2024-03-19 22:56:01,788 [ERROR] LogOutputStream:75 - [STDERR_REDIRECT] 
2024-03-19 23:47:10,659 [INFO] Activator:176 - 


2024-03-19 23:47:10,661 [INFO] Activator:177 - !SESSION log4j initialized
2024-03-19 23:47:18,151 [INFO] LogOutputStream:77 - [STDOUT_REDIRECT] 
2024-03-19 23:47:23,800 [INFO] ApplicationProperties:184 - Using Application install path: /home/ritik/st/stm32cubeide_1.14.0/plugins/com.st.stm32cube.common.mx_6.10.0.202311202037
2024-03-19 23:47:23,814 [INFO] DbMcusXml:78 - Set database path to: /home/ritik/st/stm32cubeide_1.14.0/plugins/com.st.stm32cube.common.mx_6.10.0.202311202037//db//mcu/
2024-03-19 23:47:23,815 [INFO] ApiDb:274 - Set plugin database path to: /home/ritik/st/stm32cubeide_1.14.0/plugins/com.st.stm32cube.common.mx_6.10.0.202311202037//db//plugins/boardmanager/
2024-03-19 23:47:23,815 [WARN] ApiDb:259 - Overriding images path with different value:  => /home/ritik/st/stm32cubeide_1.14.0/plugins/com.st.stm32cube.common.mx_6.10.0.202311202037//db//plugins/mcufinder/images/
2024-03-19 23:47:23,821 [INFO] ApiDb:250 - Set database path to: /home/ritik/.stmcufinder/plugins/mcufinder//mcu/
2024-03-19 23:47:23,822 [INFO] DbMcusAds:125 - Set database path to: /home/ritik/.stmcufinder/plugins/mcufinder//mcu/
2024-03-19 23:47:23,824 [INFO] CrossReferenceDbSqlite:203 - Set database path to: /home/ritik/.stmcufinder/plugins/mcufinder//mcu/cs/
2024-03-19 23:47:23,909 [INFO] RulesReader:64 - Compatibility file has been processed (297 Rules)
2024-03-19 23:47:23,953 [INFO] DbMcusXml:78 - Set database path to: /home/ritik/st/stm32cubeide_1.14.0/plugins/com.st.stm32cube.common.mx_6.10.0.202311202037//db//mcu/
2024-03-19 23:47:23,953 [INFO] ApiDb:274 - Set plugin database path to: /home/ritik/st/stm32cubeide_1.14.0/plugins/com.st.stm32cube.common.mx_6.10.0.202311202037//db//plugins/boardmanager/
2024-03-19 23:47:23,953 [INFO] ApiDb:261 - Set plugin images path to: /home/ritik/st/stm32cubeide_1.14.0/plugins/com.st.stm32cube.common.mx_6.10.0.202311202037//db//plugins/mcufinder/images/
2024-03-19 23:47:23,953 [WARN] DbFile:41 - Overriding database path with different value: /home/ritik/.stmcufinder/plugins/mcufinder/ => /home/ritik/.stmcufinder/plugins/mcufinder
2024-03-19 23:47:23,953 [INFO] ApiDb:250 - Set database path to: /home/ritik/.stmcufinder/plugins/mcufinder//mcu/
2024-03-19 23:47:23,953 [WARN] DbFile:41 - Overriding database path with different value: /home/ritik/.stmcufinder/plugins/mcufinder/ => /home/ritik/.stmcufinder/plugins/mcufinder
2024-03-19 23:47:23,954 [INFO] DbMcusAds:125 - Set database path to: /home/ritik/.stmcufinder/plugins/mcufinder//mcu/
2024-03-19 23:47:23,954 [WARN] DbFile:41 - Overriding database path with different value: /home/ritik/.stmcufinder/plugins/mcufinder/ => /home/ritik/.stmcufinder/plugins/mcufinder
2024-03-19 23:47:23,954 [WARN] DbFile:41 - Overriding database path with different value: /home/ritik/.stmcufinder/plugins/mcufinder/ => /home/ritik/.stmcufinder/plugins/mcufinder
2024-03-19 23:47:23,954 [INFO] CrossReferenceDbSqlite:203 - Set database path to: /home/ritik/.stmcufinder/plugins/mcufinder//mcu/cs/
2024-03-19 23:47:24,005 [INFO] MainPanel:264 - HeapMemory: 268435456
2024-03-19 23:47:24,072 [INFO] DbMcusXml:78 - Set database path to: /home/ritik/st/stm32cubeide_1.14.0/plugins/com.st.stm32cube.common.mx_6.10.0.202311202037//db//mcu/
2024-03-19 23:47:24,072 [INFO] ApiDb:274 - Set plugin database path to: /home/ritik/st/stm32cubeide_1.14.0/plugins/com.st.stm32cube.common.mx_6.10.0.202311202037//db//plugins/boardmanager/
2024-03-19 23:47:24,073 [INFO] ApiDb:261 - Set plugin images path to: /home/ritik/st/stm32cubeide_1.14.0/plugins/com.st.stm32cube.common.mx_6.10.0.202311202037//db//plugins/mcufinder/images/
2024-03-19 23:47:24,073 [WARN] DbFile:41 - Overriding database path with different value: /home/ritik/.stmcufinder/plugins/mcufinder/ => /home/ritik/.stmcufinder/plugins/mcufinder
2024-03-19 23:47:24,073 [INFO] ApiDb:250 - Set database path to: /home/ritik/.stmcufinder/plugins/mcufinder//mcu/
2024-03-19 23:47:24,073 [WARN] DbFile:41 - Overriding database path with different value: /home/ritik/.stmcufinder/plugins/mcufinder/ => /home/ritik/.stmcufinder/plugins/mcufinder
2024-03-19 23:47:24,073 [INFO] DbMcusAds:125 - Set database path to: /home/ritik/.stmcufinder/plugins/mcufinder//mcu/
2024-03-19 23:47:24,073 [WARN] DbFile:41 - Overriding database path with different value: /home/ritik/.stmcufinder/plugins/mcufinder/ => /home/ritik/.stmcufinder/plugins/mcufinder
2024-03-19 23:47:24,073 [WARN] DbFile:41 - Overriding database path with different value: /home/ritik/.stmcufinder/plugins/mcufinder/ => /home/ritik/.stmcufinder/plugins/mcufinder
2024-03-19 23:47:24,073 [INFO] CrossReferenceDbSqlite:203 - Set database path to: /home/ritik/.stmcufinder/plugins/mcufinder//mcu/cs/
2024-03-19 23:47:24,084 [INFO] ApplicationProperties:184 - Using Application install path: /home/ritik/st/stm32cubeide_1.14.0/plugins/com.st.stm32cube.common.mx_6.10.0.202311202037
2024-03-19 23:47:24,085 [INFO] PluginManage:196 - Search for loadable plugins [exclusion list=, ]
2024-03-19 23:47:24,085 [INFO] PluginManage:310 - Check plugin analytics
2024-03-19 23:47:24,195 [INFO] AnalyticsPlugin:253 - Accepted Software Licenses: 
2024-03-19 23:47:24,195 [INFO] AnalyticsPlugin:255 - Accepted CMSIS Pack Licenses: 
2024-03-19 23:47:24,195 [INFO] AnalyticsPlugin:257 - Accepted Firmware Licenses: 
2024-03-19 23:47:24,197 [INFO] PluginManage:359 - Loaded plugin analytics (category:tool,tabindex:-1)
2024-03-19 23:47:24,197 [INFO] PluginManage:310 - Check plugin cadmodel
2024-03-19 23:47:24,218 [INFO] CADModel:105 - Init CAD model plugin
2024-03-19 23:47:24,218 [INFO] PluginManage:359 - Loaded plugin cadmodel (category:power,tabindex:5)
2024-03-19 23:47:24,218 [INFO] PluginManage:310 - Check plugin clock
2024-03-19 23:47:24,226 [INFO] PluginManage:359 - Loaded plugin clock (category:base,tabindex:2)
2024-03-19 23:47:24,226 [INFO] PluginManage:310 - Check plugin ddr
2024-03-19 23:47:24,227 [INFO] PluginManage:359 - Loaded plugin ddr (category:tool,tabindex:6)
2024-03-19 23:47:24,227 [INFO] PluginManage:310 - Check plugin filemanager
2024-03-19 23:47:24,327 [INFO] PluginManage:359 - Loaded plugin filemanager (category:base,tabindex:10)
2024-03-19 23:47:24,327 [INFO] PluginManage:310 - Check plugin ipmanager
2024-03-19 23:47:24,331 [INFO] PluginManage:359 - Loaded plugin ipmanager (category:base,tabindex:5)
2024-03-19 23:47:24,332 [INFO] PluginManage:310 - Check plugin lpbam
2024-03-19 23:47:24,339 [INFO] PluginManage:359 - Loaded plugin lpbam (category:base,tabindex:0)
2024-03-19 23:47:24,339 [INFO] PluginManage:310 - Check plugin memorymap
2024-03-19 23:47:24,346 [INFO] PluginManage:359 - Loaded plugin memorymap (category:base,tabindex:4)
2024-03-19 23:47:24,347 [INFO] PluginManage:310 - Check plugin pinoutandconfiguration
2024-03-19 23:47:24,352 [INFO] PluginManage:359 - Loaded plugin pinoutandconfiguration (category:base,tabindex:1)
2024-03-19 23:47:24,352 [INFO] PluginManage:310 - Check plugin pinoutconfig
2024-03-19 23:47:24,408 [WARN] SupportedApi:132 - Cannot load RTOS API schema: s4s-elt-must-match.1: The content of 'definitions' must match (annotation?, (simpleType | complexType)?, (unique | key | keyref)*)). A problem was found starting at: attribute.
2024-03-19 23:47:24,493 [INFO] PluginManage:359 - Loaded plugin pinoutconfig (category:base,tabindex:0)
2024-03-19 23:47:24,493 [INFO] PluginManage:310 - Check plugin power
2024-03-19 23:47:24,500 [INFO] PluginManage:359 - Loaded plugin power (category:power,tabindex:4)
2024-03-19 23:47:24,500 [INFO] PluginManage:310 - Check plugin projectmanager
2024-03-19 23:47:24,511 [INFO] PluginManage:359 - Loaded plugin projectmanager (category:projectmanager,tabindex:3)
2024-03-19 23:47:24,511 [INFO] PluginManage:310 - Check plugin thirdparty
2024-03-19 23:47:24,581 [INFO] PluginManage:359 - Loaded plugin thirdparty (category:base,tabindex:-1)
2024-03-19 23:47:24,581 [WARN] IntegrityCheckThread:84 - waiting for thirdparty lock release [integrity check]
2024-03-19 23:47:24,581 [INFO] PluginManage:310 - Check plugin tools
2024-03-19 23:47:24,581 [INFO] IntegrityCheckThread:86 - entering critical section [integrity check]
2024-03-19 23:47:24,581 [INFO] ThirdPartyUpdaterWithRetryManager:70 - Updater plugin not ready yet. [1/15]
2024-03-19 23:47:24,583 [INFO] PluginManage:359 - Loaded plugin tools (category:base,tabindex:7)
2024-03-19 23:47:24,583 [INFO] PluginManage:310 - Check plugin tutovideos
2024-03-19 23:47:24,696 [INFO] PluginManage:359 - Loaded plugin tutovideos (category:base,tabindex:-1)
2024-03-19 23:47:24,696 [INFO] PluginManage:310 - Check plugin updater
2024-03-19 23:47:24,703 [INFO] PluginManage:359 - Loaded plugin updater (category:base,tabindex:12)
2024-03-19 23:47:24,703 [INFO] PluginManage:310 - Check plugin userauth
2024-03-19 23:47:24,707 [INFO] UserAuth:114 - Init User Auth plugin
2024-03-19 23:47:24,707 [INFO] PluginManage:359 - Loaded plugin userauth (category:base,tabindex:14)
2024-03-19 23:47:24,707 [INFO] PluginManage:283 - PluginManage : Loaded plugins [17]
2024-03-19 23:47:24,820 [INFO] PinOutPanel:1499 - setPackage(No Configuration,No Configuration)
2024-03-19 23:47:24,862 [INFO] CADModel:165 - CPN selected for project level
2024-03-19 23:47:24,862 [INFO] CADModel:114 - Register for checkConnection events
2024-03-19 23:47:24,869 [INFO] IPUIPlugin:80 - create IPUIPlugin
2024-03-19 23:47:24,869 [INFO] PluginManager:220 - loadIPPluginJar : add dfsdm
2024-03-19 23:47:24,871 [INFO] IPUIPlugin:80 - create IPUIPlugin
2024-03-19 23:47:24,871 [INFO] PluginManager:220 - loadIPPluginJar : add openamp
2024-03-19 23:47:24,874 [INFO] IPUIPlugin:80 - create IPUIPlugin
2024-03-19 23:47:24,874 [INFO] PluginManager:220 - loadIPPluginJar : add sai
2024-03-19 23:47:24,875 [INFO] IPUIPlugin:80 - create IPUIPlugin
2024-03-19 23:47:24,875 [INFO] PluginManager:220 - loadIPPluginJar : add genericplugin
2024-03-19 23:47:24,877 [INFO] IPUIPlugin:80 - create IPUIPlugin
2024-03-19 23:47:24,877 [INFO] PluginManager:220 - loadIPPluginJar : add i2c
2024-03-19 23:47:24,877 [INFO] IPUIPlugin:80 - create IPUIPlugin
2024-03-19 23:47:24,878 [INFO] PluginManager:220 - loadIPPluginJar : add comp
2024-03-19 23:47:24,880 [INFO] IPUIPlugin:80 - create IPUIPlugin
2024-03-19 23:47:24,880 [INFO] PluginManager:220 - loadIPPluginJar : add gpio
2024-03-19 23:47:24,884 [INFO] IPUIPlugin:80 - create IPUIPlugin
2024-03-19 23:47:24,886 [INFO] PluginManager:220 - loadIPPluginJar : add plateformsettings
2024-03-19 23:47:24,887 [INFO] IPUIPlugin:80 - create IPUIPlugin
2024-03-19 23:47:24,887 [INFO] PluginManager:220 - loadIPPluginJar : add quadspi
2024-03-19 23:47:24,888 [INFO] IPUIPlugin:80 - create IPUIPlugin
2024-03-19 23:47:24,888 [INFO] PluginManager:220 - loadIPPluginJar : add i2s
2024-03-19 23:47:24,890 [INFO] IPUIPlugin:80 - create IPUIPlugin
2024-03-19 23:47:24,890 [INFO] PluginManager:220 - loadIPPluginJar : add usbx
2024-03-19 23:47:24,891 [INFO] IPUIPlugin:80 - create IPUIPlugin
2024-03-19 23:47:24,891 [INFO] PluginManager:220 - loadIPPluginJar : add tim
2024-03-19 23:47:24,892 [INFO] IPUIPlugin:80 - create IPUIPlugin
2024-03-19 23:47:24,892 [INFO] PluginManager:220 - loadIPPluginJar : add hash
2024-03-19 23:47:24,894 [INFO] IPUIPlugin:80 - create IPUIPlugin
2024-03-19 23:47:24,894 [INFO] PluginManager:220 - loadIPPluginJar : add pdm2pcm
2024-03-19 23:47:24,895 [INFO] IPUIPlugin:80 - create IPUIPlugin
2024-03-19 23:47:24,895 [INFO] PluginManager:220 - loadIPPluginJar : add ts
2024-03-19 23:47:24,896 [INFO] IPUIPlugin:80 - create IPUIPlugin
2024-03-19 23:47:24,896 [INFO] PluginManager:220 - loadIPPluginJar : add tsc
2024-03-19 23:47:24,897 [INFO] IPUIPlugin:80 - create IPUIPlugin
2024-03-19 23:47:24,897 [INFO] PluginManager:220 - loadIPPluginJar : add aes
2024-03-19 23:47:24,901 [INFO] IPUIPlugin:80 - create IPUIPlugin
2024-03-19 23:47:24,901 [INFO] PluginManager:220 - loadIPPluginJar : add resmgrutility
2024-03-19 23:47:24,904 [INFO] IPUIPlugin:80 - create IPUIPlugin
2024-03-19 23:47:24,905 [INFO] PluginManager:220 - loadIPPluginJar : add stm32_wpan
2024-03-19 23:47:24,906 [INFO] IPUIPlugin:80 - create IPUIPlugin
2024-03-19 23:47:24,906 [INFO] PluginManager:220 - loadIPPluginJar : add tracer_emb
2024-03-19 23:47:24,908 [INFO] IPUIPlugin:80 - create IPUIPlugin
2024-03-19 23:47:24,908 [INFO] PluginManager:220 - loadIPPluginJar : add nvic
2024-03-19 23:47:24,909 [INFO] IPUIPlugin:80 - create IPUIPlugin
2024-03-19 23:47:24,909 [INFO] PluginManager:220 - loadIPPluginJar : add ltdc
2024-03-19 23:47:24,910 [INFO] IPUIPlugin:80 - create IPUIPlugin
2024-03-19 23:47:24,910 [INFO] PluginManager:220 - loadIPPluginJar : add fatfs
2024-03-19 23:47:24,912 [INFO] IPUIPlugin:80 - create IPUIPlugin
2024-03-19 23:47:24,912 [INFO] PluginManager:220 - loadIPPluginJar : add touchsensing
2024-03-19 23:47:24,917 [INFO] IPUIPlugin:80 - create IPUIPlugin
2024-03-19 23:47:24,917 [INFO] PluginManager:220 - loadIPPluginJar : add freertos
2024-03-19 23:47:24,922 [INFO] IPUIPlugin:80 - create IPUIPlugin
2024-03-19 23:47:24,922 [INFO] PluginManager:220 - loadIPPluginJar : add adc
2024-03-19 23:47:24,924 [INFO] IPUIPlugin:80 - create IPUIPlugin
2024-03-19 23:47:24,924 [INFO] PluginManager:220 - loadIPPluginJar : add usart
2024-03-19 23:47:24,926 [INFO] IPUIPlugin:80 - create IPUIPlugin
2024-03-19 23:47:24,926 [INFO] PluginManager:220 - loadIPPluginJar : add lorawan
2024-03-19 23:47:24,928 [INFO] IPUIPlugin:80 - create IPUIPlugin
2024-03-19 23:47:24,928 [INFO] PluginManager:220 - loadIPPluginJar : add fmc
2024-03-19 23:47:24,930 [INFO] IPUIPlugin:80 - create IPUIPlugin
2024-03-19 23:47:24,930 [INFO] PluginManager:220 - loadIPPluginJar : add opamp
2024-03-19 23:47:24,932 [INFO] IPUIPlugin:80 - create IPUIPlugin
2024-03-19 23:47:24,932 [INFO] PluginManager:220 - loadIPPluginJar : add can
2024-03-19 23:47:24,933 [INFO] IPUIPlugin:80 - create IPUIPlugin
2024-03-19 23:47:24,934 [INFO] PluginManager:220 - loadIPPluginJar : add dma3
2024-03-19 23:47:24,935 [INFO] IPUIPlugin:80 - create IPUIPlugin
2024-03-19 23:47:24,935 [INFO] PluginManager:220 - loadIPPluginJar : add i3c
2024-03-19 23:47:24,936 [INFO] IPUIPlugin:80 - create IPUIPlugin
2024-03-19 23:47:24,936 [INFO] PluginManager:220 - loadIPPluginJar : add ucpd
2024-03-19 23:47:24,937 [INFO] IPUIPlugin:80 - create IPUIPlugin
2024-03-19 23:47:24,938 [INFO] PluginManager:220 - loadIPPluginJar : add cryp
2024-03-19 23:47:24,939 [INFO] IPUIPlugin:80 - create IPUIPlugin
2024-03-19 23:47:24,939 [INFO] PluginManager:220 - loadIPPluginJar : add spi
2024-03-19 23:47:24,940 [INFO] IPUIPlugin:80 - create IPUIPlugin
2024-03-19 23:47:24,940 [INFO] PluginManager:220 - loadIPPluginJar : add gfxmmu
2024-03-19 23:47:24,945 [INFO] IPUIPlugin:80 - create IPUIPlugin
2024-03-19 23:47:24,945 [INFO] PluginManager:220 - loadIPPluginJar : add mdma
2024-03-19 23:47:24,949 [INFO] IPUIPlugin:80 - create IPUIPlugin
2024-03-19 23:47:24,950 [INFO] PluginManager:220 - loadIPPluginJar : add dma
2024-03-19 23:47:24,952 [INFO] IPUIPlugin:80 - create IPUIPlugin
2024-03-19 23:47:24,952 [INFO] PluginManager:220 - loadIPPluginJar : add gtzc
2024-03-19 23:47:24,954 [INFO] IPUIPlugin:80 - create IPUIPlugin
2024-03-19 23:47:24,954 [INFO] PluginManager:220 - loadIPPluginJar : add ipddr
2024-03-19 23:47:24,957 [INFO] IPUIPlugin:80 - create IPUIPlugin
2024-03-19 23:47:24,957 [INFO] PluginManager:220 - loadIPPluginJar : add gic
2024-03-19 23:47:24,962 [INFO] IPUIPlugin:80 - create IPUIPlugin
2024-03-19 23:47:24,962 [INFO] PluginManager:220 - loadIPPluginJar : add linkedlist
2024-03-19 23:47:25,063 [INFO] CADModel:165 - CPN selected for project level
2024-03-19 23:47:25,063 [INFO] CADModel:114 - Register for checkConnection events
2024-03-19 23:47:25,064 [FATAL] Updater:308 - Updater called before beeing initialized
2024-03-19 23:47:25,064 [ERROR] CADModel:125 - Updater not yet initialized, retry later 
2024-03-19 23:47:25,152 [INFO] CADModel:165 - CPN selected for project level
2024-03-19 23:47:25,152 [INFO] CADModel:114 - Register for checkConnection events
2024-03-19 23:47:25,152 [FATAL] Updater:308 - Updater called before beeing initialized
2024-03-19 23:47:25,152 [ERROR] CADModel:125 - Updater not yet initialized, retry later 
2024-03-19 23:47:25,154 [FATAL] Updater:308 - Updater called before beeing initialized
2024-03-19 23:47:25,202 [FATAL] Updater:308 - Updater called before beeing initialized
2024-03-19 23:47:25,205 [INFO] DbMcusAds:53 - JSON generation date=Wed Nov 29 16:22:27 IST 2023 (1701255147349)
2024-03-19 23:47:25,205 [FATAL] Updater:308 - Updater called before beeing initialized
2024-03-19 23:47:25,231 [WARN] DetailPanel:346 - Failed to get advertising image, set to default
2024-03-19 23:47:25,310 [FATAL] Updater:308 - Updater called before beeing initialized
2024-03-19 23:47:25,311 [FATAL] Updater:308 - Updater called before beeing initialized
2024-03-19 23:47:25,311 [FATAL] Updater:308 - Updater called before beeing initialized
2024-03-19 23:47:25,311 [WARN] DetailPanel:346 - Failed to get advertising image, set to default
2024-03-19 23:47:25,312 [FATAL] Updater:308 - Updater called before beeing initialized
2024-03-19 23:47:25,332 [ERROR] Updater:1120 - MainUpdater not yet initialized. External WinMGr cannot be set.
2024-03-19 23:47:25,333 [INFO] Updater:1056 - Updater Version found : 6.10.0
2024-03-19 23:47:25,348 [INFO] ApplicationProperties:184 - Using Application install path: /home/ritik/st/stm32cubeide_1.14.0/plugins/com.st.stm32cube.common.mx_6.10.0.202311202037
2024-03-19 23:47:27,582 [INFO] ThirdPartyUpdaterWithRetryManager:70 - Updater plugin not ready yet. [2/15]
2024-03-19 23:47:27,782 [INFO] MainUpdater:2873 - connection check result : 10
2024-03-19 23:47:27,782 [INFO] MainUpdater:290 - Updater Check For Update Now.
2024-03-19 23:47:27,782 [INFO] MicroXplorer:498 - Change Database Version : DB.6.0.100
2024-03-19 23:47:27,792 [INFO] McuFinderGlobals:63 - Set McuFinder mode to 2 (CubeIDE integrated)
2024-03-19 23:47:27,792 [INFO] UserAuth:180 - activating auth plugin
2024-03-19 23:47:27,794 [INFO] UserAuth:404 - Internet connection configuration mode: 1
2024-03-19 23:47:27,807 [INFO] JxBrowserEngine:152 - Initiate JxBrowser Engine with user profile folder
2024-03-19 23:47:27,929 [INFO] CheckServerUpdateThread:120 - End of CheckServer Thread
2024-03-19 23:47:28,459 [INFO] WebApp:161 - Instantiating new browser for Auth
2024-03-19 23:47:29,052 [INFO] WebApp:780 - Register for checkConnection events
2024-03-19 23:47:29,052 [INFO] WebApp:414 - Apply proxy settings
2024-03-19 23:47:29,052 [INFO] WebApp:499 - Chromium requires no authentication
2024-03-19 23:47:29,057 [INFO] WebApp:442 - Direct internet connection detected
2024-03-19 23:47:29,141 [INFO] WebApp:192 - Starting web application
2024-03-19 23:47:29,141 [INFO] WebApp:544 - Web application path used /home/ritik/st/stm32cubeide_1.14.0/plugins/com.st.stm32cube.common.mx_6.10.0.202311202037/db/plugins/mcufinder/reactClient1/index.html
2024-03-19 23:47:30,673 [WARN] PackLoader:240 - Cannot read IP mode file for STMicroelectronics.X-CUBE-SMBUS.2.1.0
2024-03-19 23:47:30,677 [WARN] PackLoader:240 - Cannot read IP mode file for STMicroelectronics.X-CUBE-TOUCHGFX.4.23.0
2024-03-19 23:47:30,696 [WARN] PackLoader:240 - Cannot read IP mode file for STMicroelectronics.X-CUBE-AZRTOS-F7.1.1.0
2024-03-19 23:47:30,703 [WARN] PackLoader:240 - Cannot read IP mode file for STMicroelectronics.FP-SNS-MOTENV1.4.3.2
2024-03-19 23:47:30,707 [WARN] PackLoader:240 - Cannot read IP mode file for STMicroelectronics.FP-SNS-FLIGHT1.5.0.2
2024-03-19 23:47:30,713 [WARN] PackLoader:240 - Cannot read IP mode file for STMicroelectronics.X-CUBE-DISPLAY.3.0.0
2024-03-19 23:47:30,721 [WARN] PackLoader:240 - Cannot read IP mode file for STMicroelectronics.X-CUBE-BLE1.7.0.0
2024-03-19 23:47:30,725 [WARN] PackLoader:240 - Cannot read IP mode file for emotas.I-CUBE-CANOPEN.1.3.0
2024-03-19 23:47:30,734 [WARN] PackLoader:240 - Cannot read IP mode file for STMicroelectronics.X-CUBE-BLEMGR.3.1.0
2024-03-19 23:47:30,747 [WARN] PackLoader:240 - Cannot read IP mode file for STMicroelectronics.FP-SNS-SMARTAG2.1.2.0
2024-03-19 23:47:30,757 [INFO] LogOutputStream:77 - [STDOUT_REDIRECT] 1 : Invalid condition id : UX_CORESTACK_Condition cause : null
2024-03-19 23:47:30,758 [INFO] LogOutputStream:77 - [STDOUT_REDIRECT] 1 : Invalid condition id : UX_CORESTACK_Condition cause : null
2024-03-19 23:47:30,758 [INFO] LogOutputStream:77 - [STDOUT_REDIRECT] 1 : Invalid condition id : UX_CORESTACK_Condition cause : null
2024-03-19 23:47:30,758 [INFO] LogOutputStream:77 - [STDOUT_REDIRECT] 1 : Invalid condition id : UX_CORESTACK_Condition cause : null
2024-03-19 23:47:30,758 [INFO] LogOutputStream:77 - [STDOUT_REDIRECT] 1 : Invalid condition id : UX_CORESTACK_Condition cause : null
2024-03-19 23:47:30,764 [WARN] PackLoader:240 - Cannot read IP mode file for STMicroelectronics.X-CUBE-AZRTOS-WL.2.0.0
2024-03-19 23:47:30,772 [WARN] PackLoader:240 - Cannot read IP mode file for WES.I-CUBE-Cesium.1.3.0
2024-03-19 23:47:30,776 [WARN] PackLoader:240 - Cannot read IP mode file for STMicroelectronics.X-CUBE-BLE2.3.3.0
2024-03-19 23:47:30,781 [WARN] PackLoader:240 - Cannot read IP mode file for STMicroelectronics.X-CUBE-ALGOBUILD.1.3.0
2024-03-19 23:47:30,800 [WARN] PackLoader:240 - Cannot read IP mode file for STMicroelectronics.X-CUBE-AZRTOS-G0.1.1.0
2024-03-19 23:47:30,816 [WARN] PackLoader:240 - Cannot read IP mode file for STMicroelectronics.X-CUBE-NFC4.3.0.0
2024-03-19 23:47:30,823 [WARN] PackLoader:240 - Cannot read IP mode file for STMicroelectronics.X-CUBE-BLEMGR.3.0.0
2024-03-19 23:47:30,827 [WARN] PackLoader:240 - Cannot read IP mode file for STMicroelectronics.FP-ATR-SIGFOX1.3.2.0
2024-03-19 23:47:30,830 [WARN] PackLoader:240 - Cannot read IP mode file for STMicroelectronics.X-CUBE-EEPRMA1.5.1.0
2024-03-19 23:47:30,850 [WARN] PackLoader:240 - Cannot read IP mode file for SEGGER.I-CUBE-embOS.1.3.1
2024-03-19 23:47:30,873 [WARN] PackLoader:240 - Cannot read IP mode file for STMicroelectronics.X-CUBE-GNSS1.6.0.0
2024-03-19 23:47:30,884 [WARN] PackLoader:240 - Cannot read IP mode file for STMicroelectronics.X-CUBE-AZRTOS-F4.1.1.0
2024-03-19 23:47:30,887 [WARN] PackLoader:240 - Cannot read IP mode file for wolfSSL.I-CUBE-wolfSSL.5.6.6
2024-03-19 23:47:30,897 [WARN] PackLoader:240 - Cannot read IP mode file for STMicroelectronics.X-CUBE-AZRTOS-L5.2.0.0
2024-03-19 23:47:30,901 [WARN] PackLoader:240 - Cannot read IP mode file for STMicroelectronics.X-CUBE-EEPRMA1.4.2.0
2024-03-19 23:47:30,906 [WARN] PackLoader:240 - Cannot read IP mode file for STMicroelectronics.X-CUBE-NFC6.3.1.0
2024-03-19 23:47:30,909 [WARN] PackLoader:240 - Cannot read IP mode file for ITTIA_DB.I-CUBE-ITTIADB.8.8.0
2024-03-19 23:47:30,912 [WARN] PackLoader:240 - Cannot read IP mode file for STMicroelectronics.X-CUBE-NFC7.1.0.1
2024-03-19 23:47:30,916 [WARN] PackLoader:240 - Cannot read IP mode file for STMicroelectronics.X-CUBE-NFC6.3.0.0
2024-03-19 23:47:30,919 [WARN] PackLoader:240 - Cannot read IP mode file for STMicroelectronics.X-CUBE-AI.8.1.0
2024-03-19 23:47:30,934 [WARN] ConditionMgr:438 - getConditionDescription Invalid condition id : LAN8742 Phy interface Condition cause : null
2024-03-19 23:47:30,935 [WARN] PackLoader:240 - Cannot read IP mode file for STMicroelectronics.X-CUBE-AZRTOS-L4.2.0.0
2024-03-19 23:47:30,936 [WARN] ConditionMgr:1039 - genDependencies : Invalid condition id : LAN8742 Phy interface Condition cause : null
2024-03-19 23:47:30,936 [WARN] ConditionMgr:1039 - genDependencies : Invalid condition id : LAN8742 Phy interface Condition cause : null
2024-03-19 23:47:30,936 [WARN] ConditionMgr:1039 - genDependencies : Invalid condition id : LAN8742 Phy interface Condition cause : null
2024-03-19 23:47:30,940 [WARN] PackLoader:240 - Cannot read IP mode file for STMicroelectronics.X-CUBE-SFXS2LP1.4.0.0
2024-03-19 23:47:30,947 [WARN] ConditionMgr:438 - getConditionDescription Invalid condition id : UX DEVICE CLASS RTOS Condition cause : null
2024-03-19 23:47:30,947 [WARN] ConditionMgr:438 - getConditionDescription Invalid condition id : UX DEVICE CLASS RTOS Condition cause : null
2024-03-19 23:47:30,951 [WARN] PackLoader:240 - Cannot read IP mode file for STMicroelectronics.X-CUBE-AZRTOS-WB.2.0.0
2024-03-19 23:47:30,952 [WARN] ConditionMgr:1039 - genDependencies : Invalid condition id : UX DEVICE CLASS RTOS Condition cause : null
2024-03-19 23:47:30,952 [WARN] ConditionMgr:1039 - genDependencies : Invalid condition id : UX DEVICE CLASS RTOS Condition cause : null
2024-03-19 23:47:30,953 [WARN] ConditionMgr:1039 - genDependencies : Invalid condition id : UX DEVICE CLASS RTOS Condition cause : null
2024-03-19 23:47:30,953 [WARN] ConditionMgr:1039 - genDependencies : Invalid condition id : UX DEVICE CLASS RTOS Condition cause : null
2024-03-19 23:47:30,953 [WARN] ConditionMgr:1039 - genDependencies : Invalid condition id : UX DEVICE CLASS RTOS Condition cause : null
2024-03-19 23:47:30,961 [WARN] PackLoader:240 - Cannot read IP mode file for STMicroelectronics.X-CUBE-SUBG2.5.0.0
2024-03-19 23:47:30,972 [WARN] PackLoader:240 - Cannot read IP mode file for STMicroelectronics.X-CUBE-AZRTOS-G4.2.0.0
2024-03-19 23:47:30,978 [WARN] PackLoader:240 - Cannot read IP mode file for Infineon.AIROC-Wi-Fi-Bluetooth-STM32.1.5.1
2024-03-19 23:47:30,984 [WARN] PackLoader:240 - Cannot read IP mode file for STMicroelectronics.FP-SNS-MOTENVWB1.1.3.1
2024-03-19 23:47:30,986 [WARN] PackLoader:240 - Cannot read IP mode file for STMicroelectronics.X-CUBE-ISPU.2.0.0
2024-03-19 23:47:31,007 [WARN] PackLoader:240 - Cannot read IP mode file for STMicroelectronics.X-CUBE-MEMS1.10.0.0
2024-03-19 23:47:31,078 [WARN] PackLoader:240 - Cannot read IP mode file for STMicroelectronics.X-CUBE-FREERTOS.1.1.0
2024-03-19 23:47:31,080 [WARN] PackLoader:240 - Cannot read IP mode file for portGmbH.I-Cube-SoM-uGOAL.1.1.0
2024-03-19 23:47:31,083 [WARN] PackLoader:240 - Cannot read IP mode file for STMicroelectronics.X-CUBE-ALS.1.0.1
2024-03-19 23:47:31,085 [WARN] PackLoader:240 - Cannot read IP mode file for STMicroelectronics.FP-ATR-ASTRA1.2.0.0
2024-03-19 23:47:31,094 [WARN] PackLoader:240 - Cannot read IP mode file for STMicroelectronics.X-CUBE-TOF1.3.4.0
2024-03-19 23:47:31,105 [WARN] PackLoader:240 - Cannot read IP mode file for STMicroelectronics.X-CUBE-TOF1.3.4.1
2024-03-19 23:47:31,120 [WARN] PackLoader:240 - Cannot read IP mode file for STMicroelectronics.X-CUBE-AZRTOS-H7.3.2.0
2024-03-19 23:47:31,123 [INFO] ThirdParty:978 - Integrity check success = true
2024-03-19 23:47:31,123 [INFO] IntegrityCheckThread:100 - exiting critical section [integrity check]
2024-03-19 23:47:31,123 [INFO] IntegrityCheckThread:103 - End integrity checks thread
2024-03-19 23:47:49,586 [ERROR] LogOutputStream:75 - [STDERR_REDIRECT] SLF4J: Failed to load class "org.slf4j.impl.StaticLoggerBinder".
2024-03-19 23:47:49,587 [ERROR] LogOutputStream:75 - [STDERR_REDIRECT] SLF4J: Defaulting to no-operation (NOP) logger implementation
2024-03-19 23:47:49,587 [ERROR] LogOutputStream:75 - [STDERR_REDIRECT] SLF4J: See http://www.slf4j.org/codes.html#StaticLoggerBinder for further details.
