2024-02-28 20:54:28,660 [INFO] Activator:176 - 


2024-02-28 20:54:28,664 [INFO] Activator:177 - !SESSION log4j initialized
2024-02-28 20:54:37,781 [INFO] LogOutputStream:77 - [STDOUT_REDIRECT] 
2024-02-28 20:54:53,127 [INFO] ApplicationProperties:184 - Using Application install path: /home/ritik/st/stm32cubeide_1.14.0/plugins/com.st.stm32cube.common.mx_6.10.0.202311202037
2024-02-28 20:54:53,141 [INFO] DbMcusXml:78 - Set database path to: /home/ritik/st/stm32cubeide_1.14.0/plugins/com.st.stm32cube.common.mx_6.10.0.202311202037//db//mcu/
2024-02-28 20:54:53,141 [INFO] ApiDb:274 - Set plugin database path to: /home/ritik/st/stm32cubeide_1.14.0/plugins/com.st.stm32cube.common.mx_6.10.0.202311202037//db//plugins/boardmanager/
2024-02-28 20:54:53,142 [WARN] ApiDb:259 - Overriding images path with different value:  => /home/ritik/st/stm32cubeide_1.14.0/plugins/com.st.stm32cube.common.mx_6.10.0.202311202037//db//plugins/mcufinder/images/
2024-02-28 20:54:53,148 [INFO] ApiDb:250 - Set database path to: /home/ritik/.stmcufinder/plugins/mcufinder//mcu/
2024-02-28 20:54:53,149 [INFO] DbMcusAds:125 - Set database path to: /home/ritik/.stmcufinder/plugins/mcufinder//mcu/
2024-02-28 20:54:53,151 [INFO] CrossReferenceDbSqlite:203 - Set database path to: /home/ritik/.stmcufinder/plugins/mcufinder//mcu/cs/
2024-02-28 20:54:53,234 [INFO] RulesReader:64 - Compatibility file has been processed (297 Rules)
2024-02-28 20:54:53,278 [INFO] DbMcusXml:78 - Set database path to: /home/ritik/st/stm32cubeide_1.14.0/plugins/com.st.stm32cube.common.mx_6.10.0.202311202037//db//mcu/
2024-02-28 20:54:53,278 [INFO] ApiDb:274 - Set plugin database path to: /home/ritik/st/stm32cubeide_1.14.0/plugins/com.st.stm32cube.common.mx_6.10.0.202311202037//db//plugins/boardmanager/
2024-02-28 20:54:53,278 [INFO] ApiDb:261 - Set plugin images path to: /home/ritik/st/stm32cubeide_1.14.0/plugins/com.st.stm32cube.common.mx_6.10.0.202311202037//db//plugins/mcufinder/images/
2024-02-28 20:54:53,278 [WARN] DbFile:41 - Overriding database path with different value: /home/ritik/.stmcufinder/plugins/mcufinder/ => /home/ritik/.stmcufinder/plugins/mcufinder
2024-02-28 20:54:53,278 [INFO] ApiDb:250 - Set database path to: /home/ritik/.stmcufinder/plugins/mcufinder//mcu/
2024-02-28 20:54:53,278 [WARN] DbFile:41 - Overriding database path with different value: /home/ritik/.stmcufinder/plugins/mcufinder/ => /home/ritik/.stmcufinder/plugins/mcufinder
2024-02-28 20:54:53,278 [INFO] DbMcusAds:125 - Set database path to: /home/ritik/.stmcufinder/plugins/mcufinder//mcu/
2024-02-28 20:54:53,278 [WARN] DbFile:41 - Overriding database path with different value: /home/ritik/.stmcufinder/plugins/mcufinder/ => /home/ritik/.stmcufinder/plugins/mcufinder
2024-02-28 20:54:53,279 [WARN] DbFile:41 - Overriding database path with different value: /home/ritik/.stmcufinder/plugins/mcufinder/ => /home/ritik/.stmcufinder/plugins/mcufinder
2024-02-28 20:54:53,279 [INFO] CrossReferenceDbSqlite:203 - Set database path to: /home/ritik/.stmcufinder/plugins/mcufinder//mcu/cs/
2024-02-28 20:54:53,324 [INFO] MainPanel:264 - HeapMemory: 268435456
2024-02-28 20:54:53,383 [INFO] DbMcusXml:78 - Set database path to: /home/ritik/st/stm32cubeide_1.14.0/plugins/com.st.stm32cube.common.mx_6.10.0.202311202037//db//mcu/
2024-02-28 20:54:53,383 [INFO] ApiDb:274 - Set plugin database path to: /home/ritik/st/stm32cubeide_1.14.0/plugins/com.st.stm32cube.common.mx_6.10.0.202311202037//db//plugins/boardmanager/
2024-02-28 20:54:53,383 [INFO] ApiDb:261 - Set plugin images path to: /home/ritik/st/stm32cubeide_1.14.0/plugins/com.st.stm32cube.common.mx_6.10.0.202311202037//db//plugins/mcufinder/images/
2024-02-28 20:54:53,383 [WARN] DbFile:41 - Overriding database path with different value: /home/ritik/.stmcufinder/plugins/mcufinder/ => /home/ritik/.stmcufinder/plugins/mcufinder
2024-02-28 20:54:53,384 [INFO] ApiDb:250 - Set database path to: /home/ritik/.stmcufinder/plugins/mcufinder//mcu/
2024-02-28 20:54:53,384 [WARN] DbFile:41 - Overriding database path with different value: /home/ritik/.stmcufinder/plugins/mcufinder/ => /home/ritik/.stmcufinder/plugins/mcufinder
2024-02-28 20:54:53,384 [INFO] DbMcusAds:125 - Set database path to: /home/ritik/.stmcufinder/plugins/mcufinder//mcu/
2024-02-28 20:54:53,384 [WARN] DbFile:41 - Overriding database path with different value: /home/ritik/.stmcufinder/plugins/mcufinder/ => /home/ritik/.stmcufinder/plugins/mcufinder
2024-02-28 20:54:53,384 [WARN] DbFile:41 - Overriding database path with different value: /home/ritik/.stmcufinder/plugins/mcufinder/ => /home/ritik/.stmcufinder/plugins/mcufinder
2024-02-28 20:54:53,384 [INFO] CrossReferenceDbSqlite:203 - Set database path to: /home/ritik/.stmcufinder/plugins/mcufinder//mcu/cs/
2024-02-28 20:54:53,394 [INFO] ApplicationProperties:184 - Using Application install path: /home/ritik/st/stm32cubeide_1.14.0/plugins/com.st.stm32cube.common.mx_6.10.0.202311202037
2024-02-28 20:54:53,395 [INFO] PluginManage:196 - Search for loadable plugins [exclusion list=, ]
2024-02-28 20:54:53,396 [INFO] PluginManage:310 - Check plugin analytics
2024-02-28 20:54:53,507 [INFO] AnalyticsPlugin:253 - Accepted Software Licenses: 
2024-02-28 20:54:53,507 [INFO] AnalyticsPlugin:255 - Accepted CMSIS Pack Licenses: 
2024-02-28 20:54:53,507 [INFO] AnalyticsPlugin:257 - Accepted Firmware Licenses: 
2024-02-28 20:54:53,509 [INFO] PluginManage:359 - Loaded plugin analytics (category:tool,tabindex:-1)
2024-02-28 20:54:53,509 [INFO] PluginManage:310 - Check plugin cadmodel
2024-02-28 20:54:53,552 [INFO] CADModel:105 - Init CAD model plugin
2024-02-28 20:54:53,552 [INFO] PluginManage:359 - Loaded plugin cadmodel (category:power,tabindex:5)
2024-02-28 20:54:53,552 [INFO] PluginManage:310 - Check plugin clock
2024-02-28 20:54:53,559 [INFO] PluginManage:359 - Loaded plugin clock (category:base,tabindex:2)
2024-02-28 20:54:53,560 [INFO] PluginManage:310 - Check plugin ddr
2024-02-28 20:54:53,561 [INFO] PluginManage:359 - Loaded plugin ddr (category:tool,tabindex:6)
2024-02-28 20:54:53,561 [INFO] PluginManage:310 - Check plugin filemanager
2024-02-28 20:54:53,660 [INFO] PluginManage:359 - Loaded plugin filemanager (category:base,tabindex:10)
2024-02-28 20:54:53,660 [INFO] PluginManage:310 - Check plugin ipmanager
2024-02-28 20:54:53,664 [INFO] PluginManage:359 - Loaded plugin ipmanager (category:base,tabindex:5)
2024-02-28 20:54:53,664 [INFO] PluginManage:310 - Check plugin lpbam
2024-02-28 20:54:53,670 [INFO] PluginManage:359 - Loaded plugin lpbam (category:base,tabindex:0)
2024-02-28 20:54:53,670 [INFO] PluginManage:310 - Check plugin memorymap
2024-02-28 20:54:53,677 [INFO] PluginManage:359 - Loaded plugin memorymap (category:base,tabindex:4)
2024-02-28 20:54:53,677 [INFO] PluginManage:310 - Check plugin pinoutandconfiguration
2024-02-28 20:54:53,682 [INFO] PluginManage:359 - Loaded plugin pinoutandconfiguration (category:base,tabindex:1)
2024-02-28 20:54:53,682 [INFO] PluginManage:310 - Check plugin pinoutconfig
2024-02-28 20:54:53,735 [WARN] SupportedApi:132 - Cannot load RTOS API schema: s4s-elt-must-match.1: The content of 'definitions' must match (annotation?, (simpleType | complexType)?, (unique | key | keyref)*)). A problem was found starting at: attribute.
2024-02-28 20:54:53,820 [INFO] PluginManage:359 - Loaded plugin pinoutconfig (category:base,tabindex:0)
2024-02-28 20:54:53,821 [INFO] PluginManage:310 - Check plugin power
2024-02-28 20:54:53,828 [INFO] PluginManage:359 - Loaded plugin power (category:power,tabindex:4)
2024-02-28 20:54:53,828 [INFO] PluginManage:310 - Check plugin projectmanager
2024-02-28 20:54:53,839 [INFO] PluginManage:359 - Loaded plugin projectmanager (category:projectmanager,tabindex:3)
2024-02-28 20:54:53,839 [INFO] PluginManage:310 - Check plugin thirdparty
2024-02-28 20:54:53,906 [INFO] PluginManage:359 - Loaded plugin thirdparty (category:base,tabindex:-1)
2024-02-28 20:54:53,906 [INFO] PluginManage:310 - Check plugin tools
2024-02-28 20:54:53,906 [WARN] IntegrityCheckThread:84 - waiting for thirdparty lock release [integrity check]
2024-02-28 20:54:53,907 [INFO] IntegrityCheckThread:86 - entering critical section [integrity check]
2024-02-28 20:54:53,907 [INFO] ThirdPartyUpdaterWithRetryManager:70 - Updater plugin not ready yet. [1/15]
2024-02-28 20:54:53,908 [INFO] PluginManage:359 - Loaded plugin tools (category:base,tabindex:7)
2024-02-28 20:54:53,908 [INFO] PluginManage:310 - Check plugin tutovideos
2024-02-28 20:54:54,027 [INFO] PluginManage:359 - Loaded plugin tutovideos (category:base,tabindex:-1)
2024-02-28 20:54:54,028 [INFO] PluginManage:310 - Check plugin updater
2024-02-28 20:54:54,035 [INFO] PluginManage:359 - Loaded plugin updater (category:base,tabindex:12)
2024-02-28 20:54:54,035 [INFO] PluginManage:310 - Check plugin userauth
2024-02-28 20:54:54,039 [INFO] UserAuth:114 - Init User Auth plugin
2024-02-28 20:54:54,039 [INFO] PluginManage:359 - Loaded plugin userauth (category:base,tabindex:14)
2024-02-28 20:54:54,039 [INFO] PluginManage:283 - PluginManage : Loaded plugins [17]
2024-02-28 20:54:54,149 [INFO] PinOutPanel:1499 - setPackage(No Configuration,No Configuration)
2024-02-28 20:54:54,187 [INFO] CADModel:165 - CPN selected for project level
2024-02-28 20:54:54,187 [INFO] CADModel:114 - Register for checkConnection events
2024-02-28 20:54:54,193 [INFO] IPUIPlugin:80 - create IPUIPlugin
2024-02-28 20:54:54,193 [INFO] PluginManager:220 - loadIPPluginJar : add dfsdm
2024-02-28 20:54:54,195 [INFO] IPUIPlugin:80 - create IPUIPlugin
2024-02-28 20:54:54,195 [INFO] PluginManager:220 - loadIPPluginJar : add openamp
2024-02-28 20:54:54,198 [INFO] IPUIPlugin:80 - create IPUIPlugin
2024-02-28 20:54:54,198 [INFO] PluginManager:220 - loadIPPluginJar : add sai
2024-02-28 20:54:54,199 [INFO] IPUIPlugin:80 - create IPUIPlugin
2024-02-28 20:54:54,199 [INFO] PluginManager:220 - loadIPPluginJar : add genericplugin
2024-02-28 20:54:54,200 [INFO] IPUIPlugin:80 - create IPUIPlugin
2024-02-28 20:54:54,201 [INFO] PluginManager:220 - loadIPPluginJar : add i2c
2024-02-28 20:54:54,201 [INFO] IPUIPlugin:80 - create IPUIPlugin
2024-02-28 20:54:54,201 [INFO] PluginManager:220 - loadIPPluginJar : add comp
2024-02-28 20:54:54,204 [INFO] IPUIPlugin:80 - create IPUIPlugin
2024-02-28 20:54:54,204 [INFO] PluginManager:220 - loadIPPluginJar : add gpio
2024-02-28 20:54:54,208 [INFO] IPUIPlugin:80 - create IPUIPlugin
2024-02-28 20:54:54,209 [INFO] PluginManager:220 - loadIPPluginJar : add plateformsettings
2024-02-28 20:54:54,210 [INFO] IPUIPlugin:80 - create IPUIPlugin
2024-02-28 20:54:54,210 [INFO] PluginManager:220 - loadIPPluginJar : add quadspi
2024-02-28 20:54:54,211 [INFO] IPUIPlugin:80 - create IPUIPlugin
2024-02-28 20:54:54,211 [INFO] PluginManager:220 - loadIPPluginJar : add i2s
2024-02-28 20:54:54,212 [INFO] IPUIPlugin:80 - create IPUIPlugin
2024-02-28 20:54:54,212 [INFO] PluginManager:220 - loadIPPluginJar : add usbx
2024-02-28 20:54:54,213 [INFO] IPUIPlugin:80 - create IPUIPlugin
2024-02-28 20:54:54,213 [INFO] PluginManager:220 - loadIPPluginJar : add tim
2024-02-28 20:54:54,214 [INFO] IPUIPlugin:80 - create IPUIPlugin
2024-02-28 20:54:54,214 [INFO] PluginManager:220 - loadIPPluginJar : add hash
2024-02-28 20:54:54,216 [INFO] IPUIPlugin:80 - create IPUIPlugin
2024-02-28 20:54:54,216 [INFO] PluginManager:220 - loadIPPluginJar : add pdm2pcm
2024-02-28 20:54:54,217 [INFO] IPUIPlugin:80 - create IPUIPlugin
2024-02-28 20:54:54,217 [INFO] PluginManager:220 - loadIPPluginJar : add ts
2024-02-28 20:54:54,217 [INFO] IPUIPlugin:80 - create IPUIPlugin
2024-02-28 20:54:54,217 [INFO] PluginManager:220 - loadIPPluginJar : add tsc
2024-02-28 20:54:54,219 [INFO] IPUIPlugin:80 - create IPUIPlugin
2024-02-28 20:54:54,219 [INFO] PluginManager:220 - loadIPPluginJar : add aes
2024-02-28 20:54:54,222 [INFO] IPUIPlugin:80 - create IPUIPlugin
2024-02-28 20:54:54,222 [INFO] PluginManager:220 - loadIPPluginJar : add resmgrutility
2024-02-28 20:54:54,224 [INFO] IPUIPlugin:80 - create IPUIPlugin
2024-02-28 20:54:54,224 [INFO] PluginManager:220 - loadIPPluginJar : add stm32_wpan
2024-02-28 20:54:54,225 [INFO] IPUIPlugin:80 - create IPUIPlugin
2024-02-28 20:54:54,225 [INFO] PluginManager:220 - loadIPPluginJar : add tracer_emb
2024-02-28 20:54:54,227 [INFO] IPUIPlugin:80 - create IPUIPlugin
2024-02-28 20:54:54,227 [INFO] PluginManager:220 - loadIPPluginJar : add nvic
2024-02-28 20:54:54,228 [INFO] IPUIPlugin:80 - create IPUIPlugin
2024-02-28 20:54:54,228 [INFO] PluginManager:220 - loadIPPluginJar : add ltdc
2024-02-28 20:54:54,229 [INFO] IPUIPlugin:80 - create IPUIPlugin
2024-02-28 20:54:54,229 [INFO] PluginManager:220 - loadIPPluginJar : add fatfs
2024-02-28 20:54:54,230 [INFO] IPUIPlugin:80 - create IPUIPlugin
2024-02-28 20:54:54,230 [INFO] PluginManager:220 - loadIPPluginJar : add touchsensing
2024-02-28 20:54:54,234 [INFO] IPUIPlugin:80 - create IPUIPlugin
2024-02-28 20:54:54,234 [INFO] PluginManager:220 - loadIPPluginJar : add freertos
2024-02-28 20:54:54,238 [INFO] IPUIPlugin:80 - create IPUIPlugin
2024-02-28 20:54:54,238 [INFO] PluginManager:220 - loadIPPluginJar : add adc
2024-02-28 20:54:54,239 [INFO] IPUIPlugin:80 - create IPUIPlugin
2024-02-28 20:54:54,239 [INFO] PluginManager:220 - loadIPPluginJar : add usart
2024-02-28 20:54:54,241 [INFO] IPUIPlugin:80 - create IPUIPlugin
2024-02-28 20:54:54,241 [INFO] PluginManager:220 - loadIPPluginJar : add lorawan
2024-02-28 20:54:54,243 [INFO] IPUIPlugin:80 - create IPUIPlugin
2024-02-28 20:54:54,243 [INFO] PluginManager:220 - loadIPPluginJar : add fmc
2024-02-28 20:54:54,245 [INFO] IPUIPlugin:80 - create IPUIPlugin
2024-02-28 20:54:54,245 [INFO] PluginManager:220 - loadIPPluginJar : add opamp
2024-02-28 20:54:54,246 [INFO] IPUIPlugin:80 - create IPUIPlugin
2024-02-28 20:54:54,246 [INFO] PluginManager:220 - loadIPPluginJar : add can
2024-02-28 20:54:54,247 [INFO] IPUIPlugin:80 - create IPUIPlugin
2024-02-28 20:54:54,247 [INFO] PluginManager:220 - loadIPPluginJar : add dma3
2024-02-28 20:54:54,249 [INFO] IPUIPlugin:80 - create IPUIPlugin
2024-02-28 20:54:54,249 [INFO] PluginManager:220 - loadIPPluginJar : add i3c
2024-02-28 20:54:54,250 [INFO] IPUIPlugin:80 - create IPUIPlugin
2024-02-28 20:54:54,250 [INFO] PluginManager:220 - loadIPPluginJar : add ucpd
2024-02-28 20:54:54,251 [INFO] IPUIPlugin:80 - create IPUIPlugin
2024-02-28 20:54:54,251 [INFO] PluginManager:220 - loadIPPluginJar : add cryp
2024-02-28 20:54:54,252 [INFO] IPUIPlugin:80 - create IPUIPlugin
2024-02-28 20:54:54,252 [INFO] PluginManager:220 - loadIPPluginJar : add spi
2024-02-28 20:54:54,253 [INFO] IPUIPlugin:80 - create IPUIPlugin
2024-02-28 20:54:54,253 [INFO] PluginManager:220 - loadIPPluginJar : add gfxmmu
2024-02-28 20:54:54,257 [INFO] IPUIPlugin:80 - create IPUIPlugin
2024-02-28 20:54:54,257 [INFO] PluginManager:220 - loadIPPluginJar : add mdma
2024-02-28 20:54:54,260 [INFO] IPUIPlugin:80 - create IPUIPlugin
2024-02-28 20:54:54,260 [INFO] PluginManager:220 - loadIPPluginJar : add dma
2024-02-28 20:54:54,261 [INFO] IPUIPlugin:80 - create IPUIPlugin
2024-02-28 20:54:54,262 [INFO] PluginManager:220 - loadIPPluginJar : add gtzc
2024-02-28 20:54:54,263 [INFO] IPUIPlugin:80 - create IPUIPlugin
2024-02-28 20:54:54,263 [INFO] PluginManager:220 - loadIPPluginJar : add ipddr
2024-02-28 20:54:54,266 [INFO] IPUIPlugin:80 - create IPUIPlugin
2024-02-28 20:54:54,266 [INFO] PluginManager:220 - loadIPPluginJar : add gic
2024-02-28 20:54:54,270 [INFO] IPUIPlugin:80 - create IPUIPlugin
2024-02-28 20:54:54,271 [INFO] PluginManager:220 - loadIPPluginJar : add linkedlist
2024-02-28 20:54:54,364 [INFO] CADModel:165 - CPN selected for project level
2024-02-28 20:54:54,365 [INFO] CADModel:114 - Register for checkConnection events
2024-02-28 20:54:54,365 [FATAL] Updater:308 - Updater called before beeing initialized
2024-02-28 20:54:54,365 [ERROR] CADModel:125 - Updater not yet initialized, retry later 
2024-02-28 20:54:54,457 [INFO] CADModel:165 - CPN selected for project level
2024-02-28 20:54:54,457 [INFO] CADModel:114 - Register for checkConnection events
2024-02-28 20:54:54,458 [FATAL] Updater:308 - Updater called before beeing initialized
2024-02-28 20:54:54,458 [ERROR] CADModel:125 - Updater not yet initialized, retry later 
2024-02-28 20:54:54,460 [FATAL] Updater:308 - Updater called before beeing initialized
2024-02-28 20:54:54,510 [FATAL] Updater:308 - Updater called before beeing initialized
2024-02-28 20:54:54,513 [INFO] DbMcusAds:53 - JSON generation date=Wed Nov 29 16:22:27 IST 2023 (1701255147349)
2024-02-28 20:54:54,513 [FATAL] Updater:308 - Updater called before beeing initialized
2024-02-28 20:54:54,538 [WARN] DetailPanel:346 - Failed to get advertising image, set to default
2024-02-28 20:54:54,613 [FATAL] Updater:308 - Updater called before beeing initialized
2024-02-28 20:54:54,615 [FATAL] Updater:308 - Updater called before beeing initialized
2024-02-28 20:54:54,615 [FATAL] Updater:308 - Updater called before beeing initialized
2024-02-28 20:54:54,615 [WARN] DetailPanel:346 - Failed to get advertising image, set to default
2024-02-28 20:54:54,615 [FATAL] Updater:308 - Updater called before beeing initialized
2024-02-28 20:54:54,634 [ERROR] Updater:1120 - MainUpdater not yet initialized. External WinMGr cannot be set.
2024-02-28 20:54:54,635 [INFO] Updater:1056 - Updater Version found : 6.10.0
2024-02-28 20:54:54,656 [INFO] ApplicationProperties:184 - Using Application install path: /home/ritik/st/stm32cubeide_1.14.0/plugins/com.st.stm32cube.common.mx_6.10.0.202311202037
2024-02-28 20:54:54,934 [INFO] MainUpdater:2873 - connection check result : 10
2024-02-28 20:54:54,935 [INFO] MainUpdater:290 - Updater Check For Update Now.
2024-02-28 20:54:54,935 [INFO] MicroXplorer:498 - Change Database Version : DB.6.0.100
2024-02-28 20:54:54,944 [INFO] McuFinderGlobals:63 - Set McuFinder mode to 2 (CubeIDE integrated)
2024-02-28 20:54:54,944 [INFO] UserAuth:180 - activating auth plugin
2024-02-28 20:54:54,947 [INFO] UserAuth:404 - Internet connection configuration mode: 1
2024-02-28 20:54:54,957 [INFO] JxBrowserEngine:152 - Initiate JxBrowser Engine with user profile folder
2024-02-28 20:54:55,083 [INFO] CheckServerUpdateThread:120 - End of CheckServer Thread
2024-02-28 20:54:55,543 [INFO] WebApp:161 - Instantiating new browser for Auth
2024-02-28 20:54:56,108 [INFO] WebApp:780 - Register for checkConnection events
2024-02-28 20:54:56,108 [INFO] WebApp:414 - Apply proxy settings
2024-02-28 20:54:56,108 [INFO] WebApp:499 - Chromium requires no authentication
2024-02-28 20:54:56,112 [INFO] WebApp:442 - Direct internet connection detected
2024-02-28 20:54:56,187 [INFO] WebApp:192 - Starting web application
2024-02-28 20:54:56,188 [INFO] WebApp:544 - Web application path used /home/ritik/st/stm32cubeide_1.14.0/plugins/com.st.stm32cube.common.mx_6.10.0.202311202037/db/plugins/mcufinder/reactClient1/index.html
2024-02-28 20:54:56,979 [WARN] PackLoader:240 - Cannot read IP mode file for STMicroelectronics.X-CUBE-SMBUS.2.1.0
2024-02-28 20:54:56,983 [WARN] PackLoader:240 - Cannot read IP mode file for STMicroelectronics.X-CUBE-TOUCHGFX.4.23.0
2024-02-28 20:54:57,001 [WARN] PackLoader:240 - Cannot read IP mode file for STMicroelectronics.X-CUBE-AZRTOS-F7.1.1.0
2024-02-28 20:54:57,008 [WARN] PackLoader:240 - Cannot read IP mode file for STMicroelectronics.FP-SNS-MOTENV1.4.3.2
2024-02-28 20:54:57,018 [WARN] PackLoader:240 - Cannot read IP mode file for STMicroelectronics.FP-SNS-FLIGHT1.5.0.2
2024-02-28 20:54:57,023 [WARN] PackLoader:240 - Cannot read IP mode file for STMicroelectronics.X-CUBE-DISPLAY.3.0.0
2024-02-28 20:54:57,038 [WARN] PackLoader:240 - Cannot read IP mode file for STMicroelectronics.X-CUBE-BLE1.7.0.0
2024-02-28 20:54:57,041 [WARN] PackLoader:240 - Cannot read IP mode file for emotas.I-CUBE-CANOPEN.1.3.0
2024-02-28 20:54:57,044 [WARN] PackLoader:240 - Cannot read IP mode file for STMicroelectronics.FP-SNS-SMARTAG2.1.2.0
2024-02-28 20:54:57,050 [INFO] LogOutputStream:77 - [STDOUT_REDIRECT] 1 : Invalid condition id : UX_CORESTACK_Condition cause : null
2024-02-28 20:54:57,051 [INFO] LogOutputStream:77 - [STDOUT_REDIRECT] 1 : Invalid condition id : UX_CORESTACK_Condition cause : null
2024-02-28 20:54:57,051 [INFO] LogOutputStream:77 - [STDOUT_REDIRECT] 1 : Invalid condition id : UX_CORESTACK_Condition cause : null
2024-02-28 20:54:57,051 [INFO] LogOutputStream:77 - [STDOUT_REDIRECT] 1 : Invalid condition id : UX_CORESTACK_Condition cause : null
2024-02-28 20:54:57,051 [INFO] LogOutputStream:77 - [STDOUT_REDIRECT] 1 : Invalid condition id : UX_CORESTACK_Condition cause : null
2024-02-28 20:54:57,053 [WARN] PackLoader:240 - Cannot read IP mode file for STMicroelectronics.X-CUBE-AZRTOS-WL.2.0.0
2024-02-28 20:54:57,057 [WARN] PackLoader:240 - Cannot read IP mode file for STMicroelectronics.X-CUBE-BLE2.3.3.0
2024-02-28 20:54:57,061 [WARN] PackLoader:240 - Cannot read IP mode file for STMicroelectronics.X-CUBE-ALGOBUILD.1.3.0
2024-02-28 20:54:57,071 [WARN] PackLoader:240 - Cannot read IP mode file for STMicroelectronics.X-CUBE-AZRTOS-G0.1.1.0
2024-02-28 20:54:57,076 [WARN] PackLoader:240 - Cannot read IP mode file for STMicroelectronics.X-CUBE-NFC4.3.0.0
2024-02-28 20:54:57,081 [WARN] PackLoader:240 - Cannot read IP mode file for STMicroelectronics.X-CUBE-BLEMGR.3.0.0
2024-02-28 20:54:57,084 [WARN] PackLoader:240 - Cannot read IP mode file for STMicroelectronics.FP-ATR-SIGFOX1.3.2.0
2024-02-28 20:54:57,087 [WARN] PackLoader:240 - Cannot read IP mode file for STMicroelectronics.X-CUBE-EEPRMA1.5.1.0
2024-02-28 20:54:57,091 [WARN] PackLoader:240 - Cannot read IP mode file for STMicroelectronics.X-CUBE-GNSS1.6.0.0
2024-02-28 20:54:57,101 [WARN] PackLoader:240 - Cannot read IP mode file for STMicroelectronics.X-CUBE-AZRTOS-F4.1.1.0
2024-02-28 20:54:57,113 [WARN] PackLoader:240 - Cannot read IP mode file for STMicroelectronics.X-CUBE-AZRTOS-L5.2.0.0
2024-02-28 20:54:57,117 [WARN] PackLoader:240 - Cannot read IP mode file for STMicroelectronics.X-CUBE-EEPRMA1.4.2.0
2024-02-28 20:54:57,120 [WARN] PackLoader:240 - Cannot read IP mode file for ITTIA_DB.I-CUBE-ITTIADB.8.8.0
2024-02-28 20:54:57,123 [WARN] PackLoader:240 - Cannot read IP mode file for STMicroelectronics.X-CUBE-NFC7.1.0.1
2024-02-28 20:54:57,127 [WARN] PackLoader:240 - Cannot read IP mode file for STMicroelectronics.X-CUBE-NFC6.3.0.0
2024-02-28 20:54:57,130 [WARN] PackLoader:240 - Cannot read IP mode file for STMicroelectronics.X-CUBE-AI.8.1.0
2024-02-28 20:54:57,141 [WARN] ConditionMgr:438 - getConditionDescription Invalid condition id : LAN8742 Phy interface Condition cause : null
2024-02-28 20:54:57,141 [WARN] PackLoader:240 - Cannot read IP mode file for STMicroelectronics.X-CUBE-AZRTOS-L4.2.0.0
2024-02-28 20:54:57,142 [WARN] ConditionMgr:1039 - genDependencies : Invalid condition id : LAN8742 Phy interface Condition cause : null
2024-02-28 20:54:57,142 [WARN] ConditionMgr:1039 - genDependencies : Invalid condition id : LAN8742 Phy interface Condition cause : null
2024-02-28 20:54:57,142 [WARN] ConditionMgr:1039 - genDependencies : Invalid condition id : LAN8742 Phy interface Condition cause : null
2024-02-28 20:54:57,146 [WARN] PackLoader:240 - Cannot read IP mode file for STMicroelectronics.X-CUBE-SFXS2LP1.4.0.0
2024-02-28 20:54:57,154 [WARN] ConditionMgr:438 - getConditionDescription Invalid condition id : UX DEVICE CLASS RTOS Condition cause : null
2024-02-28 20:54:57,154 [WARN] ConditionMgr:438 - getConditionDescription Invalid condition id : UX DEVICE CLASS RTOS Condition cause : null
2024-02-28 20:54:57,155 [WARN] PackLoader:240 - Cannot read IP mode file for STMicroelectronics.X-CUBE-AZRTOS-WB.2.0.0
2024-02-28 20:54:57,155 [WARN] ConditionMgr:1039 - genDependencies : Invalid condition id : UX DEVICE CLASS RTOS Condition cause : null
2024-02-28 20:54:57,156 [WARN] ConditionMgr:1039 - genDependencies : Invalid condition id : UX DEVICE CLASS RTOS Condition cause : null
2024-02-28 20:54:57,156 [WARN] ConditionMgr:1039 - genDependencies : Invalid condition id : UX DEVICE CLASS RTOS Condition cause : null
2024-02-28 20:54:57,156 [WARN] ConditionMgr:1039 - genDependencies : Invalid condition id : UX DEVICE CLASS RTOS Condition cause : null
2024-02-28 20:54:57,156 [WARN] ConditionMgr:1039 - genDependencies : Invalid condition id : UX DEVICE CLASS RTOS Condition cause : null
2024-02-28 20:54:57,162 [WARN] PackLoader:240 - Cannot read IP mode file for STMicroelectronics.X-CUBE-SUBG2.5.0.0
2024-02-28 20:54:57,171 [WARN] PackLoader:240 - Cannot read IP mode file for STMicroelectronics.X-CUBE-AZRTOS-G4.2.0.0
2024-02-28 20:54:57,178 [WARN] PackLoader:240 - Cannot read IP mode file for Infineon.AIROC-Wi-Fi-Bluetooth-STM32.1.5.1
2024-02-28 20:54:57,183 [WARN] PackLoader:240 - Cannot read IP mode file for STMicroelectronics.FP-SNS-MOTENVWB1.1.3.1
2024-02-28 20:54:57,185 [WARN] PackLoader:240 - Cannot read IP mode file for STMicroelectronics.X-CUBE-ISPU.2.0.0
2024-02-28 20:54:57,214 [WARN] PackLoader:240 - Cannot read IP mode file for STMicroelectronics.X-CUBE-MEMS1.10.0.0
2024-02-28 20:54:57,338 [WARN] PackLoader:240 - Cannot read IP mode file for STMicroelectronics.X-CUBE-FREERTOS.1.1.0
2024-02-28 20:54:57,340 [WARN] PackLoader:240 - Cannot read IP mode file for STMicroelectronics.X-CUBE-ALS.1.0.1
2024-02-28 20:54:57,343 [WARN] PackLoader:240 - Cannot read IP mode file for STMicroelectronics.FP-ATR-ASTRA1.2.0.0
2024-02-28 20:54:57,349 [WARN] PackLoader:240 - Cannot read IP mode file for STMicroelectronics.X-CUBE-TOF1.3.4.0
2024-02-28 20:54:57,366 [WARN] PackLoader:240 - Cannot read IP mode file for STMicroelectronics.X-CUBE-AZRTOS-H7.3.2.0
2024-02-28 20:54:57,368 [INFO] ThirdParty:978 - Integrity check success = true
2024-02-28 20:54:57,368 [INFO] IntegrityCheckThread:100 - exiting critical section [integrity check]
2024-02-28 20:54:57,368 [INFO] IntegrityCheckThread:103 - End integrity checks thread
2024-02-28 20:55:16,641 [ERROR] LogOutputStream:75 - [STDERR_REDIRECT] SLF4J: Failed to load class "org.slf4j.impl.StaticLoggerBinder".
2024-02-28 20:55:16,642 [ERROR] LogOutputStream:75 - [STDERR_REDIRECT] SLF4J: Defaulting to no-operation (NOP) logger implementation
2024-02-28 20:55:16,642 [ERROR] LogOutputStream:75 - [STDERR_REDIRECT] SLF4J: See http://www.slf4j.org/codes.html#StaticLoggerBinder for further details.
2024-02-28 21:37:30,512 [ERROR] ConfigurationRetriever:142 - IOException on connection: sw-center.st.com
2024-02-28 21:37:30,513 [ERROR] ConfigurationRetriever:142 - IOException on connection: sw-center.st.com
2024-02-28 21:37:30,514 [ERROR] ConfigurationRetriever:142 - IOException on connection: sw-center.st.com
