2024-02-24 18:52:36,561 [INFO] Activator:176 - 


2024-02-24 18:52:36,565 [INFO] Activator:177 - !SESSION log4j initialized
2024-02-24 18:52:40,682 [INFO] LogOutputStream:77 - [STDOUT_REDIRECT] 
2024-02-24 18:52:41,482 [INFO] ApplicationProperties:184 - Using Application install path: /home/ritik/st/stm32cubeide_1.14.0/plugins/com.st.stm32cube.common.mx_6.10.0.202311202037
2024-02-24 18:52:41,501 [INFO] DbMcusXml:78 - Set database path to: /home/ritik/st/stm32cubeide_1.14.0/plugins/com.st.stm32cube.common.mx_6.10.0.202311202037//db//mcu/
2024-02-24 18:52:41,502 [INFO] ApiDb:274 - Set plugin database path to: /home/ritik/st/stm32cubeide_1.14.0/plugins/com.st.stm32cube.common.mx_6.10.0.202311202037//db//plugins/boardmanager/
2024-02-24 18:52:41,502 [WARN] ApiDb:259 - Overriding images path with different value:  => /home/ritik/st/stm32cubeide_1.14.0/plugins/com.st.stm32cube.common.mx_6.10.0.202311202037//db//plugins/mcufinder/images/
2024-02-24 18:52:41,510 [INFO] ApiDb:250 - Set database path to: /home/ritik/.stmcufinder/plugins/mcufinder//mcu/
2024-02-24 18:52:41,512 [INFO] DbMcusAds:125 - Set database path to: /home/ritik/.stmcufinder/plugins/mcufinder//mcu/
2024-02-24 18:52:41,514 [INFO] CrossReferenceDbSqlite:203 - Set database path to: /home/ritik/.stmcufinder/plugins/mcufinder//mcu/cs/
2024-02-24 18:52:41,614 [INFO] RulesReader:64 - Compatibility file has been processed (297 Rules)
2024-02-24 18:52:41,666 [INFO] DbMcusXml:78 - Set database path to: /home/ritik/st/stm32cubeide_1.14.0/plugins/com.st.stm32cube.common.mx_6.10.0.202311202037//db//mcu/
2024-02-24 18:52:41,666 [INFO] ApiDb:274 - Set plugin database path to: /home/ritik/st/stm32cubeide_1.14.0/plugins/com.st.stm32cube.common.mx_6.10.0.202311202037//db//plugins/boardmanager/
2024-02-24 18:52:41,666 [INFO] ApiDb:261 - Set plugin images path to: /home/ritik/st/stm32cubeide_1.14.0/plugins/com.st.stm32cube.common.mx_6.10.0.202311202037//db//plugins/mcufinder/images/
2024-02-24 18:52:41,667 [WARN] DbFile:41 - Overriding database path with different value: /home/ritik/.stmcufinder/plugins/mcufinder/ => /home/ritik/.stmcufinder/plugins/mcufinder
2024-02-24 18:52:41,667 [INFO] ApiDb:250 - Set database path to: /home/ritik/.stmcufinder/plugins/mcufinder//mcu/
2024-02-24 18:52:41,667 [WARN] DbFile:41 - Overriding database path with different value: /home/ritik/.stmcufinder/plugins/mcufinder/ => /home/ritik/.stmcufinder/plugins/mcufinder
2024-02-24 18:52:41,667 [INFO] DbMcusAds:125 - Set database path to: /home/ritik/.stmcufinder/plugins/mcufinder//mcu/
2024-02-24 18:52:41,667 [WARN] DbFile:41 - Overriding database path with different value: /home/ritik/.stmcufinder/plugins/mcufinder/ => /home/ritik/.stmcufinder/plugins/mcufinder
2024-02-24 18:52:41,667 [WARN] DbFile:41 - Overriding database path with different value: /home/ritik/.stmcufinder/plugins/mcufinder/ => /home/ritik/.stmcufinder/plugins/mcufinder
2024-02-24 18:52:41,667 [INFO] CrossReferenceDbSqlite:203 - Set database path to: /home/ritik/.stmcufinder/plugins/mcufinder//mcu/cs/
2024-02-24 18:52:41,722 [INFO] MainPanel:264 - HeapMemory: 268435456
2024-02-24 18:52:41,794 [INFO] DbMcusXml:78 - Set database path to: /home/ritik/st/stm32cubeide_1.14.0/plugins/com.st.stm32cube.common.mx_6.10.0.202311202037//db//mcu/
2024-02-24 18:52:41,794 [INFO] ApiDb:274 - Set plugin database path to: /home/ritik/st/stm32cubeide_1.14.0/plugins/com.st.stm32cube.common.mx_6.10.0.202311202037//db//plugins/boardmanager/
2024-02-24 18:52:41,794 [INFO] ApiDb:261 - Set plugin images path to: /home/ritik/st/stm32cubeide_1.14.0/plugins/com.st.stm32cube.common.mx_6.10.0.202311202037//db//plugins/mcufinder/images/
2024-02-24 18:52:41,794 [WARN] DbFile:41 - Overriding database path with different value: /home/ritik/.stmcufinder/plugins/mcufinder/ => /home/ritik/.stmcufinder/plugins/mcufinder
2024-02-24 18:52:41,794 [INFO] ApiDb:250 - Set database path to: /home/ritik/.stmcufinder/plugins/mcufinder//mcu/
2024-02-24 18:52:41,795 [WARN] DbFile:41 - Overriding database path with different value: /home/ritik/.stmcufinder/plugins/mcufinder/ => /home/ritik/.stmcufinder/plugins/mcufinder
2024-02-24 18:52:41,795 [INFO] DbMcusAds:125 - Set database path to: /home/ritik/.stmcufinder/plugins/mcufinder//mcu/
2024-02-24 18:52:41,795 [WARN] DbFile:41 - Overriding database path with different value: /home/ritik/.stmcufinder/plugins/mcufinder/ => /home/ritik/.stmcufinder/plugins/mcufinder
2024-02-24 18:52:41,795 [WARN] DbFile:41 - Overriding database path with different value: /home/ritik/.stmcufinder/plugins/mcufinder/ => /home/ritik/.stmcufinder/plugins/mcufinder
2024-02-24 18:52:41,795 [INFO] CrossReferenceDbSqlite:203 - Set database path to: /home/ritik/.stmcufinder/plugins/mcufinder//mcu/cs/
2024-02-24 18:52:41,809 [INFO] ApplicationProperties:184 - Using Application install path: /home/ritik/st/stm32cubeide_1.14.0/plugins/com.st.stm32cube.common.mx_6.10.0.202311202037
2024-02-24 18:52:41,810 [INFO] PluginManage:196 - Search for loadable plugins [exclusion list=, ]
2024-02-24 18:52:41,810 [INFO] PluginManage:310 - Check plugin analytics
2024-02-24 18:52:41,955 [INFO] AnalyticsPlugin:253 - Accepted Software Licenses: 
2024-02-24 18:52:41,955 [INFO] AnalyticsPlugin:255 - Accepted CMSIS Pack Licenses: 
2024-02-24 18:52:41,955 [INFO] AnalyticsPlugin:257 - Accepted Firmware Licenses: 
2024-02-24 18:52:41,957 [INFO] PluginManage:359 - Loaded plugin analytics (category:tool,tabindex:-1)
2024-02-24 18:52:41,958 [INFO] PluginManage:310 - Check plugin cadmodel
2024-02-24 18:52:41,982 [INFO] CADModel:105 - Init CAD model plugin
2024-02-24 18:52:41,982 [INFO] PluginManage:359 - Loaded plugin cadmodel (category:power,tabindex:5)
2024-02-24 18:52:41,982 [INFO] PluginManage:310 - Check plugin clock
2024-02-24 18:52:41,992 [INFO] PluginManage:359 - Loaded plugin clock (category:base,tabindex:2)
2024-02-24 18:52:41,992 [INFO] PluginManage:310 - Check plugin ddr
2024-02-24 18:52:41,994 [INFO] PluginManage:359 - Loaded plugin ddr (category:tool,tabindex:6)
2024-02-24 18:52:41,994 [INFO] PluginManage:310 - Check plugin filemanager
2024-02-24 18:52:42,119 [INFO] PluginManage:359 - Loaded plugin filemanager (category:base,tabindex:10)
2024-02-24 18:52:42,119 [INFO] PluginManage:310 - Check plugin ipmanager
2024-02-24 18:52:42,123 [INFO] PluginManage:359 - Loaded plugin ipmanager (category:base,tabindex:5)
2024-02-24 18:52:42,123 [INFO] PluginManage:310 - Check plugin lpbam
2024-02-24 18:52:42,130 [INFO] PluginManage:359 - Loaded plugin lpbam (category:base,tabindex:0)
2024-02-24 18:52:42,131 [INFO] PluginManage:310 - Check plugin memorymap
2024-02-24 18:52:42,139 [INFO] PluginManage:359 - Loaded plugin memorymap (category:base,tabindex:4)
2024-02-24 18:52:42,139 [INFO] PluginManage:310 - Check plugin pinoutandconfiguration
2024-02-24 18:52:42,144 [INFO] PluginManage:359 - Loaded plugin pinoutandconfiguration (category:base,tabindex:1)
2024-02-24 18:52:42,145 [INFO] PluginManage:310 - Check plugin pinoutconfig
2024-02-24 18:52:42,202 [WARN] SupportedApi:132 - Cannot load RTOS API schema: s4s-elt-must-match.1: The content of 'definitions' must match (annotation?, (simpleType | complexType)?, (unique | key | keyref)*)). A problem was found starting at: attribute.
2024-02-24 18:52:42,295 [INFO] PluginManage:359 - Loaded plugin pinoutconfig (category:base,tabindex:0)
2024-02-24 18:52:42,295 [INFO] PluginManage:310 - Check plugin power
2024-02-24 18:52:42,301 [INFO] PluginManage:359 - Loaded plugin power (category:power,tabindex:4)
2024-02-24 18:52:42,301 [INFO] PluginManage:310 - Check plugin projectmanager
2024-02-24 18:52:42,314 [INFO] PluginManage:359 - Loaded plugin projectmanager (category:projectmanager,tabindex:3)
2024-02-24 18:52:42,314 [INFO] PluginManage:310 - Check plugin thirdparty
2024-02-24 18:52:42,388 [INFO] PluginManage:359 - Loaded plugin thirdparty (category:base,tabindex:-1)
2024-02-24 18:52:42,388 [INFO] PluginManage:310 - Check plugin tools
2024-02-24 18:52:42,388 [WARN] IntegrityCheckThread:84 - waiting for thirdparty lock release [integrity check]
2024-02-24 18:52:42,388 [INFO] IntegrityCheckThread:86 - entering critical section [integrity check]
2024-02-24 18:52:42,388 [INFO] ThirdPartyUpdaterWithRetryManager:70 - Updater plugin not ready yet. [1/15]
2024-02-24 18:52:42,389 [INFO] PluginManage:359 - Loaded plugin tools (category:base,tabindex:7)
2024-02-24 18:52:42,389 [INFO] PluginManage:310 - Check plugin tutovideos
2024-02-24 18:52:42,503 [INFO] PluginManage:359 - Loaded plugin tutovideos (category:base,tabindex:-1)
2024-02-24 18:52:42,503 [INFO] PluginManage:310 - Check plugin updater
2024-02-24 18:52:42,511 [INFO] PluginManage:359 - Loaded plugin updater (category:base,tabindex:12)
2024-02-24 18:52:42,511 [INFO] PluginManage:310 - Check plugin userauth
2024-02-24 18:52:42,515 [INFO] UserAuth:114 - Init User Auth plugin
2024-02-24 18:52:42,515 [INFO] PluginManage:359 - Loaded plugin userauth (category:base,tabindex:14)
2024-02-24 18:52:42,515 [INFO] PluginManage:283 - PluginManage : Loaded plugins [17]
2024-02-24 18:52:42,638 [INFO] PinOutPanel:1499 - setPackage(No Configuration,No Configuration)
2024-02-24 18:52:42,679 [INFO] CADModel:165 - CPN selected for project level
2024-02-24 18:52:42,679 [INFO] CADModel:114 - Register for checkConnection events
2024-02-24 18:52:42,687 [INFO] IPUIPlugin:80 - create IPUIPlugin
2024-02-24 18:52:42,688 [INFO] PluginManager:220 - loadIPPluginJar : add dfsdm
2024-02-24 18:52:42,689 [INFO] IPUIPlugin:80 - create IPUIPlugin
2024-02-24 18:52:42,689 [INFO] PluginManager:220 - loadIPPluginJar : add openamp
2024-02-24 18:52:42,693 [INFO] IPUIPlugin:80 - create IPUIPlugin
2024-02-24 18:52:42,693 [INFO] PluginManager:220 - loadIPPluginJar : add sai
2024-02-24 18:52:42,694 [INFO] IPUIPlugin:80 - create IPUIPlugin
2024-02-24 18:52:42,694 [INFO] PluginManager:220 - loadIPPluginJar : add genericplugin
2024-02-24 18:52:42,695 [INFO] IPUIPlugin:80 - create IPUIPlugin
2024-02-24 18:52:42,695 [INFO] PluginManager:220 - loadIPPluginJar : add i2c
2024-02-24 18:52:42,696 [INFO] IPUIPlugin:80 - create IPUIPlugin
2024-02-24 18:52:42,696 [INFO] PluginManager:220 - loadIPPluginJar : add comp
2024-02-24 18:52:42,698 [INFO] IPUIPlugin:80 - create IPUIPlugin
2024-02-24 18:52:42,699 [INFO] PluginManager:220 - loadIPPluginJar : add gpio
2024-02-24 18:52:42,703 [INFO] IPUIPlugin:80 - create IPUIPlugin
2024-02-24 18:52:42,704 [INFO] PluginManager:220 - loadIPPluginJar : add plateformsettings
2024-02-24 18:52:42,705 [INFO] IPUIPlugin:80 - create IPUIPlugin
2024-02-24 18:52:42,705 [INFO] PluginManager:220 - loadIPPluginJar : add quadspi
2024-02-24 18:52:42,706 [INFO] IPUIPlugin:80 - create IPUIPlugin
2024-02-24 18:52:42,706 [INFO] PluginManager:220 - loadIPPluginJar : add i2s
2024-02-24 18:52:42,708 [INFO] IPUIPlugin:80 - create IPUIPlugin
2024-02-24 18:52:42,708 [INFO] PluginManager:220 - loadIPPluginJar : add usbx
2024-02-24 18:52:42,709 [INFO] IPUIPlugin:80 - create IPUIPlugin
2024-02-24 18:52:42,709 [INFO] PluginManager:220 - loadIPPluginJar : add tim
2024-02-24 18:52:42,710 [INFO] IPUIPlugin:80 - create IPUIPlugin
2024-02-24 18:52:42,710 [INFO] PluginManager:220 - loadIPPluginJar : add hash
2024-02-24 18:52:42,712 [INFO] IPUIPlugin:80 - create IPUIPlugin
2024-02-24 18:52:42,712 [INFO] PluginManager:220 - loadIPPluginJar : add pdm2pcm
2024-02-24 18:52:42,713 [INFO] IPUIPlugin:80 - create IPUIPlugin
2024-02-24 18:52:42,713 [INFO] PluginManager:220 - loadIPPluginJar : add ts
2024-02-24 18:52:42,714 [INFO] IPUIPlugin:80 - create IPUIPlugin
2024-02-24 18:52:42,714 [INFO] PluginManager:220 - loadIPPluginJar : add tsc
2024-02-24 18:52:42,715 [INFO] IPUIPlugin:80 - create IPUIPlugin
2024-02-24 18:52:42,715 [INFO] PluginManager:220 - loadIPPluginJar : add aes
2024-02-24 18:52:42,718 [INFO] IPUIPlugin:80 - create IPUIPlugin
2024-02-24 18:52:42,718 [INFO] PluginManager:220 - loadIPPluginJar : add resmgrutility
2024-02-24 18:52:42,721 [INFO] IPUIPlugin:80 - create IPUIPlugin
2024-02-24 18:52:42,721 [INFO] PluginManager:220 - loadIPPluginJar : add stm32_wpan
2024-02-24 18:52:42,722 [INFO] IPUIPlugin:80 - create IPUIPlugin
2024-02-24 18:52:42,722 [INFO] PluginManager:220 - loadIPPluginJar : add tracer_emb
2024-02-24 18:52:42,724 [INFO] IPUIPlugin:80 - create IPUIPlugin
2024-02-24 18:52:42,724 [INFO] PluginManager:220 - loadIPPluginJar : add nvic
2024-02-24 18:52:42,725 [INFO] IPUIPlugin:80 - create IPUIPlugin
2024-02-24 18:52:42,725 [INFO] PluginManager:220 - loadIPPluginJar : add ltdc
2024-02-24 18:52:42,725 [INFO] IPUIPlugin:80 - create IPUIPlugin
2024-02-24 18:52:42,726 [INFO] PluginManager:220 - loadIPPluginJar : add fatfs
2024-02-24 18:52:42,727 [INFO] IPUIPlugin:80 - create IPUIPlugin
2024-02-24 18:52:42,727 [INFO] PluginManager:220 - loadIPPluginJar : add touchsensing
2024-02-24 18:52:42,731 [INFO] IPUIPlugin:80 - create IPUIPlugin
2024-02-24 18:52:42,732 [INFO] PluginManager:220 - loadIPPluginJar : add freertos
2024-02-24 18:52:42,736 [INFO] IPUIPlugin:80 - create IPUIPlugin
2024-02-24 18:52:42,736 [INFO] PluginManager:220 - loadIPPluginJar : add adc
2024-02-24 18:52:42,738 [INFO] IPUIPlugin:80 - create IPUIPlugin
2024-02-24 18:52:42,738 [INFO] PluginManager:220 - loadIPPluginJar : add usart
2024-02-24 18:52:42,739 [INFO] IPUIPlugin:80 - create IPUIPlugin
2024-02-24 18:52:42,740 [INFO] PluginManager:220 - loadIPPluginJar : add lorawan
2024-02-24 18:52:42,742 [INFO] IPUIPlugin:80 - create IPUIPlugin
2024-02-24 18:52:42,743 [INFO] PluginManager:220 - loadIPPluginJar : add fmc
2024-02-24 18:52:42,744 [INFO] IPUIPlugin:80 - create IPUIPlugin
2024-02-24 18:52:42,744 [INFO] PluginManager:220 - loadIPPluginJar : add opamp
2024-02-24 18:52:42,746 [INFO] IPUIPlugin:80 - create IPUIPlugin
2024-02-24 18:52:42,746 [INFO] PluginManager:220 - loadIPPluginJar : add can
2024-02-24 18:52:42,747 [INFO] IPUIPlugin:80 - create IPUIPlugin
2024-02-24 18:52:42,747 [INFO] PluginManager:220 - loadIPPluginJar : add dma3
2024-02-24 18:52:42,749 [INFO] IPUIPlugin:80 - create IPUIPlugin
2024-02-24 18:52:42,749 [INFO] PluginManager:220 - loadIPPluginJar : add i3c
2024-02-24 18:52:42,750 [INFO] IPUIPlugin:80 - create IPUIPlugin
2024-02-24 18:52:42,750 [INFO] PluginManager:220 - loadIPPluginJar : add ucpd
2024-02-24 18:52:42,751 [INFO] IPUIPlugin:80 - create IPUIPlugin
2024-02-24 18:52:42,751 [INFO] PluginManager:220 - loadIPPluginJar : add cryp
2024-02-24 18:52:42,752 [INFO] IPUIPlugin:80 - create IPUIPlugin
2024-02-24 18:52:42,752 [INFO] PluginManager:220 - loadIPPluginJar : add spi
2024-02-24 18:52:42,754 [INFO] IPUIPlugin:80 - create IPUIPlugin
2024-02-24 18:52:42,754 [INFO] PluginManager:220 - loadIPPluginJar : add gfxmmu
2024-02-24 18:52:42,759 [INFO] IPUIPlugin:80 - create IPUIPlugin
2024-02-24 18:52:42,759 [INFO] PluginManager:220 - loadIPPluginJar : add mdma
2024-02-24 18:52:42,764 [INFO] IPUIPlugin:80 - create IPUIPlugin
2024-02-24 18:52:42,764 [INFO] PluginManager:220 - loadIPPluginJar : add dma
2024-02-24 18:52:42,766 [INFO] IPUIPlugin:80 - create IPUIPlugin
2024-02-24 18:52:42,766 [INFO] PluginManager:220 - loadIPPluginJar : add gtzc
2024-02-24 18:52:42,768 [INFO] IPUIPlugin:80 - create IPUIPlugin
2024-02-24 18:52:42,769 [INFO] PluginManager:220 - loadIPPluginJar : add ipddr
2024-02-24 18:52:42,773 [INFO] IPUIPlugin:80 - create IPUIPlugin
2024-02-24 18:52:42,773 [INFO] PluginManager:220 - loadIPPluginJar : add gic
2024-02-24 18:52:42,778 [INFO] IPUIPlugin:80 - create IPUIPlugin
2024-02-24 18:52:42,778 [INFO] PluginManager:220 - loadIPPluginJar : add linkedlist
2024-02-24 18:52:42,876 [INFO] CADModel:165 - CPN selected for project level
2024-02-24 18:52:42,876 [INFO] CADModel:114 - Register for checkConnection events
2024-02-24 18:52:42,877 [FATAL] Updater:308 - Updater called before beeing initialized
2024-02-24 18:52:42,877 [ERROR] CADModel:125 - Updater not yet initialized, retry later 
2024-02-24 18:52:42,965 [INFO] CADModel:165 - CPN selected for project level
2024-02-24 18:52:42,966 [INFO] CADModel:114 - Register for checkConnection events
2024-02-24 18:52:42,966 [FATAL] Updater:308 - Updater called before beeing initialized
2024-02-24 18:52:42,966 [ERROR] CADModel:125 - Updater not yet initialized, retry later 
2024-02-24 18:52:42,968 [FATAL] Updater:308 - Updater called before beeing initialized
2024-02-24 18:52:43,020 [FATAL] Updater:308 - Updater called before beeing initialized
2024-02-24 18:52:43,023 [INFO] DbMcusAds:53 - JSON generation date=Wed Nov 29 16:22:27 IST 2023 (1701255147349)
2024-02-24 18:52:43,023 [FATAL] Updater:308 - Updater called before beeing initialized
2024-02-24 18:52:43,049 [WARN] DetailPanel:346 - Failed to get advertising image, set to default
2024-02-24 18:52:43,124 [FATAL] Updater:308 - Updater called before beeing initialized
2024-02-24 18:52:43,125 [FATAL] Updater:308 - Updater called before beeing initialized
2024-02-24 18:52:43,125 [FATAL] Updater:308 - Updater called before beeing initialized
2024-02-24 18:52:43,125 [WARN] DetailPanel:346 - Failed to get advertising image, set to default
2024-02-24 18:52:43,126 [FATAL] Updater:308 - Updater called before beeing initialized
2024-02-24 18:52:43,147 [ERROR] Updater:1120 - MainUpdater not yet initialized. External WinMGr cannot be set.
2024-02-24 18:52:43,148 [INFO] Updater:1056 - Updater Version found : 6.10.0
2024-02-24 18:52:43,163 [INFO] ApplicationProperties:184 - Using Application install path: /home/ritik/st/stm32cubeide_1.14.0/plugins/com.st.stm32cube.common.mx_6.10.0.202311202037
2024-02-24 18:52:43,676 [INFO] MainUpdater:2873 - connection check result : 10
2024-02-24 18:52:43,677 [INFO] MainUpdater:290 - Updater Check For Update Now.
2024-02-24 18:52:43,677 [INFO] MicroXplorer:498 - Change Database Version : DB.6.0.100
2024-02-24 18:52:43,687 [INFO] McuFinderGlobals:63 - Set McuFinder mode to 2 (CubeIDE integrated)
2024-02-24 18:52:43,687 [INFO] UserAuth:180 - activating auth plugin
2024-02-24 18:52:43,689 [INFO] UserAuth:404 - Internet connection configuration mode: 1
2024-02-24 18:52:43,710 [INFO] JxBrowserEngine:152 - Initiate JxBrowser Engine with user profile folder
2024-02-24 18:52:43,834 [INFO] CheckServerUpdateThread:120 - End of CheckServer Thread
2024-02-24 18:52:44,352 [INFO] WebApp:161 - Instantiating new browser for Auth
2024-02-24 18:52:44,966 [INFO] WebApp:780 - Register for checkConnection events
2024-02-24 18:52:44,966 [INFO] WebApp:414 - Apply proxy settings
2024-02-24 18:52:44,967 [INFO] WebApp:499 - Chromium requires no authentication
2024-02-24 18:52:44,972 [INFO] WebApp:442 - Direct internet connection detected
2024-02-24 18:52:45,070 [INFO] WebApp:192 - Starting web application
2024-02-24 18:52:45,070 [INFO] WebApp:544 - Web application path used /home/ritik/st/stm32cubeide_1.14.0/plugins/com.st.stm32cube.common.mx_6.10.0.202311202037/db/plugins/mcufinder/reactClient1/index.html
2024-02-24 18:52:45,469 [WARN] PackLoader:240 - Cannot read IP mode file for STMicroelectronics.X-CUBE-SMBUS.2.1.0
2024-02-24 18:52:45,472 [WARN] PackLoader:240 - Cannot read IP mode file for STMicroelectronics.X-CUBE-TOUCHGFX.4.23.0
2024-02-24 18:52:45,492 [WARN] PackLoader:240 - Cannot read IP mode file for STMicroelectronics.X-CUBE-AZRTOS-F7.1.1.0
2024-02-24 18:52:45,499 [WARN] PackLoader:240 - Cannot read IP mode file for STMicroelectronics.FP-SNS-MOTENV1.4.3.2
2024-02-24 18:52:45,504 [WARN] PackLoader:240 - Cannot read IP mode file for STMicroelectronics.FP-SNS-FLIGHT1.5.0.2
2024-02-24 18:52:45,509 [WARN] PackLoader:240 - Cannot read IP mode file for STMicroelectronics.X-CUBE-DISPLAY.3.0.0
2024-02-24 18:52:45,517 [WARN] PackLoader:240 - Cannot read IP mode file for STMicroelectronics.X-CUBE-BLE1.7.0.0
2024-02-24 18:52:45,521 [WARN] PackLoader:240 - Cannot read IP mode file for emotas.I-CUBE-CANOPEN.1.3.0
2024-02-24 18:52:45,524 [WARN] PackLoader:240 - Cannot read IP mode file for STMicroelectronics.FP-SNS-SMARTAG2.1.2.0
2024-02-24 18:52:45,531 [INFO] LogOutputStream:77 - [STDOUT_REDIRECT] 1 : Invalid condition id : UX_CORESTACK_Condition cause : null
2024-02-24 18:52:45,531 [INFO] LogOutputStream:77 - [STDOUT_REDIRECT] 1 : Invalid condition id : UX_CORESTACK_Condition cause : null
2024-02-24 18:52:45,532 [INFO] LogOutputStream:77 - [STDOUT_REDIRECT] 1 : Invalid condition id : UX_CORESTACK_Condition cause : null
2024-02-24 18:52:45,532 [INFO] LogOutputStream:77 - [STDOUT_REDIRECT] 1 : Invalid condition id : UX_CORESTACK_Condition cause : null
2024-02-24 18:52:45,532 [INFO] LogOutputStream:77 - [STDOUT_REDIRECT] 1 : Invalid condition id : UX_CORESTACK_Condition cause : null
2024-02-24 18:52:45,535 [WARN] PackLoader:240 - Cannot read IP mode file for STMicroelectronics.X-CUBE-AZRTOS-WL.2.0.0
2024-02-24 18:52:45,539 [WARN] PackLoader:240 - Cannot read IP mode file for STMicroelectronics.X-CUBE-BLE2.3.3.0
2024-02-24 18:52:45,553 [WARN] PackLoader:240 - Cannot read IP mode file for STMicroelectronics.X-CUBE-ALGOBUILD.1.3.0
2024-02-24 18:52:45,573 [WARN] PackLoader:240 - Cannot read IP mode file for STMicroelectronics.X-CUBE-AZRTOS-G0.1.1.0
2024-02-24 18:52:45,581 [WARN] PackLoader:240 - Cannot read IP mode file for STMicroelectronics.X-CUBE-NFC4.3.0.0
2024-02-24 18:52:45,590 [WARN] PackLoader:240 - Cannot read IP mode file for STMicroelectronics.X-CUBE-BLEMGR.3.0.0
2024-02-24 18:52:45,596 [WARN] PackLoader:240 - Cannot read IP mode file for STMicroelectronics.FP-ATR-SIGFOX1.3.2.0
2024-02-24 18:52:45,601 [WARN] PackLoader:240 - Cannot read IP mode file for STMicroelectronics.X-CUBE-EEPRMA1.5.1.0
2024-02-24 18:52:45,605 [WARN] PackLoader:240 - Cannot read IP mode file for STMicroelectronics.X-CUBE-GNSS1.6.0.0
2024-02-24 18:52:45,615 [WARN] PackLoader:240 - Cannot read IP mode file for STMicroelectronics.X-CUBE-AZRTOS-F4.1.1.0
2024-02-24 18:52:45,627 [WARN] PackLoader:240 - Cannot read IP mode file for STMicroelectronics.X-CUBE-AZRTOS-L5.2.0.0
2024-02-24 18:52:45,633 [WARN] PackLoader:240 - Cannot read IP mode file for STMicroelectronics.X-CUBE-EEPRMA1.4.2.0
2024-02-24 18:52:45,637 [WARN] PackLoader:240 - Cannot read IP mode file for ITTIA_DB.I-CUBE-ITTIADB.8.8.0
2024-02-24 18:52:45,639 [WARN] PackLoader:240 - Cannot read IP mode file for STMicroelectronics.X-CUBE-NFC7.1.0.1
2024-02-24 18:52:45,644 [WARN] PackLoader:240 - Cannot read IP mode file for STMicroelectronics.X-CUBE-NFC6.3.0.0
2024-02-24 18:52:45,647 [WARN] PackLoader:240 - Cannot read IP mode file for STMicroelectronics.X-CUBE-AI.8.1.0
2024-02-24 18:52:45,657 [WARN] ConditionMgr:438 - getConditionDescription Invalid condition id : LAN8742 Phy interface Condition cause : null
2024-02-24 18:52:45,658 [WARN] PackLoader:240 - Cannot read IP mode file for STMicroelectronics.X-CUBE-AZRTOS-L4.2.0.0
2024-02-24 18:52:45,659 [WARN] ConditionMgr:1039 - genDependencies : Invalid condition id : LAN8742 Phy interface Condition cause : null
2024-02-24 18:52:45,659 [WARN] ConditionMgr:1039 - genDependencies : Invalid condition id : LAN8742 Phy interface Condition cause : null
2024-02-24 18:52:45,659 [WARN] ConditionMgr:1039 - genDependencies : Invalid condition id : LAN8742 Phy interface Condition cause : null
2024-02-24 18:52:45,664 [WARN] PackLoader:240 - Cannot read IP mode file for STMicroelectronics.X-CUBE-SFXS2LP1.4.0.0
2024-02-24 18:52:45,671 [WARN] ConditionMgr:438 - getConditionDescription Invalid condition id : UX DEVICE CLASS RTOS Condition cause : null
2024-02-24 18:52:45,672 [WARN] ConditionMgr:438 - getConditionDescription Invalid condition id : UX DEVICE CLASS RTOS Condition cause : null
2024-02-24 18:52:45,673 [WARN] PackLoader:240 - Cannot read IP mode file for STMicroelectronics.X-CUBE-AZRTOS-WB.2.0.0
2024-02-24 18:52:45,673 [WARN] ConditionMgr:1039 - genDependencies : Invalid condition id : UX DEVICE CLASS RTOS Condition cause : null
2024-02-24 18:52:45,673 [WARN] ConditionMgr:1039 - genDependencies : Invalid condition id : UX DEVICE CLASS RTOS Condition cause : null
2024-02-24 18:52:45,673 [WARN] ConditionMgr:1039 - genDependencies : Invalid condition id : UX DEVICE CLASS RTOS Condition cause : null
2024-02-24 18:52:45,673 [WARN] ConditionMgr:1039 - genDependencies : Invalid condition id : UX DEVICE CLASS RTOS Condition cause : null
2024-02-24 18:52:45,673 [WARN] ConditionMgr:1039 - genDependencies : Invalid condition id : UX DEVICE CLASS RTOS Condition cause : null
2024-02-24 18:52:45,679 [WARN] PackLoader:240 - Cannot read IP mode file for STMicroelectronics.X-CUBE-SUBG2.5.0.0
2024-02-24 18:52:45,689 [WARN] PackLoader:240 - Cannot read IP mode file for STMicroelectronics.X-CUBE-AZRTOS-G4.2.0.0
2024-02-24 18:52:45,696 [WARN] PackLoader:240 - Cannot read IP mode file for Infineon.AIROC-Wi-Fi-Bluetooth-STM32.1.5.1
2024-02-24 18:52:45,701 [WARN] PackLoader:240 - Cannot read IP mode file for STMicroelectronics.FP-SNS-MOTENVWB1.1.3.1
2024-02-24 18:52:45,703 [WARN] PackLoader:240 - Cannot read IP mode file for STMicroelectronics.X-CUBE-ISPU.2.0.0
2024-02-24 18:52:45,727 [WARN] PackLoader:240 - Cannot read IP mode file for STMicroelectronics.X-CUBE-MEMS1.10.0.0
2024-02-24 18:52:45,804 [WARN] PackLoader:240 - Cannot read IP mode file for STMicroelectronics.X-CUBE-FREERTOS.1.1.0
2024-02-24 18:52:45,807 [WARN] PackLoader:240 - Cannot read IP mode file for STMicroelectronics.X-CUBE-ALS.1.0.1
2024-02-24 18:52:45,809 [WARN] PackLoader:240 - Cannot read IP mode file for STMicroelectronics.FP-ATR-ASTRA1.2.0.0
2024-02-24 18:52:45,815 [WARN] PackLoader:240 - Cannot read IP mode file for STMicroelectronics.X-CUBE-TOF1.3.4.0
2024-02-24 18:52:45,836 [WARN] PackLoader:240 - Cannot read IP mode file for STMicroelectronics.X-CUBE-AZRTOS-H7.3.2.0
2024-02-24 18:52:45,839 [INFO] ThirdParty:978 - Integrity check success = true
2024-02-24 18:52:45,839 [INFO] IntegrityCheckThread:100 - exiting critical section [integrity check]
2024-02-24 18:52:45,839 [INFO] IntegrityCheckThread:103 - End integrity checks thread
2024-02-24 18:53:05,519 [ERROR] LogOutputStream:75 - [STDERR_REDIRECT] SLF4J: Failed to load class "org.slf4j.impl.StaticLoggerBinder".
2024-02-24 18:53:05,520 [ERROR] LogOutputStream:75 - [STDERR_REDIRECT] SLF4J: Defaulting to no-operation (NOP) logger implementation
2024-02-24 18:53:05,520 [ERROR] LogOutputStream:75 - [STDERR_REDIRECT] SLF4J: See http://www.slf4j.org/codes.html#StaticLoggerBinder for further details.
2024-02-24 19:20:18,789 [ERROR] ConfigurationRetriever:142 - IOException on connection: sw-center.st.com
2024-02-24 19:20:18,791 [ERROR] ConfigurationRetriever:142 - IOException on connection: sw-center.st.com
2024-02-24 19:20:18,791 [ERROR] ConfigurationRetriever:142 - IOException on connection: sw-center.st.com
2024-02-24 20:35:32,525 [ERROR] AdobePublisher:162 - Exception while opening the connection: java.net.UnknownHostException: stmicroelectronics.d3.sc.omtrdc.net
2024-02-24 20:35:32,526 [ERROR] AdobePublisher:162 - Exception while opening the connection: java.net.UnknownHostException: stmicroelectronics.d3.sc.omtrdc.net
2024-02-24 20:35:32,526 [ERROR] AdobePublisher:162 - Exception while opening the connection: java.net.UnknownHostException: stmicroelectronics.d3.sc.omtrdc.net
2024-02-24 20:35:32,526 [ERROR] AdobePublisher:162 - Exception while opening the connection: java.net.UnknownHostException: stmicroelectronics.d3.sc.omtrdc.net
2024-02-24 20:35:32,527 [ERROR] AdobePublisher:162 - Exception while opening the connection: java.net.UnknownHostException: stmicroelectronics.d3.sc.omtrdc.net
