2024-02-29 04:04:47,225 [ERROR] ConfigurationRetriever:142 - IOException on connection: Connect timed out
2024-02-29 04:08:40,703 [ERROR] ConfigurationRetriever:142 - IOException on connection: Connect timed out
2024-02-29 04:08:42,705 [ERROR] ConfigurationRetriever:142 - IOException on connection: Connect timed out
2024-02-29 04:08:44,707 [ERROR] ConfigurationRetriever:142 - IOException on connection: Connect timed out
2024-02-29 04:27:09,527 [ERROR] LogOutputStream:75 - [STDERR_REDIRECT] 
2024-02-29 18:53:19,212 [INFO] Activator:176 - 


2024-02-29 18:53:19,213 [INFO] Activator:177 - !SESSION log4j initialized
2024-02-29 18:53:21,345 [INFO] LogOutputStream:77 - [STDOUT_REDIRECT] 
2024-02-29 18:53:21,542 [ERROR] ConfigurationRetriever:142 - IOException on connection: sw-center.st.com
2024-02-29 18:53:21,543 [ERROR] ConfigurationRetriever:142 - IOException on connection: sw-center.st.com
2024-02-29 18:53:21,543 [ERROR] ConfigurationRetriever:142 - IOException on connection: sw-center.st.com
2024-02-29 18:53:21,712 [INFO] ApplicationProperties:184 - Using Application install path: /home/ritik/st/stm32cubeide_1.14.0/plugins/com.st.stm32cube.common.mx_6.10.0.202311202037
2024-02-29 18:53:21,727 [INFO] DbMcusXml:78 - Set database path to: /home/ritik/st/stm32cubeide_1.14.0/plugins/com.st.stm32cube.common.mx_6.10.0.202311202037//db//mcu/
2024-02-29 18:53:21,727 [INFO] ApiDb:274 - Set plugin database path to: /home/ritik/st/stm32cubeide_1.14.0/plugins/com.st.stm32cube.common.mx_6.10.0.202311202037//db//plugins/boardmanager/
2024-02-29 18:53:21,727 [WARN] ApiDb:259 - Overriding images path with different value:  => /home/ritik/st/stm32cubeide_1.14.0/plugins/com.st.stm32cube.common.mx_6.10.0.202311202037//db//plugins/mcufinder/images/
2024-02-29 18:53:21,732 [INFO] ApiDb:250 - Set database path to: /home/ritik/.stmcufinder/plugins/mcufinder//mcu/
2024-02-29 18:53:21,733 [INFO] DbMcusAds:125 - Set database path to: /home/ritik/.stmcufinder/plugins/mcufinder//mcu/
2024-02-29 18:53:21,735 [INFO] CrossReferenceDbSqlite:203 - Set database path to: /home/ritik/.stmcufinder/plugins/mcufinder//mcu/cs/
2024-02-29 18:53:21,843 [INFO] RulesReader:64 - Compatibility file has been processed (297 Rules)
2024-02-29 18:53:21,886 [INFO] DbMcusXml:78 - Set database path to: /home/ritik/st/stm32cubeide_1.14.0/plugins/com.st.stm32cube.common.mx_6.10.0.202311202037//db//mcu/
2024-02-29 18:53:21,887 [INFO] ApiDb:274 - Set plugin database path to: /home/ritik/st/stm32cubeide_1.14.0/plugins/com.st.stm32cube.common.mx_6.10.0.202311202037//db//plugins/boardmanager/
2024-02-29 18:53:21,887 [INFO] ApiDb:261 - Set plugin images path to: /home/ritik/st/stm32cubeide_1.14.0/plugins/com.st.stm32cube.common.mx_6.10.0.202311202037//db//plugins/mcufinder/images/
2024-02-29 18:53:21,887 [WARN] DbFile:41 - Overriding database path with different value: /home/ritik/.stmcufinder/plugins/mcufinder/ => /home/ritik/.stmcufinder/plugins/mcufinder
2024-02-29 18:53:21,887 [INFO] ApiDb:250 - Set database path to: /home/ritik/.stmcufinder/plugins/mcufinder//mcu/
2024-02-29 18:53:21,887 [WARN] DbFile:41 - Overriding database path with different value: /home/ritik/.stmcufinder/plugins/mcufinder/ => /home/ritik/.stmcufinder/plugins/mcufinder
2024-02-29 18:53:21,887 [INFO] DbMcusAds:125 - Set database path to: /home/ritik/.stmcufinder/plugins/mcufinder//mcu/
2024-02-29 18:53:21,887 [WARN] DbFile:41 - Overriding database path with different value: /home/ritik/.stmcufinder/plugins/mcufinder/ => /home/ritik/.stmcufinder/plugins/mcufinder
2024-02-29 18:53:21,887 [WARN] DbFile:41 - Overriding database path with different value: /home/ritik/.stmcufinder/plugins/mcufinder/ => /home/ritik/.stmcufinder/plugins/mcufinder
2024-02-29 18:53:21,887 [INFO] CrossReferenceDbSqlite:203 - Set database path to: /home/ritik/.stmcufinder/plugins/mcufinder//mcu/cs/
2024-02-29 18:53:21,934 [INFO] MainPanel:264 - HeapMemory: 268435456
2024-02-29 18:53:22,009 [INFO] DbMcusXml:78 - Set database path to: /home/ritik/st/stm32cubeide_1.14.0/plugins/com.st.stm32cube.common.mx_6.10.0.202311202037//db//mcu/
2024-02-29 18:53:22,009 [INFO] ApiDb:274 - Set plugin database path to: /home/ritik/st/stm32cubeide_1.14.0/plugins/com.st.stm32cube.common.mx_6.10.0.202311202037//db//plugins/boardmanager/
2024-02-29 18:53:22,009 [INFO] ApiDb:261 - Set plugin images path to: /home/ritik/st/stm32cubeide_1.14.0/plugins/com.st.stm32cube.common.mx_6.10.0.202311202037//db//plugins/mcufinder/images/
2024-02-29 18:53:22,009 [WARN] DbFile:41 - Overriding database path with different value: /home/ritik/.stmcufinder/plugins/mcufinder/ => /home/ritik/.stmcufinder/plugins/mcufinder
2024-02-29 18:53:22,009 [INFO] ApiDb:250 - Set database path to: /home/ritik/.stmcufinder/plugins/mcufinder//mcu/
2024-02-29 18:53:22,009 [WARN] DbFile:41 - Overriding database path with different value: /home/ritik/.stmcufinder/plugins/mcufinder/ => /home/ritik/.stmcufinder/plugins/mcufinder
2024-02-29 18:53:22,009 [INFO] DbMcusAds:125 - Set database path to: /home/ritik/.stmcufinder/plugins/mcufinder//mcu/
2024-02-29 18:53:22,010 [WARN] DbFile:41 - Overriding database path with different value: /home/ritik/.stmcufinder/plugins/mcufinder/ => /home/ritik/.stmcufinder/plugins/mcufinder
2024-02-29 18:53:22,010 [WARN] DbFile:41 - Overriding database path with different value: /home/ritik/.stmcufinder/plugins/mcufinder/ => /home/ritik/.stmcufinder/plugins/mcufinder
2024-02-29 18:53:22,010 [INFO] CrossReferenceDbSqlite:203 - Set database path to: /home/ritik/.stmcufinder/plugins/mcufinder//mcu/cs/
2024-02-29 18:53:22,025 [INFO] ApplicationProperties:184 - Using Application install path: /home/ritik/st/stm32cubeide_1.14.0/plugins/com.st.stm32cube.common.mx_6.10.0.202311202037
2024-02-29 18:53:22,026 [INFO] PluginManage:196 - Search for loadable plugins [exclusion list=, ]
2024-02-29 18:53:22,027 [INFO] PluginManage:310 - Check plugin analytics
2024-02-29 18:53:22,157 [INFO] AnalyticsPlugin:253 - Accepted Software Licenses: 
2024-02-29 18:53:22,157 [INFO] AnalyticsPlugin:255 - Accepted CMSIS Pack Licenses: 
2024-02-29 18:53:22,157 [INFO] AnalyticsPlugin:257 - Accepted Firmware Licenses: 
2024-02-29 18:53:22,159 [INFO] PluginManage:359 - Loaded plugin analytics (category:tool,tabindex:-1)
2024-02-29 18:53:22,159 [INFO] PluginManage:310 - Check plugin cadmodel
2024-02-29 18:53:22,159 [ERROR] ConfigurationRetriever:142 - IOException on connection: sw-center.st.com
2024-02-29 18:53:22,160 [ERROR] ConfigurationRetriever:142 - IOException on connection: sw-center.st.com
2024-02-29 18:53:22,161 [ERROR] ConfigurationRetriever:142 - IOException on connection: sw-center.st.com
2024-02-29 18:53:22,206 [INFO] CADModel:105 - Init CAD model plugin
2024-02-29 18:53:22,206 [INFO] PluginManage:359 - Loaded plugin cadmodel (category:power,tabindex:5)
2024-02-29 18:53:22,206 [INFO] PluginManage:310 - Check plugin clock
2024-02-29 18:53:22,214 [INFO] PluginManage:359 - Loaded plugin clock (category:base,tabindex:2)
2024-02-29 18:53:22,214 [INFO] PluginManage:310 - Check plugin ddr
2024-02-29 18:53:22,216 [INFO] PluginManage:359 - Loaded plugin ddr (category:tool,tabindex:6)
2024-02-29 18:53:22,216 [INFO] PluginManage:310 - Check plugin filemanager
2024-02-29 18:53:22,314 [INFO] PluginManage:359 - Loaded plugin filemanager (category:base,tabindex:10)
2024-02-29 18:53:22,314 [INFO] PluginManage:310 - Check plugin ipmanager
2024-02-29 18:53:22,318 [INFO] PluginManage:359 - Loaded plugin ipmanager (category:base,tabindex:5)
2024-02-29 18:53:22,318 [INFO] PluginManage:310 - Check plugin lpbam
2024-02-29 18:53:22,325 [INFO] PluginManage:359 - Loaded plugin lpbam (category:base,tabindex:0)
2024-02-29 18:53:22,325 [INFO] PluginManage:310 - Check plugin memorymap
2024-02-29 18:53:22,336 [INFO] PluginManage:359 - Loaded plugin memorymap (category:base,tabindex:4)
2024-02-29 18:53:22,336 [INFO] PluginManage:310 - Check plugin pinoutandconfiguration
2024-02-29 18:53:22,341 [INFO] PluginManage:359 - Loaded plugin pinoutandconfiguration (category:base,tabindex:1)
2024-02-29 18:53:22,342 [INFO] PluginManage:310 - Check plugin pinoutconfig
2024-02-29 18:53:22,397 [WARN] SupportedApi:132 - Cannot load RTOS API schema: s4s-elt-must-match.1: The content of 'definitions' must match (annotation?, (simpleType | complexType)?, (unique | key | keyref)*)). A problem was found starting at: attribute.
2024-02-29 18:53:22,487 [INFO] PluginManage:359 - Loaded plugin pinoutconfig (category:base,tabindex:0)
2024-02-29 18:53:22,487 [INFO] PluginManage:310 - Check plugin power
2024-02-29 18:53:22,494 [INFO] PluginManage:359 - Loaded plugin power (category:power,tabindex:4)
2024-02-29 18:53:22,494 [INFO] PluginManage:310 - Check plugin projectmanager
2024-02-29 18:53:22,507 [INFO] PluginManage:359 - Loaded plugin projectmanager (category:projectmanager,tabindex:3)
2024-02-29 18:53:22,507 [INFO] PluginManage:310 - Check plugin thirdparty
2024-02-29 18:53:22,589 [INFO] PluginManage:359 - Loaded plugin thirdparty (category:base,tabindex:-1)
2024-02-29 18:53:22,589 [WARN] IntegrityCheckThread:84 - waiting for thirdparty lock release [integrity check]
2024-02-29 18:53:22,589 [INFO] PluginManage:310 - Check plugin tools
2024-02-29 18:53:22,589 [INFO] IntegrityCheckThread:86 - entering critical section [integrity check]
2024-02-29 18:53:22,590 [INFO] ThirdPartyUpdaterWithRetryManager:70 - Updater plugin not ready yet. [1/15]
2024-02-29 18:53:22,591 [INFO] PluginManage:359 - Loaded plugin tools (category:base,tabindex:7)
2024-02-29 18:53:22,591 [INFO] PluginManage:310 - Check plugin tutovideos
2024-02-29 18:53:22,710 [INFO] PluginManage:359 - Loaded plugin tutovideos (category:base,tabindex:-1)
2024-02-29 18:53:22,710 [INFO] PluginManage:310 - Check plugin updater
2024-02-29 18:53:22,719 [INFO] PluginManage:359 - Loaded plugin updater (category:base,tabindex:12)
2024-02-29 18:53:22,719 [INFO] PluginManage:310 - Check plugin userauth
2024-02-29 18:53:22,722 [INFO] UserAuth:114 - Init User Auth plugin
2024-02-29 18:53:22,723 [INFO] PluginManage:359 - Loaded plugin userauth (category:base,tabindex:14)
2024-02-29 18:53:22,723 [INFO] PluginManage:283 - PluginManage : Loaded plugins [17]
2024-02-29 18:53:22,849 [INFO] PinOutPanel:1499 - setPackage(No Configuration,No Configuration)
2024-02-29 18:53:22,888 [INFO] CADModel:165 - CPN selected for project level
2024-02-29 18:53:22,888 [INFO] CADModel:114 - Register for checkConnection events
2024-02-29 18:53:22,895 [INFO] IPUIPlugin:80 - create IPUIPlugin
2024-02-29 18:53:22,896 [INFO] PluginManager:220 - loadIPPluginJar : add dfsdm
2024-02-29 18:53:22,897 [INFO] IPUIPlugin:80 - create IPUIPlugin
2024-02-29 18:53:22,897 [INFO] PluginManager:220 - loadIPPluginJar : add openamp
2024-02-29 18:53:22,901 [INFO] IPUIPlugin:80 - create IPUIPlugin
2024-02-29 18:53:22,901 [INFO] PluginManager:220 - loadIPPluginJar : add sai
2024-02-29 18:53:22,902 [INFO] IPUIPlugin:80 - create IPUIPlugin
2024-02-29 18:53:22,902 [INFO] PluginManager:220 - loadIPPluginJar : add genericplugin
2024-02-29 18:53:22,903 [INFO] IPUIPlugin:80 - create IPUIPlugin
2024-02-29 18:53:22,903 [INFO] PluginManager:220 - loadIPPluginJar : add i2c
2024-02-29 18:53:22,904 [INFO] IPUIPlugin:80 - create IPUIPlugin
2024-02-29 18:53:22,904 [INFO] PluginManager:220 - loadIPPluginJar : add comp
2024-02-29 18:53:22,907 [INFO] IPUIPlugin:80 - create IPUIPlugin
2024-02-29 18:53:22,908 [INFO] PluginManager:220 - loadIPPluginJar : add gpio
2024-02-29 18:53:22,912 [INFO] IPUIPlugin:80 - create IPUIPlugin
2024-02-29 18:53:22,914 [INFO] PluginManager:220 - loadIPPluginJar : add plateformsettings
2024-02-29 18:53:22,916 [INFO] IPUIPlugin:80 - create IPUIPlugin
2024-02-29 18:53:22,916 [INFO] PluginManager:220 - loadIPPluginJar : add quadspi
2024-02-29 18:53:22,917 [INFO] IPUIPlugin:80 - create IPUIPlugin
2024-02-29 18:53:22,918 [INFO] PluginManager:220 - loadIPPluginJar : add i2s
2024-02-29 18:53:22,919 [INFO] IPUIPlugin:80 - create IPUIPlugin
2024-02-29 18:53:22,919 [INFO] PluginManager:220 - loadIPPluginJar : add usbx
2024-02-29 18:53:22,920 [INFO] IPUIPlugin:80 - create IPUIPlugin
2024-02-29 18:53:22,920 [INFO] PluginManager:220 - loadIPPluginJar : add tim
2024-02-29 18:53:22,922 [INFO] IPUIPlugin:80 - create IPUIPlugin
2024-02-29 18:53:22,922 [INFO] PluginManager:220 - loadIPPluginJar : add hash
2024-02-29 18:53:22,923 [INFO] IPUIPlugin:80 - create IPUIPlugin
2024-02-29 18:53:22,924 [INFO] PluginManager:220 - loadIPPluginJar : add pdm2pcm
2024-02-29 18:53:22,925 [INFO] IPUIPlugin:80 - create IPUIPlugin
2024-02-29 18:53:22,925 [INFO] PluginManager:220 - loadIPPluginJar : add ts
2024-02-29 18:53:22,926 [INFO] IPUIPlugin:80 - create IPUIPlugin
2024-02-29 18:53:22,926 [INFO] PluginManager:220 - loadIPPluginJar : add tsc
2024-02-29 18:53:22,928 [INFO] IPUIPlugin:80 - create IPUIPlugin
2024-02-29 18:53:22,928 [INFO] PluginManager:220 - loadIPPluginJar : add aes
2024-02-29 18:53:22,931 [INFO] IPUIPlugin:80 - create IPUIPlugin
2024-02-29 18:53:22,931 [INFO] PluginManager:220 - loadIPPluginJar : add resmgrutility
2024-02-29 18:53:22,935 [INFO] IPUIPlugin:80 - create IPUIPlugin
2024-02-29 18:53:22,935 [INFO] PluginManager:220 - loadIPPluginJar : add stm32_wpan
2024-02-29 18:53:22,936 [INFO] IPUIPlugin:80 - create IPUIPlugin
2024-02-29 18:53:22,936 [INFO] PluginManager:220 - loadIPPluginJar : add tracer_emb
2024-02-29 18:53:22,938 [INFO] IPUIPlugin:80 - create IPUIPlugin
2024-02-29 18:53:22,938 [INFO] PluginManager:220 - loadIPPluginJar : add nvic
2024-02-29 18:53:22,939 [INFO] IPUIPlugin:80 - create IPUIPlugin
2024-02-29 18:53:22,939 [INFO] PluginManager:220 - loadIPPluginJar : add ltdc
2024-02-29 18:53:22,940 [INFO] IPUIPlugin:80 - create IPUIPlugin
2024-02-29 18:53:22,940 [INFO] PluginManager:220 - loadIPPluginJar : add fatfs
2024-02-29 18:53:22,942 [INFO] IPUIPlugin:80 - create IPUIPlugin
2024-02-29 18:53:22,942 [INFO] PluginManager:220 - loadIPPluginJar : add touchsensing
2024-02-29 18:53:22,946 [INFO] IPUIPlugin:80 - create IPUIPlugin
2024-02-29 18:53:22,947 [INFO] PluginManager:220 - loadIPPluginJar : add freertos
2024-02-29 18:53:22,952 [INFO] IPUIPlugin:80 - create IPUIPlugin
2024-02-29 18:53:22,952 [INFO] PluginManager:220 - loadIPPluginJar : add adc
2024-02-29 18:53:22,953 [INFO] IPUIPlugin:80 - create IPUIPlugin
2024-02-29 18:53:22,953 [INFO] PluginManager:220 - loadIPPluginJar : add usart
2024-02-29 18:53:22,955 [INFO] IPUIPlugin:80 - create IPUIPlugin
2024-02-29 18:53:22,955 [INFO] PluginManager:220 - loadIPPluginJar : add lorawan
2024-02-29 18:53:22,957 [INFO] IPUIPlugin:80 - create IPUIPlugin
2024-02-29 18:53:22,957 [INFO] PluginManager:220 - loadIPPluginJar : add fmc
2024-02-29 18:53:22,959 [INFO] IPUIPlugin:80 - create IPUIPlugin
2024-02-29 18:53:22,959 [INFO] PluginManager:220 - loadIPPluginJar : add opamp
2024-02-29 18:53:22,961 [INFO] IPUIPlugin:80 - create IPUIPlugin
2024-02-29 18:53:22,961 [INFO] PluginManager:220 - loadIPPluginJar : add can
2024-02-29 18:53:22,962 [INFO] IPUIPlugin:80 - create IPUIPlugin
2024-02-29 18:53:22,962 [INFO] PluginManager:220 - loadIPPluginJar : add dma3
2024-02-29 18:53:22,963 [INFO] IPUIPlugin:80 - create IPUIPlugin
2024-02-29 18:53:22,963 [INFO] PluginManager:220 - loadIPPluginJar : add i3c
2024-02-29 18:53:22,964 [INFO] IPUIPlugin:80 - create IPUIPlugin
2024-02-29 18:53:22,964 [INFO] PluginManager:220 - loadIPPluginJar : add ucpd
2024-02-29 18:53:22,965 [INFO] IPUIPlugin:80 - create IPUIPlugin
2024-02-29 18:53:22,965 [INFO] PluginManager:220 - loadIPPluginJar : add cryp
2024-02-29 18:53:22,966 [INFO] IPUIPlugin:80 - create IPUIPlugin
2024-02-29 18:53:22,967 [INFO] PluginManager:220 - loadIPPluginJar : add spi
2024-02-29 18:53:22,968 [INFO] IPUIPlugin:80 - create IPUIPlugin
2024-02-29 18:53:22,968 [INFO] PluginManager:220 - loadIPPluginJar : add gfxmmu
2024-02-29 18:53:22,972 [INFO] IPUIPlugin:80 - create IPUIPlugin
2024-02-29 18:53:22,972 [INFO] PluginManager:220 - loadIPPluginJar : add mdma
2024-02-29 18:53:22,976 [INFO] IPUIPlugin:80 - create IPUIPlugin
2024-02-29 18:53:22,976 [INFO] PluginManager:220 - loadIPPluginJar : add dma
2024-02-29 18:53:22,979 [INFO] IPUIPlugin:80 - create IPUIPlugin
2024-02-29 18:53:22,979 [INFO] PluginManager:220 - loadIPPluginJar : add gtzc
2024-02-29 18:53:22,981 [INFO] IPUIPlugin:80 - create IPUIPlugin
2024-02-29 18:53:22,981 [INFO] PluginManager:220 - loadIPPluginJar : add ipddr
2024-02-29 18:53:22,984 [INFO] IPUIPlugin:80 - create IPUIPlugin
2024-02-29 18:53:22,985 [INFO] PluginManager:220 - loadIPPluginJar : add gic
2024-02-29 18:53:22,989 [INFO] IPUIPlugin:80 - create IPUIPlugin
2024-02-29 18:53:22,989 [INFO] PluginManager:220 - loadIPPluginJar : add linkedlist
2024-02-29 18:53:23,084 [INFO] CADModel:165 - CPN selected for project level
2024-02-29 18:53:23,085 [INFO] CADModel:114 - Register for checkConnection events
2024-02-29 18:53:23,085 [FATAL] Updater:308 - Updater called before beeing initialized
2024-02-29 18:53:23,085 [ERROR] CADModel:125 - Updater not yet initialized, retry later 
2024-02-29 18:53:23,170 [INFO] CADModel:165 - CPN selected for project level
2024-02-29 18:53:23,170 [INFO] CADModel:114 - Register for checkConnection events
2024-02-29 18:53:23,170 [FATAL] Updater:308 - Updater called before beeing initialized
2024-02-29 18:53:23,170 [ERROR] CADModel:125 - Updater not yet initialized, retry later 
2024-02-29 18:53:23,172 [FATAL] Updater:308 - Updater called before beeing initialized
2024-02-29 18:53:23,233 [FATAL] Updater:308 - Updater called before beeing initialized
2024-02-29 18:53:23,236 [INFO] DbMcusAds:53 - JSON generation date=Wed Nov 29 16:22:27 IST 2023 (1701255147349)
2024-02-29 18:53:23,236 [FATAL] Updater:308 - Updater called before beeing initialized
2024-02-29 18:53:23,260 [WARN] DetailPanel:346 - Failed to get advertising image, set to default
2024-02-29 18:53:23,330 [FATAL] Updater:308 - Updater called before beeing initialized
2024-02-29 18:53:23,331 [FATAL] Updater:308 - Updater called before beeing initialized
2024-02-29 18:53:23,331 [FATAL] Updater:308 - Updater called before beeing initialized
2024-02-29 18:53:23,331 [WARN] DetailPanel:346 - Failed to get advertising image, set to default
2024-02-29 18:53:23,332 [FATAL] Updater:308 - Updater called before beeing initialized
2024-02-29 18:53:23,352 [ERROR] Updater:1120 - MainUpdater not yet initialized. External WinMGr cannot be set.
2024-02-29 18:53:23,354 [INFO] Updater:1056 - Updater Version found : 6.10.0
2024-02-29 18:53:23,367 [INFO] ApplicationProperties:184 - Using Application install path: /home/ritik/st/stm32cubeide_1.14.0/plugins/com.st.stm32cube.common.mx_6.10.0.202311202037
2024-02-29 18:53:23,481 [INFO] MainUpdater:2873 - connection check result : 22
2024-02-29 18:53:23,482 [INFO] MainUpdater:290 - Updater Check For Update Now.
2024-02-29 18:53:23,482 [INFO] MicroXplorer:498 - Change Database Version : DB.6.0.100
2024-02-29 18:53:23,485 [INFO] McuFinderGlobals:63 - Set McuFinder mode to 2 (CubeIDE integrated)
2024-02-29 18:53:23,485 [INFO] UserAuth:180 - activating auth plugin
2024-02-29 18:53:23,487 [INFO] UserAuth:404 - Internet connection configuration mode: 2
2024-02-29 18:53:23,491 [INFO] UserAuth:404 - Internet connection configuration mode: 2
2024-02-29 18:53:23,652 [INFO] CheckServerUpdateThread:120 - End of CheckServer Thread
2024-02-29 18:53:25,662 [WARN] PackLoader:240 - Cannot read IP mode file for STMicroelectronics.X-CUBE-SMBUS.2.1.0
2024-02-29 18:53:25,666 [WARN] PackLoader:240 - Cannot read IP mode file for STMicroelectronics.X-CUBE-TOUCHGFX.4.23.0
2024-02-29 18:53:25,685 [WARN] PackLoader:240 - Cannot read IP mode file for STMicroelectronics.X-CUBE-AZRTOS-F7.1.1.0
2024-02-29 18:53:25,692 [WARN] PackLoader:240 - Cannot read IP mode file for STMicroelectronics.FP-SNS-MOTENV1.4.3.2
2024-02-29 18:53:25,696 [WARN] PackLoader:240 - Cannot read IP mode file for STMicroelectronics.FP-SNS-FLIGHT1.5.0.2
2024-02-29 18:53:25,702 [WARN] PackLoader:240 - Cannot read IP mode file for STMicroelectronics.X-CUBE-DISPLAY.3.0.0
2024-02-29 18:53:25,709 [WARN] PackLoader:240 - Cannot read IP mode file for STMicroelectronics.X-CUBE-BLE1.7.0.0
2024-02-29 18:53:25,712 [WARN] PackLoader:240 - Cannot read IP mode file for emotas.I-CUBE-CANOPEN.1.3.0
2024-02-29 18:53:25,714 [WARN] PackLoader:240 - Cannot read IP mode file for STMicroelectronics.FP-SNS-SMARTAG2.1.2.0
2024-02-29 18:53:25,721 [INFO] LogOutputStream:77 - [STDOUT_REDIRECT] 1 : Invalid condition id : UX_CORESTACK_Condition cause : null
2024-02-29 18:53:25,722 [INFO] LogOutputStream:77 - [STDOUT_REDIRECT] 1 : Invalid condition id : UX_CORESTACK_Condition cause : null
2024-02-29 18:53:25,722 [INFO] LogOutputStream:77 - [STDOUT_REDIRECT] 1 : Invalid condition id : UX_CORESTACK_Condition cause : null
2024-02-29 18:53:25,722 [INFO] LogOutputStream:77 - [STDOUT_REDIRECT] 1 : Invalid condition id : UX_CORESTACK_Condition cause : null
2024-02-29 18:53:25,722 [INFO] LogOutputStream:77 - [STDOUT_REDIRECT] 1 : Invalid condition id : UX_CORESTACK_Condition cause : null
2024-02-29 18:53:25,725 [WARN] PackLoader:240 - Cannot read IP mode file for STMicroelectronics.X-CUBE-AZRTOS-WL.2.0.0
2024-02-29 18:53:25,729 [WARN] PackLoader:240 - Cannot read IP mode file for STMicroelectronics.X-CUBE-BLE2.3.3.0
2024-02-29 18:53:25,733 [WARN] PackLoader:240 - Cannot read IP mode file for STMicroelectronics.X-CUBE-ALGOBUILD.1.3.0
2024-02-29 18:53:25,745 [WARN] PackLoader:240 - Cannot read IP mode file for STMicroelectronics.X-CUBE-AZRTOS-G0.1.1.0
2024-02-29 18:53:25,749 [WARN] PackLoader:240 - Cannot read IP mode file for STMicroelectronics.X-CUBE-NFC4.3.0.0
2024-02-29 18:53:25,755 [WARN] PackLoader:240 - Cannot read IP mode file for STMicroelectronics.X-CUBE-BLEMGR.3.0.0
2024-02-29 18:53:25,759 [WARN] PackLoader:240 - Cannot read IP mode file for STMicroelectronics.FP-ATR-SIGFOX1.3.2.0
2024-02-29 18:53:25,762 [WARN] PackLoader:240 - Cannot read IP mode file for STMicroelectronics.X-CUBE-EEPRMA1.5.1.0
2024-02-29 18:53:25,766 [WARN] PackLoader:240 - Cannot read IP mode file for STMicroelectronics.X-CUBE-GNSS1.6.0.0
2024-02-29 18:53:25,776 [WARN] PackLoader:240 - Cannot read IP mode file for STMicroelectronics.X-CUBE-AZRTOS-F4.1.1.0
2024-02-29 18:53:25,787 [WARN] PackLoader:240 - Cannot read IP mode file for STMicroelectronics.X-CUBE-AZRTOS-L5.2.0.0
2024-02-29 18:53:25,791 [WARN] PackLoader:240 - Cannot read IP mode file for STMicroelectronics.X-CUBE-EEPRMA1.4.2.0
2024-02-29 18:53:25,794 [WARN] PackLoader:240 - Cannot read IP mode file for ITTIA_DB.I-CUBE-ITTIADB.8.8.0
2024-02-29 18:53:25,797 [WARN] PackLoader:240 - Cannot read IP mode file for STMicroelectronics.X-CUBE-NFC7.1.0.1
2024-02-29 18:53:25,801 [WARN] PackLoader:240 - Cannot read IP mode file for STMicroelectronics.X-CUBE-NFC6.3.0.0
2024-02-29 18:53:25,804 [WARN] PackLoader:240 - Cannot read IP mode file for STMicroelectronics.X-CUBE-AI.8.1.0
2024-02-29 18:53:25,813 [WARN] ConditionMgr:438 - getConditionDescription Invalid condition id : LAN8742 Phy interface Condition cause : null
2024-02-29 18:53:25,814 [WARN] PackLoader:240 - Cannot read IP mode file for STMicroelectronics.X-CUBE-AZRTOS-L4.2.0.0
2024-02-29 18:53:25,814 [WARN] ConditionMgr:1039 - genDependencies : Invalid condition id : LAN8742 Phy interface Condition cause : null
2024-02-29 18:53:25,814 [WARN] ConditionMgr:1039 - genDependencies : Invalid condition id : LAN8742 Phy interface Condition cause : null
2024-02-29 18:53:25,815 [WARN] ConditionMgr:1039 - genDependencies : Invalid condition id : LAN8742 Phy interface Condition cause : null
2024-02-29 18:53:25,819 [WARN] PackLoader:240 - Cannot read IP mode file for STMicroelectronics.X-CUBE-SFXS2LP1.4.0.0
2024-02-29 18:53:25,832 [WARN] ConditionMgr:438 - getConditionDescription Invalid condition id : UX DEVICE CLASS RTOS Condition cause : null
2024-02-29 18:53:25,832 [WARN] ConditionMgr:438 - getConditionDescription Invalid condition id : UX DEVICE CLASS RTOS Condition cause : null
2024-02-29 18:53:25,834 [WARN] PackLoader:240 - Cannot read IP mode file for STMicroelectronics.X-CUBE-AZRTOS-WB.2.0.0
2024-02-29 18:53:25,834 [WARN] ConditionMgr:1039 - genDependencies : Invalid condition id : UX DEVICE CLASS RTOS Condition cause : null
2024-02-29 18:53:25,834 [WARN] ConditionMgr:1039 - genDependencies : Invalid condition id : UX DEVICE CLASS RTOS Condition cause : null
2024-02-29 18:53:25,835 [WARN] ConditionMgr:1039 - genDependencies : Invalid condition id : UX DEVICE CLASS RTOS Condition cause : null
2024-02-29 18:53:25,835 [WARN] ConditionMgr:1039 - genDependencies : Invalid condition id : UX DEVICE CLASS RTOS Condition cause : null
2024-02-29 18:53:25,835 [WARN] ConditionMgr:1039 - genDependencies : Invalid condition id : UX DEVICE CLASS RTOS Condition cause : null
2024-02-29 18:53:25,843 [WARN] PackLoader:240 - Cannot read IP mode file for STMicroelectronics.X-CUBE-SUBG2.5.0.0
2024-02-29 18:53:25,858 [WARN] PackLoader:240 - Cannot read IP mode file for STMicroelectronics.X-CUBE-AZRTOS-G4.2.0.0
2024-02-29 18:53:25,868 [WARN] PackLoader:240 - Cannot read IP mode file for Infineon.AIROC-Wi-Fi-Bluetooth-STM32.1.5.1
2024-02-29 18:53:25,873 [WARN] PackLoader:240 - Cannot read IP mode file for STMicroelectronics.FP-SNS-MOTENVWB1.1.3.1
2024-02-29 18:53:25,876 [WARN] PackLoader:240 - Cannot read IP mode file for STMicroelectronics.X-CUBE-ISPU.2.0.0
2024-02-29 18:53:25,895 [WARN] PackLoader:240 - Cannot read IP mode file for STMicroelectronics.X-CUBE-MEMS1.10.0.0
2024-02-29 18:53:25,964 [WARN] PackLoader:240 - Cannot read IP mode file for STMicroelectronics.X-CUBE-FREERTOS.1.1.0
2024-02-29 18:53:25,966 [WARN] PackLoader:240 - Cannot read IP mode file for STMicroelectronics.X-CUBE-ALS.1.0.1
2024-02-29 18:53:25,968 [WARN] PackLoader:240 - Cannot read IP mode file for STMicroelectronics.FP-ATR-ASTRA1.2.0.0
2024-02-29 18:53:25,976 [WARN] PackLoader:240 - Cannot read IP mode file for STMicroelectronics.X-CUBE-TOF1.3.4.0
2024-02-29 18:53:25,992 [WARN] PackLoader:240 - Cannot read IP mode file for STMicroelectronics.X-CUBE-AZRTOS-H7.3.2.0
2024-02-29 18:53:25,994 [INFO] ThirdParty:978 - Integrity check success = true
2024-02-29 18:53:25,994 [INFO] IntegrityCheckThread:100 - exiting critical section [integrity check]
2024-02-29 18:53:25,994 [INFO] IntegrityCheckThread:103 - End integrity checks thread
2024-02-29 18:53:43,881 [ERROR] LogOutputStream:75 - [STDERR_REDIRECT] SLF4J: Failed to load class "org.slf4j.impl.StaticLoggerBinder".
2024-02-29 18:53:43,882 [ERROR] LogOutputStream:75 - [STDERR_REDIRECT] SLF4J: Defaulting to no-operation (NOP) logger implementation
2024-02-29 18:53:43,882 [ERROR] LogOutputStream:75 - [STDERR_REDIRECT] SLF4J: See http://www.slf4j.org/codes.html#StaticLoggerBinder for further details.
