2024-02-25 04:43:57,541 [ERROR] ConfigurationRetriever:142 - IOException on connection: sw-center.st.com
2024-02-25 04:43:57,542 [ERROR] ConfigurationRetriever:142 - IOException on connection: sw-center.st.com
2024-02-25 04:43:57,543 [ERROR] ConfigurationRetriever:142 - IOException on connection: sw-center.st.com
2024-02-25 04:43:57,903 [ERROR] LogOutputStream:75 - [STDERR_REDIRECT] 
2024-02-25 23:56:15,038 [INFO] Activator:176 - 


2024-02-25 23:56:15,039 [INFO] Activator:177 - !SESSION log4j initialized
2024-02-25 23:56:19,456 [INFO] LogOutputStream:77 - [STDOUT_REDIRECT] 
2024-02-25 23:56:39,838 [INFO] ApplicationProperties:184 - Using Application install path: /home/ritik/st/stm32cubeide_1.14.0/plugins/com.st.stm32cube.common.mx_6.10.0.202311202037
2024-02-25 23:56:39,850 [INFO] DbMcusXml:78 - Set database path to: /home/ritik/st/stm32cubeide_1.14.0/plugins/com.st.stm32cube.common.mx_6.10.0.202311202037//db//mcu/
2024-02-25 23:56:39,851 [INFO] ApiDb:274 - Set plugin database path to: /home/ritik/st/stm32cubeide_1.14.0/plugins/com.st.stm32cube.common.mx_6.10.0.202311202037//db//plugins/boardmanager/
2024-02-25 23:56:39,851 [WARN] ApiDb:259 - Overriding images path with different value:  => /home/ritik/st/stm32cubeide_1.14.0/plugins/com.st.stm32cube.common.mx_6.10.0.202311202037//db//plugins/mcufinder/images/
2024-02-25 23:56:39,856 [INFO] ApiDb:250 - Set database path to: /home/ritik/.stmcufinder/plugins/mcufinder//mcu/
2024-02-25 23:56:39,857 [INFO] DbMcusAds:125 - Set database path to: /home/ritik/.stmcufinder/plugins/mcufinder//mcu/
2024-02-25 23:56:39,858 [INFO] CrossReferenceDbSqlite:203 - Set database path to: /home/ritik/.stmcufinder/plugins/mcufinder//mcu/cs/
2024-02-25 23:56:39,941 [INFO] RulesReader:64 - Compatibility file has been processed (297 Rules)
2024-02-25 23:56:39,988 [INFO] DbMcusXml:78 - Set database path to: /home/ritik/st/stm32cubeide_1.14.0/plugins/com.st.stm32cube.common.mx_6.10.0.202311202037//db//mcu/
2024-02-25 23:56:39,988 [INFO] ApiDb:274 - Set plugin database path to: /home/ritik/st/stm32cubeide_1.14.0/plugins/com.st.stm32cube.common.mx_6.10.0.202311202037//db//plugins/boardmanager/
2024-02-25 23:56:39,988 [INFO] ApiDb:261 - Set plugin images path to: /home/ritik/st/stm32cubeide_1.14.0/plugins/com.st.stm32cube.common.mx_6.10.0.202311202037//db//plugins/mcufinder/images/
2024-02-25 23:56:39,988 [WARN] DbFile:41 - Overriding database path with different value: /home/ritik/.stmcufinder/plugins/mcufinder/ => /home/ritik/.stmcufinder/plugins/mcufinder
2024-02-25 23:56:39,989 [INFO] ApiDb:250 - Set database path to: /home/ritik/.stmcufinder/plugins/mcufinder//mcu/
2024-02-25 23:56:39,989 [WARN] DbFile:41 - Overriding database path with different value: /home/ritik/.stmcufinder/plugins/mcufinder/ => /home/ritik/.stmcufinder/plugins/mcufinder
2024-02-25 23:56:39,989 [INFO] DbMcusAds:125 - Set database path to: /home/ritik/.stmcufinder/plugins/mcufinder//mcu/
2024-02-25 23:56:39,989 [WARN] DbFile:41 - Overriding database path with different value: /home/ritik/.stmcufinder/plugins/mcufinder/ => /home/ritik/.stmcufinder/plugins/mcufinder
2024-02-25 23:56:39,989 [WARN] DbFile:41 - Overriding database path with different value: /home/ritik/.stmcufinder/plugins/mcufinder/ => /home/ritik/.stmcufinder/plugins/mcufinder
2024-02-25 23:56:39,989 [INFO] CrossReferenceDbSqlite:203 - Set database path to: /home/ritik/.stmcufinder/plugins/mcufinder//mcu/cs/
2024-02-25 23:56:40,039 [INFO] MainPanel:264 - HeapMemory: 268435456
2024-02-25 23:56:40,102 [INFO] DbMcusXml:78 - Set database path to: /home/ritik/st/stm32cubeide_1.14.0/plugins/com.st.stm32cube.common.mx_6.10.0.202311202037//db//mcu/
2024-02-25 23:56:40,102 [INFO] ApiDb:274 - Set plugin database path to: /home/ritik/st/stm32cubeide_1.14.0/plugins/com.st.stm32cube.common.mx_6.10.0.202311202037//db//plugins/boardmanager/
2024-02-25 23:56:40,102 [INFO] ApiDb:261 - Set plugin images path to: /home/ritik/st/stm32cubeide_1.14.0/plugins/com.st.stm32cube.common.mx_6.10.0.202311202037//db//plugins/mcufinder/images/
2024-02-25 23:56:40,102 [WARN] DbFile:41 - Overriding database path with different value: /home/ritik/.stmcufinder/plugins/mcufinder/ => /home/ritik/.stmcufinder/plugins/mcufinder
2024-02-25 23:56:40,102 [INFO] ApiDb:250 - Set database path to: /home/ritik/.stmcufinder/plugins/mcufinder//mcu/
2024-02-25 23:56:40,102 [WARN] DbFile:41 - Overriding database path with different value: /home/ritik/.stmcufinder/plugins/mcufinder/ => /home/ritik/.stmcufinder/plugins/mcufinder
2024-02-25 23:56:40,102 [INFO] DbMcusAds:125 - Set database path to: /home/ritik/.stmcufinder/plugins/mcufinder//mcu/
2024-02-25 23:56:40,102 [WARN] DbFile:41 - Overriding database path with different value: /home/ritik/.stmcufinder/plugins/mcufinder/ => /home/ritik/.stmcufinder/plugins/mcufinder
2024-02-25 23:56:40,102 [WARN] DbFile:41 - Overriding database path with different value: /home/ritik/.stmcufinder/plugins/mcufinder/ => /home/ritik/.stmcufinder/plugins/mcufinder
2024-02-25 23:56:40,102 [INFO] CrossReferenceDbSqlite:203 - Set database path to: /home/ritik/.stmcufinder/plugins/mcufinder//mcu/cs/
2024-02-25 23:56:40,115 [INFO] ApplicationProperties:184 - Using Application install path: /home/ritik/st/stm32cubeide_1.14.0/plugins/com.st.stm32cube.common.mx_6.10.0.202311202037
2024-02-25 23:56:40,116 [INFO] PluginManage:196 - Search for loadable plugins [exclusion list=, ]
2024-02-25 23:56:40,117 [INFO] PluginManage:310 - Check plugin analytics
2024-02-25 23:56:40,223 [INFO] AnalyticsPlugin:253 - Accepted Software Licenses: 
2024-02-25 23:56:40,223 [INFO] AnalyticsPlugin:255 - Accepted CMSIS Pack Licenses: 
2024-02-25 23:56:40,223 [INFO] AnalyticsPlugin:257 - Accepted Firmware Licenses: 
2024-02-25 23:56:40,225 [INFO] PluginManage:359 - Loaded plugin analytics (category:tool,tabindex:-1)
2024-02-25 23:56:40,225 [INFO] PluginManage:310 - Check plugin cadmodel
2024-02-25 23:56:40,244 [INFO] CADModel:105 - Init CAD model plugin
2024-02-25 23:56:40,244 [INFO] PluginManage:359 - Loaded plugin cadmodel (category:power,tabindex:5)
2024-02-25 23:56:40,244 [INFO] PluginManage:310 - Check plugin clock
2024-02-25 23:56:40,251 [INFO] PluginManage:359 - Loaded plugin clock (category:base,tabindex:2)
2024-02-25 23:56:40,252 [INFO] PluginManage:310 - Check plugin ddr
2024-02-25 23:56:40,253 [INFO] PluginManage:359 - Loaded plugin ddr (category:tool,tabindex:6)
2024-02-25 23:56:40,253 [INFO] PluginManage:310 - Check plugin filemanager
2024-02-25 23:56:40,354 [INFO] PluginManage:359 - Loaded plugin filemanager (category:base,tabindex:10)
2024-02-25 23:56:40,354 [INFO] PluginManage:310 - Check plugin ipmanager
2024-02-25 23:56:40,358 [INFO] PluginManage:359 - Loaded plugin ipmanager (category:base,tabindex:5)
2024-02-25 23:56:40,359 [INFO] PluginManage:310 - Check plugin lpbam
2024-02-25 23:56:40,365 [INFO] PluginManage:359 - Loaded plugin lpbam (category:base,tabindex:0)
2024-02-25 23:56:40,365 [INFO] PluginManage:310 - Check plugin memorymap
2024-02-25 23:56:40,373 [INFO] PluginManage:359 - Loaded plugin memorymap (category:base,tabindex:4)
2024-02-25 23:56:40,373 [INFO] PluginManage:310 - Check plugin pinoutandconfiguration
2024-02-25 23:56:40,378 [INFO] PluginManage:359 - Loaded plugin pinoutandconfiguration (category:base,tabindex:1)
2024-02-25 23:56:40,378 [INFO] PluginManage:310 - Check plugin pinoutconfig
2024-02-25 23:56:40,432 [WARN] SupportedApi:132 - Cannot load RTOS API schema: s4s-elt-must-match.1: The content of 'definitions' must match (annotation?, (simpleType | complexType)?, (unique | key | keyref)*)). A problem was found starting at: attribute.
2024-02-25 23:56:40,509 [INFO] PluginManage:359 - Loaded plugin pinoutconfig (category:base,tabindex:0)
2024-02-25 23:56:40,509 [INFO] PluginManage:310 - Check plugin power
2024-02-25 23:56:40,515 [INFO] PluginManage:359 - Loaded plugin power (category:power,tabindex:4)
2024-02-25 23:56:40,515 [INFO] PluginManage:310 - Check plugin projectmanager
2024-02-25 23:56:40,525 [INFO] PluginManage:359 - Loaded plugin projectmanager (category:projectmanager,tabindex:3)
2024-02-25 23:56:40,525 [INFO] PluginManage:310 - Check plugin thirdparty
2024-02-25 23:56:40,592 [INFO] PluginManage:359 - Loaded plugin thirdparty (category:base,tabindex:-1)
2024-02-25 23:56:40,592 [INFO] PluginManage:310 - Check plugin tools
2024-02-25 23:56:40,592 [WARN] IntegrityCheckThread:84 - waiting for thirdparty lock release [integrity check]
2024-02-25 23:56:40,593 [INFO] IntegrityCheckThread:86 - entering critical section [integrity check]
2024-02-25 23:56:40,593 [INFO] ThirdPartyUpdaterWithRetryManager:70 - Updater plugin not ready yet. [1/15]
2024-02-25 23:56:40,594 [INFO] PluginManage:359 - Loaded plugin tools (category:base,tabindex:7)
2024-02-25 23:56:40,594 [INFO] PluginManage:310 - Check plugin tutovideos
2024-02-25 23:56:40,708 [INFO] PluginManage:359 - Loaded plugin tutovideos (category:base,tabindex:-1)
2024-02-25 23:56:40,708 [INFO] PluginManage:310 - Check plugin updater
2024-02-25 23:56:40,717 [INFO] PluginManage:359 - Loaded plugin updater (category:base,tabindex:12)
2024-02-25 23:56:40,717 [INFO] PluginManage:310 - Check plugin userauth
2024-02-25 23:56:40,722 [INFO] UserAuth:114 - Init User Auth plugin
2024-02-25 23:56:40,722 [INFO] PluginManage:359 - Loaded plugin userauth (category:base,tabindex:14)
2024-02-25 23:56:40,722 [INFO] PluginManage:283 - PluginManage : Loaded plugins [17]
2024-02-25 23:56:40,869 [INFO] PinOutPanel:1499 - setPackage(No Configuration,No Configuration)
2024-02-25 23:56:40,902 [INFO] CADModel:165 - CPN selected for project level
2024-02-25 23:56:40,902 [INFO] CADModel:114 - Register for checkConnection events
2024-02-25 23:56:40,908 [INFO] IPUIPlugin:80 - create IPUIPlugin
2024-02-25 23:56:40,908 [INFO] PluginManager:220 - loadIPPluginJar : add dfsdm
2024-02-25 23:56:40,909 [INFO] IPUIPlugin:80 - create IPUIPlugin
2024-02-25 23:56:40,909 [INFO] PluginManager:220 - loadIPPluginJar : add openamp
2024-02-25 23:56:40,912 [INFO] IPUIPlugin:80 - create IPUIPlugin
2024-02-25 23:56:40,912 [INFO] PluginManager:220 - loadIPPluginJar : add sai
2024-02-25 23:56:40,913 [INFO] IPUIPlugin:80 - create IPUIPlugin
2024-02-25 23:56:40,913 [INFO] PluginManager:220 - loadIPPluginJar : add genericplugin
2024-02-25 23:56:40,914 [INFO] IPUIPlugin:80 - create IPUIPlugin
2024-02-25 23:56:40,914 [INFO] PluginManager:220 - loadIPPluginJar : add i2c
2024-02-25 23:56:40,915 [INFO] IPUIPlugin:80 - create IPUIPlugin
2024-02-25 23:56:40,915 [INFO] PluginManager:220 - loadIPPluginJar : add comp
2024-02-25 23:56:40,917 [INFO] IPUIPlugin:80 - create IPUIPlugin
2024-02-25 23:56:40,917 [INFO] PluginManager:220 - loadIPPluginJar : add gpio
2024-02-25 23:56:40,921 [INFO] IPUIPlugin:80 - create IPUIPlugin
2024-02-25 23:56:40,922 [INFO] PluginManager:220 - loadIPPluginJar : add plateformsettings
2024-02-25 23:56:40,923 [INFO] IPUIPlugin:80 - create IPUIPlugin
2024-02-25 23:56:40,923 [INFO] PluginManager:220 - loadIPPluginJar : add quadspi
2024-02-25 23:56:40,924 [INFO] IPUIPlugin:80 - create IPUIPlugin
2024-02-25 23:56:40,924 [INFO] PluginManager:220 - loadIPPluginJar : add i2s
2024-02-25 23:56:40,925 [INFO] IPUIPlugin:80 - create IPUIPlugin
2024-02-25 23:56:40,925 [INFO] PluginManager:220 - loadIPPluginJar : add usbx
2024-02-25 23:56:40,926 [INFO] IPUIPlugin:80 - create IPUIPlugin
2024-02-25 23:56:40,926 [INFO] PluginManager:220 - loadIPPluginJar : add tim
2024-02-25 23:56:40,927 [INFO] IPUIPlugin:80 - create IPUIPlugin
2024-02-25 23:56:40,927 [INFO] PluginManager:220 - loadIPPluginJar : add hash
2024-02-25 23:56:40,928 [INFO] IPUIPlugin:80 - create IPUIPlugin
2024-02-25 23:56:40,928 [INFO] PluginManager:220 - loadIPPluginJar : add pdm2pcm
2024-02-25 23:56:40,929 [INFO] IPUIPlugin:80 - create IPUIPlugin
2024-02-25 23:56:40,929 [INFO] PluginManager:220 - loadIPPluginJar : add ts
2024-02-25 23:56:40,930 [INFO] IPUIPlugin:80 - create IPUIPlugin
2024-02-25 23:56:40,930 [INFO] PluginManager:220 - loadIPPluginJar : add tsc
2024-02-25 23:56:40,931 [INFO] IPUIPlugin:80 - create IPUIPlugin
2024-02-25 23:56:40,931 [INFO] PluginManager:220 - loadIPPluginJar : add aes
2024-02-25 23:56:40,934 [INFO] IPUIPlugin:80 - create IPUIPlugin
2024-02-25 23:56:40,934 [INFO] PluginManager:220 - loadIPPluginJar : add resmgrutility
2024-02-25 23:56:40,936 [INFO] IPUIPlugin:80 - create IPUIPlugin
2024-02-25 23:56:40,936 [INFO] PluginManager:220 - loadIPPluginJar : add stm32_wpan
2024-02-25 23:56:40,937 [INFO] IPUIPlugin:80 - create IPUIPlugin
2024-02-25 23:56:40,937 [INFO] PluginManager:220 - loadIPPluginJar : add tracer_emb
2024-02-25 23:56:40,939 [INFO] IPUIPlugin:80 - create IPUIPlugin
2024-02-25 23:56:40,940 [INFO] PluginManager:220 - loadIPPluginJar : add nvic
2024-02-25 23:56:40,940 [INFO] IPUIPlugin:80 - create IPUIPlugin
2024-02-25 23:56:40,940 [INFO] PluginManager:220 - loadIPPluginJar : add ltdc
2024-02-25 23:56:40,941 [INFO] IPUIPlugin:80 - create IPUIPlugin
2024-02-25 23:56:40,941 [INFO] PluginManager:220 - loadIPPluginJar : add fatfs
2024-02-25 23:56:40,943 [INFO] IPUIPlugin:80 - create IPUIPlugin
2024-02-25 23:56:40,943 [INFO] PluginManager:220 - loadIPPluginJar : add touchsensing
2024-02-25 23:56:40,946 [INFO] IPUIPlugin:80 - create IPUIPlugin
2024-02-25 23:56:40,946 [INFO] PluginManager:220 - loadIPPluginJar : add freertos
2024-02-25 23:56:40,949 [INFO] IPUIPlugin:80 - create IPUIPlugin
2024-02-25 23:56:40,950 [INFO] PluginManager:220 - loadIPPluginJar : add adc
2024-02-25 23:56:40,951 [INFO] IPUIPlugin:80 - create IPUIPlugin
2024-02-25 23:56:40,951 [INFO] PluginManager:220 - loadIPPluginJar : add usart
2024-02-25 23:56:40,952 [INFO] IPUIPlugin:80 - create IPUIPlugin
2024-02-25 23:56:40,952 [INFO] PluginManager:220 - loadIPPluginJar : add lorawan
2024-02-25 23:56:40,954 [INFO] IPUIPlugin:80 - create IPUIPlugin
2024-02-25 23:56:40,954 [INFO] PluginManager:220 - loadIPPluginJar : add fmc
2024-02-25 23:56:40,956 [INFO] IPUIPlugin:80 - create IPUIPlugin
2024-02-25 23:56:40,956 [INFO] PluginManager:220 - loadIPPluginJar : add opamp
2024-02-25 23:56:40,957 [INFO] IPUIPlugin:80 - create IPUIPlugin
2024-02-25 23:56:40,957 [INFO] PluginManager:220 - loadIPPluginJar : add can
2024-02-25 23:56:40,958 [INFO] IPUIPlugin:80 - create IPUIPlugin
2024-02-25 23:56:40,958 [INFO] PluginManager:220 - loadIPPluginJar : add dma3
2024-02-25 23:56:40,960 [INFO] IPUIPlugin:80 - create IPUIPlugin
2024-02-25 23:56:40,960 [INFO] PluginManager:220 - loadIPPluginJar : add i3c
2024-02-25 23:56:40,961 [INFO] IPUIPlugin:80 - create IPUIPlugin
2024-02-25 23:56:40,961 [INFO] PluginManager:220 - loadIPPluginJar : add ucpd
2024-02-25 23:56:40,962 [INFO] IPUIPlugin:80 - create IPUIPlugin
2024-02-25 23:56:40,962 [INFO] PluginManager:220 - loadIPPluginJar : add cryp
2024-02-25 23:56:40,963 [INFO] IPUIPlugin:80 - create IPUIPlugin
2024-02-25 23:56:40,963 [INFO] PluginManager:220 - loadIPPluginJar : add spi
2024-02-25 23:56:40,964 [INFO] IPUIPlugin:80 - create IPUIPlugin
2024-02-25 23:56:40,964 [INFO] PluginManager:220 - loadIPPluginJar : add gfxmmu
2024-02-25 23:56:40,968 [INFO] IPUIPlugin:80 - create IPUIPlugin
2024-02-25 23:56:40,968 [INFO] PluginManager:220 - loadIPPluginJar : add mdma
2024-02-25 23:56:40,971 [INFO] IPUIPlugin:80 - create IPUIPlugin
2024-02-25 23:56:40,971 [INFO] PluginManager:220 - loadIPPluginJar : add dma
2024-02-25 23:56:40,972 [INFO] IPUIPlugin:80 - create IPUIPlugin
2024-02-25 23:56:40,972 [INFO] PluginManager:220 - loadIPPluginJar : add gtzc
2024-02-25 23:56:40,974 [INFO] IPUIPlugin:80 - create IPUIPlugin
2024-02-25 23:56:40,974 [INFO] PluginManager:220 - loadIPPluginJar : add ipddr
2024-02-25 23:56:40,977 [INFO] IPUIPlugin:80 - create IPUIPlugin
2024-02-25 23:56:40,977 [INFO] PluginManager:220 - loadIPPluginJar : add gic
2024-02-25 23:56:40,980 [INFO] IPUIPlugin:80 - create IPUIPlugin
2024-02-25 23:56:40,980 [INFO] PluginManager:220 - loadIPPluginJar : add linkedlist
2024-02-25 23:56:41,073 [INFO] CADModel:165 - CPN selected for project level
2024-02-25 23:56:41,073 [INFO] CADModel:114 - Register for checkConnection events
2024-02-25 23:56:41,074 [FATAL] Updater:308 - Updater called before beeing initialized
2024-02-25 23:56:41,074 [ERROR] CADModel:125 - Updater not yet initialized, retry later 
2024-02-25 23:56:41,161 [INFO] CADModel:165 - CPN selected for project level
2024-02-25 23:56:41,161 [INFO] CADModel:114 - Register for checkConnection events
2024-02-25 23:56:41,161 [FATAL] Updater:308 - Updater called before beeing initialized
2024-02-25 23:56:41,161 [ERROR] CADModel:125 - Updater not yet initialized, retry later 
2024-02-25 23:56:41,163 [FATAL] Updater:308 - Updater called before beeing initialized
2024-02-25 23:56:41,214 [FATAL] Updater:308 - Updater called before beeing initialized
2024-02-25 23:56:41,216 [INFO] DbMcusAds:53 - JSON generation date=Wed Nov 29 16:22:27 IST 2023 (1701255147349)
2024-02-25 23:56:41,216 [FATAL] Updater:308 - Updater called before beeing initialized
2024-02-25 23:56:41,240 [WARN] DetailPanel:346 - Failed to get advertising image, set to default
2024-02-25 23:56:41,314 [FATAL] Updater:308 - Updater called before beeing initialized
2024-02-25 23:56:41,315 [FATAL] Updater:308 - Updater called before beeing initialized
2024-02-25 23:56:41,315 [FATAL] Updater:308 - Updater called before beeing initialized
2024-02-25 23:56:41,316 [WARN] DetailPanel:346 - Failed to get advertising image, set to default
2024-02-25 23:56:41,316 [FATAL] Updater:308 - Updater called before beeing initialized
2024-02-25 23:56:41,336 [ERROR] Updater:1120 - MainUpdater not yet initialized. External WinMGr cannot be set.
2024-02-25 23:56:41,337 [INFO] Updater:1056 - Updater Version found : 6.10.0
2024-02-25 23:56:41,349 [INFO] ApplicationProperties:184 - Using Application install path: /home/ritik/st/stm32cubeide_1.14.0/plugins/com.st.stm32cube.common.mx_6.10.0.202311202037
2024-02-25 23:56:43,593 [INFO] ThirdPartyUpdaterWithRetryManager:70 - Updater plugin not ready yet. [2/15]
2024-02-25 23:56:44,287 [INFO] MainUpdater:2873 - connection check result : 10
2024-02-25 23:56:44,288 [INFO] MainUpdater:3567 - Updater definition file requires update
2024-02-25 23:56:44,288 [INFO] MainUpdater:290 - Updater Check For Update Now.
2024-02-25 23:56:44,288 [INFO] MicroXplorer:498 - Change Database Version : DB.6.0.100
2024-02-25 23:56:44,291 [INFO] McuFinderGlobals:63 - Set McuFinder mode to 2 (CubeIDE integrated)
2024-02-25 23:56:44,291 [INFO] UserAuth:180 - activating auth plugin
2024-02-25 23:56:44,292 [INFO] UserAuth:404 - Internet connection configuration mode: 1
2024-02-25 23:56:44,300 [INFO] JxBrowserEngine:152 - Initiate JxBrowser Engine with user profile folder
2024-02-25 23:56:44,917 [INFO] WebApp:161 - Instantiating new browser for Auth
2024-02-25 23:56:45,518 [INFO] WebApp:780 - Register for checkConnection events
2024-02-25 23:56:45,518 [INFO] WebApp:414 - Apply proxy settings
2024-02-25 23:56:45,518 [INFO] WebApp:499 - Chromium requires no authentication
2024-02-25 23:56:45,529 [INFO] WebApp:442 - Direct internet connection detected
2024-02-25 23:56:45,606 [INFO] WebApp:192 - Starting web application
2024-02-25 23:56:45,606 [INFO] WebApp:544 - Web application path used /home/ritik/st/stm32cubeide_1.14.0/plugins/com.st.stm32cube.common.mx_6.10.0.202311202037/db/plugins/mcufinder/reactClient1/index.html
2024-02-25 23:56:46,064 [INFO] ServerAccessManage:473 - Download File updaters.zip
2024-02-25 23:56:46,276 [INFO] FileExtend:240 - Unzip File : updaters.zip
2024-02-25 23:56:46,276 [INFO] FileExtend:255 - Standard Zip Deflate
2024-02-25 23:56:46,594 [WARN] MainUpdater:1194 - Updater busy. Cannot search thirdparties
2024-02-25 23:56:46,595 [INFO] ThirdPartyUpdaterWithRetryManager:96 - Updater plugin is busy. [1/15]
2024-02-25 23:56:47,203 [INFO] ServerAccessManage:473 - Download File PacksControlFlags.xml
2024-02-25 23:56:48,094 [INFO] ServerAccessManage:473 - Download File cubemx.pidx
2024-02-25 23:56:48,164 [INFO] LoadServerUpdatesThread:375 - End of LoadServerUpdate Thread
2024-02-25 23:56:48,310 [INFO] CheckServerUpdateThread:120 - End of CheckServer Thread
2024-02-25 23:56:49,676 [WARN] PackLoader:240 - Cannot read IP mode file for STMicroelectronics.X-CUBE-SMBUS.2.1.0
2024-02-25 23:56:49,679 [WARN] PackLoader:240 - Cannot read IP mode file for STMicroelectronics.X-CUBE-TOUCHGFX.4.23.0
2024-02-25 23:56:49,701 [WARN] PackLoader:240 - Cannot read IP mode file for STMicroelectronics.X-CUBE-AZRTOS-F7.1.1.0
2024-02-25 23:56:49,709 [WARN] PackLoader:240 - Cannot read IP mode file for STMicroelectronics.FP-SNS-MOTENV1.4.3.2
2024-02-25 23:56:49,714 [WARN] PackLoader:240 - Cannot read IP mode file for STMicroelectronics.FP-SNS-FLIGHT1.5.0.2
2024-02-25 23:56:49,720 [WARN] PackLoader:240 - Cannot read IP mode file for STMicroelectronics.X-CUBE-DISPLAY.3.0.0
2024-02-25 23:56:49,730 [WARN] PackLoader:240 - Cannot read IP mode file for STMicroelectronics.X-CUBE-BLE1.7.0.0
2024-02-25 23:56:49,734 [WARN] PackLoader:240 - Cannot read IP mode file for emotas.I-CUBE-CANOPEN.1.3.0
2024-02-25 23:56:49,738 [WARN] PackLoader:240 - Cannot read IP mode file for STMicroelectronics.FP-SNS-SMARTAG2.1.2.0
2024-02-25 23:56:49,749 [INFO] LogOutputStream:77 - [STDOUT_REDIRECT] 1 : Invalid condition id : UX_CORESTACK_Condition cause : null
2024-02-25 23:56:49,750 [INFO] LogOutputStream:77 - [STDOUT_REDIRECT] 1 : Invalid condition id : UX_CORESTACK_Condition cause : null
2024-02-25 23:56:49,750 [INFO] LogOutputStream:77 - [STDOUT_REDIRECT] 1 : Invalid condition id : UX_CORESTACK_Condition cause : null
2024-02-25 23:56:49,750 [INFO] LogOutputStream:77 - [STDOUT_REDIRECT] 1 : Invalid condition id : UX_CORESTACK_Condition cause : null
2024-02-25 23:56:49,750 [INFO] LogOutputStream:77 - [STDOUT_REDIRECT] 1 : Invalid condition id : UX_CORESTACK_Condition cause : null
2024-02-25 23:56:49,757 [WARN] PackLoader:240 - Cannot read IP mode file for STMicroelectronics.X-CUBE-AZRTOS-WL.2.0.0
2024-02-25 23:56:49,763 [WARN] PackLoader:240 - Cannot read IP mode file for STMicroelectronics.X-CUBE-BLE2.3.3.0
2024-02-25 23:56:49,771 [WARN] PackLoader:240 - Cannot read IP mode file for STMicroelectronics.X-CUBE-ALGOBUILD.1.3.0
2024-02-25 23:56:49,787 [WARN] PackLoader:240 - Cannot read IP mode file for STMicroelectronics.X-CUBE-AZRTOS-G0.1.1.0
2024-02-25 23:56:49,794 [WARN] PackLoader:240 - Cannot read IP mode file for STMicroelectronics.X-CUBE-NFC4.3.0.0
2024-02-25 23:56:49,804 [WARN] PackLoader:240 - Cannot read IP mode file for STMicroelectronics.X-CUBE-BLEMGR.3.0.0
2024-02-25 23:56:49,810 [WARN] PackLoader:240 - Cannot read IP mode file for STMicroelectronics.FP-ATR-SIGFOX1.3.2.0
2024-02-25 23:56:49,814 [WARN] PackLoader:240 - Cannot read IP mode file for STMicroelectronics.X-CUBE-EEPRMA1.5.1.0
2024-02-25 23:56:49,820 [WARN] PackLoader:240 - Cannot read IP mode file for STMicroelectronics.X-CUBE-GNSS1.6.0.0
2024-02-25 23:56:49,833 [WARN] PackLoader:240 - Cannot read IP mode file for STMicroelectronics.X-CUBE-AZRTOS-F4.1.1.0
2024-02-25 23:56:49,853 [WARN] PackLoader:240 - Cannot read IP mode file for STMicroelectronics.X-CUBE-AZRTOS-L5.2.0.0
2024-02-25 23:56:49,861 [WARN] PackLoader:240 - Cannot read IP mode file for STMicroelectronics.X-CUBE-EEPRMA1.4.2.0
2024-02-25 23:56:49,865 [WARN] PackLoader:240 - Cannot read IP mode file for ITTIA_DB.I-CUBE-ITTIADB.8.8.0
2024-02-25 23:56:49,870 [WARN] PackLoader:240 - Cannot read IP mode file for STMicroelectronics.X-CUBE-NFC7.1.0.1
2024-02-25 23:56:49,877 [WARN] PackLoader:240 - Cannot read IP mode file for STMicroelectronics.X-CUBE-NFC6.3.0.0
2024-02-25 23:56:49,881 [WARN] PackLoader:240 - Cannot read IP mode file for STMicroelectronics.X-CUBE-AI.8.1.0
2024-02-25 23:56:49,896 [WARN] ConditionMgr:438 - getConditionDescription Invalid condition id : LAN8742 Phy interface Condition cause : null
2024-02-25 23:56:49,897 [WARN] PackLoader:240 - Cannot read IP mode file for STMicroelectronics.X-CUBE-AZRTOS-L4.2.0.0
2024-02-25 23:56:49,899 [WARN] ConditionMgr:1039 - genDependencies : Invalid condition id : LAN8742 Phy interface Condition cause : null
2024-02-25 23:56:49,899 [WARN] ConditionMgr:1039 - genDependencies : Invalid condition id : LAN8742 Phy interface Condition cause : null
2024-02-25 23:56:49,900 [WARN] ConditionMgr:1039 - genDependencies : Invalid condition id : LAN8742 Phy interface Condition cause : null
2024-02-25 23:56:49,907 [WARN] PackLoader:240 - Cannot read IP mode file for STMicroelectronics.X-CUBE-SFXS2LP1.4.0.0
2024-02-25 23:56:49,919 [WARN] ConditionMgr:438 - getConditionDescription Invalid condition id : UX DEVICE CLASS RTOS Condition cause : null
2024-02-25 23:56:49,920 [WARN] ConditionMgr:438 - getConditionDescription Invalid condition id : UX DEVICE CLASS RTOS Condition cause : null
2024-02-25 23:56:49,922 [WARN] PackLoader:240 - Cannot read IP mode file for STMicroelectronics.X-CUBE-AZRTOS-WB.2.0.0
2024-02-25 23:56:49,923 [WARN] ConditionMgr:1039 - genDependencies : Invalid condition id : UX DEVICE CLASS RTOS Condition cause : null
2024-02-25 23:56:49,923 [WARN] ConditionMgr:1039 - genDependencies : Invalid condition id : UX DEVICE CLASS RTOS Condition cause : null
2024-02-25 23:56:49,923 [WARN] ConditionMgr:1039 - genDependencies : Invalid condition id : UX DEVICE CLASS RTOS Condition cause : null
2024-02-25 23:56:49,924 [WARN] ConditionMgr:1039 - genDependencies : Invalid condition id : UX DEVICE CLASS RTOS Condition cause : null
2024-02-25 23:56:49,924 [WARN] ConditionMgr:1039 - genDependencies : Invalid condition id : UX DEVICE CLASS RTOS Condition cause : null
2024-02-25 23:56:49,932 [WARN] PackLoader:240 - Cannot read IP mode file for STMicroelectronics.X-CUBE-SUBG2.5.0.0
2024-02-25 23:56:49,943 [WARN] PackLoader:240 - Cannot read IP mode file for STMicroelectronics.X-CUBE-AZRTOS-G4.2.0.0
2024-02-25 23:56:49,951 [WARN] PackLoader:240 - Cannot read IP mode file for Infineon.AIROC-Wi-Fi-Bluetooth-STM32.1.5.1
2024-02-25 23:56:49,956 [WARN] PackLoader:240 - Cannot read IP mode file for STMicroelectronics.FP-SNS-MOTENVWB1.1.3.1
2024-02-25 23:56:49,958 [WARN] PackLoader:240 - Cannot read IP mode file for STMicroelectronics.X-CUBE-ISPU.2.0.0
2024-02-25 23:56:49,986 [WARN] PackLoader:240 - Cannot read IP mode file for STMicroelectronics.X-CUBE-MEMS1.10.0.0
2024-02-25 23:56:50,066 [WARN] PackLoader:240 - Cannot read IP mode file for STMicroelectronics.X-CUBE-FREERTOS.1.1.0
2024-02-25 23:56:50,068 [WARN] PackLoader:240 - Cannot read IP mode file for STMicroelectronics.X-CUBE-ALS.1.0.1
2024-02-25 23:56:50,070 [WARN] PackLoader:240 - Cannot read IP mode file for STMicroelectronics.FP-ATR-ASTRA1.2.0.0
2024-02-25 23:56:50,076 [WARN] PackLoader:240 - Cannot read IP mode file for STMicroelectronics.X-CUBE-TOF1.3.4.0
2024-02-25 23:56:50,093 [WARN] PackLoader:240 - Cannot read IP mode file for STMicroelectronics.X-CUBE-AZRTOS-H7.3.2.0
2024-02-25 23:56:50,096 [INFO] ThirdParty:978 - Integrity check success = true
2024-02-25 23:56:50,096 [INFO] IntegrityCheckThread:100 - exiting critical section [integrity check]
2024-02-25 23:56:50,096 [INFO] IntegrityCheckThread:103 - End integrity checks thread
2024-02-25 23:57:06,028 [ERROR] LogOutputStream:75 - [STDERR_REDIRECT] SLF4J: Failed to load class "org.slf4j.impl.StaticLoggerBinder".
2024-02-25 23:57:06,029 [ERROR] LogOutputStream:75 - [STDERR_REDIRECT] SLF4J: Defaulting to no-operation (NOP) logger implementation
2024-02-25 23:57:06,029 [ERROR] LogOutputStream:75 - [STDERR_REDIRECT] SLF4J: See http://www.slf4j.org/codes.html#StaticLoggerBinder for further details.
