2024-01-10 01:26:17,324 [INFO] Activator:176 - 


2024-01-10 01:26:17,327 [INFO] Activator:177 - !SESSION log4j initialized
2024-01-10 01:26:19,406 [INFO] LogOutputStream:77 - [STDOUT_REDIRECT] 
2024-01-10 01:26:19,627 [ERROR] ConfigurationRetriever:142 - IOException on connection: sw-center.st.com
2024-01-10 01:26:19,627 [ERROR] ConfigurationRetriever:142 - IOException on connection: sw-center.st.com
2024-01-10 01:26:19,628 [ERROR] ConfigurationRetriever:142 - IOException on connection: sw-center.st.com
2024-01-10 01:26:19,783 [INFO] ApplicationProperties:184 - Using Application install path: /home/ritik/st/stm32cubeide_1.14.0/plugins/com.st.stm32cube.common.mx_6.10.0.202311202037
2024-01-10 01:26:19,795 [INFO] DbMcusXml:78 - Set database path to: /home/ritik/st/stm32cubeide_1.14.0/plugins/com.st.stm32cube.common.mx_6.10.0.202311202037//db//mcu/
2024-01-10 01:26:19,796 [INFO] ApiDb:274 - Set plugin database path to: /home/ritik/st/stm32cubeide_1.14.0/plugins/com.st.stm32cube.common.mx_6.10.0.202311202037//db//plugins/boardmanager/
2024-01-10 01:26:19,796 [WARN] ApiDb:259 - Overriding images path with different value:  => /home/ritik/st/stm32cubeide_1.14.0/plugins/com.st.stm32cube.common.mx_6.10.0.202311202037//db//plugins/mcufinder/images/
2024-01-10 01:26:19,802 [INFO] ApiDb:250 - Set database path to: /home/ritik/.stmcufinder/plugins/mcufinder//mcu/
2024-01-10 01:26:19,803 [INFO] DbMcusAds:125 - Set database path to: /home/ritik/.stmcufinder/plugins/mcufinder//mcu/
2024-01-10 01:26:19,805 [INFO] CrossReferenceDbSqlite:203 - Set database path to: /home/ritik/.stmcufinder/plugins/mcufinder//mcu/cs/
2024-01-10 01:26:19,918 [INFO] RulesReader:64 - Compatibility file has been processed (297 Rules)
2024-01-10 01:26:19,966 [INFO] DbMcusXml:78 - Set database path to: /home/ritik/st/stm32cubeide_1.14.0/plugins/com.st.stm32cube.common.mx_6.10.0.202311202037//db//mcu/
2024-01-10 01:26:19,966 [INFO] ApiDb:274 - Set plugin database path to: /home/ritik/st/stm32cubeide_1.14.0/plugins/com.st.stm32cube.common.mx_6.10.0.202311202037//db//plugins/boardmanager/
2024-01-10 01:26:19,966 [INFO] ApiDb:261 - Set plugin images path to: /home/ritik/st/stm32cubeide_1.14.0/plugins/com.st.stm32cube.common.mx_6.10.0.202311202037//db//plugins/mcufinder/images/
2024-01-10 01:26:19,966 [WARN] DbFile:41 - Overriding database path with different value: /home/ritik/.stmcufinder/plugins/mcufinder/ => /home/ritik/.stmcufinder/plugins/mcufinder
2024-01-10 01:26:19,966 [INFO] ApiDb:250 - Set database path to: /home/ritik/.stmcufinder/plugins/mcufinder//mcu/
2024-01-10 01:26:19,966 [WARN] DbFile:41 - Overriding database path with different value: /home/ritik/.stmcufinder/plugins/mcufinder/ => /home/ritik/.stmcufinder/plugins/mcufinder
2024-01-10 01:26:19,966 [INFO] DbMcusAds:125 - Set database path to: /home/ritik/.stmcufinder/plugins/mcufinder//mcu/
2024-01-10 01:26:19,966 [WARN] DbFile:41 - Overriding database path with different value: /home/ritik/.stmcufinder/plugins/mcufinder/ => /home/ritik/.stmcufinder/plugins/mcufinder
2024-01-10 01:26:19,967 [WARN] DbFile:41 - Overriding database path with different value: /home/ritik/.stmcufinder/plugins/mcufinder/ => /home/ritik/.stmcufinder/plugins/mcufinder
2024-01-10 01:26:19,967 [INFO] CrossReferenceDbSqlite:203 - Set database path to: /home/ritik/.stmcufinder/plugins/mcufinder//mcu/cs/
2024-01-10 01:26:20,022 [INFO] MainPanel:264 - HeapMemory: 268435456
2024-01-10 01:26:20,086 [INFO] DbMcusXml:78 - Set database path to: /home/ritik/st/stm32cubeide_1.14.0/plugins/com.st.stm32cube.common.mx_6.10.0.202311202037//db//mcu/
2024-01-10 01:26:20,086 [INFO] ApiDb:274 - Set plugin database path to: /home/ritik/st/stm32cubeide_1.14.0/plugins/com.st.stm32cube.common.mx_6.10.0.202311202037//db//plugins/boardmanager/
2024-01-10 01:26:20,086 [INFO] ApiDb:261 - Set plugin images path to: /home/ritik/st/stm32cubeide_1.14.0/plugins/com.st.stm32cube.common.mx_6.10.0.202311202037//db//plugins/mcufinder/images/
2024-01-10 01:26:20,086 [WARN] DbFile:41 - Overriding database path with different value: /home/ritik/.stmcufinder/plugins/mcufinder/ => /home/ritik/.stmcufinder/plugins/mcufinder
2024-01-10 01:26:20,086 [INFO] ApiDb:250 - Set database path to: /home/ritik/.stmcufinder/plugins/mcufinder//mcu/
2024-01-10 01:26:20,086 [WARN] DbFile:41 - Overriding database path with different value: /home/ritik/.stmcufinder/plugins/mcufinder/ => /home/ritik/.stmcufinder/plugins/mcufinder
2024-01-10 01:26:20,086 [INFO] DbMcusAds:125 - Set database path to: /home/ritik/.stmcufinder/plugins/mcufinder//mcu/
2024-01-10 01:26:20,086 [WARN] DbFile:41 - Overriding database path with different value: /home/ritik/.stmcufinder/plugins/mcufinder/ => /home/ritik/.stmcufinder/plugins/mcufinder
2024-01-10 01:26:20,086 [WARN] DbFile:41 - Overriding database path with different value: /home/ritik/.stmcufinder/plugins/mcufinder/ => /home/ritik/.stmcufinder/plugins/mcufinder
2024-01-10 01:26:20,087 [INFO] CrossReferenceDbSqlite:203 - Set database path to: /home/ritik/.stmcufinder/plugins/mcufinder//mcu/cs/
2024-01-10 01:26:20,099 [INFO] ApplicationProperties:184 - Using Application install path: /home/ritik/st/stm32cubeide_1.14.0/plugins/com.st.stm32cube.common.mx_6.10.0.202311202037
2024-01-10 01:26:20,100 [INFO] PluginManage:196 - Search for loadable plugins [exclusion list=, ]
2024-01-10 01:26:20,101 [INFO] PluginManage:310 - Check plugin analytics
2024-01-10 01:26:20,228 [INFO] AnalyticsPlugin:253 - Accepted Software Licenses: 
2024-01-10 01:26:20,228 [INFO] AnalyticsPlugin:255 - Accepted CMSIS Pack Licenses: 
2024-01-10 01:26:20,228 [INFO] AnalyticsPlugin:257 - Accepted Firmware Licenses: 
2024-01-10 01:26:20,230 [INFO] PluginManage:359 - Loaded plugin analytics (category:tool,tabindex:-1)
2024-01-10 01:26:20,230 [INFO] PluginManage:310 - Check plugin cadmodel
2024-01-10 01:26:20,230 [ERROR] ConfigurationRetriever:142 - IOException on connection: sw-center.st.com
2024-01-10 01:26:20,230 [ERROR] ConfigurationRetriever:142 - IOException on connection: sw-center.st.com
2024-01-10 01:26:20,231 [ERROR] ConfigurationRetriever:142 - IOException on connection: sw-center.st.com
2024-01-10 01:26:20,249 [INFO] CADModel:105 - Init CAD model plugin
2024-01-10 01:26:20,250 [INFO] PluginManage:359 - Loaded plugin cadmodel (category:power,tabindex:5)
2024-01-10 01:26:20,250 [INFO] PluginManage:310 - Check plugin clock
2024-01-10 01:26:20,258 [INFO] PluginManage:359 - Loaded plugin clock (category:base,tabindex:2)
2024-01-10 01:26:20,258 [INFO] PluginManage:310 - Check plugin ddr
2024-01-10 01:26:20,260 [INFO] PluginManage:359 - Loaded plugin ddr (category:tool,tabindex:6)
2024-01-10 01:26:20,260 [INFO] PluginManage:310 - Check plugin filemanager
2024-01-10 01:26:20,367 [INFO] PluginManage:359 - Loaded plugin filemanager (category:base,tabindex:10)
2024-01-10 01:26:20,368 [INFO] PluginManage:310 - Check plugin ipmanager
2024-01-10 01:26:20,373 [INFO] PluginManage:359 - Loaded plugin ipmanager (category:base,tabindex:5)
2024-01-10 01:26:20,373 [INFO] PluginManage:310 - Check plugin lpbam
2024-01-10 01:26:20,381 [INFO] PluginManage:359 - Loaded plugin lpbam (category:base,tabindex:0)
2024-01-10 01:26:20,381 [INFO] PluginManage:310 - Check plugin memorymap
2024-01-10 01:26:20,393 [INFO] PluginManage:359 - Loaded plugin memorymap (category:base,tabindex:4)
2024-01-10 01:26:20,393 [INFO] PluginManage:310 - Check plugin pinoutandconfiguration
2024-01-10 01:26:20,399 [INFO] PluginManage:359 - Loaded plugin pinoutandconfiguration (category:base,tabindex:1)
2024-01-10 01:26:20,400 [INFO] PluginManage:310 - Check plugin pinoutconfig
2024-01-10 01:26:20,463 [WARN] SupportedApi:132 - Cannot load RTOS API schema: s4s-elt-must-match.1: The content of 'definitions' must match (annotation?, (simpleType | complexType)?, (unique | key | keyref)*)). A problem was found starting at: attribute.
2024-01-10 01:26:20,556 [INFO] PluginManage:359 - Loaded plugin pinoutconfig (category:base,tabindex:0)
2024-01-10 01:26:20,557 [INFO] PluginManage:310 - Check plugin power
2024-01-10 01:26:20,569 [INFO] PluginManage:359 - Loaded plugin power (category:power,tabindex:4)
2024-01-10 01:26:20,569 [INFO] PluginManage:310 - Check plugin projectmanager
2024-01-10 01:26:20,579 [INFO] PluginManage:359 - Loaded plugin projectmanager (category:projectmanager,tabindex:3)
2024-01-10 01:26:20,579 [INFO] PluginManage:310 - Check plugin thirdparty
2024-01-10 01:26:20,649 [INFO] PluginManage:359 - Loaded plugin thirdparty (category:base,tabindex:-1)
2024-01-10 01:26:20,649 [WARN] IntegrityCheckThread:84 - waiting for thirdparty lock release [integrity check]
2024-01-10 01:26:20,649 [INFO] PluginManage:310 - Check plugin tools
2024-01-10 01:26:20,649 [INFO] IntegrityCheckThread:86 - entering critical section [integrity check]
2024-01-10 01:26:20,650 [INFO] ThirdPartyUpdaterWithRetryManager:70 - Updater plugin not ready yet. [1/15]
2024-01-10 01:26:20,651 [INFO] PluginManage:359 - Loaded plugin tools (category:base,tabindex:7)
2024-01-10 01:26:20,651 [INFO] PluginManage:310 - Check plugin tutovideos
2024-01-10 01:26:20,760 [INFO] PluginManage:359 - Loaded plugin tutovideos (category:base,tabindex:-1)
2024-01-10 01:26:20,760 [INFO] PluginManage:310 - Check plugin updater
2024-01-10 01:26:20,767 [INFO] PluginManage:359 - Loaded plugin updater (category:base,tabindex:12)
2024-01-10 01:26:20,767 [INFO] PluginManage:310 - Check plugin userauth
2024-01-10 01:26:20,771 [INFO] UserAuth:114 - Init User Auth plugin
2024-01-10 01:26:20,771 [INFO] PluginManage:359 - Loaded plugin userauth (category:base,tabindex:14)
2024-01-10 01:26:20,771 [INFO] PluginManage:283 - PluginManage : Loaded plugins [17]
2024-01-10 01:26:20,883 [INFO] PinOutPanel:1499 - setPackage(No Configuration,No Configuration)
2024-01-10 01:26:20,921 [INFO] CADModel:165 - CPN selected for project level
2024-01-10 01:26:20,921 [INFO] CADModel:114 - Register for checkConnection events
2024-01-10 01:26:20,929 [INFO] IPUIPlugin:80 - create IPUIPlugin
2024-01-10 01:26:20,929 [INFO] PluginManager:220 - loadIPPluginJar : add dfsdm
2024-01-10 01:26:20,930 [INFO] IPUIPlugin:80 - create IPUIPlugin
2024-01-10 01:26:20,930 [INFO] PluginManager:220 - loadIPPluginJar : add openamp
2024-01-10 01:26:20,934 [INFO] IPUIPlugin:80 - create IPUIPlugin
2024-01-10 01:26:20,934 [INFO] PluginManager:220 - loadIPPluginJar : add sai
2024-01-10 01:26:20,934 [INFO] IPUIPlugin:80 - create IPUIPlugin
2024-01-10 01:26:20,935 [INFO] PluginManager:220 - loadIPPluginJar : add genericplugin
2024-01-10 01:26:20,936 [INFO] IPUIPlugin:80 - create IPUIPlugin
2024-01-10 01:26:20,936 [INFO] PluginManager:220 - loadIPPluginJar : add i2c
2024-01-10 01:26:20,937 [INFO] IPUIPlugin:80 - create IPUIPlugin
2024-01-10 01:26:20,937 [INFO] PluginManager:220 - loadIPPluginJar : add comp
2024-01-10 01:26:20,939 [INFO] IPUIPlugin:80 - create IPUIPlugin
2024-01-10 01:26:20,939 [INFO] PluginManager:220 - loadIPPluginJar : add gpio
2024-01-10 01:26:20,943 [INFO] IPUIPlugin:80 - create IPUIPlugin
2024-01-10 01:26:20,945 [INFO] PluginManager:220 - loadIPPluginJar : add plateformsettings
2024-01-10 01:26:20,946 [INFO] IPUIPlugin:80 - create IPUIPlugin
2024-01-10 01:26:20,946 [INFO] PluginManager:220 - loadIPPluginJar : add quadspi
2024-01-10 01:26:20,947 [INFO] IPUIPlugin:80 - create IPUIPlugin
2024-01-10 01:26:20,947 [INFO] PluginManager:220 - loadIPPluginJar : add i2s
2024-01-10 01:26:20,948 [INFO] IPUIPlugin:80 - create IPUIPlugin
2024-01-10 01:26:20,948 [INFO] PluginManager:220 - loadIPPluginJar : add usbx
2024-01-10 01:26:20,949 [INFO] IPUIPlugin:80 - create IPUIPlugin
2024-01-10 01:26:20,949 [INFO] PluginManager:220 - loadIPPluginJar : add tim
2024-01-10 01:26:20,950 [INFO] IPUIPlugin:80 - create IPUIPlugin
2024-01-10 01:26:20,950 [INFO] PluginManager:220 - loadIPPluginJar : add hash
2024-01-10 01:26:20,952 [INFO] IPUIPlugin:80 - create IPUIPlugin
2024-01-10 01:26:20,952 [INFO] PluginManager:220 - loadIPPluginJar : add pdm2pcm
2024-01-10 01:26:20,953 [INFO] IPUIPlugin:80 - create IPUIPlugin
2024-01-10 01:26:20,953 [INFO] PluginManager:220 - loadIPPluginJar : add ts
2024-01-10 01:26:20,954 [INFO] IPUIPlugin:80 - create IPUIPlugin
2024-01-10 01:26:20,954 [INFO] PluginManager:220 - loadIPPluginJar : add tsc
2024-01-10 01:26:20,955 [INFO] IPUIPlugin:80 - create IPUIPlugin
2024-01-10 01:26:20,955 [INFO] PluginManager:220 - loadIPPluginJar : add aes
2024-01-10 01:26:20,958 [INFO] IPUIPlugin:80 - create IPUIPlugin
2024-01-10 01:26:20,958 [INFO] PluginManager:220 - loadIPPluginJar : add resmgrutility
2024-01-10 01:26:20,961 [INFO] IPUIPlugin:80 - create IPUIPlugin
2024-01-10 01:26:20,961 [INFO] PluginManager:220 - loadIPPluginJar : add stm32_wpan
2024-01-10 01:26:20,962 [INFO] IPUIPlugin:80 - create IPUIPlugin
2024-01-10 01:26:20,962 [INFO] PluginManager:220 - loadIPPluginJar : add tracer_emb
2024-01-10 01:26:20,965 [INFO] IPUIPlugin:80 - create IPUIPlugin
2024-01-10 01:26:20,965 [INFO] PluginManager:220 - loadIPPluginJar : add nvic
2024-01-10 01:26:20,966 [INFO] IPUIPlugin:80 - create IPUIPlugin
2024-01-10 01:26:20,966 [INFO] PluginManager:220 - loadIPPluginJar : add ltdc
2024-01-10 01:26:20,966 [INFO] IPUIPlugin:80 - create IPUIPlugin
2024-01-10 01:26:20,966 [INFO] PluginManager:220 - loadIPPluginJar : add fatfs
2024-01-10 01:26:20,968 [INFO] IPUIPlugin:80 - create IPUIPlugin
2024-01-10 01:26:20,968 [INFO] PluginManager:220 - loadIPPluginJar : add touchsensing
2024-01-10 01:26:20,972 [INFO] IPUIPlugin:80 - create IPUIPlugin
2024-01-10 01:26:20,972 [INFO] PluginManager:220 - loadIPPluginJar : add freertos
2024-01-10 01:26:20,975 [INFO] IPUIPlugin:80 - create IPUIPlugin
2024-01-10 01:26:20,976 [INFO] PluginManager:220 - loadIPPluginJar : add adc
2024-01-10 01:26:20,977 [INFO] IPUIPlugin:80 - create IPUIPlugin
2024-01-10 01:26:20,977 [INFO] PluginManager:220 - loadIPPluginJar : add usart
2024-01-10 01:26:20,978 [INFO] IPUIPlugin:80 - create IPUIPlugin
2024-01-10 01:26:20,978 [INFO] PluginManager:220 - loadIPPluginJar : add lorawan
2024-01-10 01:26:20,980 [INFO] IPUIPlugin:80 - create IPUIPlugin
2024-01-10 01:26:20,980 [INFO] PluginManager:220 - loadIPPluginJar : add fmc
2024-01-10 01:26:20,981 [INFO] IPUIPlugin:80 - create IPUIPlugin
2024-01-10 01:26:20,981 [INFO] PluginManager:220 - loadIPPluginJar : add opamp
2024-01-10 01:26:20,982 [INFO] IPUIPlugin:80 - create IPUIPlugin
2024-01-10 01:26:20,982 [INFO] PluginManager:220 - loadIPPluginJar : add can
2024-01-10 01:26:20,983 [INFO] IPUIPlugin:80 - create IPUIPlugin
2024-01-10 01:26:20,984 [INFO] PluginManager:220 - loadIPPluginJar : add dma3
2024-01-10 01:26:20,985 [INFO] IPUIPlugin:80 - create IPUIPlugin
2024-01-10 01:26:20,985 [INFO] PluginManager:220 - loadIPPluginJar : add i3c
2024-01-10 01:26:20,986 [INFO] IPUIPlugin:80 - create IPUIPlugin
2024-01-10 01:26:20,986 [INFO] PluginManager:220 - loadIPPluginJar : add ucpd
2024-01-10 01:26:20,987 [INFO] IPUIPlugin:80 - create IPUIPlugin
2024-01-10 01:26:20,987 [INFO] PluginManager:220 - loadIPPluginJar : add cryp
2024-01-10 01:26:20,988 [INFO] IPUIPlugin:80 - create IPUIPlugin
2024-01-10 01:26:20,988 [INFO] PluginManager:220 - loadIPPluginJar : add spi
2024-01-10 01:26:20,989 [INFO] IPUIPlugin:80 - create IPUIPlugin
2024-01-10 01:26:20,989 [INFO] PluginManager:220 - loadIPPluginJar : add gfxmmu
2024-01-10 01:26:20,992 [INFO] IPUIPlugin:80 - create IPUIPlugin
2024-01-10 01:26:20,993 [INFO] PluginManager:220 - loadIPPluginJar : add mdma
2024-01-10 01:26:20,996 [INFO] IPUIPlugin:80 - create IPUIPlugin
2024-01-10 01:26:20,996 [INFO] PluginManager:220 - loadIPPluginJar : add dma
2024-01-10 01:26:20,997 [INFO] IPUIPlugin:80 - create IPUIPlugin
2024-01-10 01:26:20,997 [INFO] PluginManager:220 - loadIPPluginJar : add gtzc
2024-01-10 01:26:20,999 [INFO] IPUIPlugin:80 - create IPUIPlugin
2024-01-10 01:26:20,999 [INFO] PluginManager:220 - loadIPPluginJar : add ipddr
2024-01-10 01:26:21,002 [INFO] IPUIPlugin:80 - create IPUIPlugin
2024-01-10 01:26:21,002 [INFO] PluginManager:220 - loadIPPluginJar : add gic
2024-01-10 01:26:21,005 [INFO] IPUIPlugin:80 - create IPUIPlugin
2024-01-10 01:26:21,005 [INFO] PluginManager:220 - loadIPPluginJar : add linkedlist
2024-01-10 01:26:21,101 [INFO] CADModel:165 - CPN selected for project level
2024-01-10 01:26:21,101 [INFO] CADModel:114 - Register for checkConnection events
2024-01-10 01:26:21,102 [FATAL] Updater:308 - Updater called before beeing initialized
2024-01-10 01:26:21,102 [ERROR] CADModel:125 - Updater not yet initialized, retry later 
2024-01-10 01:26:21,183 [INFO] CADModel:165 - CPN selected for project level
2024-01-10 01:26:21,183 [INFO] CADModel:114 - Register for checkConnection events
2024-01-10 01:26:21,183 [FATAL] Updater:308 - Updater called before beeing initialized
2024-01-10 01:26:21,183 [ERROR] CADModel:125 - Updater not yet initialized, retry later 
2024-01-10 01:26:21,185 [FATAL] Updater:308 - Updater called before beeing initialized
2024-01-10 01:26:21,228 [FATAL] Updater:308 - Updater called before beeing initialized
2024-01-10 01:26:21,231 [INFO] DbMcusAds:53 - JSON generation date=Wed Nov 29 16:22:27 IST 2023 (1701255147349)
2024-01-10 01:26:21,231 [FATAL] Updater:308 - Updater called before beeing initialized
2024-01-10 01:26:21,254 [WARN] DetailPanel:346 - Failed to get advertising image, set to default
2024-01-10 01:26:21,325 [FATAL] Updater:308 - Updater called before beeing initialized
2024-01-10 01:26:21,326 [FATAL] Updater:308 - Updater called before beeing initialized
2024-01-10 01:26:21,326 [FATAL] Updater:308 - Updater called before beeing initialized
2024-01-10 01:26:21,326 [WARN] DetailPanel:346 - Failed to get advertising image, set to default
2024-01-10 01:26:21,327 [FATAL] Updater:308 - Updater called before beeing initialized
2024-01-10 01:26:21,347 [ERROR] Updater:1120 - MainUpdater not yet initialized. External WinMGr cannot be set.
2024-01-10 01:26:21,348 [INFO] Updater:1056 - Updater Version found : 6.10.0
2024-01-10 01:26:21,360 [INFO] ApplicationProperties:184 - Using Application install path: /home/ritik/st/stm32cubeide_1.14.0/plugins/com.st.stm32cube.common.mx_6.10.0.202311202037
2024-01-10 01:26:21,473 [INFO] MainUpdater:2873 - connection check result : 22
2024-01-10 01:26:21,473 [INFO] MainUpdater:290 - Updater Check For Update Now.
2024-01-10 01:26:21,473 [INFO] MicroXplorer:498 - Change Database Version : DB.6.0.100
2024-01-10 01:26:21,476 [INFO] McuFinderGlobals:63 - Set McuFinder mode to 2 (CubeIDE integrated)
2024-01-10 01:26:21,476 [INFO] UserAuth:180 - activating auth plugin
2024-01-10 01:26:21,478 [INFO] UserAuth:404 - Internet connection configuration mode: 2
2024-01-10 01:26:21,482 [INFO] UserAuth:404 - Internet connection configuration mode: 2
2024-01-10 01:26:21,638 [INFO] CheckServerUpdateThread:120 - End of CheckServer Thread
2024-01-10 01:26:23,724 [WARN] PackLoader:240 - Cannot read IP mode file for STMicroelectronics.X-CUBE-SMBUS.2.1.0
2024-01-10 01:26:23,728 [WARN] PackLoader:240 - Cannot read IP mode file for STMicroelectronics.X-CUBE-TOUCHGFX.4.23.0
2024-01-10 01:26:23,746 [WARN] PackLoader:240 - Cannot read IP mode file for STMicroelectronics.X-CUBE-AZRTOS-F7.1.1.0
2024-01-10 01:26:23,754 [WARN] PackLoader:240 - Cannot read IP mode file for STMicroelectronics.FP-SNS-MOTENV1.4.3.2
2024-01-10 01:26:23,759 [WARN] PackLoader:240 - Cannot read IP mode file for STMicroelectronics.FP-SNS-FLIGHT1.5.0.2
2024-01-10 01:26:23,764 [WARN] PackLoader:240 - Cannot read IP mode file for STMicroelectronics.X-CUBE-DISPLAY.3.0.0
2024-01-10 01:26:23,772 [WARN] PackLoader:240 - Cannot read IP mode file for STMicroelectronics.X-CUBE-BLE1.7.0.0
2024-01-10 01:26:23,775 [WARN] PackLoader:240 - Cannot read IP mode file for emotas.I-CUBE-CANOPEN.1.3.0
2024-01-10 01:26:23,777 [WARN] PackLoader:240 - Cannot read IP mode file for STMicroelectronics.FP-SNS-SMARTAG2.1.2.0
2024-01-10 01:26:23,784 [INFO] LogOutputStream:77 - [STDOUT_REDIRECT] 1 : Invalid condition id : UX_CORESTACK_Condition cause : null
2024-01-10 01:26:23,784 [INFO] LogOutputStream:77 - [STDOUT_REDIRECT] 1 : Invalid condition id : UX_CORESTACK_Condition cause : null
2024-01-10 01:26:23,784 [INFO] LogOutputStream:77 - [STDOUT_REDIRECT] 1 : Invalid condition id : UX_CORESTACK_Condition cause : null
2024-01-10 01:26:23,784 [INFO] LogOutputStream:77 - [STDOUT_REDIRECT] 1 : Invalid condition id : UX_CORESTACK_Condition cause : null
2024-01-10 01:26:23,785 [INFO] LogOutputStream:77 - [STDOUT_REDIRECT] 1 : Invalid condition id : UX_CORESTACK_Condition cause : null
2024-01-10 01:26:23,787 [WARN] PackLoader:240 - Cannot read IP mode file for STMicroelectronics.X-CUBE-AZRTOS-WL.2.0.0
2024-01-10 01:26:23,791 [WARN] PackLoader:240 - Cannot read IP mode file for STMicroelectronics.X-CUBE-BLE2.3.3.0
2024-01-10 01:26:23,794 [WARN] PackLoader:240 - Cannot read IP mode file for STMicroelectronics.X-CUBE-ALGOBUILD.1.3.0
2024-01-10 01:26:23,805 [WARN] PackLoader:240 - Cannot read IP mode file for STMicroelectronics.X-CUBE-AZRTOS-G0.1.1.0
2024-01-10 01:26:23,810 [WARN] PackLoader:240 - Cannot read IP mode file for STMicroelectronics.X-CUBE-NFC4.3.0.0
2024-01-10 01:26:23,815 [WARN] PackLoader:240 - Cannot read IP mode file for STMicroelectronics.X-CUBE-BLEMGR.3.0.0
2024-01-10 01:26:23,819 [WARN] PackLoader:240 - Cannot read IP mode file for STMicroelectronics.FP-ATR-SIGFOX1.3.2.0
2024-01-10 01:26:23,822 [WARN] PackLoader:240 - Cannot read IP mode file for STMicroelectronics.X-CUBE-GNSS1.6.0.0
2024-01-10 01:26:23,830 [WARN] PackLoader:240 - Cannot read IP mode file for STMicroelectronics.X-CUBE-AZRTOS-F4.1.1.0
2024-01-10 01:26:23,841 [WARN] PackLoader:240 - Cannot read IP mode file for STMicroelectronics.X-CUBE-AZRTOS-L5.2.0.0
2024-01-10 01:26:23,845 [WARN] PackLoader:240 - Cannot read IP mode file for STMicroelectronics.X-CUBE-EEPRMA1.4.2.0
2024-01-10 01:26:23,848 [WARN] PackLoader:240 - Cannot read IP mode file for ITTIA_DB.I-CUBE-ITTIADB.8.8.0
2024-01-10 01:26:23,851 [WARN] PackLoader:240 - Cannot read IP mode file for STMicroelectronics.X-CUBE-NFC7.1.0.1
2024-01-10 01:26:23,854 [WARN] PackLoader:240 - Cannot read IP mode file for STMicroelectronics.X-CUBE-NFC6.3.0.0
2024-01-10 01:26:23,857 [WARN] PackLoader:240 - Cannot read IP mode file for STMicroelectronics.X-CUBE-AI.8.1.0
2024-01-10 01:26:23,866 [WARN] ConditionMgr:438 - getConditionDescription Invalid condition id : LAN8742 Phy interface Condition cause : null
2024-01-10 01:26:23,866 [WARN] PackLoader:240 - Cannot read IP mode file for STMicroelectronics.X-CUBE-AZRTOS-L4.2.0.0
2024-01-10 01:26:23,867 [WARN] ConditionMgr:1039 - genDependencies : Invalid condition id : LAN8742 Phy interface Condition cause : null
2024-01-10 01:26:23,867 [WARN] ConditionMgr:1039 - genDependencies : Invalid condition id : LAN8742 Phy interface Condition cause : null
2024-01-10 01:26:23,867 [WARN] ConditionMgr:1039 - genDependencies : Invalid condition id : LAN8742 Phy interface Condition cause : null
2024-01-10 01:26:23,871 [WARN] PackLoader:240 - Cannot read IP mode file for STMicroelectronics.X-CUBE-SFXS2LP1.4.0.0
2024-01-10 01:26:23,878 [WARN] ConditionMgr:438 - getConditionDescription Invalid condition id : UX DEVICE CLASS RTOS Condition cause : null
2024-01-10 01:26:23,878 [WARN] ConditionMgr:438 - getConditionDescription Invalid condition id : UX DEVICE CLASS RTOS Condition cause : null
2024-01-10 01:26:23,879 [WARN] PackLoader:240 - Cannot read IP mode file for STMicroelectronics.X-CUBE-AZRTOS-WB.2.0.0
2024-01-10 01:26:23,880 [WARN] ConditionMgr:1039 - genDependencies : Invalid condition id : UX DEVICE CLASS RTOS Condition cause : null
2024-01-10 01:26:23,880 [WARN] ConditionMgr:1039 - genDependencies : Invalid condition id : UX DEVICE CLASS RTOS Condition cause : null
2024-01-10 01:26:23,880 [WARN] ConditionMgr:1039 - genDependencies : Invalid condition id : UX DEVICE CLASS RTOS Condition cause : null
2024-01-10 01:26:23,880 [WARN] ConditionMgr:1039 - genDependencies : Invalid condition id : UX DEVICE CLASS RTOS Condition cause : null
2024-01-10 01:26:23,880 [WARN] ConditionMgr:1039 - genDependencies : Invalid condition id : UX DEVICE CLASS RTOS Condition cause : null
2024-01-10 01:26:23,889 [WARN] PackLoader:240 - Cannot read IP mode file for STMicroelectronics.X-CUBE-SUBG2.5.0.0
2024-01-10 01:26:23,899 [WARN] PackLoader:240 - Cannot read IP mode file for STMicroelectronics.X-CUBE-AZRTOS-G4.2.0.0
2024-01-10 01:26:23,907 [WARN] PackLoader:240 - Cannot read IP mode file for Infineon.AIROC-Wi-Fi-Bluetooth-STM32.1.5.1
2024-01-10 01:26:23,912 [WARN] PackLoader:240 - Cannot read IP mode file for STMicroelectronics.FP-SNS-MOTENVWB1.1.3.1
2024-01-10 01:26:23,916 [WARN] PackLoader:240 - Cannot read IP mode file for STMicroelectronics.X-CUBE-ISPU.2.0.0
2024-01-10 01:26:23,951 [WARN] PackLoader:240 - Cannot read IP mode file for STMicroelectronics.X-CUBE-MEMS1.10.0.0
2024-01-10 01:26:24,029 [WARN] PackLoader:240 - Cannot read IP mode file for STMicroelectronics.X-CUBE-FREERTOS.1.1.0
2024-01-10 01:26:24,032 [WARN] PackLoader:240 - Cannot read IP mode file for STMicroelectronics.X-CUBE-ALS.1.0.1
2024-01-10 01:26:24,034 [WARN] PackLoader:240 - Cannot read IP mode file for STMicroelectronics.FP-ATR-ASTRA1.2.0.0
2024-01-10 01:26:24,038 [WARN] PackLoader:240 - Cannot read IP mode file for STMicroelectronics.X-CUBE-TOF1.3.4.0
2024-01-10 01:26:24,056 [WARN] PackLoader:240 - Cannot read IP mode file for STMicroelectronics.X-CUBE-AZRTOS-H7.3.2.0
2024-01-10 01:26:24,058 [INFO] ThirdParty:978 - Integrity check success = true
2024-01-10 01:26:24,058 [INFO] IntegrityCheckThread:100 - exiting critical section [integrity check]
2024-01-10 01:26:24,058 [INFO] IntegrityCheckThread:103 - End integrity checks thread
2024-01-10 01:26:41,804 [ERROR] LogOutputStream:75 - [STDERR_REDIRECT] SLF4J: Failed to load class "org.slf4j.impl.StaticLoggerBinder".
2024-01-10 01:26:41,805 [ERROR] LogOutputStream:75 - [STDERR_REDIRECT] SLF4J: Defaulting to no-operation (NOP) logger implementation
2024-01-10 01:26:41,805 [ERROR] LogOutputStream:75 - [STDERR_REDIRECT] SLF4J: See http://www.slf4j.org/codes.html#StaticLoggerBinder for further details.
2024-01-10 01:54:29,732 [ERROR] ConfigurationRetriever:142 - IOException on connection: sw-center.st.com
2024-01-10 01:54:29,733 [ERROR] ConfigurationRetriever:142 - IOException on connection: sw-center.st.com
2024-01-10 01:54:29,733 [ERROR] ConfigurationRetriever:142 - IOException on connection: sw-center.st.com
2024-01-10 01:59:56,551 [ERROR] ConfigurationRetriever:142 - IOException on connection: sw-center.st.com
2024-01-10 01:59:56,552 [ERROR] ConfigurationRetriever:142 - IOException on connection: sw-center.st.com
2024-01-10 01:59:56,553 [ERROR] ConfigurationRetriever:142 - IOException on connection: sw-center.st.com
2024-01-10 02:00:13,145 [ERROR] ConfigurationRetriever:142 - IOException on connection: sw-center.st.com
2024-01-10 02:00:13,145 [ERROR] ConfigurationRetriever:142 - IOException on connection: sw-center.st.com
2024-01-10 02:00:13,145 [ERROR] ConfigurationRetriever:142 - IOException on connection: sw-center.st.com
2024-01-10 02:00:23,907 [ERROR] ConfigurationRetriever:142 - IOException on connection: sw-center.st.com
2024-01-10 02:00:23,908 [ERROR] ConfigurationRetriever:142 - IOException on connection: sw-center.st.com
2024-01-10 02:00:23,908 [ERROR] ConfigurationRetriever:142 - IOException on connection: sw-center.st.com
2024-01-10 02:00:50,578 [ERROR] ConfigurationRetriever:142 - IOException on connection: sw-center.st.com
2024-01-10 02:00:50,579 [ERROR] ConfigurationRetriever:142 - IOException on connection: sw-center.st.com
2024-01-10 02:00:50,592 [ERROR] ConfigurationRetriever:142 - IOException on connection: sw-center.st.com
2024-01-10 02:00:50,759 [ERROR] ConfigurationRetriever:142 - IOException on connection: sw-center.st.com
2024-01-10 02:00:50,760 [ERROR] ConfigurationRetriever:142 - IOException on connection: sw-center.st.com
2024-01-10 02:00:50,760 [ERROR] ConfigurationRetriever:142 - IOException on connection: sw-center.st.com
2024-01-10 02:41:45,358 [INFO] McuFinderGlobals:63 - Set McuFinder mode to 2 (CubeIDE integrated)
2024-01-10 02:41:45,362 [INFO] MainUpdater:2873 - connection check result : 22
2024-01-10 02:41:56,579 [INFO] ApiDb:581 - Connected to CubeFinder SQLite database (/home/ritik/.stmcufinder/plugins/mcufinder/mcu/cube-finder-db.db)
2024-01-10 02:41:56,612 [INFO] ApiDb:668 - CubeFinder database Data Model version=2.1
2024-01-10 02:41:56,612 [INFO] ApiDb:669 - CubeFinder database Configuration version=3.0.39
2024-01-10 02:41:56,613 [INFO] ApiDb:670 - CubeFinder database generation date=2023-12-08 (1702028721)
2024-01-10 02:41:56,613 [INFO] ApiDb:671 - CubeFinder database FW Pack versions=[FP-ATR-ASTRA1_V2.0.0, FP-SNS-FLIGHT1_V5.0.1, FP-SNS-FLIGHT1_V5.0.2, FP-SNS-MOTENV1_V4.3.1, FP-SNS-MOTENV1_V4.3.2, FP-SNS-MOTENVWB1_V1.3.1, FP-SNS-SMARTAG2_V1.2.0, STM32Cube_FW_C0_V1.1.0, STM32Cube_FW_F4_V1.28.0, STM32Cube_FW_F7_V1.17.0, STM32Cube_FW_G0_V1.6.1, STM32Cube_FW_G4_V1.5.1, STM32Cube_FW_H5_V0.5.1, STM32Cube_FW_H5_V1.1.1, STM32Cube_FW_H5_V1.2.0RC2, STM32Cube_FW_H7_V1.11.0, STM32Cube_FW_L0_V1.12.2, STM32Cube_FW_L5_V1.5.0, STM32Cube_FW_U5_V1.3.0RC4, STM32Cube_FW_U5_V1.4.0, STM32Cube_FW_WBA_V1.0.0RC1, STM32Cube_FW_WBA_V1.1.0RC1, STM32Cube_FW_WBA_V1.2.0, STM32Cube_FW_WBA_V1.2.0RC2, STM32Cube_FW_WB_V1.15.0RC1, STM32Cube_FW_WB_V1.16.0, STM32Cube_FW_WB_V1.16.0RC2, STM32Cube_FW_WB_V1.18.0, STM32Cube_FW_WL_V1.3.0, X-CUBE-ALGOBUILD_V1.3.0, X-CUBE-ALS_V1.0.1, X-CUBE-AZRTOS-F4_V1.1.0, X-CUBE-AZRTOS-F7_V1.1.0, X-CUBE-AZRTOS-G0_V1.1.0, X-CUBE-AZRTOS-G4_V2.0.0, X-CUBE-AZRTOS-H7_V3.1.0, X-CUBE-AZRTOS-L4_V1.0.0, X-CUBE-AZRTOS-L4_V2.0.0, X-CUBE-AZRTOS-L5_V1.1.0, X-CUBE-AZRTOS-WB_V2.0.0, X-CUBE-AZRTOS-WL_V2.0.0, X-CUBE-BLE1_V7.0.0, X-CUBE-BLE2_V3.3.0, X-CUBE-BLEMGR_V3.0.0, X-CUBE-EEPRMA1_V4.1.0, X-CUBE-EEPRMA1_V4.2.0, X-CUBE-FREERTOS_V1.1.0, X-CUBE-GNSS1_V6.0.0, X-CUBE-MEMS1_V10.0.0, X-CUBE-MEMS1_V9.1.0, X-CUBE-MEMS1_V9.4.0, X-CUBE-MEMS1_V9.6.0, X-CUBE-NFC4_V3.0.0, X-CUBE-NFC7_V1.0.1, X-CUBE-SFXS2LP1_V4.0.0, X-CUBE-SUBG2_V5.0.0, X-CUBE-TOF1_V3.4.0]
2024-01-10 02:41:56,685 [INFO] DbBoardsSqlite:226 - include board P-NUCLEO-WB55-NUCLEO as a kit item of type 'Nucleo-64'
2024-01-10 02:41:56,686 [INFO] DbBoardsSqlite:226 - include board P-NUCLEO-WB55-USBDONGLE as a kit item of type 'Nucleo USB Dongle'
2024-01-10 02:41:56,686 [INFO] DbBoardsSqlite:226 - include board STEVAL-IDP005V1 as a kit item of type 'Evaluation Board'
2024-01-10 02:41:56,687 [INFO] DbBoardsSqlite:226 - include board STEVAL-IDP005V2 as a kit item of type 'Evaluation Board'
2024-01-10 02:41:56,753 [INFO] ApiDb:240 - Found 371 in-development CPN: [B-G473E-ZEST1S, B-WB1M-WPAN1, B-WL5M-SUBG1, NUCLEO-C031C6, NUCLEO-H503RB, NUCLEO-H563ZI, NUCLEO-U545RE-Q, NUCLEO-U5A5ZJ-Q, NUCLEO-WBA52CG, NUCLEO-WBA55CG, STEVAL-MKBOXPRO, STEVAL-PROTEUS1, STEVAL-STWINBX1, STM320518-EVAL, STM32C0116-DK, STM32C011D6Y3TR, STM32C011D6Y6TR, STM32C011F4P3, STM32C011F4P6, STM32C011F4U3, STM32C011F4U6TR, STM32C011F6P3, STM32C011F6P6, STM32C011F6U3, STM32C011F6U6TR, STM32C011J4M3, STM32C011J4M6, STM32C011J6M3, STM32C011J6M6, STM32C0316-DK, STM32C031C4T3, STM32C031C4T6, STM32C031C4U3, STM32C031C4U6, STM32C031C6T3, STM32C031C6T6, STM32C031C6U3, STM32C031C6U6, STM32C031F4P3, STM32C031F4P6, STM32C031F6P3, STM32C031F6P6, STM32C031G4U3, STM32C031G4U6, STM32C031G6U3, STM32C031G6U6, STM32C031K4T3, STM32C031K4T6, STM32C031K4U3, STM32C031K4U6, STM32C031K6T3, STM32C031K6T6, STM32C031K6U3, STM32C031K6U6, STM32G071K8TXN, STM32G071K8UXN, STM32G081GBU6N, STM32G081KBT6N, STM32G081KBUXN, STM32G0B1CCT6N, STM32G0B1KCT6, STM32G0B1NEY6TR, STM32G0B1RCT6N, STM32G0C1CCT6, STM32G0C1CCT6N, STM32G0C1CCU6N, STM32G0C1CET6N, STM32G0C1CEU6N, STM32G0C1KCT6, STM32G0C1NEY6TR, STM32G0C1RCI6N, STM32G0C1RCT6N, STM32G0C1REI6N, STM32G0C1RET6N, STM32G0C1VCI6, STM32G0C1VEI6, STM32G471CCT6, STM32G471CCU6, STM32G471CET3, STM32G471CET6, STM32G471CEU3, STM32G471CEU6, STM32G471MCT6, STM32G471MET3, STM32G471MET6, STM32G471MEY6TR, STM32G471QCT6, STM32G471QET3, STM32G471RCT6, STM32G471RET3, STM32G471RET6, STM32G471VCH6, STM32G471VCI6, STM32G471VCT6, STM32G471VEH3, STM32G471VEH6, STM32G471VEI3, STM32G471VEI6, STM32G471VET3, STM32G471VET6, STM32G474CCT6, STM32H503CBT6, STM32H503CBU6, STM32H503EBY6TR, STM32H503KBU6, STM32H503RBT6, STM32H562AGI6, STM32H562AII6, STM32H562IGK6, STM32H562IGT6, STM32H562IIK6, STM32H562IIT6, STM32H562RGT6, STM32H562RGV6, STM32H562RIT6, STM32H562RIV6, STM32H562VGT6, STM32H562VIT6, STM32H562ZGT6, STM32H562ZIT6, STM32H563AGI6, STM32H563AII3Q, STM32H563AII6, STM32H563IGK6, STM32H563IGT6, STM32H563IIK3Q, STM32H563IIK6, STM32H563IIT3Q, STM32H563IIT6, STM32H563MIY3QTR, STM32H563RGT6, STM32H563RGV6, STM32H563RIT6, STM32H563RIV6, STM32H563VGT6, STM32H563VIT3Q, STM32H563VIT6, STM32H563ZGT6, STM32H563ZIT3Q, STM32H563ZIT6, STM32H573AII3Q, STM32H573AII6, STM32H573I-DK, STM32H573IIK3Q, STM32H573IIK6, STM32H573IIT3Q, STM32H573IIT6, STM32H573MIY3QTR, STM32H573RIT6, STM32H573RIV6, STM32H573VIT3Q, STM32H573VIT6, STM32H573ZIT3Q, STM32H573ZIT6, STM32L4R5QGI6STR, STM32MP131AAE3, STM32MP131AAF3, STM32MP131AAG3, STM32MP131CAE3, STM32MP131CAF3, STM32MP131CAG3, STM32MP131DAE7, STM32MP131DAF7, STM32MP131DAG7, STM32MP131FAE7, STM32MP131FAF7, STM32MP131FAG7, STM32MP133AAE3, STM32MP133AAF3, STM32MP133AAG3, STM32MP133CAE3, STM32MP133CAF3, STM32MP133CAG3, STM32MP133DAE7, STM32MP133DAF7, STM32MP133DAG7, STM32MP133FAE7, STM32MP133FAF7, STM32MP133FAG7, STM32MP135AAE3, STM32MP135AAF3, STM32MP135AAG3, STM32MP135CAE3, STM32MP135CAF3, STM32MP135CAG3, STM32MP135DAE7, STM32MP135DAF7, STM32MP135DAG7, STM32MP135F-DK, STM32MP135FAE7, STM32MP135FAF7, STM32MP135FAF7T, STM32MP135FAF7U, STM32MP135FAG7, STM32U535CBT6, STM32U535CBT6Q, STM32U535CBU6, STM32U535CBU6Q, STM32U535CCT6, STM32U535CCT6Q, STM32U535CCU6, STM32U535CCU6Q, STM32U535CET6, STM32U535CET6Q, STM32U535CEU6, STM32U535CEU6Q, STM32U535JEY6QTR, STM32U535NCY6QTR, STM32U535NEY6QTR, STM32U535RBI6, STM32U535RBI6Q, STM32U535RBT6, STM32U535RBT6Q, STM32U535RCI6, STM32U535RCI6Q, STM32U535RCT6, STM32U535RCT6Q, STM32U535REI6, STM32U535REI6Q, STM32U535RET6, STM32U535RET6Q, STM32U535VCI6, STM32U535VCI6Q, STM32U535VCT6, STM32U535VCT6Q, STM32U535VEI6, STM32U535VEI6Q, STM32U535VET6, STM32U535VET6Q, STM32U545CET6, STM32U545CET6Q, STM32U545CEU6, STM32U545CEU6Q, STM32U545JEY6QTR, STM32U545NEY6QTR, STM32U545REI6, STM32U545REI6Q, STM32U545RET6, STM32U545RET6Q, STM32U545VEI6, STM32U545VEI6Q, STM32U545VET6, STM32U545VET6Q, STM32U595AIH6, STM32U595AIH6Q, STM32U595AJH6, STM32U595AJH6Q, STM32U595QII6, STM32U595QII6Q, STM32U595QJI6, STM32U595QJI6Q, STM32U595RIT6, STM32U595RIT6Q, STM32U595RJT6, STM32U595RJT6Q, STM32U595VIT6, STM32U595VIT6Q, STM32U595VJT6, STM32U595VJT6Q, STM32U595ZIT6, STM32U595ZIT6Q, STM32U595ZIY6QTR, STM32U595ZJT6, STM32U595ZJT6Q, STM32U595ZJY6QTR, STM32U599BJY6QTR, STM32U599NIH6Q, STM32U599NJH6Q, STM32U599VIT6Q, STM32U599VJT6, STM32U599VJT6Q, STM32U599ZIT6Q, STM32U599ZIY6QTR, STM32U599ZJT6Q, STM32U599ZJY6QTR, STM32U5A5AJH6, STM32U5A5AJH6Q, STM32U5A5QJI6, STM32U5A5QJI6Q, STM32U5A5RJT6, STM32U5A5RJT6Q, STM32U5A5VJT6, STM32U5A5VJT6Q, STM32U5A5ZJT6, STM32U5A5ZJT6Q, STM32U5A5ZJY6QTR, STM32U5A9BJY6QTR, STM32U5A9J-DK, STM32U5A9NJH6Q, STM32U5A9VJT6Q, STM32U5A9ZJT6Q, STM32U5A9ZJY6QTR, STM32U5F7VIT6, STM32U5F7VIT6Q, STM32U5F7VJT6, STM32U5F7VJT6Q, STM32U5F9BJY6QTR, STM32U5F9NJH6Q, STM32U5F9VIT6Q, STM32U5F9VJT6Q, STM32U5F9ZIJ6QTR, STM32U5F9ZIT6Q, STM32U5F9ZJJ6QTR, STM32U5F9ZJT6Q, STM32U5G7VJT6, STM32U5G7VJT6Q, STM32U5G9BJY6QTR, STM32U5G9J-DK1, STM32U5G9J-DK2, STM32U5G9NJH6Q, STM32U5G9VJT6Q, STM32U5G9ZJJ6QTR, STM32U5G9ZJT6Q, STM32WB1MMCH6, STM32WBA50KEU6, STM32WBA50KEU6TR, STM32WBA50KGU6, STM32WBA50KGU6TR, STM32WBA52CEU6, STM32WBA52CEU6TR, STM32WBA52CEU7, STM32WBA52CEU7TR, STM32WBA52CGU6, STM32WBA52CGU6TR, STM32WBA52CGU6U, STM32WBA52CGU7, STM32WBA52CGU7TR, STM32WBA52KEU6, STM32WBA52KEU6TR, STM32WBA52KGU6, STM32WBA52KGU6TR, STM32WBA54CEU6, STM32WBA54CEU6TR, STM32WBA54CEU7, STM32WBA54CEU7TR, STM32WBA54CGU6, STM32WBA54CGU6TR, STM32WBA54CGU7, STM32WBA54CGU7TR, STM32WBA54KEU6, STM32WBA54KEU6TR, STM32WBA54KEU7, STM32WBA54KEU7TR, STM32WBA54KGU6, STM32WBA54KGU6TR, STM32WBA54KGU7, STM32WBA54KGU7TR, STM32WBA55CEU6, STM32WBA55CEU6TR, STM32WBA55CEU7, STM32WBA55CEU7TR, STM32WBA55CGU6, STM32WBA55CGU6TR, STM32WBA55CGU6U, STM32WBA55CGU7, STM32WBA55CGU7TR, STM32WBA55G-DK1, STM32WBA55HEF6, STM32WBA55HEF7, STM32WBA55HGF6, STM32WBA55HGF7, STM32WBA55UEI6, STM32WBA55UEI6TR, STM32WBA55UEI7, STM32WBA55UEI7TR, STM32WBA55UGI6, STM32WBA55UGI6TR, STM32WBA55UGI7, STM32WBA55UGI7TR, STM32WL5MOCH6, STM32WL5MOCH6TR]
2024-01-10 02:41:56,813 [INFO] BoardInfo:889 - No configuration file found for board P-NUCLEO-WB55
2024-01-10 02:41:56,813 [INFO] DbBoards:161 - Kit is not supported: P-NUCLEO-WB55
2024-01-10 02:41:56,815 [INFO] BoardInfo:889 - No configuration file found for board STEVAL-BFA001V1B
2024-01-10 02:41:56,815 [INFO] DbBoards:161 - Kit is not supported: STEVAL-BFA001V1B
2024-01-10 02:41:56,816 [INFO] BoardInfo:889 - No configuration file found for board STEVAL-BFA001V2B
2024-01-10 02:41:56,816 [INFO] DbBoards:161 - Kit is not supported: STEVAL-BFA001V2B
2024-01-10 02:41:56,873 [INFO] DbBoards:168 - Found 193 boards, 190 are supported
2024-01-10 02:41:56,873 [INFO] DbBoards:169 - Found 193 boards, 3 of them is supported for  Bsp
2024-01-10 02:41:56,876 [INFO] ApiDb:668 - CubeFinder database Data Model version=2.1
2024-01-10 02:41:56,876 [INFO] ApiDb:669 - CubeFinder database Configuration version=3.0.39
2024-01-10 02:41:56,876 [INFO] ApiDb:670 - CubeFinder database generation date=2023-12-08 (1702028721)
2024-01-10 02:41:56,876 [INFO] ApiDb:671 - CubeFinder database FW Pack versions=[FP-ATR-ASTRA1_V2.0.0, FP-SNS-FLIGHT1_V5.0.1, FP-SNS-FLIGHT1_V5.0.2, FP-SNS-MOTENV1_V4.3.1, FP-SNS-MOTENV1_V4.3.2, FP-SNS-MOTENVWB1_V1.3.1, FP-SNS-SMARTAG2_V1.2.0, STM32Cube_FW_C0_V1.1.0, STM32Cube_FW_F4_V1.28.0, STM32Cube_FW_F7_V1.17.0, STM32Cube_FW_G0_V1.6.1, STM32Cube_FW_G4_V1.5.1, STM32Cube_FW_H5_V0.5.1, STM32Cube_FW_H5_V1.1.1, STM32Cube_FW_H5_V1.2.0RC2, STM32Cube_FW_H7_V1.11.0, STM32Cube_FW_L0_V1.12.2, STM32Cube_FW_L5_V1.5.0, STM32Cube_FW_U5_V1.3.0RC4, STM32Cube_FW_U5_V1.4.0, STM32Cube_FW_WBA_V1.0.0RC1, STM32Cube_FW_WBA_V1.1.0RC1, STM32Cube_FW_WBA_V1.2.0, STM32Cube_FW_WBA_V1.2.0RC2, STM32Cube_FW_WB_V1.15.0RC1, STM32Cube_FW_WB_V1.16.0, STM32Cube_FW_WB_V1.16.0RC2, STM32Cube_FW_WB_V1.18.0, STM32Cube_FW_WL_V1.3.0, X-CUBE-ALGOBUILD_V1.3.0, X-CUBE-ALS_V1.0.1, X-CUBE-AZRTOS-F4_V1.1.0, X-CUBE-AZRTOS-F7_V1.1.0, X-CUBE-AZRTOS-G0_V1.1.0, X-CUBE-AZRTOS-G4_V2.0.0, X-CUBE-AZRTOS-H7_V3.1.0, X-CUBE-AZRTOS-L4_V1.0.0, X-CUBE-AZRTOS-L4_V2.0.0, X-CUBE-AZRTOS-L5_V1.1.0, X-CUBE-AZRTOS-WB_V2.0.0, X-CUBE-AZRTOS-WL_V2.0.0, X-CUBE-BLE1_V7.0.0, X-CUBE-BLE2_V3.3.0, X-CUBE-BLEMGR_V3.0.0, X-CUBE-EEPRMA1_V4.1.0, X-CUBE-EEPRMA1_V4.2.0, X-CUBE-FREERTOS_V1.1.0, X-CUBE-GNSS1_V6.0.0, X-CUBE-MEMS1_V10.0.0, X-CUBE-MEMS1_V9.1.0, X-CUBE-MEMS1_V9.4.0, X-CUBE-MEMS1_V9.6.0, X-CUBE-NFC4_V3.0.0, X-CUBE-NFC7_V1.0.1, X-CUBE-SFXS2LP1_V4.0.0, X-CUBE-SUBG2_V5.0.0, X-CUBE-TOF1_V3.4.0]
2024-01-10 02:41:58,426 [INFO] ApiDb:240 - Found 371 in-development CPN: [B-G473E-ZEST1S, B-WB1M-WPAN1, B-WL5M-SUBG1, NUCLEO-C031C6, NUCLEO-H503RB, NUCLEO-H563ZI, NUCLEO-U545RE-Q, NUCLEO-U5A5ZJ-Q, NUCLEO-WBA52CG, NUCLEO-WBA55CG, STEVAL-MKBOXPRO, STEVAL-PROTEUS1, STEVAL-STWINBX1, STM320518-EVAL, STM32C0116-DK, STM32C011D6Y3TR, STM32C011D6Y6TR, STM32C011F4P3, STM32C011F4P6, STM32C011F4U3, STM32C011F4U6TR, STM32C011F6P3, STM32C011F6P6, STM32C011F6U3, STM32C011F6U6TR, STM32C011J4M3, STM32C011J4M6, STM32C011J6M3, STM32C011J6M6, STM32C0316-DK, STM32C031C4T3, STM32C031C4T6, STM32C031C4U3, STM32C031C4U6, STM32C031C6T3, STM32C031C6T6, STM32C031C6U3, STM32C031C6U6, STM32C031F4P3, STM32C031F4P6, STM32C031F6P3, STM32C031F6P6, STM32C031G4U3, STM32C031G4U6, STM32C031G6U3, STM32C031G6U6, STM32C031K4T3, STM32C031K4T6, STM32C031K4U3, STM32C031K4U6, STM32C031K6T3, STM32C031K6T6, STM32C031K6U3, STM32C031K6U6, STM32G071K8TXN, STM32G071K8UXN, STM32G081GBU6N, STM32G081KBT6N, STM32G081KBUXN, STM32G0B1CCT6N, STM32G0B1KCT6, STM32G0B1NEY6TR, STM32G0B1RCT6N, STM32G0C1CCT6, STM32G0C1CCT6N, STM32G0C1CCU6N, STM32G0C1CET6N, STM32G0C1CEU6N, STM32G0C1KCT6, STM32G0C1NEY6TR, STM32G0C1RCI6N, STM32G0C1RCT6N, STM32G0C1REI6N, STM32G0C1RET6N, STM32G0C1VCI6, STM32G0C1VEI6, STM32G471CCT6, STM32G471CCU6, STM32G471CET3, STM32G471CET6, STM32G471CEU3, STM32G471CEU6, STM32G471MCT6, STM32G471MET3, STM32G471MET6, STM32G471MEY6TR, STM32G471QCT6, STM32G471QET3, STM32G471RCT6, STM32G471RET3, STM32G471RET6, STM32G471VCH6, STM32G471VCI6, STM32G471VCT6, STM32G471VEH3, STM32G471VEH6, STM32G471VEI3, STM32G471VEI6, STM32G471VET3, STM32G471VET6, STM32G474CCT6, STM32H503CBT6, STM32H503CBU6, STM32H503EBY6TR, STM32H503KBU6, STM32H503RBT6, STM32H562AGI6, STM32H562AII6, STM32H562IGK6, STM32H562IGT6, STM32H562IIK6, STM32H562IIT6, STM32H562RGT6, STM32H562RGV6, STM32H562RIT6, STM32H562RIV6, STM32H562VGT6, STM32H562VIT6, STM32H562ZGT6, STM32H562ZIT6, STM32H563AGI6, STM32H563AII3Q, STM32H563AII6, STM32H563IGK6, STM32H563IGT6, STM32H563IIK3Q, STM32H563IIK6, STM32H563IIT3Q, STM32H563IIT6, STM32H563MIY3QTR, STM32H563RGT6, STM32H563RGV6, STM32H563RIT6, STM32H563RIV6, STM32H563VGT6, STM32H563VIT3Q, STM32H563VIT6, STM32H563ZGT6, STM32H563ZIT3Q, STM32H563ZIT6, STM32H573AII3Q, STM32H573AII6, STM32H573I-DK, STM32H573IIK3Q, STM32H573IIK6, STM32H573IIT3Q, STM32H573IIT6, STM32H573MIY3QTR, STM32H573RIT6, STM32H573RIV6, STM32H573VIT3Q, STM32H573VIT6, STM32H573ZIT3Q, STM32H573ZIT6, STM32L4R5QGI6STR, STM32MP131AAE3, STM32MP131AAF3, STM32MP131AAG3, STM32MP131CAE3, STM32MP131CAF3, STM32MP131CAG3, STM32MP131DAE7, STM32MP131DAF7, STM32MP131DAG7, STM32MP131FAE7, STM32MP131FAF7, STM32MP131FAG7, STM32MP133AAE3, STM32MP133AAF3, STM32MP133AAG3, STM32MP133CAE3, STM32MP133CAF3, STM32MP133CAG3, STM32MP133DAE7, STM32MP133DAF7, STM32MP133DAG7, STM32MP133FAE7, STM32MP133FAF7, STM32MP133FAG7, STM32MP135AAE3, STM32MP135AAF3, STM32MP135AAG3, STM32MP135CAE3, STM32MP135CAF3, STM32MP135CAG3, STM32MP135DAE7, STM32MP135DAF7, STM32MP135DAG7, STM32MP135F-DK, STM32MP135FAE7, STM32MP135FAF7, STM32MP135FAF7T, STM32MP135FAF7U, STM32MP135FAG7, STM32U535CBT6, STM32U535CBT6Q, STM32U535CBU6, STM32U535CBU6Q, STM32U535CCT6, STM32U535CCT6Q, STM32U535CCU6, STM32U535CCU6Q, STM32U535CET6, STM32U535CET6Q, STM32U535CEU6, STM32U535CEU6Q, STM32U535JEY6QTR, STM32U535NCY6QTR, STM32U535NEY6QTR, STM32U535RBI6, STM32U535RBI6Q, STM32U535RBT6, STM32U535RBT6Q, STM32U535RCI6, STM32U535RCI6Q, STM32U535RCT6, STM32U535RCT6Q, STM32U535REI6, STM32U535REI6Q, STM32U535RET6, STM32U535RET6Q, STM32U535VCI6, STM32U535VCI6Q, STM32U535VCT6, STM32U535VCT6Q, STM32U535VEI6, STM32U535VEI6Q, STM32U535VET6, STM32U535VET6Q, STM32U545CET6, STM32U545CET6Q, STM32U545CEU6, STM32U545CEU6Q, STM32U545JEY6QTR, STM32U545NEY6QTR, STM32U545REI6, STM32U545REI6Q, STM32U545RET6, STM32U545RET6Q, STM32U545VEI6, STM32U545VEI6Q, STM32U545VET6, STM32U545VET6Q, STM32U595AIH6, STM32U595AIH6Q, STM32U595AJH6, STM32U595AJH6Q, STM32U595QII6, STM32U595QII6Q, STM32U595QJI6, STM32U595QJI6Q, STM32U595RIT6, STM32U595RIT6Q, STM32U595RJT6, STM32U595RJT6Q, STM32U595VIT6, STM32U595VIT6Q, STM32U595VJT6, STM32U595VJT6Q, STM32U595ZIT6, STM32U595ZIT6Q, STM32U595ZIY6QTR, STM32U595ZJT6, STM32U595ZJT6Q, STM32U595ZJY6QTR, STM32U599BJY6QTR, STM32U599NIH6Q, STM32U599NJH6Q, STM32U599VIT6Q, STM32U599VJT6, STM32U599VJT6Q, STM32U599ZIT6Q, STM32U599ZIY6QTR, STM32U599ZJT6Q, STM32U599ZJY6QTR, STM32U5A5AJH6, STM32U5A5AJH6Q, STM32U5A5QJI6, STM32U5A5QJI6Q, STM32U5A5RJT6, STM32U5A5RJT6Q, STM32U5A5VJT6, STM32U5A5VJT6Q, STM32U5A5ZJT6, STM32U5A5ZJT6Q, STM32U5A5ZJY6QTR, STM32U5A9BJY6QTR, STM32U5A9J-DK, STM32U5A9NJH6Q, STM32U5A9VJT6Q, STM32U5A9ZJT6Q, STM32U5A9ZJY6QTR, STM32U5F7VIT6, STM32U5F7VIT6Q, STM32U5F7VJT6, STM32U5F7VJT6Q, STM32U5F9BJY6QTR, STM32U5F9NJH6Q, STM32U5F9VIT6Q, STM32U5F9VJT6Q, STM32U5F9ZIJ6QTR, STM32U5F9ZIT6Q, STM32U5F9ZJJ6QTR, STM32U5F9ZJT6Q, STM32U5G7VJT6, STM32U5G7VJT6Q, STM32U5G9BJY6QTR, STM32U5G9J-DK1, STM32U5G9J-DK2, STM32U5G9NJH6Q, STM32U5G9VJT6Q, STM32U5G9ZJJ6QTR, STM32U5G9ZJT6Q, STM32WB1MMCH6, STM32WBA50KEU6, STM32WBA50KEU6TR, STM32WBA50KGU6, STM32WBA50KGU6TR, STM32WBA52CEU6, STM32WBA52CEU6TR, STM32WBA52CEU7, STM32WBA52CEU7TR, STM32WBA52CGU6, STM32WBA52CGU6TR, STM32WBA52CGU6U, STM32WBA52CGU7, STM32WBA52CGU7TR, STM32WBA52KEU6, STM32WBA52KEU6TR, STM32WBA52KGU6, STM32WBA52KGU6TR, STM32WBA54CEU6, STM32WBA54CEU6TR, STM32WBA54CEU7, STM32WBA54CEU7TR, STM32WBA54CGU6, STM32WBA54CGU6TR, STM32WBA54CGU7, STM32WBA54CGU7TR, STM32WBA54KEU6, STM32WBA54KEU6TR, STM32WBA54KEU7, STM32WBA54KEU7TR, STM32WBA54KGU6, STM32WBA54KGU6TR, STM32WBA54KGU7, STM32WBA54KGU7TR, STM32WBA55CEU6, STM32WBA55CEU6TR, STM32WBA55CEU7, STM32WBA55CEU7TR, STM32WBA55CGU6, STM32WBA55CGU6TR, STM32WBA55CGU6U, STM32WBA55CGU7, STM32WBA55CGU7TR, STM32WBA55G-DK1, STM32WBA55HEF6, STM32WBA55HEF7, STM32WBA55HGF6, STM32WBA55HGF7, STM32WBA55UEI6, STM32WBA55UEI6TR, STM32WBA55UEI7, STM32WBA55UEI7TR, STM32WBA55UGI6, STM32WBA55UGI6TR, STM32WBA55UGI7, STM32WBA55UGI7TR, STM32WL5MOCH6, STM32WL5MOCH6TR]
2024-01-10 02:41:58,429 [INFO] DbMcus:218 - Found 3930 MCUs, 3930 are supported
2024-01-10 02:41:58,429 [INFO] ApiDb:423 - Load user favorites file /home/ritik/.stm32cubeide/favorites.mcus.txt: 0 item(s)
2024-01-10 02:41:58,429 [INFO] ApiDb:427 - User favorites MCUs=[]
2024-01-10 02:41:58,429 [INFO] DbMcus:224 - Set 0 / 0 favorites MCUs
2024-01-10 02:41:58,626 [INFO] ApiDb:414 - User favorites file not found: /home/ritik/.stm32cubeide/favorites.boards.txt
2024-01-10 02:41:58,626 [INFO] DbBoards:198 - Set 0 / 0 favorites Boards
2024-01-10 02:41:58,626 [INFO] McuFinderGlobals:76 - Set McuFinderConnectedMode to false
2024-01-10 02:41:58,642 [INFO] MultiScanPanel:200 - Auto-refresh data requested => check proxy status ongoing
2024-01-10 02:41:58,643 [INFO] MultiScanPanel:204 - Proxy status is invalid
2024-01-10 02:41:58,645 [INFO] FinderPluginLoader:95 - Searching for filters in installed packs
2024-01-10 02:41:59,537 [INFO] DetailPanel:341 - Set advertising image to /home/ritik/STM32Cube/Repository//en.prom-stm32wl3-mcu-finder.jpg
2024-01-10 02:43:24,635 [ERROR] ConfigurationRetriever:142 - IOException on connection: sw-center.st.com
2024-01-10 02:43:24,635 [ERROR] ConfigurationRetriever:142 - IOException on connection: sw-center.st.com
2024-01-10 02:43:24,635 [ERROR] ConfigurationRetriever:142 - IOException on connection: sw-center.st.com
2024-01-10 02:43:24,716 [INFO] McuFinderGlobals:76 - Set McuFinderConnectedMode to true
2024-01-10 02:43:24,721 [INFO] ApiDb:448 - Save user favorites file /home/ritik/.stm32cubeide/favorites.mcus.txt: 0 item(s)
2024-01-10 02:43:24,721 [INFO] ApiDb:452 - User favorites MCUs=[]
2024-01-10 03:11:30,541 [ERROR] ConfigurationRetriever:142 - IOException on connection: sw-center.st.com
2024-01-10 03:11:30,543 [ERROR] ConfigurationRetriever:142 - IOException on connection: sw-center.st.com
2024-01-10 03:11:30,543 [ERROR] ConfigurationRetriever:142 - IOException on connection: sw-center.st.com
2024-01-10 03:26:34,090 [ERROR] ConfigurationRetriever:142 - IOException on connection: sw-center.st.com
2024-01-10 03:26:34,091 [ERROR] ConfigurationRetriever:142 - IOException on connection: sw-center.st.com
2024-01-10 03:26:34,091 [ERROR] ConfigurationRetriever:142 - IOException on connection: sw-center.st.com
2024-01-10 03:48:26,565 [ERROR] ConfigurationRetriever:142 - IOException on connection: sw-center.st.com
2024-01-10 03:48:26,567 [ERROR] ConfigurationRetriever:142 - IOException on connection: sw-center.st.com
2024-01-10 03:48:26,567 [ERROR] ConfigurationRetriever:142 - IOException on connection: sw-center.st.com
2024-01-10 03:49:47,776 [ERROR] ConfigurationRetriever:142 - IOException on connection: sw-center.st.com
2024-01-10 03:49:47,801 [ERROR] ConfigurationRetriever:142 - IOException on connection: sw-center.st.com
2024-01-10 03:49:47,804 [ERROR] ConfigurationRetriever:142 - IOException on connection: sw-center.st.com
2024-01-10 03:50:01,525 [ERROR] ConfigurationRetriever:142 - IOException on connection: sw-center.st.com
2024-01-10 03:50:01,526 [ERROR] ConfigurationRetriever:142 - IOException on connection: sw-center.st.com
2024-01-10 03:50:01,526 [ERROR] ConfigurationRetriever:142 - IOException on connection: sw-center.st.com
2024-01-10 03:51:36,336 [ERROR] ConfigurationRetriever:142 - IOException on connection: sw-center.st.com
2024-01-10 03:51:36,336 [ERROR] ConfigurationRetriever:142 - IOException on connection: sw-center.st.com
2024-01-10 03:51:36,336 [ERROR] ConfigurationRetriever:142 - IOException on connection: sw-center.st.com
2024-01-10 03:51:47,384 [INFO] LogOutputStream:77 - [STDOUT_REDIRECT] StartTraceHandler.execute(), success : Collect=true
2024-01-10 03:53:47,450 [ERROR] ConfigurationRetriever:142 - IOException on connection: sw-center.st.com
2024-01-10 03:53:47,451 [ERROR] ConfigurationRetriever:142 - IOException on connection: sw-center.st.com
2024-01-10 03:53:47,451 [ERROR] ConfigurationRetriever:142 - IOException on connection: sw-center.st.com
2024-01-10 03:55:37,220 [ERROR] ConfigurationRetriever:142 - IOException on connection: sw-center.st.com
2024-01-10 03:55:37,250 [ERROR] ConfigurationRetriever:142 - IOException on connection: sw-center.st.com
2024-01-10 03:55:37,252 [ERROR] ConfigurationRetriever:142 - IOException on connection: sw-center.st.com
2024-01-10 03:55:37,441 [ERROR] ConfigurationRetriever:142 - IOException on connection: sw-center.st.com
2024-01-10 03:55:37,442 [ERROR] ConfigurationRetriever:142 - IOException on connection: sw-center.st.com
2024-01-10 03:55:37,442 [ERROR] ConfigurationRetriever:142 - IOException on connection: sw-center.st.com
2024-01-10 03:59:03,160 [ERROR] ConfigurationRetriever:142 - IOException on connection: sw-center.st.com
2024-01-10 03:59:03,161 [ERROR] ConfigurationRetriever:142 - IOException on connection: sw-center.st.com
2024-01-10 03:59:03,161 [ERROR] ConfigurationRetriever:142 - IOException on connection: sw-center.st.com
2024-01-10 13:04:43,937 [INFO] Activator:176 - 


2024-01-10 13:04:43,939 [INFO] Activator:177 - !SESSION log4j initialized
2024-01-10 13:04:46,156 [INFO] LogOutputStream:77 - [STDOUT_REDIRECT] 
2024-01-10 13:04:46,413 [ERROR] ConfigurationRetriever:142 - IOException on connection: sw-center.st.com
2024-01-10 13:04:46,414 [ERROR] ConfigurationRetriever:142 - IOException on connection: sw-center.st.com
2024-01-10 13:04:46,414 [ERROR] ConfigurationRetriever:142 - IOException on connection: sw-center.st.com
2024-01-10 13:04:46,597 [INFO] ApplicationProperties:184 - Using Application install path: /home/ritik/st/stm32cubeide_1.14.0/plugins/com.st.stm32cube.common.mx_6.10.0.202311202037
2024-01-10 13:04:46,610 [INFO] DbMcusXml:78 - Set database path to: /home/ritik/st/stm32cubeide_1.14.0/plugins/com.st.stm32cube.common.mx_6.10.0.202311202037//db//mcu/
2024-01-10 13:04:46,610 [INFO] ApiDb:274 - Set plugin database path to: /home/ritik/st/stm32cubeide_1.14.0/plugins/com.st.stm32cube.common.mx_6.10.0.202311202037//db//plugins/boardmanager/
2024-01-10 13:04:46,610 [WARN] ApiDb:259 - Overriding images path with different value:  => /home/ritik/st/stm32cubeide_1.14.0/plugins/com.st.stm32cube.common.mx_6.10.0.202311202037//db//plugins/mcufinder/images/
2024-01-10 13:04:46,615 [INFO] ApiDb:250 - Set database path to: /home/ritik/.stmcufinder/plugins/mcufinder//mcu/
2024-01-10 13:04:46,616 [INFO] DbMcusAds:125 - Set database path to: /home/ritik/.stmcufinder/plugins/mcufinder//mcu/
2024-01-10 13:04:46,618 [INFO] CrossReferenceDbSqlite:203 - Set database path to: /home/ritik/.stmcufinder/plugins/mcufinder//mcu/cs/
2024-01-10 13:04:46,763 [INFO] RulesReader:64 - Compatibility file has been processed (297 Rules)
2024-01-10 13:04:46,841 [INFO] DbMcusXml:78 - Set database path to: /home/ritik/st/stm32cubeide_1.14.0/plugins/com.st.stm32cube.common.mx_6.10.0.202311202037//db//mcu/
2024-01-10 13:04:46,842 [INFO] ApiDb:274 - Set plugin database path to: /home/ritik/st/stm32cubeide_1.14.0/plugins/com.st.stm32cube.common.mx_6.10.0.202311202037//db//plugins/boardmanager/
2024-01-10 13:04:46,842 [INFO] ApiDb:261 - Set plugin images path to: /home/ritik/st/stm32cubeide_1.14.0/plugins/com.st.stm32cube.common.mx_6.10.0.202311202037//db//plugins/mcufinder/images/
2024-01-10 13:04:46,842 [WARN] DbFile:41 - Overriding database path with different value: /home/ritik/.stmcufinder/plugins/mcufinder/ => /home/ritik/.stmcufinder/plugins/mcufinder
2024-01-10 13:04:46,842 [INFO] ApiDb:250 - Set database path to: /home/ritik/.stmcufinder/plugins/mcufinder//mcu/
2024-01-10 13:04:46,843 [WARN] DbFile:41 - Overriding database path with different value: /home/ritik/.stmcufinder/plugins/mcufinder/ => /home/ritik/.stmcufinder/plugins/mcufinder
2024-01-10 13:04:46,843 [INFO] DbMcusAds:125 - Set database path to: /home/ritik/.stmcufinder/plugins/mcufinder//mcu/
2024-01-10 13:04:46,843 [WARN] DbFile:41 - Overriding database path with different value: /home/ritik/.stmcufinder/plugins/mcufinder/ => /home/ritik/.stmcufinder/plugins/mcufinder
2024-01-10 13:04:46,843 [WARN] DbFile:41 - Overriding database path with different value: /home/ritik/.stmcufinder/plugins/mcufinder/ => /home/ritik/.stmcufinder/plugins/mcufinder
2024-01-10 13:04:46,843 [INFO] CrossReferenceDbSqlite:203 - Set database path to: /home/ritik/.stmcufinder/plugins/mcufinder//mcu/cs/
2024-01-10 13:04:46,930 [INFO] MainPanel:264 - HeapMemory: 268435456
2024-01-10 13:04:47,037 [INFO] DbMcusXml:78 - Set database path to: /home/ritik/st/stm32cubeide_1.14.0/plugins/com.st.stm32cube.common.mx_6.10.0.202311202037//db//mcu/
2024-01-10 13:04:47,037 [INFO] ApiDb:274 - Set plugin database path to: /home/ritik/st/stm32cubeide_1.14.0/plugins/com.st.stm32cube.common.mx_6.10.0.202311202037//db//plugins/boardmanager/
2024-01-10 13:04:47,037 [INFO] ApiDb:261 - Set plugin images path to: /home/ritik/st/stm32cubeide_1.14.0/plugins/com.st.stm32cube.common.mx_6.10.0.202311202037//db//plugins/mcufinder/images/
2024-01-10 13:04:47,038 [WARN] DbFile:41 - Overriding database path with different value: /home/ritik/.stmcufinder/plugins/mcufinder/ => /home/ritik/.stmcufinder/plugins/mcufinder
2024-01-10 13:04:47,038 [INFO] ApiDb:250 - Set database path to: /home/ritik/.stmcufinder/plugins/mcufinder//mcu/
2024-01-10 13:04:47,038 [WARN] DbFile:41 - Overriding database path with different value: /home/ritik/.stmcufinder/plugins/mcufinder/ => /home/ritik/.stmcufinder/plugins/mcufinder
2024-01-10 13:04:47,038 [INFO] DbMcusAds:125 - Set database path to: /home/ritik/.stmcufinder/plugins/mcufinder//mcu/
2024-01-10 13:04:47,038 [WARN] DbFile:41 - Overriding database path with different value: /home/ritik/.stmcufinder/plugins/mcufinder/ => /home/ritik/.stmcufinder/plugins/mcufinder
2024-01-10 13:04:47,038 [WARN] DbFile:41 - Overriding database path with different value: /home/ritik/.stmcufinder/plugins/mcufinder/ => /home/ritik/.stmcufinder/plugins/mcufinder
2024-01-10 13:04:47,039 [INFO] CrossReferenceDbSqlite:203 - Set database path to: /home/ritik/.stmcufinder/plugins/mcufinder//mcu/cs/
2024-01-10 13:04:47,058 [INFO] ApplicationProperties:184 - Using Application install path: /home/ritik/st/stm32cubeide_1.14.0/plugins/com.st.stm32cube.common.mx_6.10.0.202311202037
2024-01-10 13:04:47,059 [INFO] PluginManage:196 - Search for loadable plugins [exclusion list=, ]
2024-01-10 13:04:47,060 [INFO] PluginManage:310 - Check plugin analytics
2024-01-10 13:04:47,191 [INFO] AnalyticsPlugin:253 - Accepted Software Licenses: 
2024-01-10 13:04:47,191 [INFO] AnalyticsPlugin:255 - Accepted CMSIS Pack Licenses: 
2024-01-10 13:04:47,192 [INFO] AnalyticsPlugin:257 - Accepted Firmware Licenses: 
2024-01-10 13:04:47,194 [INFO] PluginManage:359 - Loaded plugin analytics (category:tool,tabindex:-1)
2024-01-10 13:04:47,194 [INFO] PluginManage:310 - Check plugin cadmodel
2024-01-10 13:04:47,194 [ERROR] ConfigurationRetriever:142 - IOException on connection: sw-center.st.com
2024-01-10 13:04:47,195 [ERROR] ConfigurationRetriever:142 - IOException on connection: sw-center.st.com
2024-01-10 13:04:47,195 [ERROR] ConfigurationRetriever:142 - IOException on connection: sw-center.st.com
2024-01-10 13:04:47,214 [INFO] CADModel:105 - Init CAD model plugin
2024-01-10 13:04:47,214 [INFO] PluginManage:359 - Loaded plugin cadmodel (category:power,tabindex:5)
2024-01-10 13:04:47,215 [INFO] PluginManage:310 - Check plugin clock
2024-01-10 13:04:47,222 [INFO] PluginManage:359 - Loaded plugin clock (category:base,tabindex:2)
2024-01-10 13:04:47,222 [INFO] PluginManage:310 - Check plugin ddr
2024-01-10 13:04:47,223 [INFO] PluginManage:359 - Loaded plugin ddr (category:tool,tabindex:6)
2024-01-10 13:04:47,223 [INFO] PluginManage:310 - Check plugin filemanager
2024-01-10 13:04:47,327 [INFO] PluginManage:359 - Loaded plugin filemanager (category:base,tabindex:10)
2024-01-10 13:04:47,328 [INFO] PluginManage:310 - Check plugin ipmanager
2024-01-10 13:04:47,332 [INFO] PluginManage:359 - Loaded plugin ipmanager (category:base,tabindex:5)
2024-01-10 13:04:47,333 [INFO] PluginManage:310 - Check plugin lpbam
2024-01-10 13:04:47,340 [INFO] PluginManage:359 - Loaded plugin lpbam (category:base,tabindex:0)
2024-01-10 13:04:47,340 [INFO] PluginManage:310 - Check plugin memorymap
2024-01-10 13:04:47,349 [INFO] PluginManage:359 - Loaded plugin memorymap (category:base,tabindex:4)
2024-01-10 13:04:47,349 [INFO] PluginManage:310 - Check plugin pinoutandconfiguration
2024-01-10 13:04:47,356 [INFO] PluginManage:359 - Loaded plugin pinoutandconfiguration (category:base,tabindex:1)
2024-01-10 13:04:47,357 [INFO] PluginManage:310 - Check plugin pinoutconfig
2024-01-10 13:04:47,421 [WARN] SupportedApi:132 - Cannot load RTOS API schema: s4s-elt-must-match.1: The content of 'definitions' must match (annotation?, (simpleType | complexType)?, (unique | key | keyref)*)). A problem was found starting at: attribute.
2024-01-10 13:04:47,513 [INFO] PluginManage:359 - Loaded plugin pinoutconfig (category:base,tabindex:0)
2024-01-10 13:04:47,513 [INFO] PluginManage:310 - Check plugin power
2024-01-10 13:04:47,521 [INFO] PluginManage:359 - Loaded plugin power (category:power,tabindex:4)
2024-01-10 13:04:47,521 [INFO] PluginManage:310 - Check plugin projectmanager
2024-01-10 13:04:47,533 [INFO] PluginManage:359 - Loaded plugin projectmanager (category:projectmanager,tabindex:3)
2024-01-10 13:04:47,534 [INFO] PluginManage:310 - Check plugin thirdparty
2024-01-10 13:04:47,613 [INFO] PluginManage:359 - Loaded plugin thirdparty (category:base,tabindex:-1)
2024-01-10 13:04:47,612 [WARN] IntegrityCheckThread:84 - waiting for thirdparty lock release [integrity check]
2024-01-10 13:04:47,613 [INFO] PluginManage:310 - Check plugin tools
2024-01-10 13:04:47,613 [INFO] IntegrityCheckThread:86 - entering critical section [integrity check]
2024-01-10 13:04:47,613 [INFO] ThirdPartyUpdaterWithRetryManager:70 - Updater plugin not ready yet. [1/15]
2024-01-10 13:04:47,615 [INFO] PluginManage:359 - Loaded plugin tools (category:base,tabindex:7)
2024-01-10 13:04:47,615 [INFO] PluginManage:310 - Check plugin tutovideos
2024-01-10 13:04:47,743 [INFO] PluginManage:359 - Loaded plugin tutovideos (category:base,tabindex:-1)
2024-01-10 13:04:47,744 [INFO] PluginManage:310 - Check plugin updater
2024-01-10 13:04:47,752 [INFO] PluginManage:359 - Loaded plugin updater (category:base,tabindex:12)
2024-01-10 13:04:47,753 [INFO] PluginManage:310 - Check plugin userauth
2024-01-10 13:04:47,756 [INFO] UserAuth:114 - Init User Auth plugin
2024-01-10 13:04:47,756 [INFO] PluginManage:359 - Loaded plugin userauth (category:base,tabindex:14)
2024-01-10 13:04:47,757 [INFO] PluginManage:283 - PluginManage : Loaded plugins [17]
2024-01-10 13:04:47,877 [INFO] PinOutPanel:1499 - setPackage(No Configuration,No Configuration)
2024-01-10 13:04:47,921 [INFO] CADModel:165 - CPN selected for project level
2024-01-10 13:04:47,921 [INFO] CADModel:114 - Register for checkConnection events
2024-01-10 13:04:47,928 [INFO] IPUIPlugin:80 - create IPUIPlugin
2024-01-10 13:04:47,928 [INFO] PluginManager:220 - loadIPPluginJar : add dfsdm
2024-01-10 13:04:47,930 [INFO] IPUIPlugin:80 - create IPUIPlugin
2024-01-10 13:04:47,930 [INFO] PluginManager:220 - loadIPPluginJar : add openamp
2024-01-10 13:04:47,934 [INFO] IPUIPlugin:80 - create IPUIPlugin
2024-01-10 13:04:47,934 [INFO] PluginManager:220 - loadIPPluginJar : add sai
2024-01-10 13:04:47,935 [INFO] IPUIPlugin:80 - create IPUIPlugin
2024-01-10 13:04:47,935 [INFO] PluginManager:220 - loadIPPluginJar : add genericplugin
2024-01-10 13:04:47,936 [INFO] IPUIPlugin:80 - create IPUIPlugin
2024-01-10 13:04:47,936 [INFO] PluginManager:220 - loadIPPluginJar : add i2c
2024-01-10 13:04:47,937 [INFO] IPUIPlugin:80 - create IPUIPlugin
2024-01-10 13:04:47,937 [INFO] PluginManager:220 - loadIPPluginJar : add comp
2024-01-10 13:04:47,940 [INFO] IPUIPlugin:80 - create IPUIPlugin
2024-01-10 13:04:47,940 [INFO] PluginManager:220 - loadIPPluginJar : add gpio
2024-01-10 13:04:47,945 [INFO] IPUIPlugin:80 - create IPUIPlugin
2024-01-10 13:04:47,947 [INFO] PluginManager:220 - loadIPPluginJar : add plateformsettings
2024-01-10 13:04:47,948 [INFO] IPUIPlugin:80 - create IPUIPlugin
2024-01-10 13:04:47,948 [INFO] PluginManager:220 - loadIPPluginJar : add quadspi
2024-01-10 13:04:47,950 [INFO] IPUIPlugin:80 - create IPUIPlugin
2024-01-10 13:04:47,950 [INFO] PluginManager:220 - loadIPPluginJar : add i2s
2024-01-10 13:04:47,952 [INFO] IPUIPlugin:80 - create IPUIPlugin
2024-01-10 13:04:47,952 [INFO] PluginManager:220 - loadIPPluginJar : add usbx
2024-01-10 13:04:47,953 [INFO] IPUIPlugin:80 - create IPUIPlugin
2024-01-10 13:04:47,953 [INFO] PluginManager:220 - loadIPPluginJar : add tim
2024-01-10 13:04:47,954 [INFO] IPUIPlugin:80 - create IPUIPlugin
2024-01-10 13:04:47,954 [INFO] PluginManager:220 - loadIPPluginJar : add hash
2024-01-10 13:04:47,956 [INFO] IPUIPlugin:80 - create IPUIPlugin
2024-01-10 13:04:47,956 [INFO] PluginManager:220 - loadIPPluginJar : add pdm2pcm
2024-01-10 13:04:47,957 [INFO] IPUIPlugin:80 - create IPUIPlugin
2024-01-10 13:04:47,957 [INFO] PluginManager:220 - loadIPPluginJar : add ts
2024-01-10 13:04:47,958 [INFO] IPUIPlugin:80 - create IPUIPlugin
2024-01-10 13:04:47,958 [INFO] PluginManager:220 - loadIPPluginJar : add tsc
2024-01-10 13:04:47,959 [INFO] IPUIPlugin:80 - create IPUIPlugin
2024-01-10 13:04:47,959 [INFO] PluginManager:220 - loadIPPluginJar : add aes
2024-01-10 13:04:47,962 [INFO] IPUIPlugin:80 - create IPUIPlugin
2024-01-10 13:04:47,963 [INFO] PluginManager:220 - loadIPPluginJar : add resmgrutility
2024-01-10 13:04:47,965 [INFO] IPUIPlugin:80 - create IPUIPlugin
2024-01-10 13:04:47,965 [INFO] PluginManager:220 - loadIPPluginJar : add stm32_wpan
2024-01-10 13:04:47,966 [INFO] IPUIPlugin:80 - create IPUIPlugin
2024-01-10 13:04:47,966 [INFO] PluginManager:220 - loadIPPluginJar : add tracer_emb
2024-01-10 13:04:47,968 [INFO] IPUIPlugin:80 - create IPUIPlugin
2024-01-10 13:04:47,969 [INFO] PluginManager:220 - loadIPPluginJar : add nvic
2024-01-10 13:04:47,969 [INFO] IPUIPlugin:80 - create IPUIPlugin
2024-01-10 13:04:47,969 [INFO] PluginManager:220 - loadIPPluginJar : add ltdc
2024-01-10 13:04:47,970 [INFO] IPUIPlugin:80 - create IPUIPlugin
2024-01-10 13:04:47,970 [INFO] PluginManager:220 - loadIPPluginJar : add fatfs
2024-01-10 13:04:47,972 [INFO] IPUIPlugin:80 - create IPUIPlugin
2024-01-10 13:04:47,972 [INFO] PluginManager:220 - loadIPPluginJar : add touchsensing
2024-01-10 13:04:47,976 [INFO] IPUIPlugin:80 - create IPUIPlugin
2024-01-10 13:04:47,976 [INFO] PluginManager:220 - loadIPPluginJar : add freertos
2024-01-10 13:04:47,979 [INFO] IPUIPlugin:80 - create IPUIPlugin
2024-01-10 13:04:47,979 [INFO] PluginManager:220 - loadIPPluginJar : add adc
2024-01-10 13:04:47,981 [INFO] IPUIPlugin:80 - create IPUIPlugin
2024-01-10 13:04:47,981 [INFO] PluginManager:220 - loadIPPluginJar : add usart
2024-01-10 13:04:47,982 [INFO] IPUIPlugin:80 - create IPUIPlugin
2024-01-10 13:04:47,982 [INFO] PluginManager:220 - loadIPPluginJar : add lorawan
2024-01-10 13:04:47,984 [INFO] IPUIPlugin:80 - create IPUIPlugin
2024-01-10 13:04:47,984 [INFO] PluginManager:220 - loadIPPluginJar : add fmc
2024-01-10 13:04:47,985 [INFO] IPUIPlugin:80 - create IPUIPlugin
2024-01-10 13:04:47,985 [INFO] PluginManager:220 - loadIPPluginJar : add opamp
2024-01-10 13:04:47,986 [INFO] IPUIPlugin:80 - create IPUIPlugin
2024-01-10 13:04:47,986 [INFO] PluginManager:220 - loadIPPluginJar : add can
2024-01-10 13:04:47,987 [INFO] IPUIPlugin:80 - create IPUIPlugin
2024-01-10 13:04:47,987 [INFO] PluginManager:220 - loadIPPluginJar : add dma3
2024-01-10 13:04:47,989 [INFO] IPUIPlugin:80 - create IPUIPlugin
2024-01-10 13:04:47,989 [INFO] PluginManager:220 - loadIPPluginJar : add i3c
2024-01-10 13:04:47,989 [INFO] IPUIPlugin:80 - create IPUIPlugin
2024-01-10 13:04:47,990 [INFO] PluginManager:220 - loadIPPluginJar : add ucpd
2024-01-10 13:04:47,991 [INFO] IPUIPlugin:80 - create IPUIPlugin
2024-01-10 13:04:47,991 [INFO] PluginManager:220 - loadIPPluginJar : add cryp
2024-01-10 13:04:47,992 [INFO] IPUIPlugin:80 - create IPUIPlugin
2024-01-10 13:04:47,992 [INFO] PluginManager:220 - loadIPPluginJar : add spi
2024-01-10 13:04:47,993 [INFO] IPUIPlugin:80 - create IPUIPlugin
2024-01-10 13:04:47,993 [INFO] PluginManager:220 - loadIPPluginJar : add gfxmmu
2024-01-10 13:04:47,996 [INFO] IPUIPlugin:80 - create IPUIPlugin
2024-01-10 13:04:47,997 [INFO] PluginManager:220 - loadIPPluginJar : add mdma
2024-01-10 13:04:48,000 [INFO] IPUIPlugin:80 - create IPUIPlugin
2024-01-10 13:04:48,000 [INFO] PluginManager:220 - loadIPPluginJar : add dma
2024-01-10 13:04:48,001 [INFO] IPUIPlugin:80 - create IPUIPlugin
2024-01-10 13:04:48,001 [INFO] PluginManager:220 - loadIPPluginJar : add gtzc
2024-01-10 13:04:48,003 [INFO] IPUIPlugin:80 - create IPUIPlugin
2024-01-10 13:04:48,003 [INFO] PluginManager:220 - loadIPPluginJar : add ipddr
2024-01-10 13:04:48,006 [INFO] IPUIPlugin:80 - create IPUIPlugin
2024-01-10 13:04:48,006 [INFO] PluginManager:220 - loadIPPluginJar : add gic
2024-01-10 13:04:48,010 [INFO] IPUIPlugin:80 - create IPUIPlugin
2024-01-10 13:04:48,010 [INFO] PluginManager:220 - loadIPPluginJar : add linkedlist
2024-01-10 13:04:48,103 [INFO] CADModel:165 - CPN selected for project level
2024-01-10 13:04:48,103 [INFO] CADModel:114 - Register for checkConnection events
2024-01-10 13:04:48,104 [FATAL] Updater:308 - Updater called before beeing initialized
2024-01-10 13:04:48,104 [ERROR] CADModel:125 - Updater not yet initialized, retry later 
2024-01-10 13:04:48,183 [INFO] CADModel:165 - CPN selected for project level
2024-01-10 13:04:48,183 [INFO] CADModel:114 - Register for checkConnection events
2024-01-10 13:04:48,183 [FATAL] Updater:308 - Updater called before beeing initialized
2024-01-10 13:04:48,183 [ERROR] CADModel:125 - Updater not yet initialized, retry later 
2024-01-10 13:04:48,185 [FATAL] Updater:308 - Updater called before beeing initialized
2024-01-10 13:04:48,233 [FATAL] Updater:308 - Updater called before beeing initialized
2024-01-10 13:04:48,236 [INFO] DbMcusAds:53 - JSON generation date=Wed Nov 29 16:22:27 IST 2023 (1701255147349)
2024-01-10 13:04:48,236 [FATAL] Updater:308 - Updater called before beeing initialized
2024-01-10 13:04:48,264 [WARN] DetailPanel:346 - Failed to get advertising image, set to default
2024-01-10 13:04:48,336 [FATAL] Updater:308 - Updater called before beeing initialized
2024-01-10 13:04:48,337 [FATAL] Updater:308 - Updater called before beeing initialized
2024-01-10 13:04:48,337 [FATAL] Updater:308 - Updater called before beeing initialized
2024-01-10 13:04:48,337 [WARN] DetailPanel:346 - Failed to get advertising image, set to default
2024-01-10 13:04:48,338 [FATAL] Updater:308 - Updater called before beeing initialized
2024-01-10 13:04:48,358 [ERROR] Updater:1120 - MainUpdater not yet initialized. External WinMGr cannot be set.
2024-01-10 13:04:48,359 [INFO] Updater:1056 - Updater Version found : 6.10.0
2024-01-10 13:04:48,373 [INFO] ApplicationProperties:184 - Using Application install path: /home/ritik/st/stm32cubeide_1.14.0/plugins/com.st.stm32cube.common.mx_6.10.0.202311202037
2024-01-10 13:04:48,508 [INFO] MainUpdater:2873 - connection check result : 22
2024-01-10 13:04:48,509 [INFO] MainUpdater:290 - Updater Check For Update Now.
2024-01-10 13:04:48,509 [INFO] MicroXplorer:498 - Change Database Version : DB.6.0.100
2024-01-10 13:04:48,513 [INFO] McuFinderGlobals:63 - Set McuFinder mode to 2 (CubeIDE integrated)
2024-01-10 13:04:48,513 [INFO] UserAuth:180 - activating auth plugin
2024-01-10 13:04:48,515 [INFO] UserAuth:404 - Internet connection configuration mode: 2
2024-01-10 13:04:48,520 [INFO] UserAuth:404 - Internet connection configuration mode: 2
2024-01-10 13:04:48,686 [INFO] CheckServerUpdateThread:120 - End of CheckServer Thread
2024-01-10 13:04:50,701 [WARN] PackLoader:240 - Cannot read IP mode file for STMicroelectronics.X-CUBE-SMBUS.2.1.0
2024-01-10 13:04:50,706 [WARN] PackLoader:240 - Cannot read IP mode file for STMicroelectronics.X-CUBE-TOUCHGFX.4.23.0
2024-01-10 13:04:50,732 [WARN] PackLoader:240 - Cannot read IP mode file for STMicroelectronics.X-CUBE-AZRTOS-F7.1.1.0
2024-01-10 13:04:50,742 [WARN] PackLoader:240 - Cannot read IP mode file for STMicroelectronics.FP-SNS-MOTENV1.4.3.2
2024-01-10 13:04:50,749 [WARN] PackLoader:240 - Cannot read IP mode file for STMicroelectronics.FP-SNS-FLIGHT1.5.0.2
2024-01-10 13:04:50,757 [WARN] PackLoader:240 - Cannot read IP mode file for STMicroelectronics.X-CUBE-DISPLAY.3.0.0
2024-01-10 13:04:50,768 [WARN] PackLoader:240 - Cannot read IP mode file for STMicroelectronics.X-CUBE-BLE1.7.0.0
2024-01-10 13:04:50,773 [WARN] PackLoader:240 - Cannot read IP mode file for emotas.I-CUBE-CANOPEN.1.3.0
2024-01-10 13:04:50,778 [WARN] PackLoader:240 - Cannot read IP mode file for STMicroelectronics.FP-SNS-SMARTAG2.1.2.0
2024-01-10 13:04:50,789 [INFO] LogOutputStream:77 - [STDOUT_REDIRECT] 1 : Invalid condition id : UX_CORESTACK_Condition cause : null
2024-01-10 13:04:50,790 [INFO] LogOutputStream:77 - [STDOUT_REDIRECT] 1 : Invalid condition id : UX_CORESTACK_Condition cause : null
2024-01-10 13:04:50,790 [INFO] LogOutputStream:77 - [STDOUT_REDIRECT] 1 : Invalid condition id : UX_CORESTACK_Condition cause : null
2024-01-10 13:04:50,790 [INFO] LogOutputStream:77 - [STDOUT_REDIRECT] 1 : Invalid condition id : UX_CORESTACK_Condition cause : null
2024-01-10 13:04:50,790 [INFO] LogOutputStream:77 - [STDOUT_REDIRECT] 1 : Invalid condition id : UX_CORESTACK_Condition cause : null
2024-01-10 13:04:50,794 [WARN] PackLoader:240 - Cannot read IP mode file for STMicroelectronics.X-CUBE-AZRTOS-WL.2.0.0
2024-01-10 13:04:50,800 [WARN] PackLoader:240 - Cannot read IP mode file for STMicroelectronics.X-CUBE-BLE2.3.3.0
2024-01-10 13:04:50,807 [WARN] PackLoader:240 - Cannot read IP mode file for STMicroelectronics.X-CUBE-ALGOBUILD.1.3.0
2024-01-10 13:04:50,824 [WARN] PackLoader:240 - Cannot read IP mode file for STMicroelectronics.X-CUBE-AZRTOS-G0.1.1.0
2024-01-10 13:04:50,829 [WARN] PackLoader:240 - Cannot read IP mode file for STMicroelectronics.X-CUBE-NFC4.3.0.0
2024-01-10 13:04:50,838 [WARN] PackLoader:240 - Cannot read IP mode file for STMicroelectronics.X-CUBE-BLEMGR.3.0.0
2024-01-10 13:04:50,842 [WARN] PackLoader:240 - Cannot read IP mode file for STMicroelectronics.FP-ATR-SIGFOX1.3.2.0
2024-01-10 13:04:50,847 [WARN] PackLoader:240 - Cannot read IP mode file for STMicroelectronics.X-CUBE-GNSS1.6.0.0
2024-01-10 13:04:50,861 [WARN] PackLoader:240 - Cannot read IP mode file for STMicroelectronics.X-CUBE-AZRTOS-F4.1.1.0
2024-01-10 13:04:50,880 [WARN] PackLoader:240 - Cannot read IP mode file for STMicroelectronics.X-CUBE-AZRTOS-L5.2.0.0
2024-01-10 13:04:50,885 [WARN] PackLoader:240 - Cannot read IP mode file for STMicroelectronics.X-CUBE-EEPRMA1.4.2.0
2024-01-10 13:04:50,889 [WARN] PackLoader:240 - Cannot read IP mode file for ITTIA_DB.I-CUBE-ITTIADB.8.8.0
2024-01-10 13:04:50,893 [WARN] PackLoader:240 - Cannot read IP mode file for STMicroelectronics.X-CUBE-NFC7.1.0.1
2024-01-10 13:04:50,898 [WARN] PackLoader:240 - Cannot read IP mode file for STMicroelectronics.X-CUBE-NFC6.3.0.0
2024-01-10 13:04:50,902 [WARN] PackLoader:240 - Cannot read IP mode file for STMicroelectronics.X-CUBE-AI.8.1.0
2024-01-10 13:04:50,914 [WARN] ConditionMgr:438 - getConditionDescription Invalid condition id : LAN8742 Phy interface Condition cause : null
2024-01-10 13:04:50,915 [WARN] PackLoader:240 - Cannot read IP mode file for STMicroelectronics.X-CUBE-AZRTOS-L4.2.0.0
2024-01-10 13:04:50,916 [WARN] ConditionMgr:1039 - genDependencies : Invalid condition id : LAN8742 Phy interface Condition cause : null
2024-01-10 13:04:50,916 [WARN] ConditionMgr:1039 - genDependencies : Invalid condition id : LAN8742 Phy interface Condition cause : null
2024-01-10 13:04:50,917 [WARN] ConditionMgr:1039 - genDependencies : Invalid condition id : LAN8742 Phy interface Condition cause : null
2024-01-10 13:04:50,922 [WARN] PackLoader:240 - Cannot read IP mode file for STMicroelectronics.X-CUBE-SFXS2LP1.4.0.0
2024-01-10 13:04:50,932 [WARN] ConditionMgr:438 - getConditionDescription Invalid condition id : UX DEVICE CLASS RTOS Condition cause : null
2024-01-10 13:04:50,932 [WARN] ConditionMgr:438 - getConditionDescription Invalid condition id : UX DEVICE CLASS RTOS Condition cause : null
2024-01-10 13:04:50,934 [WARN] PackLoader:240 - Cannot read IP mode file for STMicroelectronics.X-CUBE-AZRTOS-WB.2.0.0
2024-01-10 13:04:50,934 [WARN] ConditionMgr:1039 - genDependencies : Invalid condition id : UX DEVICE CLASS RTOS Condition cause : null
2024-01-10 13:04:50,934 [WARN] ConditionMgr:1039 - genDependencies : Invalid condition id : UX DEVICE CLASS RTOS Condition cause : null
2024-01-10 13:04:50,935 [WARN] ConditionMgr:1039 - genDependencies : Invalid condition id : UX DEVICE CLASS RTOS Condition cause : null
2024-01-10 13:04:50,935 [WARN] ConditionMgr:1039 - genDependencies : Invalid condition id : UX DEVICE CLASS RTOS Condition cause : null
2024-01-10 13:04:50,935 [WARN] ConditionMgr:1039 - genDependencies : Invalid condition id : UX DEVICE CLASS RTOS Condition cause : null
2024-01-10 13:04:50,942 [WARN] PackLoader:240 - Cannot read IP mode file for STMicroelectronics.X-CUBE-SUBG2.5.0.0
2024-01-10 13:04:50,956 [WARN] PackLoader:240 - Cannot read IP mode file for STMicroelectronics.X-CUBE-AZRTOS-G4.2.0.0
2024-01-10 13:04:50,965 [WARN] PackLoader:240 - Cannot read IP mode file for Infineon.AIROC-Wi-Fi-Bluetooth-STM32.1.5.1
2024-01-10 13:04:50,971 [WARN] PackLoader:240 - Cannot read IP mode file for STMicroelectronics.FP-SNS-MOTENVWB1.1.3.1
2024-01-10 13:04:50,973 [WARN] PackLoader:240 - Cannot read IP mode file for STMicroelectronics.X-CUBE-ISPU.2.0.0
2024-01-10 13:04:50,999 [WARN] PackLoader:240 - Cannot read IP mode file for STMicroelectronics.X-CUBE-MEMS1.10.0.0
2024-01-10 13:04:51,101 [WARN] PackLoader:240 - Cannot read IP mode file for STMicroelectronics.X-CUBE-FREERTOS.1.1.0
2024-01-10 13:04:51,106 [WARN] PackLoader:240 - Cannot read IP mode file for STMicroelectronics.X-CUBE-ALS.1.0.1
2024-01-10 13:04:51,109 [WARN] PackLoader:240 - Cannot read IP mode file for STMicroelectronics.FP-ATR-ASTRA1.2.0.0
2024-01-10 13:04:51,119 [WARN] PackLoader:240 - Cannot read IP mode file for STMicroelectronics.X-CUBE-TOF1.3.4.0
2024-01-10 13:04:51,152 [WARN] PackLoader:240 - Cannot read IP mode file for STMicroelectronics.X-CUBE-AZRTOS-H7.3.2.0
2024-01-10 13:04:51,156 [INFO] ThirdParty:978 - Integrity check success = true
2024-01-10 13:04:51,157 [INFO] IntegrityCheckThread:100 - exiting critical section [integrity check]
2024-01-10 13:04:51,157 [INFO] IntegrityCheckThread:103 - End integrity checks thread
2024-01-10 13:05:08,996 [ERROR] LogOutputStream:75 - [STDERR_REDIRECT] SLF4J: Failed to load class "org.slf4j.impl.StaticLoggerBinder".
2024-01-10 13:05:08,997 [ERROR] LogOutputStream:75 - [STDERR_REDIRECT] SLF4J: Defaulting to no-operation (NOP) logger implementation
2024-01-10 13:05:08,997 [ERROR] LogOutputStream:75 - [STDERR_REDIRECT] SLF4J: See http://www.slf4j.org/codes.html#StaticLoggerBinder for further details.
2024-01-10 13:05:33,668 [ERROR] ConfigurationRetriever:142 - IOException on connection: sw-center.st.com
2024-01-10 13:05:33,670 [ERROR] ConfigurationRetriever:142 - IOException on connection: sw-center.st.com
2024-01-10 13:05:33,670 [ERROR] ConfigurationRetriever:142 - IOException on connection: sw-center.st.com
2024-01-10 13:06:58,381 [ERROR] ConfigurationRetriever:142 - IOException on connection: sw-center.st.com
2024-01-10 13:06:58,382 [ERROR] ConfigurationRetriever:142 - IOException on connection: sw-center.st.com
2024-01-10 13:06:58,383 [ERROR] ConfigurationRetriever:142 - IOException on connection: sw-center.st.com
2024-01-10 13:07:08,713 [ERROR] ConfigurationRetriever:142 - IOException on connection: sw-center.st.com
2024-01-10 13:07:08,715 [ERROR] ConfigurationRetriever:142 - IOException on connection: sw-center.st.com
2024-01-10 13:07:08,715 [ERROR] ConfigurationRetriever:142 - IOException on connection: sw-center.st.com
2024-01-10 13:11:22,537 [ERROR] ConfigurationRetriever:142 - IOException on connection: sw-center.st.com
2024-01-10 13:11:22,538 [ERROR] ConfigurationRetriever:142 - IOException on connection: sw-center.st.com
2024-01-10 13:11:22,539 [ERROR] ConfigurationRetriever:142 - IOException on connection: sw-center.st.com
2024-01-10 13:11:29,211 [ERROR] ConfigurationRetriever:142 - IOException on connection: sw-center.st.com
2024-01-10 13:11:29,212 [ERROR] ConfigurationRetriever:142 - IOException on connection: sw-center.st.com
2024-01-10 13:11:29,212 [ERROR] ConfigurationRetriever:142 - IOException on connection: sw-center.st.com
2024-01-10 13:12:42,782 [ERROR] ConfigurationRetriever:142 - IOException on connection: sw-center.st.com
2024-01-10 13:12:42,782 [ERROR] ConfigurationRetriever:142 - IOException on connection: sw-center.st.com
2024-01-10 13:12:42,783 [ERROR] ConfigurationRetriever:142 - IOException on connection: sw-center.st.com
2024-01-10 13:26:20,817 [ERROR] ConfigurationRetriever:142 - IOException on connection: sw-center.st.com
2024-01-10 13:26:20,818 [ERROR] ConfigurationRetriever:142 - IOException on connection: sw-center.st.com
2024-01-10 13:26:20,818 [ERROR] ConfigurationRetriever:142 - IOException on connection: sw-center.st.com
2024-01-10 13:26:26,840 [ERROR] ConfigurationRetriever:142 - IOException on connection: sw-center.st.com
2024-01-10 13:26:26,840 [ERROR] ConfigurationRetriever:142 - IOException on connection: sw-center.st.com
2024-01-10 13:26:26,841 [ERROR] ConfigurationRetriever:142 - IOException on connection: sw-center.st.com
2024-01-10 13:34:48,460 [ERROR] ConfigurationRetriever:142 - IOException on connection: sw-center.st.com
2024-01-10 13:34:48,461 [ERROR] ConfigurationRetriever:142 - IOException on connection: sw-center.st.com
2024-01-10 13:34:48,461 [ERROR] ConfigurationRetriever:142 - IOException on connection: sw-center.st.com
